>>> including systematics
>>> method used to compute upper limit is MaxLikelihoodFit
>>> random number generator seed is 123456
[?1034hComputing limit starting from observation
Created Branches
Searching for crossing at nll = -20755.2 in the interval 2.93254, 150
      r      lvl-here  lvl-there   stepping
76.466269    -4.25512  +0.49447    73.533731
24.992658    -0.20460  -4.25512    22.060119
9.550574    +0.41241  -0.20460    6.618036
16.168610    +0.19296  +0.41241    6.618036
22.786646    -0.15036  +0.19296    6.618036
18.154021    +0.12963  -0.15036    1.985411
20.139431    +0.02841  +0.12963    1.985411
22.124842    -0.08102  +0.02841    1.985411
20.735055    -0.00663  -0.08102    0.595623
20.318118    +0.01700  -0.00663    0.178687
20.496805    +0.00984  +0.01700    0.178687
20.675492    -0.00040  +0.00984    0.178687
20.550411    +0.00681  -0.00040    0.053606
20.604017    +0.00374  +0.00681    0.053606
20.657624    +0.00064  +0.00374    0.053606
20.711230    -0.00249  +0.00064    0.053606
20.673705    -0.00030  -0.00249    0.016082
Searching for crossing at nll = -20755.2 in the interval 2.93254, -150
      r      lvl-here  lvl-there   stepping
WARNING: underflow to -0.958197 in pdf_bintH_3m_obsOnly for bin 14, weight 5
[#0] ERROR:Eval -- RooAbsReal::logEvalError(tH_3m) evaluation error, 
 origin       : RooAbsReal::tH_3m[ params=(CMS_eff_lep,CMS_jer,CMS_jes,CMS_tHq_tt1b,CMS_tHq_tt2b,CMS_tHq_ttbb,CMS_tHq_ttcc,CSVCErr1,CSVCErr2,CSVHF,CSVHFStats1,CSVHFStats2,CSVLF,CSVLFStats1,CSVLFStats2,Q2scale_VV,Q2scale_Wj,Q2scale_tHW,Q2scale_tHq,Q2scale_tt1b,Q2scale_tt2b,Q2scale_ttH,Q2scale_ttW,Q2scale_ttbb,Q2scale_ttcc,Q2scale_ttlf,QCDscale_ST,lumi_13TeV,pdf_gg,pdf_qg,pdf_qqbar,pu,r) ]
 message      : Number of events is negative or error
 server values: params=(CMS_eff_lep = -0.0716495 +/- 0.484974,CMS_jer = 0.527745 +/- 0.284413,CMS_jes = -0.465691 +/- 0.196498,CMS_tHq_tt1b = 0.199277 +/- 0.204134,CMS_tHq_tt2b = 0.154715 +/- 0.404115,CMS_tHq_ttbb = 0.432665 +/- 0.130822,CMS_tHq_ttcc = 0.0650367 +/- 0.10975,CSVCErr1 = 0.667142 +/- 0.075092,CSVCErr2 = -0.000485921 +/- 0.492992,CSVHF = -0.0142152 +/- 0.18363,CSVHFStats1 = 0.181668 +/- 0.224582,CSVHFStats2 = -0.152261 +/- 0.256335,CSVLF = -0.127089 +/- 0.121095,CSVLFStats1 = 0.0390453 +/- 0.301454,CSVLFStats2 = -0.161473 +/- 0.958177,Q2scale_VV = -0.19298 +/- 1.80904,Q2scale_Wj = -0.00791499 +/- 0.422848,Q2scale_tHW = -1.03001e-05 +/- 0.419602,Q2scale_tHq = 0.00663668 +/- 0.426464,Q2scale_tt1b = -0.140742 +/- 0.449969,Q2scale_tt2b = -0.104807 +/- 0.425914,Q2scale_ttH = -0.0167586 +/- 0.425512,Q2scale_ttW = -0.00641943 +/- 0.415479,Q2scale_ttbb = -0.198443 +/- 0.399668,Q2scale_ttcc = -0.144286 +/- 0.241217,Q2scale_ttlf = 0.476422 +/- 0.185831,QCDscale_ST = 0.00567781 +/- 0.408821,lumi_13TeV = -0.0963967 +/- 0.377552,pdf_gg = -0.110292 +/- 0.281701,pdf_qg = 0.00575234 +/- 0.404572,pdf_qqbar = -0.000701817 +/- 0.415998,pu = -0.0466404 +/- 0.792005,r = -73.5337 +/- 17.2997)
WARNING: underflow to -0.709175 in pdf_bintH_4m_obsOnly for bin 11, weight 3
[#0] ERROR:Eval -- RooAbsReal::logEvalError(tH_4m) evaluation error, 
 origin       : RooAbsReal::tH_4m[ params=(CMS_eff_lep,CMS_jer,CMS_jes,CMS_tHq_tt1b,CMS_tHq_tt2b,CMS_tHq_ttbb,CMS_tHq_ttcc,CSVCErr1,CSVCErr2,CSVHF,CSVHFStats1,CSVHFStats2,CSVLF,CSVLFStats1,CSVLFStats2,Q2scale_VV,Q2scale_Wj,Q2scale_tHW,Q2scale_tHq,Q2scale_tt1b,Q2scale_tt2b,Q2scale_ttH,Q2scale_ttW,Q2scale_ttbb,Q2scale_ttcc,Q2scale_ttlf,QCDscale_ST,lumi_13TeV,pdf_gg,pdf_qg,pdf_qqbar,pu,r) ]
 message      : Number of events is negative or error
 server values: params=(CMS_eff_lep = -0.0716495 +/- 0.484974,CMS_jer = 0.527745 +/- 0.284413,CMS_jes = -0.465691 +/- 0.196498,CMS_tHq_tt1b = 0.199277 +/- 0.204134,CMS_tHq_tt2b = 0.154715 +/- 0.404115,CMS_tHq_ttbb = 0.432665 +/- 0.130822,CMS_tHq_ttcc = 0.0650367 +/- 0.10975,CSVCErr1 = 0.667142 +/- 0.075092,CSVCErr2 = -0.000485921 +/- 0.492992,CSVHF = -0.0142152 +/- 0.18363,CSVHFStats1 = 0.181668 +/- 0.224582,CSVHFStats2 = -0.152261 +/- 0.256335,CSVLF = -0.127089 +/- 0.121095,CSVLFStats1 = 0.0390453 +/- 0.301454,CSVLFStats2 = -0.161473 +/- 0.958177,Q2scale_VV = -0.19298 +/- 1.80904,Q2scale_Wj = -0.00791499 +/- 0.422848,Q2scale_tHW = -1.03001e-05 +/- 0.419602,Q2scale_tHq = 0.00663668 +/- 0.426464,Q2scale_tt1b = -0.140742 +/- 0.449969,Q2scale_tt2b = -0.104807 +/- 0.425914,Q2scale_ttH = -0.0167586 +/- 0.425512,Q2scale_ttW = -0.00641943 +/- 0.415479,Q2scale_ttbb = -0.198443 +/- 0.399668,Q2scale_ttcc = -0.144286 +/- 0.241217,Q2scale_ttlf = 0.476422 +/- 0.185831,QCDscale_ST = 0.00567781 +/- 0.408821,lumi_13TeV = -0.0963967 +/- 0.377552,pdf_gg = -0.110292 +/- 0.281701,pdf_qg = 0.00575234 +/- 0.404572,pdf_qqbar = -0.000701817 +/- 0.415998,pu = -0.0466404 +/- 0.792005,r = -73.5337 +/- 17.2997)
WARNING: underflow to -0.958197 in pdf_bintH_3m_obsOnly for bin 14, weight 5
[#0] ERROR:Eval -- RooAbsReal::logEvalError(tH_3m) evaluation error, 
 origin       : RooAbsReal::tH_3m[ params=(CMS_eff_lep,CMS_jer,CMS_jes,CMS_tHq_tt1b,CMS_tHq_tt2b,CMS_tHq_ttbb,CMS_tHq_ttcc,CSVCErr1,CSVCErr2,CSVHF,CSVHFStats1,CSVHFStats2,CSVLF,CSVLFStats1,CSVLFStats2,Q2scale_VV,Q2scale_Wj,Q2scale_tHW,Q2scale_tHq,Q2scale_tt1b,Q2scale_tt2b,Q2scale_ttH,Q2scale_ttW,Q2scale_ttbb,Q2scale_ttcc,Q2scale_ttlf,QCDscale_ST,lumi_13TeV,pdf_gg,pdf_qg,pdf_qqbar,pu,r) ]
 message      : Number of events is negative or error
 server values: params=(CMS_eff_lep = -0.0716495 +/- inf,CMS_jer = 0.527745 +/- inf,CMS_jes = -0.465691 +/- inf,CMS_tHq_tt1b = 0.199277 +/- inf,CMS_tHq_tt2b = 0.154715 +/- inf,CMS_tHq_ttbb = 0.432665 +/- inf,CMS_tHq_ttcc = 0.0650367 +/- inf,CSVCErr1 = 0.667142 +/- inf,CSVCErr2 = -0.000485921 +/- inf,CSVHF = -0.0142152 +/- inf,CSVHFStats1 = 0.181668 +/- inf,CSVHFStats2 = -0.152261 +/- inf,CSVLF = -0.127089 +/- inf,CSVLFStats1 = 0.0390453 +/- inf,CSVLFStats2 = -0.161473 +/- inf,Q2scale_VV = -0.19298 +/- inf,Q2scale_Wj = -0.00791499 +/- inf,Q2scale_tHW = -1.03001e-05 +/- inf,Q2scale_tHq = 0.00663668 +/- inf,Q2scale_tt1b = -0.140742 +/- inf,Q2scale_tt2b = -0.104807 +/- inf,Q2scale_ttH = -0.0167586 +/- inf,Q2scale_ttW = -0.00641943 +/- inf,Q2scale_ttbb = -0.198443 +/- inf,Q2scale_ttcc = -0.144286 +/- inf,Q2scale_ttlf = 0.476422 +/- inf,QCDscale_ST = 0.00567781 +/- inf,lumi_13TeV = -0.0963967 +/- inf,pdf_gg = -0.110292 +/- inf,pdf_qg = 0.00575234 +/- inf,pdf_qqbar = -0.000701817 +/- inf,pu = -0.0466404 +/- inf,r = -73.5337 +/- 17.2997)
WARNING: underflow to -0.709175 in pdf_bintH_4m_obsOnly for bin 11, weight 3
[#0] ERROR:Eval -- RooAbsReal::logEvalError(tH_4m) evaluation error, 
 origin       : RooAbsReal::tH_4m[ params=(CMS_eff_lep,CMS_jer,CMS_jes,CMS_tHq_tt1b,CMS_tHq_tt2b,CMS_tHq_ttbb,CMS_tHq_ttcc,CSVCErr1,CSVCErr2,CSVHF,CSVHFStats1,CSVHFStats2,CSVLF,CSVLFStats1,CSVLFStats2,Q2scale_VV,Q2scale_Wj,Q2scale_tHW,Q2scale_tHq,Q2scale_tt1b,Q2scale_tt2b,Q2scale_ttH,Q2scale_ttW,Q2scale_ttbb,Q2scale_ttcc,Q2scale_ttlf,QCDscale_ST,lumi_13TeV,pdf_gg,pdf_qg,pdf_qqbar,pu,r) ]
 message      : Number of events is negative or error
 server values: params=(CMS_eff_lep = -0.0716495 +/- inf,CMS_jer = 0.527745 +/- inf,CMS_jes = -0.465691 +/- inf,CMS_tHq_tt1b = 0.199277 +/- inf,CMS_tHq_tt2b = 0.154715 +/- inf,CMS_tHq_ttbb = 0.432665 +/- inf,CMS_tHq_ttcc = 0.0650367 +/- inf,CSVCErr1 = 0.667142 +/- inf,CSVCErr2 = -0.000485921 +/- inf,CSVHF = -0.0142152 +/- inf,CSVHFStats1 = 0.181668 +/- inf,CSVHFStats2 = -0.152261 +/- inf,CSVLF = -0.127089 +/- inf,CSVLFStats1 = 0.0390453 +/- inf,CSVLFStats2 = -0.161473 +/- inf,Q2scale_VV = -0.19298 +/- inf,Q2scale_Wj = -0.00791499 +/- inf,Q2scale_tHW = -1.03001e-05 +/- inf,Q2scale_tHq = 0.00663668 +/- inf,Q2scale_tt1b = -0.140742 +/- inf,Q2scale_tt2b = -0.104807 +/- inf,Q2scale_ttH = -0.0167586 +/- inf,Q2scale_ttW = -0.00641943 +/- inf,Q2scale_ttbb = -0.198443 +/- inf,Q2scale_ttcc = -0.144286 +/- inf,Q2scale_ttlf = 0.476422 +/- inf,QCDscale_ST = 0.00567781 +/- inf,lumi_13TeV = -0.0963967 +/- inf,pdf_gg = -0.110292 +/- inf,pdf_qg = 0.00575234 +/- inf,pdf_qqbar = -0.000701817 +/- inf,pu = -0.0466404 +/- inf,r = -73.5337 +/- 17.2997)
-73.533731    -18000020755.99691  +0.49447    -76.466269
-20.007342    -0.72598  -18000020755.99691    -22.939881
-3.949426    +0.38865  -0.72598    -6.881964
-10.831390    +0.09411  +0.38865    -6.881964
-17.713354    -0.41443  +0.09411    -6.881964
-12.895979    -0.02519  -0.41443    -2.064589
-11.450767    +0.07120  -0.02519    -0.619377
-12.070144    +0.03945  +0.07120    -0.619377
-12.689521    -0.00340  +0.03945    -0.619377
-12.255957    +0.02727  -0.00340    -0.185813
-12.441770    +0.01451  +0.02727    -0.185813
-12.627583    +0.00117  +0.01451    -0.185813
-12.813396    -0.01273  +0.00117    -0.185813
-12.683327    -0.00294  -0.01273    -0.055744
-12.644306    -0.00005  -0.00294    -0.016723

 --- MaxLikelihoodFit ---
Best fit r: 2.93254  -15.5769/+17.7408  (68% CL)
nll S+B -> -59.9498  nll B -> -60.9104
Done in 0.21 min (cpu), 0.22 min (real)
