>>> including systematics
>>> method used to compute upper limit is MaxLikelihoodFit
>>> random number generator seed is 123456
[?1034hComputing limit starting from observation
Created Branches
Searching for crossing at nll = -20959.7 in the interval -0.334979, 150
      r      lvl-here  lvl-there   stepping
74.832511    -131.47568  +0.49447    75.167489
22.215268    -49.33557  -131.47568    22.550247
6.430095    -2.08253  -49.33557    6.765074
1.694543    +0.15652  -2.08253    2.029522
3.724066    -0.63416  +0.15652    2.029522
2.303400    -0.06657  -0.63416    0.608857
1.877200    +0.09109  -0.06657    0.182657
2.059857    +0.02875  +0.09109    0.182657
2.242514    -0.04550  +0.02875    0.182657
2.114655    +0.00800  -0.04550    0.054797
2.169452    -0.01405  +0.00800    0.054797
2.131094    +0.00152  -0.01405    0.016439
2.147533    -0.00507  +0.00152    0.016439
Searching for crossing at nll = -20959.7 in the interval -0.334979, -150
      r      lvl-here  lvl-there   stepping
WARNING: underflow to -34.7631 in pdf_bintH_3m_obsOnly for bin 10, weight 163
[#0] ERROR:Eval -- RooAbsReal::logEvalError(tH_3m) evaluation error, 
 origin       : RooAbsReal::tH_3m[ params=(CMS_eff_lep,CMS_jer,CMS_jes,CMS_tHq_tt1b,CMS_tHq_tt2b,CMS_tHq_ttbb,CMS_tHq_ttcc,CSVCErr1,CSVCErr2,CSVHF,CSVHFStats1,CSVHFStats2,CSVLF,CSVLFStats1,CSVLFStats2,Q2scale_VV,Q2scale_Wj,Q2scale_tHW,Q2scale_tHq,Q2scale_tt1b,Q2scale_tt2b,Q2scale_ttH,Q2scale_ttW,Q2scale_ttbb,Q2scale_ttcc,Q2scale_ttlf,QCDscale_ST,lumi_13TeV,pdf_gg,pdf_qg,pdf_qqbar,pu,r) ]
 message      : Number of events is negative or error
 server values: params=(CMS_eff_lep = -0.0981441 +/- 0.485663,CMS_jer = 0.21113 +/- 0.297126,CMS_jes = 0.581748 +/- 0.160783,CMS_tHq_tt1b = 0.143884 +/- 0.206872,CMS_tHq_tt2b = 0.166084 +/- 0.406693,CMS_tHq_ttbb = 0.401299 +/- 0.152965,CMS_tHq_ttcc = 0.0603521 +/- 0.09711,CSVCErr1 = 0.911969 +/- 0.0729988,CSVCErr2 = -0.015742 +/- 0.423418,CSVHF = -0.144708 +/- 0.14994,CSVHFStats1 = 0.380264 +/- 0.185495,CSVHFStats2 = -0.187143 +/- 0.257556,CSVLF = -0.257629 +/- 0.123806,CSVLFStats1 = -0.0383817 +/- 0.266098,CSVLFStats2 = -0.175089 +/- 0.871651,Q2scale_VV = -4.59518e-07 +/- 0.617279,Q2scale_Wj = 0.0778042 +/- 0.764365,Q2scale_tHW = 0.000826962 +/- 0.826942,Q2scale_tHq = -0.00370838 +/- 0.821651,Q2scale_tt1b = -0.140093 +/- 0.52007,Q2scale_tt2b = -0.0968272 +/- 0.532389,Q2scale_ttH = -0.00940226 +/- 0.808012,Q2scale_ttW = -0.00994405 +/- 0.738449,Q2scale_ttbb = -0.300903 +/- 0.218637,Q2scale_ttcc = -0.201479 +/- 0.270741,Q2scale_ttlf = 0.539643 +/- 0.182019,QCDscale_ST = 0.0169117 +/- 0.801327,lumi_13TeV = -0.13204 +/- 0.476685,pdf_gg = -0.148778 +/- 0.467151,pdf_qg = 0.0168728 +/- 0.777262,pdf_qqbar = -0.0140524 +/- 0.838316,pu = -0.103289 +/- 0.750052,r = -75.1675 +/- 2.50793)
WARNING: underflow to -0.459598 in pdf_bintH_4m_obsOnly for bin 5, weight 22
[#0] ERROR:Eval -- RooAbsReal::logEvalError(tH_4m) evaluation error, 
 origin       : RooAbsReal::tH_4m[ params=(CMS_eff_lep,CMS_jer,CMS_jes,CMS_tHq_tt1b,CMS_tHq_tt2b,CMS_tHq_ttbb,CMS_tHq_ttcc,CSVCErr1,CSVCErr2,CSVHF,CSVHFStats1,CSVHFStats2,CSVLF,CSVLFStats1,CSVLFStats2,Q2scale_VV,Q2scale_Wj,Q2scale_tHW,Q2scale_tHq,Q2scale_tt1b,Q2scale_tt2b,Q2scale_ttH,Q2scale_ttW,Q2scale_ttbb,Q2scale_ttcc,Q2scale_ttlf,QCDscale_ST,lumi_13TeV,pdf_gg,pdf_qg,pdf_qqbar,pu,r) ]
 message      : Number of events is negative or error
 server values: params=(CMS_eff_lep = -0.0981441 +/- 0.485663,CMS_jer = 0.21113 +/- 0.297126,CMS_jes = 0.581748 +/- 0.160783,CMS_tHq_tt1b = 0.143884 +/- 0.206872,CMS_tHq_tt2b = 0.166084 +/- 0.406693,CMS_tHq_ttbb = 0.401299 +/- 0.152965,CMS_tHq_ttcc = 0.0603521 +/- 0.09711,CSVCErr1 = 0.911969 +/- 0.0729988,CSVCErr2 = -0.015742 +/- 0.423418,CSVHF = -0.144708 +/- 0.14994,CSVHFStats1 = 0.380264 +/- 0.185495,CSVHFStats2 = -0.187143 +/- 0.257556,CSVLF = -0.257629 +/- 0.123806,CSVLFStats1 = -0.0383817 +/- 0.266098,CSVLFStats2 = -0.175089 +/- 0.871651,Q2scale_VV = -4.59518e-07 +/- 0.617279,Q2scale_Wj = 0.0778042 +/- 0.764365,Q2scale_tHW = 0.000826962 +/- 0.826942,Q2scale_tHq = -0.00370838 +/- 0.821651,Q2scale_tt1b = -0.140093 +/- 0.52007,Q2scale_tt2b = -0.0968272 +/- 0.532389,Q2scale_ttH = -0.00940226 +/- 0.808012,Q2scale_ttW = -0.00994405 +/- 0.738449,Q2scale_ttbb = -0.300903 +/- 0.218637,Q2scale_ttcc = -0.201479 +/- 0.270741,Q2scale_ttlf = 0.539643 +/- 0.182019,QCDscale_ST = 0.0169117 +/- 0.801327,lumi_13TeV = -0.13204 +/- 0.476685,pdf_gg = -0.148778 +/- 0.467151,pdf_qg = 0.0168728 +/- 0.777262,pdf_qqbar = -0.0140524 +/- 0.838316,pu = -0.103289 +/- 0.750052,r = -75.1675 +/- 2.50793)
WARNING: underflow to -34.7631 in pdf_bintH_3m_obsOnly for bin 10, weight 163
[#0] ERROR:Eval -- RooAbsReal::logEvalError(tH_3m) evaluation error, 
 origin       : RooAbsReal::tH_3m[ params=(CMS_eff_lep,CMS_jer,CMS_jes,CMS_tHq_tt1b,CMS_tHq_tt2b,CMS_tHq_ttbb,CMS_tHq_ttcc,CSVCErr1,CSVCErr2,CSVHF,CSVHFStats1,CSVHFStats2,CSVLF,CSVLFStats1,CSVLFStats2,Q2scale_VV,Q2scale_Wj,Q2scale_tHW,Q2scale_tHq,Q2scale_tt1b,Q2scale_tt2b,Q2scale_ttH,Q2scale_ttW,Q2scale_ttbb,Q2scale_ttcc,Q2scale_ttlf,QCDscale_ST,lumi_13TeV,pdf_gg,pdf_qg,pdf_qqbar,pu,r) ]
 message      : Number of events is negative or error
 server values: params=(CMS_eff_lep = -0.0981441 +/- inf,CMS_jer = 0.21113 +/- inf,CMS_jes = 0.581748 +/- inf,CMS_tHq_tt1b = 0.143884 +/- inf,CMS_tHq_tt2b = 0.166084 +/- inf,CMS_tHq_ttbb = 0.401299 +/- inf,CMS_tHq_ttcc = 0.0603521 +/- inf,CSVCErr1 = 0.911969 +/- inf,CSVCErr2 = -0.015742 +/- inf,CSVHF = -0.144708 +/- inf,CSVHFStats1 = 0.380264 +/- inf,CSVHFStats2 = -0.187143 +/- inf,CSVLF = -0.257629 +/- inf,CSVLFStats1 = -0.0383817 +/- inf,CSVLFStats2 = -0.175089 +/- inf,Q2scale_VV = -4.59518e-07 +/- inf,Q2scale_Wj = 0.0778042 +/- inf,Q2scale_tHW = 0.000826962 +/- inf,Q2scale_tHq = -0.00370838 +/- inf,Q2scale_tt1b = -0.140093 +/- inf,Q2scale_tt2b = -0.0968272 +/- inf,Q2scale_ttH = -0.00940226 +/- inf,Q2scale_ttW = -0.00994405 +/- inf,Q2scale_ttbb = -0.300903 +/- inf,Q2scale_ttcc = -0.201479 +/- inf,Q2scale_ttlf = 0.539643 +/- inf,QCDscale_ST = 0.0169117 +/- inf,lumi_13TeV = -0.13204 +/- inf,pdf_gg = -0.148778 +/- inf,pdf_qg = 0.0168728 +/- inf,pdf_qqbar = -0.0140524 +/- inf,pu = -0.103289 +/- inf,r = -75.1675 +/- 2.50793)
WARNING: underflow to -0.459598 in pdf_bintH_4m_obsOnly for bin 5, weight 22
[#0] ERROR:Eval -- RooAbsReal::logEvalError(tH_4m) evaluation error, 
 origin       : RooAbsReal::tH_4m[ params=(CMS_eff_lep,CMS_jer,CMS_jes,CMS_tHq_tt1b,CMS_tHq_tt2b,CMS_tHq_ttbb,CMS_tHq_ttcc,CSVCErr1,CSVCErr2,CSVHF,CSVHFStats1,CSVHFStats2,CSVLF,CSVLFStats1,CSVLFStats2,Q2scale_VV,Q2scale_Wj,Q2scale_tHW,Q2scale_tHq,Q2scale_tt1b,Q2scale_tt2b,Q2scale_ttH,Q2scale_ttW,Q2scale_ttbb,Q2scale_ttcc,Q2scale_ttlf,QCDscale_ST,lumi_13TeV,pdf_gg,pdf_qg,pdf_qqbar,pu,r) ]
 message      : Number of events is negative or error
 server values: params=(CMS_eff_lep = -0.0981441 +/- inf,CMS_jer = 0.21113 +/- inf,CMS_jes = 0.581748 +/- inf,CMS_tHq_tt1b = 0.143884 +/- inf,CMS_tHq_tt2b = 0.166084 +/- inf,CMS_tHq_ttbb = 0.401299 +/- inf,CMS_tHq_ttcc = 0.0603521 +/- inf,CSVCErr1 = 0.911969 +/- inf,CSVCErr2 = -0.015742 +/- inf,CSVHF = -0.144708 +/- inf,CSVHFStats1 = 0.380264 +/- inf,CSVHFStats2 = -0.187143 +/- inf,CSVLF = -0.257629 +/- inf,CSVLFStats1 = -0.0383817 +/- inf,CSVLFStats2 = -0.175089 +/- inf,Q2scale_VV = -4.59518e-07 +/- inf,Q2scale_Wj = 0.0778042 +/- inf,Q2scale_tHW = 0.000826962 +/- inf,Q2scale_tHq = -0.00370838 +/- inf,Q2scale_tt1b = -0.140093 +/- inf,Q2scale_tt2b = -0.0968272 +/- inf,Q2scale_ttH = -0.00940226 +/- inf,Q2scale_ttW = -0.00994405 +/- inf,Q2scale_ttbb = -0.300903 +/- inf,Q2scale_ttcc = -0.201479 +/- inf,Q2scale_ttlf = 0.539643 +/- inf,QCDscale_ST = 0.0169117 +/- inf,lumi_13TeV = -0.13204 +/- inf,pdf_gg = -0.148778 +/- inf,pdf_qg = 0.0168728 +/- inf,pdf_qqbar = -0.0140524 +/- inf,pu = -0.103289 +/- inf,r = -75.1675 +/- 2.50793)
-75.167489    -18000020960.83361  +0.49447    -74.832511
WARNING: underflow to -4.49608 in pdf_bintH_3m_obsOnly for bin 13, weight 20
[#0] ERROR:Eval -- RooAbsReal::logEvalError(tH_3m) evaluation error, 
 origin       : RooAbsReal::tH_3m[ params=(CMS_eff_lep,CMS_jer,CMS_jes,CMS_tHq_tt1b,CMS_tHq_tt2b,CMS_tHq_ttbb,CMS_tHq_ttcc,CSVCErr1,CSVCErr2,CSVHF,CSVHFStats1,CSVHFStats2,CSVLF,CSVLFStats1,CSVLFStats2,Q2scale_VV,Q2scale_Wj,Q2scale_tHW,Q2scale_tHq,Q2scale_tt1b,Q2scale_tt2b,Q2scale_ttH,Q2scale_ttW,Q2scale_ttbb,Q2scale_ttcc,Q2scale_ttlf,QCDscale_ST,lumi_13TeV,pdf_gg,pdf_qg,pdf_qqbar,pu,r) ]
 message      : Number of events is negative or error
 server values: params=(CMS_eff_lep = -0.0981441 +/- 0.485663,CMS_jer = 0.21113 +/- 0.297126,CMS_jes = 0.581748 +/- 0.160783,CMS_tHq_tt1b = 0.143884 +/- 0.206872,CMS_tHq_tt2b = 0.166084 +/- 0.406693,CMS_tHq_ttbb = 0.401299 +/- 0.152965,CMS_tHq_ttcc = 0.0603521 +/- 0.09711,CSVCErr1 = 0.911969 +/- 0.0729988,CSVCErr2 = -0.015742 +/- 0.423418,CSVHF = -0.144708 +/- 0.14994,CSVHFStats1 = 0.380264 +/- 0.185495,CSVHFStats2 = -0.187143 +/- 0.257556,CSVLF = -0.257629 +/- 0.123806,CSVLFStats1 = -0.0383817 +/- 0.266098,CSVLFStats2 = -0.175089 +/- 0.871651,Q2scale_VV = -4.59518e-07 +/- 0.617279,Q2scale_Wj = 0.0778042 +/- 0.764365,Q2scale_tHW = 0.000826962 +/- 0.826942,Q2scale_tHq = -0.00370838 +/- 0.821651,Q2scale_tt1b = -0.140093 +/- 0.52007,Q2scale_tt2b = -0.0968272 +/- 0.532389,Q2scale_ttH = -0.00940226 +/- 0.808012,Q2scale_ttW = -0.00994405 +/- 0.738449,Q2scale_ttbb = -0.300903 +/- 0.218637,Q2scale_ttcc = -0.201479 +/- 0.270741,Q2scale_ttlf = 0.539643 +/- 0.182019,QCDscale_ST = 0.0169117 +/- 0.801327,lumi_13TeV = -0.13204 +/- 0.476685,pdf_gg = -0.148778 +/- 0.467151,pdf_qg = 0.0168728 +/- 0.777262,pdf_qqbar = -0.0140524 +/- 0.838316,pu = -0.103289 +/- 0.750052,r = -22.7847 +/- 2.50793)
WARNING: underflow to -2.39023 in pdf_bintH_4m_obsOnly for bin 10, weight 7
[#0] ERROR:Eval -- RooAbsReal::logEvalError(tH_4m) evaluation error, 
 origin       : RooAbsReal::tH_4m[ params=(CMS_eff_lep,CMS_jer,CMS_jes,CMS_tHq_tt1b,CMS_tHq_tt2b,CMS_tHq_ttbb,CMS_tHq_ttcc,CSVCErr1,CSVCErr2,CSVHF,CSVHFStats1,CSVHFStats2,CSVLF,CSVLFStats1,CSVLFStats2,Q2scale_VV,Q2scale_Wj,Q2scale_tHW,Q2scale_tHq,Q2scale_tt1b,Q2scale_tt2b,Q2scale_ttH,Q2scale_ttW,Q2scale_ttbb,Q2scale_ttcc,Q2scale_ttlf,QCDscale_ST,lumi_13TeV,pdf_gg,pdf_qg,pdf_qqbar,pu,r) ]
 message      : Number of events is negative or error
 server values: params=(CMS_eff_lep = -0.0981441 +/- 0.485663,CMS_jer = 0.21113 +/- 0.297126,CMS_jes = 0.581748 +/- 0.160783,CMS_tHq_tt1b = 0.143884 +/- 0.206872,CMS_tHq_tt2b = 0.166084 +/- 0.406693,CMS_tHq_ttbb = 0.401299 +/- 0.152965,CMS_tHq_ttcc = 0.0603521 +/- 0.09711,CSVCErr1 = 0.911969 +/- 0.0729988,CSVCErr2 = -0.015742 +/- 0.423418,CSVHF = -0.144708 +/- 0.14994,CSVHFStats1 = 0.380264 +/- 0.185495,CSVHFStats2 = -0.187143 +/- 0.257556,CSVLF = -0.257629 +/- 0.123806,CSVLFStats1 = -0.0383817 +/- 0.266098,CSVLFStats2 = -0.175089 +/- 0.871651,Q2scale_VV = -4.59518e-07 +/- 0.617279,Q2scale_Wj = 0.0778042 +/- 0.764365,Q2scale_tHW = 0.000826962 +/- 0.826942,Q2scale_tHq = -0.00370838 +/- 0.821651,Q2scale_tt1b = -0.140093 +/- 0.52007,Q2scale_tt2b = -0.0968272 +/- 0.532389,Q2scale_ttH = -0.00940226 +/- 0.808012,Q2scale_ttW = -0.00994405 +/- 0.738449,Q2scale_ttbb = -0.300903 +/- 0.218637,Q2scale_ttcc = -0.201479 +/- 0.270741,Q2scale_ttlf = 0.539643 +/- 0.182019,QCDscale_ST = 0.0169117 +/- 0.801327,lumi_13TeV = -0.13204 +/- 0.476685,pdf_gg = -0.148778 +/- 0.467151,pdf_qg = 0.0168728 +/- 0.777262,pdf_qqbar = -0.0140524 +/- 0.838316,pu = -0.103289 +/- 0.750052,r = -22.7847 +/- 2.50793)
WARNING: underflow to -4.49608 in pdf_bintH_3m_obsOnly for bin 13, weight 20
[#0] ERROR:Eval -- RooAbsReal::logEvalError(tH_3m) evaluation error, 
 origin       : RooAbsReal::tH_3m[ params=(CMS_eff_lep,CMS_jer,CMS_jes,CMS_tHq_tt1b,CMS_tHq_tt2b,CMS_tHq_ttbb,CMS_tHq_ttcc,CSVCErr1,CSVCErr2,CSVHF,CSVHFStats1,CSVHFStats2,CSVLF,CSVLFStats1,CSVLFStats2,Q2scale_VV,Q2scale_Wj,Q2scale_tHW,Q2scale_tHq,Q2scale_tt1b,Q2scale_tt2b,Q2scale_ttH,Q2scale_ttW,Q2scale_ttbb,Q2scale_ttcc,Q2scale_ttlf,QCDscale_ST,lumi_13TeV,pdf_gg,pdf_qg,pdf_qqbar,pu,r) ]
 message      : Number of events is negative or error
 server values: params=(CMS_eff_lep = -0.0981441 +/- inf,CMS_jer = 0.21113 +/- inf,CMS_jes = 0.581748 +/- inf,CMS_tHq_tt1b = 0.143884 +/- inf,CMS_tHq_tt2b = 0.166084 +/- inf,CMS_tHq_ttbb = 0.401299 +/- inf,CMS_tHq_ttcc = 0.0603521 +/- inf,CSVCErr1 = 0.911969 +/- inf,CSVCErr2 = -0.015742 +/- inf,CSVHF = -0.144708 +/- inf,CSVHFStats1 = 0.380264 +/- inf,CSVHFStats2 = -0.187143 +/- inf,CSVLF = -0.257629 +/- inf,CSVLFStats1 = -0.0383817 +/- inf,CSVLFStats2 = -0.175089 +/- inf,Q2scale_VV = -4.59518e-07 +/- inf,Q2scale_Wj = 0.0778042 +/- inf,Q2scale_tHW = 0.000826962 +/- inf,Q2scale_tHq = -0.00370838 +/- inf,Q2scale_tt1b = -0.140093 +/- inf,Q2scale_tt2b = -0.0968272 +/- inf,Q2scale_ttH = -0.00940226 +/- inf,Q2scale_ttW = -0.00994405 +/- inf,Q2scale_ttbb = -0.300903 +/- inf,Q2scale_ttcc = -0.201479 +/- inf,Q2scale_ttlf = 0.539643 +/- inf,QCDscale_ST = 0.0169117 +/- inf,lumi_13TeV = -0.13204 +/- inf,pdf_gg = -0.148778 +/- inf,pdf_qg = 0.0168728 +/- inf,pdf_qqbar = -0.0140524 +/- inf,pu = -0.103289 +/- inf,r = -22.7847 +/- 2.50793)
WARNING: underflow to -2.39023 in pdf_bintH_4m_obsOnly for bin 10, weight 7
[#0] ERROR:Eval -- RooAbsReal::logEvalError(tH_4m) evaluation error, 
 origin       : RooAbsReal::tH_4m[ params=(CMS_eff_lep,CMS_jer,CMS_jes,CMS_tHq_tt1b,CMS_tHq_tt2b,CMS_tHq_ttbb,CMS_tHq_ttcc,CSVCErr1,CSVCErr2,CSVHF,CSVHFStats1,CSVHFStats2,CSVLF,CSVLFStats1,CSVLFStats2,Q2scale_VV,Q2scale_Wj,Q2scale_tHW,Q2scale_tHq,Q2scale_tt1b,Q2scale_tt2b,Q2scale_ttH,Q2scale_ttW,Q2scale_ttbb,Q2scale_ttcc,Q2scale_ttlf,QCDscale_ST,lumi_13TeV,pdf_gg,pdf_qg,pdf_qqbar,pu,r) ]
 message      : Number of events is negative or error
 server values: params=(CMS_eff_lep = -0.0981441 +/- inf,CMS_jer = 0.21113 +/- inf,CMS_jes = 0.581748 +/- inf,CMS_tHq_tt1b = 0.143884 +/- inf,CMS_tHq_tt2b = 0.166084 +/- inf,CMS_tHq_ttbb = 0.401299 +/- inf,CMS_tHq_ttcc = 0.0603521 +/- inf,CSVCErr1 = 0.911969 +/- inf,CSVCErr2 = -0.015742 +/- inf,CSVHF = -0.144708 +/- inf,CSVHFStats1 = 0.380264 +/- inf,CSVHFStats2 = -0.187143 +/- inf,CSVLF = -0.257629 +/- inf,CSVLFStats1 = -0.0383817 +/- inf,CSVLFStats2 = -0.175089 +/- inf,Q2scale_VV = -4.59518e-07 +/- inf,Q2scale_Wj = 0.0778042 +/- inf,Q2scale_tHW = 0.000826962 +/- inf,Q2scale_tHq = -0.00370838 +/- inf,Q2scale_tt1b = -0.140093 +/- inf,Q2scale_tt2b = -0.0968272 +/- inf,Q2scale_ttH = -0.00940226 +/- inf,Q2scale_ttW = -0.00994405 +/- inf,Q2scale_ttbb = -0.300903 +/- inf,Q2scale_ttcc = -0.201479 +/- inf,Q2scale_ttlf = 0.539643 +/- inf,QCDscale_ST = 0.0169117 +/- inf,lumi_13TeV = -0.13204 +/- inf,pdf_gg = -0.148778 +/- inf,pdf_qg = 0.0168728 +/- inf,pdf_qqbar = -0.0140524 +/- inf,pu = -0.103289 +/- inf,r = -22.7847 +/- 2.50793)
-22.784732    -18000020960.83361  -18000020960.83361    -22.449753
-7.069905    -3.43212  -18000020960.83361    -6.734926
-2.355457    +0.09372  -3.43212    -2.020478
-4.375934    -1.10549  +0.09372    -2.020478
-2.961600    -0.15054  -1.10549    -0.606143
-2.537300    +0.05070  -0.15054    -0.181843
-2.719143    -0.03054  +0.05070    -0.181843
-2.591852    +0.02745  -0.03054    -0.054553
-2.646405    +0.00234  +0.02745    -0.054553
-2.700958    -0.02298  +0.00234    -0.054553
-2.662771    -0.00506  -0.02298    -0.016366
-2.651315    +0.00014  -0.00506    -0.004910

 --- MaxLikelihoodFit ---
Best fit r: -0.334979  -2.3162/+2.48251  (68% CL)
nll S+B -> -61.0851  nll B -> -62.0619
Done in 0.22 min (cpu), 0.23 min (real)
