>>> including systematics
>>> method used to compute upper limit is MaxLikelihoodFit
>>> random number generator seed is 123456
[?1034hComputing limit starting from observation
Created Branches
Searching for crossing at nll = -20431.1 in the interval 49.5475, 150
      r      lvl-here  lvl-there   stepping
99.773763    -0.22372  +0.49447    50.226237
64.615397    +0.38347  -0.22372    15.067871
79.683268    +0.15052  +0.38347    15.067871
94.751139    -0.13522  +0.15052    15.067871
84.203629    +0.07225  -0.13522    4.520361
88.723991    -0.01869  +0.07225    4.520361
85.559738    +0.04772  -0.01869    1.356108
86.915846    +0.01753  +0.04772    1.356108
88.271955    -0.01536  +0.01753    1.356108
87.322679    +0.00795  -0.01536    0.406833
87.729511    -0.00188  +0.00795    0.406833
87.444729    +0.00502  -0.00188    0.122050
87.566778    +0.00208  +0.00502    0.122050
87.688828    -0.00089  +0.00208    0.122050
87.603393    +0.00119  -0.00089    0.036615
87.640008    +0.00030  +0.00119    0.036615
Searching for crossing at nll = -20431.1 in the interval 49.5475, -150
      r      lvl-here  lvl-there   stepping
-0.339356    -0.51165  +0.49447    -49.886881
34.581461    +0.41637  -0.51165    -14.966064
19.615397    +0.17469  +0.41637    -14.966064
4.649333    -0.26969  +0.17469    -14.966064
15.125578    +0.06398  -0.26969    -4.489819
10.635758    -0.06605  +0.06398    -4.489819
13.778632    +0.02819  -0.06605    -1.346946
12.431686    -0.01142  +0.02819    -1.346946
13.374548    +0.01676  -0.01142    -0.404084
12.970464    +0.00495  +0.01676    -0.404084
12.566381    -0.00726  +0.00495    -0.404084
12.849239    +0.00133  -0.00726    -0.121225
12.728014    -0.00233  +0.00133    -0.121225
12.812872    +0.00023  -0.00233    -0.036368

 --- MaxLikelihoodFit ---
Best fit r: 49.5475  -36.7344/+38.0929  (68% CL)
nll S+B -> -62.1576  nll B -> -62.1729
Done in 0.21 min (cpu), 0.22 min (real)
