>>> including systematics
>>> method used to compute upper limit is MaxLikelihoodFit
>>> random number generator seed is 123456
[?1034hComputing limit starting from observation
Created Branches
Searching for crossing at nll = -20792.4 in the interval -6.31189, 150
      r      lvl-here  lvl-there   stepping
71.844055    -0.17922  +0.49447    78.155945
17.134894    +0.39775  -0.17922    23.446783
40.581678    +0.18654  +0.39775    23.446783
64.028461    -0.09880  +0.18654    23.446783
47.615713    +0.10491  -0.09880    7.034035
54.649748    +0.00592  +0.10491    7.034035
61.683783    -0.11295  +0.00592    7.034035
56.759958    -0.02657  -0.11295    2.110211
55.282811    -0.00345  -0.02657    0.633063
54.839667    +0.00314  -0.00345    0.189919
55.029586    +0.00034  +0.00314    0.189919
Searching for crossing at nll = -20792.4 in the interval -6.31189, -150
      r      lvl-here  lvl-there   stepping
-78.155945    -0.39477  +0.49447    -71.844055
-27.865106    +0.41162  -0.39477    -21.553217
-49.418322    +0.19934  +0.41162    -21.553217
-70.971539    -0.17901  +0.19934    -21.553217
-55.884287    +0.10272  -0.17901    -6.465965
-62.350252    -0.01239  +0.10272    -6.465965
-57.824077    +0.07252  -0.01239    -1.939789
-59.763866    +0.04023  +0.07252    -1.939789
-61.703656    +0.00477  +0.04023    -1.939789
-63.643445    -0.03512  +0.00477    -1.939789
-62.285593    -0.00673  -0.03512    -0.581937
-61.878237    +0.00136  -0.00673    -0.174581
-62.052818    -0.00209  +0.00136    -0.174581
-61.930611    +0.00033  -0.00209    -0.052374

 --- MaxLikelihoodFit ---
Best fit r: -6.31189  -55.6184/+61.3418  (68% CL)
nll S+B -> -61.6932  nll B -> -62.7201
Done in 0.19 min (cpu), 0.21 min (real)
