>>> including systematics
>>> method used to compute upper limit is MaxLikelihoodFit
>>> random number generator seed is 123456
[?1034hComputing limit starting from observation
Created Branches
Searching for crossing at nll = -22452.3 in the interval 1.14824, 150
      r      lvl-here  lvl-there   stepping
75.574122    -207.44992  +0.49447    74.425878
23.476008    -33.41660  -207.44992    22.327763
7.846574    -3.40033  -33.41660    6.698329
3.157744    -0.16521  -3.40033    2.009499
1.751095    +0.41462  -0.16521    0.602850
2.353944    +0.19685  +0.41462    0.602850
2.956794    -0.11342  +0.19685    0.602850
2.534799    +0.10170  -0.11342    0.180855
2.715654    +0.00584  +0.10170    0.180855
2.896509    -0.08902  +0.00584    0.180855
2.769910    -0.02153  -0.08902    0.054256
2.731931    -0.00064  -0.02153    0.016277
Searching for crossing at nll = -22452.3 in the interval 1.14824, -150
      r      lvl-here  lvl-there   stepping
WARNING: underflow to -30.0586 in pdf_bintH_3m_obsOnly for bin 6, weight 387
[#0] ERROR:Eval -- RooAbsReal::logEvalError(tH_3m) evaluation error, 
 origin       : RooAbsReal::tH_3m[ params=(CMS_eff_lep,CMS_jer,CMS_jes,CMS_tHq_tt1b,CMS_tHq_tt2b,CMS_tHq_ttbb,CMS_tHq_ttcc,CSVCErr1,CSVCErr2,CSVHF,CSVHFStats1,CSVHFStats2,CSVLF,CSVLFStats1,CSVLFStats2,Q2scale_VV,Q2scale_Wj,Q2scale_tHW,Q2scale_tHq,Q2scale_tt1b,Q2scale_tt2b,Q2scale_ttH,Q2scale_ttW,Q2scale_ttbb,Q2scale_ttcc,Q2scale_ttlf,QCDscale_ST,lumi_13TeV,pdf_gg,pdf_qg,pdf_qqbar,pu,r) ]
 message      : Number of events is negative or error
 server values: params=(CMS_eff_lep = -0.101591 +/- 0.421273,CMS_jer = 0.125058 +/- 0.358232,CMS_jes = 0.140907 +/- 0.272858,CMS_tHq_tt1b = 0.366285 +/- 0.231031,CMS_tHq_tt2b = 0.222821 +/- 0.227736,CMS_tHq_ttbb = 0.354532 +/- 0.176039,CMS_tHq_ttcc = 0.124986 +/- 0.0954198,CSVCErr1 = 0.931535 +/- 0.0716372,CSVCErr2 = -0.198899 +/- 0.498512,CSVHF = -0.307512 +/- 0.0934706,CSVHFStats1 = 0.369615 +/- 0.198724,CSVHFStats2 = -0.142767 +/- 0.25938,CSVLF = -0.267196 +/- 0.187025,CSVLFStats1 = -0.0358278 +/- 0.273656,CSVLFStats2 = -0.190301 +/- 0.941286,Q2scale_VV = -0.170017 +/- 1.36262,Q2scale_Wj = 0.144512 +/- 0.764118,Q2scale_tHW = -0.000229232 +/- 0.778134,Q2scale_tHq = 0.000575647 +/- 0.756801,Q2scale_tt1b = -0.218446 +/- 0.507505,Q2scale_tt2b = -0.115847 +/- 0.521137,Q2scale_ttH = -0.00767719 +/- 0.786191,Q2scale_ttW = 0.00368934 +/- 0.81596,Q2scale_ttbb = -0.133328 +/- 0.209148,Q2scale_ttcc = -0.235494 +/- 0.271659,Q2scale_ttlf = 0.684115 +/- 0.209691,QCDscale_ST = 0.0146592 +/- 0.762195,lumi_13TeV = -0.137149 +/- 0.474802,pdf_gg = -0.13524 +/- 0.394731,pdf_qg = 0.0147585 +/- 0.82726,pdf_qqbar = -0.0357105 +/- 0.791562,pu = -0.03633 +/- 0.824536,r = -74.4259 +/- 1.72093)
WARNING: underflow to -3.8402 in pdf_bintH_4m_obsOnly for bin 4, weight 37
[#0] ERROR:Eval -- RooAbsReal::logEvalError(tH_4m) evaluation error, 
 origin       : RooAbsReal::tH_4m[ params=(CMS_eff_lep,CMS_jer,CMS_jes,CMS_tHq_tt1b,CMS_tHq_tt2b,CMS_tHq_ttbb,CMS_tHq_ttcc,CSVCErr1,CSVCErr2,CSVHF,CSVHFStats1,CSVHFStats2,CSVLF,CSVLFStats1,CSVLFStats2,Q2scale_VV,Q2scale_Wj,Q2scale_tHW,Q2scale_tHq,Q2scale_tt1b,Q2scale_tt2b,Q2scale_ttH,Q2scale_ttW,Q2scale_ttbb,Q2scale_ttcc,Q2scale_ttlf,QCDscale_ST,lumi_13TeV,pdf_gg,pdf_qg,pdf_qqbar,pu,r) ]
 message      : Number of events is negative or error
 server values: params=(CMS_eff_lep = -0.101591 +/- 0.421273,CMS_jer = 0.125058 +/- 0.358232,CMS_jes = 0.140907 +/- 0.272858,CMS_tHq_tt1b = 0.366285 +/- 0.231031,CMS_tHq_tt2b = 0.222821 +/- 0.227736,CMS_tHq_ttbb = 0.354532 +/- 0.176039,CMS_tHq_ttcc = 0.124986 +/- 0.0954198,CSVCErr1 = 0.931535 +/- 0.0716372,CSVCErr2 = -0.198899 +/- 0.498512,CSVHF = -0.307512 +/- 0.0934706,CSVHFStats1 = 0.369615 +/- 0.198724,CSVHFStats2 = -0.142767 +/- 0.25938,CSVLF = -0.267196 +/- 0.187025,CSVLFStats1 = -0.0358278 +/- 0.273656,CSVLFStats2 = -0.190301 +/- 0.941286,Q2scale_VV = -0.170017 +/- 1.36262,Q2scale_Wj = 0.144512 +/- 0.764118,Q2scale_tHW = -0.000229232 +/- 0.778134,Q2scale_tHq = 0.000575647 +/- 0.756801,Q2scale_tt1b = -0.218446 +/- 0.507505,Q2scale_tt2b = -0.115847 +/- 0.521137,Q2scale_ttH = -0.00767719 +/- 0.786191,Q2scale_ttW = 0.00368934 +/- 0.81596,Q2scale_ttbb = -0.133328 +/- 0.209148,Q2scale_ttcc = -0.235494 +/- 0.271659,Q2scale_ttlf = 0.684115 +/- 0.209691,QCDscale_ST = 0.0146592 +/- 0.762195,lumi_13TeV = -0.137149 +/- 0.474802,pdf_gg = -0.13524 +/- 0.394731,pdf_qg = 0.0147585 +/- 0.82726,pdf_qqbar = -0.0357105 +/- 0.791562,pu = -0.03633 +/- 0.824536,r = -74.4259 +/- 1.72093)
WARNING: underflow to -30.0586 in pdf_bintH_3m_obsOnly for bin 6, weight 387
[#0] ERROR:Eval -- RooAbsReal::logEvalError(tH_3m) evaluation error, 
 origin       : RooAbsReal::tH_3m[ params=(CMS_eff_lep,CMS_jer,CMS_jes,CMS_tHq_tt1b,CMS_tHq_tt2b,CMS_tHq_ttbb,CMS_tHq_ttcc,CSVCErr1,CSVCErr2,CSVHF,CSVHFStats1,CSVHFStats2,CSVLF,CSVLFStats1,CSVLFStats2,Q2scale_VV,Q2scale_Wj,Q2scale_tHW,Q2scale_tHq,Q2scale_tt1b,Q2scale_tt2b,Q2scale_ttH,Q2scale_ttW,Q2scale_ttbb,Q2scale_ttcc,Q2scale_ttlf,QCDscale_ST,lumi_13TeV,pdf_gg,pdf_qg,pdf_qqbar,pu,r) ]
 message      : Number of events is negative or error
 server values: params=(CMS_eff_lep = -0.101591 +/- inf,CMS_jer = 0.125058 +/- inf,CMS_jes = 0.140907 +/- inf,CMS_tHq_tt1b = 0.366285 +/- inf,CMS_tHq_tt2b = 0.222821 +/- inf,CMS_tHq_ttbb = 0.354532 +/- inf,CMS_tHq_ttcc = 0.124986 +/- inf,CSVCErr1 = 0.931535 +/- inf,CSVCErr2 = -0.198899 +/- inf,CSVHF = -0.307512 +/- inf,CSVHFStats1 = 0.369615 +/- inf,CSVHFStats2 = -0.142767 +/- inf,CSVLF = -0.267196 +/- inf,CSVLFStats1 = -0.0358278 +/- inf,CSVLFStats2 = -0.190301 +/- inf,Q2scale_VV = -0.170017 +/- inf,Q2scale_Wj = 0.144512 +/- inf,Q2scale_tHW = -0.000229232 +/- inf,Q2scale_tHq = 0.000575647 +/- inf,Q2scale_tt1b = -0.218446 +/- inf,Q2scale_tt2b = -0.115847 +/- inf,Q2scale_ttH = -0.00767719 +/- inf,Q2scale_ttW = 0.00368934 +/- inf,Q2scale_ttbb = -0.133328 +/- inf,Q2scale_ttcc = -0.235494 +/- inf,Q2scale_ttlf = 0.684115 +/- inf,QCDscale_ST = 0.0146592 +/- inf,lumi_13TeV = -0.137149 +/- inf,pdf_gg = -0.13524 +/- inf,pdf_qg = 0.0147585 +/- inf,pdf_qqbar = -0.0357105 +/- inf,pu = -0.03633 +/- inf,r = -74.4259 +/- 1.72093)
WARNING: underflow to -3.8402 in pdf_bintH_4m_obsOnly for bin 4, weight 37
[#0] ERROR:Eval -- RooAbsReal::logEvalError(tH_4m) evaluation error, 
 origin       : RooAbsReal::tH_4m[ params=(CMS_eff_lep,CMS_jer,CMS_jes,CMS_tHq_tt1b,CMS_tHq_tt2b,CMS_tHq_ttbb,CMS_tHq_ttcc,CSVCErr1,CSVCErr2,CSVHF,CSVHFStats1,CSVHFStats2,CSVLF,CSVLFStats1,CSVLFStats2,Q2scale_VV,Q2scale_Wj,Q2scale_tHW,Q2scale_tHq,Q2scale_tt1b,Q2scale_tt2b,Q2scale_ttH,Q2scale_ttW,Q2scale_ttbb,Q2scale_ttcc,Q2scale_ttlf,QCDscale_ST,lumi_13TeV,pdf_gg,pdf_qg,pdf_qqbar,pu,r) ]
 message      : Number of events is negative or error
 server values: params=(CMS_eff_lep = -0.101591 +/- inf,CMS_jer = 0.125058 +/- inf,CMS_jes = 0.140907 +/- inf,CMS_tHq_tt1b = 0.366285 +/- inf,CMS_tHq_tt2b = 0.222821 +/- inf,CMS_tHq_ttbb = 0.354532 +/- inf,CMS_tHq_ttcc = 0.124986 +/- inf,CSVCErr1 = 0.931535 +/- inf,CSVCErr2 = -0.198899 +/- inf,CSVHF = -0.307512 +/- inf,CSVHFStats1 = 0.369615 +/- inf,CSVHFStats2 = -0.142767 +/- inf,CSVLF = -0.267196 +/- inf,CSVLFStats1 = -0.0358278 +/- inf,CSVLFStats2 = -0.190301 +/- inf,Q2scale_VV = -0.170017 +/- inf,Q2scale_Wj = 0.144512 +/- inf,Q2scale_tHW = -0.000229232 +/- inf,Q2scale_tHq = 0.000575647 +/- inf,Q2scale_tt1b = -0.218446 +/- inf,Q2scale_tt2b = -0.115847 +/- inf,Q2scale_ttH = -0.00767719 +/- inf,Q2scale_ttW = 0.00368934 +/- inf,Q2scale_ttbb = -0.133328 +/- inf,Q2scale_ttcc = -0.235494 +/- inf,Q2scale_ttlf = 0.684115 +/- inf,QCDscale_ST = 0.0146592 +/- inf,lumi_13TeV = -0.137149 +/- inf,pdf_gg = -0.13524 +/- inf,pdf_qg = 0.0147585 +/- inf,pdf_qqbar = -0.0357105 +/- inf,pu = -0.03633 +/- inf,r = -74.4259 +/- 1.72093)
-74.425878    -18000022453.48724  +0.49447    -75.574122
WARNING: underflow to -15.9327 in pdf_bintH_3m_obsOnly for bin 9, weight 15
[#0] ERROR:Eval -- RooAbsReal::logEvalError(tH_3m) evaluation error, 
 origin       : RooAbsReal::tH_3m[ params=(CMS_eff_lep,CMS_jer,CMS_jes,CMS_tHq_tt1b,CMS_tHq_tt2b,CMS_tHq_ttbb,CMS_tHq_ttcc,CSVCErr1,CSVCErr2,CSVHF,CSVHFStats1,CSVHFStats2,CSVLF,CSVLFStats1,CSVLFStats2,Q2scale_VV,Q2scale_Wj,Q2scale_tHW,Q2scale_tHq,Q2scale_tt1b,Q2scale_tt2b,Q2scale_ttH,Q2scale_ttW,Q2scale_ttbb,Q2scale_ttcc,Q2scale_ttlf,QCDscale_ST,lumi_13TeV,pdf_gg,pdf_qg,pdf_qqbar,pu,r) ]
 message      : Number of events is negative or error
 server values: params=(CMS_eff_lep = -0.101591 +/- 0.421273,CMS_jer = 0.125058 +/- 0.358232,CMS_jes = 0.140907 +/- 0.272858,CMS_tHq_tt1b = 0.366285 +/- 0.231031,CMS_tHq_tt2b = 0.222821 +/- 0.227736,CMS_tHq_ttbb = 0.354532 +/- 0.176039,CMS_tHq_ttcc = 0.124986 +/- 0.0954198,CSVCErr1 = 0.931535 +/- 0.0716372,CSVCErr2 = -0.198899 +/- 0.498512,CSVHF = -0.307512 +/- 0.0934706,CSVHFStats1 = 0.369615 +/- 0.198724,CSVHFStats2 = -0.142767 +/- 0.25938,CSVLF = -0.267196 +/- 0.187025,CSVLFStats1 = -0.0358278 +/- 0.273656,CSVLFStats2 = -0.190301 +/- 0.941286,Q2scale_VV = -0.170017 +/- 1.36262,Q2scale_Wj = 0.144512 +/- 0.764118,Q2scale_tHW = -0.000229232 +/- 0.778134,Q2scale_tHq = 0.000575647 +/- 0.756801,Q2scale_tt1b = -0.218446 +/- 0.507505,Q2scale_tt2b = -0.115847 +/- 0.521137,Q2scale_ttH = -0.00767719 +/- 0.786191,Q2scale_ttW = 0.00368934 +/- 0.81596,Q2scale_ttbb = -0.133328 +/- 0.209148,Q2scale_ttcc = -0.235494 +/- 0.271659,Q2scale_ttlf = 0.684115 +/- 0.209691,QCDscale_ST = 0.0146592 +/- 0.762195,lumi_13TeV = -0.137149 +/- 0.474802,pdf_gg = -0.13524 +/- 0.394731,pdf_qg = 0.0147585 +/- 0.82726,pdf_qqbar = -0.0357105 +/- 0.791562,pu = -0.03633 +/- 0.824536,r = -21.524 +/- 1.72093)
WARNING: underflow to -2.6165 in pdf_bintH_4m_obsOnly for bin 7, weight 15
[#0] ERROR:Eval -- RooAbsReal::logEvalError(tH_4m) evaluation error, 
 origin       : RooAbsReal::tH_4m[ params=(CMS_eff_lep,CMS_jer,CMS_jes,CMS_tHq_tt1b,CMS_tHq_tt2b,CMS_tHq_ttbb,CMS_tHq_ttcc,CSVCErr1,CSVCErr2,CSVHF,CSVHFStats1,CSVHFStats2,CSVLF,CSVLFStats1,CSVLFStats2,Q2scale_VV,Q2scale_Wj,Q2scale_tHW,Q2scale_tHq,Q2scale_tt1b,Q2scale_tt2b,Q2scale_ttH,Q2scale_ttW,Q2scale_ttbb,Q2scale_ttcc,Q2scale_ttlf,QCDscale_ST,lumi_13TeV,pdf_gg,pdf_qg,pdf_qqbar,pu,r) ]
 message      : Number of events is negative or error
 server values: params=(CMS_eff_lep = -0.101591 +/- 0.421273,CMS_jer = 0.125058 +/- 0.358232,CMS_jes = 0.140907 +/- 0.272858,CMS_tHq_tt1b = 0.366285 +/- 0.231031,CMS_tHq_tt2b = 0.222821 +/- 0.227736,CMS_tHq_ttbb = 0.354532 +/- 0.176039,CMS_tHq_ttcc = 0.124986 +/- 0.0954198,CSVCErr1 = 0.931535 +/- 0.0716372,CSVCErr2 = -0.198899 +/- 0.498512,CSVHF = -0.307512 +/- 0.0934706,CSVHFStats1 = 0.369615 +/- 0.198724,CSVHFStats2 = -0.142767 +/- 0.25938,CSVLF = -0.267196 +/- 0.187025,CSVLFStats1 = -0.0358278 +/- 0.273656,CSVLFStats2 = -0.190301 +/- 0.941286,Q2scale_VV = -0.170017 +/- 1.36262,Q2scale_Wj = 0.144512 +/- 0.764118,Q2scale_tHW = -0.000229232 +/- 0.778134,Q2scale_tHq = 0.000575647 +/- 0.756801,Q2scale_tt1b = -0.218446 +/- 0.507505,Q2scale_tt2b = -0.115847 +/- 0.521137,Q2scale_ttH = -0.00767719 +/- 0.786191,Q2scale_ttW = 0.00368934 +/- 0.81596,Q2scale_ttbb = -0.133328 +/- 0.209148,Q2scale_ttcc = -0.235494 +/- 0.271659,Q2scale_ttlf = 0.684115 +/- 0.209691,QCDscale_ST = 0.0146592 +/- 0.762195,lumi_13TeV = -0.137149 +/- 0.474802,pdf_gg = -0.13524 +/- 0.394731,pdf_qg = 0.0147585 +/- 0.82726,pdf_qqbar = -0.0357105 +/- 0.791562,pu = -0.03633 +/- 0.824536,r = -21.524 +/- 1.72093)
WARNING: underflow to -15.9327 in pdf_bintH_3m_obsOnly for bin 9, weight 15
[#0] ERROR:Eval -- RooAbsReal::logEvalError(tH_3m) evaluation error, 
 origin       : RooAbsReal::tH_3m[ params=(CMS_eff_lep,CMS_jer,CMS_jes,CMS_tHq_tt1b,CMS_tHq_tt2b,CMS_tHq_ttbb,CMS_tHq_ttcc,CSVCErr1,CSVCErr2,CSVHF,CSVHFStats1,CSVHFStats2,CSVLF,CSVLFStats1,CSVLFStats2,Q2scale_VV,Q2scale_Wj,Q2scale_tHW,Q2scale_tHq,Q2scale_tt1b,Q2scale_tt2b,Q2scale_ttH,Q2scale_ttW,Q2scale_ttbb,Q2scale_ttcc,Q2scale_ttlf,QCDscale_ST,lumi_13TeV,pdf_gg,pdf_qg,pdf_qqbar,pu,r) ]
 message      : Number of events is negative or error
 server values: params=(CMS_eff_lep = -0.101591 +/- inf,CMS_jer = 0.125058 +/- inf,CMS_jes = 0.140907 +/- inf,CMS_tHq_tt1b = 0.366285 +/- inf,CMS_tHq_tt2b = 0.222821 +/- inf,CMS_tHq_ttbb = 0.354532 +/- inf,CMS_tHq_ttcc = 0.124986 +/- inf,CSVCErr1 = 0.931535 +/- inf,CSVCErr2 = -0.198899 +/- inf,CSVHF = -0.307512 +/- inf,CSVHFStats1 = 0.369615 +/- inf,CSVHFStats2 = -0.142767 +/- inf,CSVLF = -0.267196 +/- inf,CSVLFStats1 = -0.0358278 +/- inf,CSVLFStats2 = -0.190301 +/- inf,Q2scale_VV = -0.170017 +/- inf,Q2scale_Wj = 0.144512 +/- inf,Q2scale_tHW = -0.000229232 +/- inf,Q2scale_tHq = 0.000575647 +/- inf,Q2scale_tt1b = -0.218446 +/- inf,Q2scale_tt2b = -0.115847 +/- inf,Q2scale_ttH = -0.00767719 +/- inf,Q2scale_ttW = 0.00368934 +/- inf,Q2scale_ttbb = -0.133328 +/- inf,Q2scale_ttcc = -0.235494 +/- inf,Q2scale_ttlf = 0.684115 +/- inf,QCDscale_ST = 0.0146592 +/- inf,lumi_13TeV = -0.137149 +/- inf,pdf_gg = -0.13524 +/- inf,pdf_qg = 0.0147585 +/- inf,pdf_qqbar = -0.0357105 +/- inf,pu = -0.03633 +/- inf,r = -21.524 +/- 1.72093)
WARNING: underflow to -2.6165 in pdf_bintH_4m_obsOnly for bin 7, weight 15
[#0] ERROR:Eval -- RooAbsReal::logEvalError(tH_4m) evaluation error, 
 origin       : RooAbsReal::tH_4m[ params=(CMS_eff_lep,CMS_jer,CMS_jes,CMS_tHq_tt1b,CMS_tHq_tt2b,CMS_tHq_ttbb,CMS_tHq_ttcc,CSVCErr1,CSVCErr2,CSVHF,CSVHFStats1,CSVHFStats2,CSVLF,CSVLFStats1,CSVLFStats2,Q2scale_VV,Q2scale_Wj,Q2scale_tHW,Q2scale_tHq,Q2scale_tt1b,Q2scale_tt2b,Q2scale_ttH,Q2scale_ttW,Q2scale_ttbb,Q2scale_ttcc,Q2scale_ttlf,QCDscale_ST,lumi_13TeV,pdf_gg,pdf_qg,pdf_qqbar,pu,r) ]
 message      : Number of events is negative or error
 server values: params=(CMS_eff_lep = -0.101591 +/- inf,CMS_jer = 0.125058 +/- inf,CMS_jes = 0.140907 +/- inf,CMS_tHq_tt1b = 0.366285 +/- inf,CMS_tHq_tt2b = 0.222821 +/- inf,CMS_tHq_ttbb = 0.354532 +/- inf,CMS_tHq_ttcc = 0.124986 +/- inf,CSVCErr1 = 0.931535 +/- inf,CSVCErr2 = -0.198899 +/- inf,CSVHF = -0.307512 +/- inf,CSVHFStats1 = 0.369615 +/- inf,CSVHFStats2 = -0.142767 +/- inf,CSVLF = -0.267196 +/- inf,CSVLFStats1 = -0.0358278 +/- inf,CSVLFStats2 = -0.190301 +/- inf,Q2scale_VV = -0.170017 +/- inf,Q2scale_Wj = 0.144512 +/- inf,Q2scale_tHW = -0.000229232 +/- inf,Q2scale_tHq = 0.000575647 +/- inf,Q2scale_tt1b = -0.218446 +/- inf,Q2scale_tt2b = -0.115847 +/- inf,Q2scale_ttH = -0.00767719 +/- inf,Q2scale_ttW = 0.00368934 +/- inf,Q2scale_ttbb = -0.133328 +/- inf,Q2scale_ttcc = -0.235494 +/- inf,Q2scale_ttlf = 0.684115 +/- inf,QCDscale_ST = 0.0146592 +/- inf,lumi_13TeV = -0.137149 +/- inf,pdf_gg = -0.13524 +/- inf,pdf_qg = 0.0147585 +/- inf,pdf_qqbar = -0.0357105 +/- inf,pu = -0.03633 +/- inf,r = -21.524 +/- 1.72093)
-21.523992    -18000022453.48724  -18000022453.48724    -22.672237
WARNING: underflow to -0.131504 in pdf_bintH_3m_obsOnly for bin 10, weight 3
[#0] ERROR:Eval -- RooAbsReal::logEvalError(tH_3m) evaluation error, 
 origin       : RooAbsReal::tH_3m[ params=(CMS_eff_lep,CMS_jer,CMS_jes,CMS_tHq_tt1b,CMS_tHq_tt2b,CMS_tHq_ttbb,CMS_tHq_ttcc,CSVCErr1,CSVCErr2,CSVHF,CSVHFStats1,CSVHFStats2,CSVLF,CSVLFStats1,CSVLFStats2,Q2scale_VV,Q2scale_Wj,Q2scale_tHW,Q2scale_tHq,Q2scale_tt1b,Q2scale_tt2b,Q2scale_ttH,Q2scale_ttW,Q2scale_ttbb,Q2scale_ttcc,Q2scale_ttlf,QCDscale_ST,lumi_13TeV,pdf_gg,pdf_qg,pdf_qqbar,pu,r) ]
 message      : Number of events is negative or error
 server values: params=(CMS_eff_lep = -0.101591 +/- 0.421273,CMS_jer = 0.125058 +/- 0.358232,CMS_jes = 0.140907 +/- 0.272858,CMS_tHq_tt1b = 0.366285 +/- 0.231031,CMS_tHq_tt2b = 0.222821 +/- 0.227736,CMS_tHq_ttbb = 0.354532 +/- 0.176039,CMS_tHq_ttcc = 0.124986 +/- 0.0954198,CSVCErr1 = 0.931535 +/- 0.0716372,CSVCErr2 = -0.198899 +/- 0.498512,CSVHF = -0.307512 +/- 0.0934706,CSVHFStats1 = 0.369615 +/- 0.198724,CSVHFStats2 = -0.142767 +/- 0.25938,CSVLF = -0.267196 +/- 0.187025,CSVLFStats1 = -0.0358278 +/- 0.273656,CSVLFStats2 = -0.190301 +/- 0.941286,Q2scale_VV = -0.170017 +/- 1.36262,Q2scale_Wj = 0.144512 +/- 0.764118,Q2scale_tHW = -0.000229232 +/- 0.778134,Q2scale_tHq = 0.000575647 +/- 0.756801,Q2scale_tt1b = -0.218446 +/- 0.507505,Q2scale_tt2b = -0.115847 +/- 0.521137,Q2scale_ttH = -0.00767719 +/- 0.786191,Q2scale_ttW = 0.00368934 +/- 0.81596,Q2scale_ttbb = -0.133328 +/- 0.209148,Q2scale_ttcc = -0.235494 +/- 0.271659,Q2scale_ttlf = 0.684115 +/- 0.209691,QCDscale_ST = 0.0146592 +/- 0.762195,lumi_13TeV = -0.137149 +/- 0.474802,pdf_gg = -0.13524 +/- 0.394731,pdf_qg = 0.0147585 +/- 0.82726,pdf_qqbar = -0.0357105 +/- 0.791562,pu = -0.03633 +/- 0.824536,r = -5.65343 +/- 1.72093)
WARNING: underflow to -0.250495 in pdf_bintH_4m_obsOnly for bin 9, weight 1
[#0] ERROR:Eval -- RooAbsReal::logEvalError(tH_4m) evaluation error, 
 origin       : RooAbsReal::tH_4m[ params=(CMS_eff_lep,CMS_jer,CMS_jes,CMS_tHq_tt1b,CMS_tHq_tt2b,CMS_tHq_ttbb,CMS_tHq_ttcc,CSVCErr1,CSVCErr2,CSVHF,CSVHFStats1,CSVHFStats2,CSVLF,CSVLFStats1,CSVLFStats2,Q2scale_VV,Q2scale_Wj,Q2scale_tHW,Q2scale_tHq,Q2scale_tt1b,Q2scale_tt2b,Q2scale_ttH,Q2scale_ttW,Q2scale_ttbb,Q2scale_ttcc,Q2scale_ttlf,QCDscale_ST,lumi_13TeV,pdf_gg,pdf_qg,pdf_qqbar,pu,r) ]
 message      : Number of events is negative or error
 server values: params=(CMS_eff_lep = -0.101591 +/- 0.421273,CMS_jer = 0.125058 +/- 0.358232,CMS_jes = 0.140907 +/- 0.272858,CMS_tHq_tt1b = 0.366285 +/- 0.231031,CMS_tHq_tt2b = 0.222821 +/- 0.227736,CMS_tHq_ttbb = 0.354532 +/- 0.176039,CMS_tHq_ttcc = 0.124986 +/- 0.0954198,CSVCErr1 = 0.931535 +/- 0.0716372,CSVCErr2 = -0.198899 +/- 0.498512,CSVHF = -0.307512 +/- 0.0934706,CSVHFStats1 = 0.369615 +/- 0.198724,CSVHFStats2 = -0.142767 +/- 0.25938,CSVLF = -0.267196 +/- 0.187025,CSVLFStats1 = -0.0358278 +/- 0.273656,CSVLFStats2 = -0.190301 +/- 0.941286,Q2scale_VV = -0.170017 +/- 1.36262,Q2scale_Wj = 0.144512 +/- 0.764118,Q2scale_tHW = -0.000229232 +/- 0.778134,Q2scale_tHq = 0.000575647 +/- 0.756801,Q2scale_tt1b = -0.218446 +/- 0.507505,Q2scale_tt2b = -0.115847 +/- 0.521137,Q2scale_ttH = -0.00767719 +/- 0.786191,Q2scale_ttW = 0.00368934 +/- 0.81596,Q2scale_ttbb = -0.133328 +/- 0.209148,Q2scale_ttcc = -0.235494 +/- 0.271659,Q2scale_ttlf = 0.684115 +/- 0.209691,QCDscale_ST = 0.0146592 +/- 0.762195,lumi_13TeV = -0.137149 +/- 0.474802,pdf_gg = -0.13524 +/- 0.394731,pdf_qg = 0.0147585 +/- 0.82726,pdf_qqbar = -0.0357105 +/- 0.791562,pu = -0.03633 +/- 0.824536,r = -5.65343 +/- 1.72093)
WARNING: underflow to -0.131504 in pdf_bintH_3m_obsOnly for bin 10, weight 3
[#0] ERROR:Eval -- RooAbsReal::logEvalError(tH_3m) evaluation error, 
 origin       : RooAbsReal::tH_3m[ params=(CMS_eff_lep,CMS_jer,CMS_jes,CMS_tHq_tt1b,CMS_tHq_tt2b,CMS_tHq_ttbb,CMS_tHq_ttcc,CSVCErr1,CSVCErr2,CSVHF,CSVHFStats1,CSVHFStats2,CSVLF,CSVLFStats1,CSVLFStats2,Q2scale_VV,Q2scale_Wj,Q2scale_tHW,Q2scale_tHq,Q2scale_tt1b,Q2scale_tt2b,Q2scale_ttH,Q2scale_ttW,Q2scale_ttbb,Q2scale_ttcc,Q2scale_ttlf,QCDscale_ST,lumi_13TeV,pdf_gg,pdf_qg,pdf_qqbar,pu,r) ]
 message      : Number of events is negative or error
 server values: params=(CMS_eff_lep = -0.101591 +/- inf,CMS_jer = 0.125058 +/- inf,CMS_jes = 0.140907 +/- inf,CMS_tHq_tt1b = 0.366285 +/- inf,CMS_tHq_tt2b = 0.222821 +/- inf,CMS_tHq_ttbb = 0.354532 +/- inf,CMS_tHq_ttcc = 0.124986 +/- inf,CSVCErr1 = 0.931535 +/- inf,CSVCErr2 = -0.198899 +/- inf,CSVHF = -0.307512 +/- inf,CSVHFStats1 = 0.369615 +/- inf,CSVHFStats2 = -0.142767 +/- inf,CSVLF = -0.267196 +/- inf,CSVLFStats1 = -0.0358278 +/- inf,CSVLFStats2 = -0.190301 +/- inf,Q2scale_VV = -0.170017 +/- inf,Q2scale_Wj = 0.144512 +/- inf,Q2scale_tHW = -0.000229232 +/- inf,Q2scale_tHq = 0.000575647 +/- inf,Q2scale_tt1b = -0.218446 +/- inf,Q2scale_tt2b = -0.115847 +/- inf,Q2scale_ttH = -0.00767719 +/- inf,Q2scale_ttW = 0.00368934 +/- inf,Q2scale_ttbb = -0.133328 +/- inf,Q2scale_ttcc = -0.235494 +/- inf,Q2scale_ttlf = 0.684115 +/- inf,QCDscale_ST = 0.0146592 +/- inf,lumi_13TeV = -0.137149 +/- inf,pdf_gg = -0.13524 +/- inf,pdf_qg = 0.0147585 +/- inf,pdf_qqbar = -0.0357105 +/- inf,pu = -0.03633 +/- inf,r = -5.65343 +/- 1.72093)
WARNING: underflow to -0.250495 in pdf_bintH_4m_obsOnly for bin 9, weight 1
[#0] ERROR:Eval -- RooAbsReal::logEvalError(tH_4m) evaluation error, 
 origin       : RooAbsReal::tH_4m[ params=(CMS_eff_lep,CMS_jer,CMS_jes,CMS_tHq_tt1b,CMS_tHq_tt2b,CMS_tHq_ttbb,CMS_tHq_ttcc,CSVCErr1,CSVCErr2,CSVHF,CSVHFStats1,CSVHFStats2,CSVLF,CSVLFStats1,CSVLFStats2,Q2scale_VV,Q2scale_Wj,Q2scale_tHW,Q2scale_tHq,Q2scale_tt1b,Q2scale_tt2b,Q2scale_ttH,Q2scale_ttW,Q2scale_ttbb,Q2scale_ttcc,Q2scale_ttlf,QCDscale_ST,lumi_13TeV,pdf_gg,pdf_qg,pdf_qqbar,pu,r) ]
 message      : Number of events is negative or error
 server values: params=(CMS_eff_lep = -0.101591 +/- inf,CMS_jer = 0.125058 +/- inf,CMS_jes = 0.140907 +/- inf,CMS_tHq_tt1b = 0.366285 +/- inf,CMS_tHq_tt2b = 0.222821 +/- inf,CMS_tHq_ttbb = 0.354532 +/- inf,CMS_tHq_ttcc = 0.124986 +/- inf,CSVCErr1 = 0.931535 +/- inf,CSVCErr2 = -0.198899 +/- inf,CSVHF = -0.307512 +/- inf,CSVHFStats1 = 0.369615 +/- inf,CSVHFStats2 = -0.142767 +/- inf,CSVLF = -0.267196 +/- inf,CSVLFStats1 = -0.0358278 +/- inf,CSVLFStats2 = -0.190301 +/- inf,Q2scale_VV = -0.170017 +/- inf,Q2scale_Wj = 0.144512 +/- inf,Q2scale_tHW = -0.000229232 +/- inf,Q2scale_tHq = 0.000575647 +/- inf,Q2scale_tt1b = -0.218446 +/- inf,Q2scale_tt2b = -0.115847 +/- inf,Q2scale_ttH = -0.00767719 +/- inf,Q2scale_ttW = 0.00368934 +/- inf,Q2scale_ttbb = -0.133328 +/- inf,Q2scale_ttcc = -0.235494 +/- inf,Q2scale_ttlf = 0.684115 +/- inf,QCDscale_ST = 0.0146592 +/- inf,lumi_13TeV = -0.137149 +/- inf,pdf_gg = -0.13524 +/- inf,pdf_qg = 0.0147585 +/- inf,pdf_qqbar = -0.0357105 +/- inf,pu = -0.03633 +/- inf,r = -5.65343 +/- 1.72093)
-5.653426    -18000022453.48724  -18000022453.48724    -6.801671
-0.892256    -0.50550  -18000022453.48724    -2.040501
0.536095    +0.41582  -0.50550    -0.612150
-0.076056    +0.17634  +0.41582    -0.612150
-0.688206    -0.26180  +0.17634    -0.612150
-0.259701    +0.06096  -0.26180    -0.183645
-0.443346    -0.07271  +0.06096    -0.183645
-0.314795    +0.02230  -0.07271    -0.055094
-0.369888    -0.01856  +0.02230    -0.055094
-0.331323    +0.01004  -0.01856    -0.016528
-0.347851    -0.00255  +0.01004    -0.016528
-0.336281    +0.00629  -0.00255    -0.004958
-0.341239    +0.00252  +0.00629    -0.004958
-0.346198    -0.00127  +0.00252    -0.004958
-0.342727    +0.00139  -0.00127    -0.001488
-0.344214    +0.00025  +0.00139    -0.001488

 --- MaxLikelihoodFit ---
Best fit r: 1.14824  -1.49216/+1.58369  (68% CL)
nll S+B -> -61.4391  nll B -> -61.6461
Done in 0.24 min (cpu), 0.25 min (real)
