>>> including systematics
>>> method used to compute upper limit is MaxLikelihoodFit
>>> random number generator seed is 123456
[?1034hComputing limit starting from observation
Created Branches
Searching for crossing at nll = -22538.5 in the interval 1.20559, 150
      r      lvl-here  lvl-there   stepping
75.602796    -57.07250  +0.49447    74.397204
23.524754    -14.84667  -57.07250    22.319161
7.901341    -2.59867  -14.84667    6.695748
3.214317    +0.08602  -2.59867    2.008724
5.223042    -0.85221  +0.08602    2.008724
3.816935    -0.17226  -0.85221    0.602617
3.395103    +0.00928  -0.17226    0.180785
3.575888    -0.07014  +0.00928    0.180785
3.449338    -0.01307  -0.07014    0.054236
3.411373    +0.00271  -0.01307    0.016271
3.427644    -0.00398  +0.00271    0.016271
Searching for crossing at nll = -22538.5 in the interval 1.20559, -150
      r      lvl-here  lvl-there   stepping
WARNING: underflow to -103.327 in pdf_bintH_3m_obsOnly for bin 7, weight 185
[#0] ERROR:Eval -- RooAbsReal::logEvalError(tH_3m) evaluation error, 
 origin       : RooAbsReal::tH_3m[ params=(CMS_eff_lep,CMS_jer,CMS_jes,CMS_tHq_tt1b,CMS_tHq_tt2b,CMS_tHq_ttbb,CMS_tHq_ttcc,CSVCErr1,CSVCErr2,CSVHF,CSVHFStats1,CSVHFStats2,CSVLF,CSVLFStats1,CSVLFStats2,Q2scale_VV,Q2scale_Wj,Q2scale_tHW,Q2scale_tHq,Q2scale_tt1b,Q2scale_tt2b,Q2scale_ttH,Q2scale_ttW,Q2scale_ttbb,Q2scale_ttcc,Q2scale_ttlf,QCDscale_ST,lumi_13TeV,pdf_gg,pdf_qg,pdf_qqbar,pu,r) ]
 message      : Number of events is negative or error
 server values: params=(CMS_eff_lep = -0.0864113 +/- 0.488125,CMS_jer = 0.140986 +/- 0.26783,CMS_jes = 0.19138 +/- 0.189351,CMS_tHq_tt1b = 0.329953 +/- 0.212769,CMS_tHq_tt2b = 0.206347 +/- 0.234507,CMS_tHq_ttbb = 0.326427 +/- 0.137222,CMS_tHq_ttcc = -0.0114535 +/- 0.179226,CSVCErr1 = 1.02944 +/- 0.0742349,CSVCErr2 = -0.0696598 +/- 0.496475,CSVHF = -0.525967 +/- 0.108584,CSVHFStats1 = 0.335211 +/- 0.196077,CSVHFStats2 = -0.0836761 +/- 0.258814,CSVLF = -0.234403 +/- 0.128588,CSVLFStats1 = 0.0754571 +/- 0.328441,CSVLFStats2 = -0.0569031 +/- 0.519601,Q2scale_VV = 9.39736e-08 +/- 0.518989,Q2scale_Wj = 0.187547 +/- 0.767377,Q2scale_tHW = -0.00181049 +/- 0.798898,Q2scale_tHq = 0.00634776 +/- 0.793761,Q2scale_tt1b = -0.15129 +/- 0.50114,Q2scale_tt2b = -0.10634 +/- 0.521692,Q2scale_ttH = -0.00415288 +/- 0.802306,Q2scale_ttW = 0.00798746 +/- 0.815732,Q2scale_ttbb = -0.161204 +/- 0.268282,Q2scale_ttcc = -0.0819024 +/- 0.27772,Q2scale_ttlf = 0.53981 +/- 0.131177,QCDscale_ST = 0.0192335 +/- 0.809635,lumi_13TeV = -0.116254 +/- 0.480931,pdf_gg = -0.116261 +/- 0.383753,pdf_qg = 0.0193114 +/- 0.844819,pdf_qqbar = -0.0354929 +/- 0.813754,pu = -0.0495079 +/- 0.832699,r = -74.3972 +/- 2.28117)
WARNING: underflow to -10.5297 in pdf_bintH_4m_obsOnly for bin 4, weight 32
[#0] ERROR:Eval -- RooAbsReal::logEvalError(tH_4m) evaluation error, 
 origin       : RooAbsReal::tH_4m[ params=(CMS_eff_lep,CMS_jer,CMS_jes,CMS_tHq_tt1b,CMS_tHq_tt2b,CMS_tHq_ttbb,CMS_tHq_ttcc,CSVCErr1,CSVCErr2,CSVHF,CSVHFStats1,CSVHFStats2,CSVLF,CSVLFStats1,CSVLFStats2,Q2scale_VV,Q2scale_Wj,Q2scale_tHW,Q2scale_tHq,Q2scale_tt1b,Q2scale_tt2b,Q2scale_ttH,Q2scale_ttW,Q2scale_ttbb,Q2scale_ttcc,Q2scale_ttlf,QCDscale_ST,lumi_13TeV,pdf_gg,pdf_qg,pdf_qqbar,pu,r) ]
 message      : Number of events is negative or error
 server values: params=(CMS_eff_lep = -0.0864113 +/- 0.488125,CMS_jer = 0.140986 +/- 0.26783,CMS_jes = 0.19138 +/- 0.189351,CMS_tHq_tt1b = 0.329953 +/- 0.212769,CMS_tHq_tt2b = 0.206347 +/- 0.234507,CMS_tHq_ttbb = 0.326427 +/- 0.137222,CMS_tHq_ttcc = -0.0114535 +/- 0.179226,CSVCErr1 = 1.02944 +/- 0.0742349,CSVCErr2 = -0.0696598 +/- 0.496475,CSVHF = -0.525967 +/- 0.108584,CSVHFStats1 = 0.335211 +/- 0.196077,CSVHFStats2 = -0.0836761 +/- 0.258814,CSVLF = -0.234403 +/- 0.128588,CSVLFStats1 = 0.0754571 +/- 0.328441,CSVLFStats2 = -0.0569031 +/- 0.519601,Q2scale_VV = 9.39736e-08 +/- 0.518989,Q2scale_Wj = 0.187547 +/- 0.767377,Q2scale_tHW = -0.00181049 +/- 0.798898,Q2scale_tHq = 0.00634776 +/- 0.793761,Q2scale_tt1b = -0.15129 +/- 0.50114,Q2scale_tt2b = -0.10634 +/- 0.521692,Q2scale_ttH = -0.00415288 +/- 0.802306,Q2scale_ttW = 0.00798746 +/- 0.815732,Q2scale_ttbb = -0.161204 +/- 0.268282,Q2scale_ttcc = -0.0819024 +/- 0.27772,Q2scale_ttlf = 0.53981 +/- 0.131177,QCDscale_ST = 0.0192335 +/- 0.809635,lumi_13TeV = -0.116254 +/- 0.480931,pdf_gg = -0.116261 +/- 0.383753,pdf_qg = 0.0193114 +/- 0.844819,pdf_qqbar = -0.0354929 +/- 0.813754,pu = -0.0495079 +/- 0.832699,r = -74.3972 +/- 2.28117)
WARNING: underflow to -103.327 in pdf_bintH_3m_obsOnly for bin 7, weight 185
[#0] ERROR:Eval -- RooAbsReal::logEvalError(tH_3m) evaluation error, 
 origin       : RooAbsReal::tH_3m[ params=(CMS_eff_lep,CMS_jer,CMS_jes,CMS_tHq_tt1b,CMS_tHq_tt2b,CMS_tHq_ttbb,CMS_tHq_ttcc,CSVCErr1,CSVCErr2,CSVHF,CSVHFStats1,CSVHFStats2,CSVLF,CSVLFStats1,CSVLFStats2,Q2scale_VV,Q2scale_Wj,Q2scale_tHW,Q2scale_tHq,Q2scale_tt1b,Q2scale_tt2b,Q2scale_ttH,Q2scale_ttW,Q2scale_ttbb,Q2scale_ttcc,Q2scale_ttlf,QCDscale_ST,lumi_13TeV,pdf_gg,pdf_qg,pdf_qqbar,pu,r) ]
 message      : Number of events is negative or error
 server values: params=(CMS_eff_lep = -0.0864113 +/- inf,CMS_jer = 0.140986 +/- inf,CMS_jes = 0.19138 +/- inf,CMS_tHq_tt1b = 0.329953 +/- inf,CMS_tHq_tt2b = 0.206347 +/- inf,CMS_tHq_ttbb = 0.326427 +/- inf,CMS_tHq_ttcc = -0.0114535 +/- inf,CSVCErr1 = 1.02944 +/- inf,CSVCErr2 = -0.0696598 +/- inf,CSVHF = -0.525967 +/- inf,CSVHFStats1 = 0.335211 +/- inf,CSVHFStats2 = -0.0836761 +/- inf,CSVLF = -0.234403 +/- inf,CSVLFStats1 = 0.0754571 +/- inf,CSVLFStats2 = -0.0569031 +/- inf,Q2scale_VV = 9.39736e-08 +/- inf,Q2scale_Wj = 0.187547 +/- inf,Q2scale_tHW = -0.00181049 +/- inf,Q2scale_tHq = 0.00634776 +/- inf,Q2scale_tt1b = -0.15129 +/- inf,Q2scale_tt2b = -0.10634 +/- inf,Q2scale_ttH = -0.00415288 +/- inf,Q2scale_ttW = 0.00798746 +/- inf,Q2scale_ttbb = -0.161204 +/- inf,Q2scale_ttcc = -0.0819024 +/- inf,Q2scale_ttlf = 0.53981 +/- inf,QCDscale_ST = 0.0192335 +/- inf,lumi_13TeV = -0.116254 +/- inf,pdf_gg = -0.116261 +/- inf,pdf_qg = 0.0193114 +/- inf,pdf_qqbar = -0.0354929 +/- inf,pu = -0.0495079 +/- inf,r = -74.3972 +/- 2.28117)
WARNING: underflow to -10.5297 in pdf_bintH_4m_obsOnly for bin 4, weight 32
[#0] ERROR:Eval -- RooAbsReal::logEvalError(tH_4m) evaluation error, 
 origin       : RooAbsReal::tH_4m[ params=(CMS_eff_lep,CMS_jer,CMS_jes,CMS_tHq_tt1b,CMS_tHq_tt2b,CMS_tHq_ttbb,CMS_tHq_ttcc,CSVCErr1,CSVCErr2,CSVHF,CSVHFStats1,CSVHFStats2,CSVLF,CSVLFStats1,CSVLFStats2,Q2scale_VV,Q2scale_Wj,Q2scale_tHW,Q2scale_tHq,Q2scale_tt1b,Q2scale_tt2b,Q2scale_ttH,Q2scale_ttW,Q2scale_ttbb,Q2scale_ttcc,Q2scale_ttlf,QCDscale_ST,lumi_13TeV,pdf_gg,pdf_qg,pdf_qqbar,pu,r) ]
 message      : Number of events is negative or error
 server values: params=(CMS_eff_lep = -0.0864113 +/- inf,CMS_jer = 0.140986 +/- inf,CMS_jes = 0.19138 +/- inf,CMS_tHq_tt1b = 0.329953 +/- inf,CMS_tHq_tt2b = 0.206347 +/- inf,CMS_tHq_ttbb = 0.326427 +/- inf,CMS_tHq_ttcc = -0.0114535 +/- inf,CSVCErr1 = 1.02944 +/- inf,CSVCErr2 = -0.0696598 +/- inf,CSVHF = -0.525967 +/- inf,CSVHFStats1 = 0.335211 +/- inf,CSVHFStats2 = -0.0836761 +/- inf,CSVLF = -0.234403 +/- inf,CSVLFStats1 = 0.0754571 +/- inf,CSVLFStats2 = -0.0569031 +/- inf,Q2scale_VV = 9.39736e-08 +/- inf,Q2scale_Wj = 0.187547 +/- inf,Q2scale_tHW = -0.00181049 +/- inf,Q2scale_tHq = 0.00634776 +/- inf,Q2scale_tt1b = -0.15129 +/- inf,Q2scale_tt2b = -0.10634 +/- inf,Q2scale_ttH = -0.00415288 +/- inf,Q2scale_ttW = 0.00798746 +/- inf,Q2scale_ttbb = -0.161204 +/- inf,Q2scale_ttcc = -0.0819024 +/- inf,Q2scale_ttlf = 0.53981 +/- inf,QCDscale_ST = 0.0192335 +/- inf,lumi_13TeV = -0.116254 +/- inf,pdf_gg = -0.116261 +/- inf,pdf_qg = 0.0193114 +/- inf,pdf_qqbar = -0.0354929 +/- inf,pu = -0.0495079 +/- inf,r = -74.3972 +/- 2.28117)
-74.397204    -18000022539.63522  +0.49447    -75.602796
WARNING: underflow to -10.8621 in pdf_bintH_3m_obsOnly for bin 9, weight 16
[#0] ERROR:Eval -- RooAbsReal::logEvalError(tH_3m) evaluation error, 
 origin       : RooAbsReal::tH_3m[ params=(CMS_eff_lep,CMS_jer,CMS_jes,CMS_tHq_tt1b,CMS_tHq_tt2b,CMS_tHq_ttbb,CMS_tHq_ttcc,CSVCErr1,CSVCErr2,CSVHF,CSVHFStats1,CSVHFStats2,CSVLF,CSVLFStats1,CSVLFStats2,Q2scale_VV,Q2scale_Wj,Q2scale_tHW,Q2scale_tHq,Q2scale_tt1b,Q2scale_tt2b,Q2scale_ttH,Q2scale_ttW,Q2scale_ttbb,Q2scale_ttcc,Q2scale_ttlf,QCDscale_ST,lumi_13TeV,pdf_gg,pdf_qg,pdf_qqbar,pu,r) ]
 message      : Number of events is negative or error
 server values: params=(CMS_eff_lep = -0.0864113 +/- 0.488125,CMS_jer = 0.140986 +/- 0.26783,CMS_jes = 0.19138 +/- 0.189351,CMS_tHq_tt1b = 0.329953 +/- 0.212769,CMS_tHq_tt2b = 0.206347 +/- 0.234507,CMS_tHq_ttbb = 0.326427 +/- 0.137222,CMS_tHq_ttcc = -0.0114535 +/- 0.179226,CSVCErr1 = 1.02944 +/- 0.0742349,CSVCErr2 = -0.0696598 +/- 0.496475,CSVHF = -0.525967 +/- 0.108584,CSVHFStats1 = 0.335211 +/- 0.196077,CSVHFStats2 = -0.0836761 +/- 0.258814,CSVLF = -0.234403 +/- 0.128588,CSVLFStats1 = 0.0754571 +/- 0.328441,CSVLFStats2 = -0.0569031 +/- 0.519601,Q2scale_VV = 9.39736e-08 +/- 0.518989,Q2scale_Wj = 0.187547 +/- 0.767377,Q2scale_tHW = -0.00181049 +/- 0.798898,Q2scale_tHq = 0.00634776 +/- 0.793761,Q2scale_tt1b = -0.15129 +/- 0.50114,Q2scale_tt2b = -0.10634 +/- 0.521692,Q2scale_ttH = -0.00415288 +/- 0.802306,Q2scale_ttW = 0.00798746 +/- 0.815732,Q2scale_ttbb = -0.161204 +/- 0.268282,Q2scale_ttcc = -0.0819024 +/- 0.27772,Q2scale_ttlf = 0.53981 +/- 0.131177,QCDscale_ST = 0.0192335 +/- 0.809635,lumi_13TeV = -0.116254 +/- 0.480931,pdf_gg = -0.116261 +/- 0.383753,pdf_qg = 0.0193114 +/- 0.844819,pdf_qqbar = -0.0354929 +/- 0.813754,pu = -0.0495079 +/- 0.832699,r = -21.4752 +/- 2.28117)
WARNING: underflow to -1.74366 in pdf_bintH_4m_obsOnly for bin 6, weight 16
[#0] ERROR:Eval -- RooAbsReal::logEvalError(tH_4m) evaluation error, 
 origin       : RooAbsReal::tH_4m[ params=(CMS_eff_lep,CMS_jer,CMS_jes,CMS_tHq_tt1b,CMS_tHq_tt2b,CMS_tHq_ttbb,CMS_tHq_ttcc,CSVCErr1,CSVCErr2,CSVHF,CSVHFStats1,CSVHFStats2,CSVLF,CSVLFStats1,CSVLFStats2,Q2scale_VV,Q2scale_Wj,Q2scale_tHW,Q2scale_tHq,Q2scale_tt1b,Q2scale_tt2b,Q2scale_ttH,Q2scale_ttW,Q2scale_ttbb,Q2scale_ttcc,Q2scale_ttlf,QCDscale_ST,lumi_13TeV,pdf_gg,pdf_qg,pdf_qqbar,pu,r) ]
 message      : Number of events is negative or error
 server values: params=(CMS_eff_lep = -0.0864113 +/- 0.488125,CMS_jer = 0.140986 +/- 0.26783,CMS_jes = 0.19138 +/- 0.189351,CMS_tHq_tt1b = 0.329953 +/- 0.212769,CMS_tHq_tt2b = 0.206347 +/- 0.234507,CMS_tHq_ttbb = 0.326427 +/- 0.137222,CMS_tHq_ttcc = -0.0114535 +/- 0.179226,CSVCErr1 = 1.02944 +/- 0.0742349,CSVCErr2 = -0.0696598 +/- 0.496475,CSVHF = -0.525967 +/- 0.108584,CSVHFStats1 = 0.335211 +/- 0.196077,CSVHFStats2 = -0.0836761 +/- 0.258814,CSVLF = -0.234403 +/- 0.128588,CSVLFStats1 = 0.0754571 +/- 0.328441,CSVLFStats2 = -0.0569031 +/- 0.519601,Q2scale_VV = 9.39736e-08 +/- 0.518989,Q2scale_Wj = 0.187547 +/- 0.767377,Q2scale_tHW = -0.00181049 +/- 0.798898,Q2scale_tHq = 0.00634776 +/- 0.793761,Q2scale_tt1b = -0.15129 +/- 0.50114,Q2scale_tt2b = -0.10634 +/- 0.521692,Q2scale_ttH = -0.00415288 +/- 0.802306,Q2scale_ttW = 0.00798746 +/- 0.815732,Q2scale_ttbb = -0.161204 +/- 0.268282,Q2scale_ttcc = -0.0819024 +/- 0.27772,Q2scale_ttlf = 0.53981 +/- 0.131177,QCDscale_ST = 0.0192335 +/- 0.809635,lumi_13TeV = -0.116254 +/- 0.480931,pdf_gg = -0.116261 +/- 0.383753,pdf_qg = 0.0193114 +/- 0.844819,pdf_qqbar = -0.0354929 +/- 0.813754,pu = -0.0495079 +/- 0.832699,r = -21.4752 +/- 2.28117)
WARNING: underflow to -10.8621 in pdf_bintH_3m_obsOnly for bin 9, weight 16
[#0] ERROR:Eval -- RooAbsReal::logEvalError(tH_3m) evaluation error, 
 origin       : RooAbsReal::tH_3m[ params=(CMS_eff_lep,CMS_jer,CMS_jes,CMS_tHq_tt1b,CMS_tHq_tt2b,CMS_tHq_ttbb,CMS_tHq_ttcc,CSVCErr1,CSVCErr2,CSVHF,CSVHFStats1,CSVHFStats2,CSVLF,CSVLFStats1,CSVLFStats2,Q2scale_VV,Q2scale_Wj,Q2scale_tHW,Q2scale_tHq,Q2scale_tt1b,Q2scale_tt2b,Q2scale_ttH,Q2scale_ttW,Q2scale_ttbb,Q2scale_ttcc,Q2scale_ttlf,QCDscale_ST,lumi_13TeV,pdf_gg,pdf_qg,pdf_qqbar,pu,r) ]
 message      : Number of events is negative or error
 server values: params=(CMS_eff_lep = -0.0864113 +/- inf,CMS_jer = 0.140986 +/- inf,CMS_jes = 0.19138 +/- inf,CMS_tHq_tt1b = 0.329953 +/- inf,CMS_tHq_tt2b = 0.206347 +/- inf,CMS_tHq_ttbb = 0.326427 +/- inf,CMS_tHq_ttcc = -0.0114535 +/- inf,CSVCErr1 = 1.02944 +/- inf,CSVCErr2 = -0.0696598 +/- inf,CSVHF = -0.525967 +/- inf,CSVHFStats1 = 0.335211 +/- inf,CSVHFStats2 = -0.0836761 +/- inf,CSVLF = -0.234403 +/- inf,CSVLFStats1 = 0.0754571 +/- inf,CSVLFStats2 = -0.0569031 +/- inf,Q2scale_VV = 9.39736e-08 +/- inf,Q2scale_Wj = 0.187547 +/- inf,Q2scale_tHW = -0.00181049 +/- inf,Q2scale_tHq = 0.00634776 +/- inf,Q2scale_tt1b = -0.15129 +/- inf,Q2scale_tt2b = -0.10634 +/- inf,Q2scale_ttH = -0.00415288 +/- inf,Q2scale_ttW = 0.00798746 +/- inf,Q2scale_ttbb = -0.161204 +/- inf,Q2scale_ttcc = -0.0819024 +/- inf,Q2scale_ttlf = 0.53981 +/- inf,QCDscale_ST = 0.0192335 +/- inf,lumi_13TeV = -0.116254 +/- inf,pdf_gg = -0.116261 +/- inf,pdf_qg = 0.0193114 +/- inf,pdf_qqbar = -0.0354929 +/- inf,pu = -0.0495079 +/- inf,r = -21.4752 +/- 2.28117)
WARNING: underflow to -1.74366 in pdf_bintH_4m_obsOnly for bin 6, weight 16
[#0] ERROR:Eval -- RooAbsReal::logEvalError(tH_4m) evaluation error, 
 origin       : RooAbsReal::tH_4m[ params=(CMS_eff_lep,CMS_jer,CMS_jes,CMS_tHq_tt1b,CMS_tHq_tt2b,CMS_tHq_ttbb,CMS_tHq_ttcc,CSVCErr1,CSVCErr2,CSVHF,CSVHFStats1,CSVHFStats2,CSVLF,CSVLFStats1,CSVLFStats2,Q2scale_VV,Q2scale_Wj,Q2scale_tHW,Q2scale_tHq,Q2scale_tt1b,Q2scale_tt2b,Q2scale_ttH,Q2scale_ttW,Q2scale_ttbb,Q2scale_ttcc,Q2scale_ttlf,QCDscale_ST,lumi_13TeV,pdf_gg,pdf_qg,pdf_qqbar,pu,r) ]
 message      : Number of events is negative or error
 server values: params=(CMS_eff_lep = -0.0864113 +/- inf,CMS_jer = 0.140986 +/- inf,CMS_jes = 0.19138 +/- inf,CMS_tHq_tt1b = 0.329953 +/- inf,CMS_tHq_tt2b = 0.206347 +/- inf,CMS_tHq_ttbb = 0.326427 +/- inf,CMS_tHq_ttcc = -0.0114535 +/- inf,CSVCErr1 = 1.02944 +/- inf,CSVCErr2 = -0.0696598 +/- inf,CSVHF = -0.525967 +/- inf,CSVHFStats1 = 0.335211 +/- inf,CSVHFStats2 = -0.0836761 +/- inf,CSVLF = -0.234403 +/- inf,CSVLFStats1 = 0.0754571 +/- inf,CSVLFStats2 = -0.0569031 +/- inf,Q2scale_VV = 9.39736e-08 +/- inf,Q2scale_Wj = 0.187547 +/- inf,Q2scale_tHW = -0.00181049 +/- inf,Q2scale_tHq = 0.00634776 +/- inf,Q2scale_tt1b = -0.15129 +/- inf,Q2scale_tt2b = -0.10634 +/- inf,Q2scale_ttH = -0.00415288 +/- inf,Q2scale_ttW = 0.00798746 +/- inf,Q2scale_ttbb = -0.161204 +/- inf,Q2scale_ttcc = -0.0819024 +/- inf,Q2scale_ttlf = 0.53981 +/- inf,QCDscale_ST = 0.0192335 +/- inf,lumi_13TeV = -0.116254 +/- inf,pdf_gg = -0.116261 +/- inf,pdf_qg = 0.0193114 +/- inf,pdf_qqbar = -0.0354929 +/- inf,pu = -0.0495079 +/- inf,r = -21.4752 +/- 2.28117)
-21.475246    -18000022539.63522  -18000022539.63522    -22.680839
WARNING: underflow to -0.251077 in pdf_bintH_3m_obsOnly for bin 10, weight 2
[#0] ERROR:Eval -- RooAbsReal::logEvalError(tH_3m) evaluation error, 
 origin       : RooAbsReal::tH_3m[ params=(CMS_eff_lep,CMS_jer,CMS_jes,CMS_tHq_tt1b,CMS_tHq_tt2b,CMS_tHq_ttbb,CMS_tHq_ttcc,CSVCErr1,CSVCErr2,CSVHF,CSVHFStats1,CSVHFStats2,CSVLF,CSVLFStats1,CSVLFStats2,Q2scale_VV,Q2scale_Wj,Q2scale_tHW,Q2scale_tHq,Q2scale_tt1b,Q2scale_tt2b,Q2scale_ttH,Q2scale_ttW,Q2scale_ttbb,Q2scale_ttcc,Q2scale_ttlf,QCDscale_ST,lumi_13TeV,pdf_gg,pdf_qg,pdf_qqbar,pu,r) ]
 message      : Number of events is negative or error
 server values: params=(CMS_eff_lep = -0.0864113 +/- 0.488125,CMS_jer = 0.140986 +/- 0.26783,CMS_jes = 0.19138 +/- 0.189351,CMS_tHq_tt1b = 0.329953 +/- 0.212769,CMS_tHq_tt2b = 0.206347 +/- 0.234507,CMS_tHq_ttbb = 0.326427 +/- 0.137222,CMS_tHq_ttcc = -0.0114535 +/- 0.179226,CSVCErr1 = 1.02944 +/- 0.0742349,CSVCErr2 = -0.0696598 +/- 0.496475,CSVHF = -0.525967 +/- 0.108584,CSVHFStats1 = 0.335211 +/- 0.196077,CSVHFStats2 = -0.0836761 +/- 0.258814,CSVLF = -0.234403 +/- 0.128588,CSVLFStats1 = 0.0754571 +/- 0.328441,CSVLFStats2 = -0.0569031 +/- 0.519601,Q2scale_VV = 9.39736e-08 +/- 0.518989,Q2scale_Wj = 0.187547 +/- 0.767377,Q2scale_tHW = -0.00181049 +/- 0.798898,Q2scale_tHq = 0.00634776 +/- 0.793761,Q2scale_tt1b = -0.15129 +/- 0.50114,Q2scale_tt2b = -0.10634 +/- 0.521692,Q2scale_ttH = -0.00415288 +/- 0.802306,Q2scale_ttW = 0.00798746 +/- 0.815732,Q2scale_ttbb = -0.161204 +/- 0.268282,Q2scale_ttcc = -0.0819024 +/- 0.27772,Q2scale_ttlf = 0.53981 +/- 0.131177,QCDscale_ST = 0.0192335 +/- 0.809635,lumi_13TeV = -0.116254 +/- 0.480931,pdf_gg = -0.116261 +/- 0.383753,pdf_qg = 0.0193114 +/- 0.844819,pdf_qqbar = -0.0354929 +/- 0.813754,pu = -0.0495079 +/- 0.832699,r = -5.59866 +/- 2.28117)
WARNING: underflow to -0.225745 in pdf_bintH_4m_obsOnly for bin 8, weight 1
[#0] ERROR:Eval -- RooAbsReal::logEvalError(tH_4m) evaluation error, 
 origin       : RooAbsReal::tH_4m[ params=(CMS_eff_lep,CMS_jer,CMS_jes,CMS_tHq_tt1b,CMS_tHq_tt2b,CMS_tHq_ttbb,CMS_tHq_ttcc,CSVCErr1,CSVCErr2,CSVHF,CSVHFStats1,CSVHFStats2,CSVLF,CSVLFStats1,CSVLFStats2,Q2scale_VV,Q2scale_Wj,Q2scale_tHW,Q2scale_tHq,Q2scale_tt1b,Q2scale_tt2b,Q2scale_ttH,Q2scale_ttW,Q2scale_ttbb,Q2scale_ttcc,Q2scale_ttlf,QCDscale_ST,lumi_13TeV,pdf_gg,pdf_qg,pdf_qqbar,pu,r) ]
 message      : Number of events is negative or error
 server values: params=(CMS_eff_lep = -0.0864113 +/- 0.488125,CMS_jer = 0.140986 +/- 0.26783,CMS_jes = 0.19138 +/- 0.189351,CMS_tHq_tt1b = 0.329953 +/- 0.212769,CMS_tHq_tt2b = 0.206347 +/- 0.234507,CMS_tHq_ttbb = 0.326427 +/- 0.137222,CMS_tHq_ttcc = -0.0114535 +/- 0.179226,CSVCErr1 = 1.02944 +/- 0.0742349,CSVCErr2 = -0.0696598 +/- 0.496475,CSVHF = -0.525967 +/- 0.108584,CSVHFStats1 = 0.335211 +/- 0.196077,CSVHFStats2 = -0.0836761 +/- 0.258814,CSVLF = -0.234403 +/- 0.128588,CSVLFStats1 = 0.0754571 +/- 0.328441,CSVLFStats2 = -0.0569031 +/- 0.519601,Q2scale_VV = 9.39736e-08 +/- 0.518989,Q2scale_Wj = 0.187547 +/- 0.767377,Q2scale_tHW = -0.00181049 +/- 0.798898,Q2scale_tHq = 0.00634776 +/- 0.793761,Q2scale_tt1b = -0.15129 +/- 0.50114,Q2scale_tt2b = -0.10634 +/- 0.521692,Q2scale_ttH = -0.00415288 +/- 0.802306,Q2scale_ttW = 0.00798746 +/- 0.815732,Q2scale_ttbb = -0.161204 +/- 0.268282,Q2scale_ttcc = -0.0819024 +/- 0.27772,Q2scale_ttlf = 0.53981 +/- 0.131177,QCDscale_ST = 0.0192335 +/- 0.809635,lumi_13TeV = -0.116254 +/- 0.480931,pdf_gg = -0.116261 +/- 0.383753,pdf_qg = 0.0193114 +/- 0.844819,pdf_qqbar = -0.0354929 +/- 0.813754,pu = -0.0495079 +/- 0.832699,r = -5.59866 +/- 2.28117)
WARNING: underflow to -0.251077 in pdf_bintH_3m_obsOnly for bin 10, weight 2
[#0] ERROR:Eval -- RooAbsReal::logEvalError(tH_3m) evaluation error, 
 origin       : RooAbsReal::tH_3m[ params=(CMS_eff_lep,CMS_jer,CMS_jes,CMS_tHq_tt1b,CMS_tHq_tt2b,CMS_tHq_ttbb,CMS_tHq_ttcc,CSVCErr1,CSVCErr2,CSVHF,CSVHFStats1,CSVHFStats2,CSVLF,CSVLFStats1,CSVLFStats2,Q2scale_VV,Q2scale_Wj,Q2scale_tHW,Q2scale_tHq,Q2scale_tt1b,Q2scale_tt2b,Q2scale_ttH,Q2scale_ttW,Q2scale_ttbb,Q2scale_ttcc,Q2scale_ttlf,QCDscale_ST,lumi_13TeV,pdf_gg,pdf_qg,pdf_qqbar,pu,r) ]
 message      : Number of events is negative or error
 server values: params=(CMS_eff_lep = -0.0864113 +/- inf,CMS_jer = 0.140986 +/- inf,CMS_jes = 0.19138 +/- inf,CMS_tHq_tt1b = 0.329953 +/- inf,CMS_tHq_tt2b = 0.206347 +/- inf,CMS_tHq_ttbb = 0.326427 +/- inf,CMS_tHq_ttcc = -0.0114535 +/- inf,CSVCErr1 = 1.02944 +/- inf,CSVCErr2 = -0.0696598 +/- inf,CSVHF = -0.525967 +/- inf,CSVHFStats1 = 0.335211 +/- inf,CSVHFStats2 = -0.0836761 +/- inf,CSVLF = -0.234403 +/- inf,CSVLFStats1 = 0.0754571 +/- inf,CSVLFStats2 = -0.0569031 +/- inf,Q2scale_VV = 9.39736e-08 +/- inf,Q2scale_Wj = 0.187547 +/- inf,Q2scale_tHW = -0.00181049 +/- inf,Q2scale_tHq = 0.00634776 +/- inf,Q2scale_tt1b = -0.15129 +/- inf,Q2scale_tt2b = -0.10634 +/- inf,Q2scale_ttH = -0.00415288 +/- inf,Q2scale_ttW = 0.00798746 +/- inf,Q2scale_ttbb = -0.161204 +/- inf,Q2scale_ttcc = -0.0819024 +/- inf,Q2scale_ttlf = 0.53981 +/- inf,QCDscale_ST = 0.0192335 +/- inf,lumi_13TeV = -0.116254 +/- inf,pdf_gg = -0.116261 +/- inf,pdf_qg = 0.0193114 +/- inf,pdf_qqbar = -0.0354929 +/- inf,pu = -0.0495079 +/- inf,r = -5.59866 +/- 2.28117)
WARNING: underflow to -0.225745 in pdf_bintH_4m_obsOnly for bin 8, weight 1
[#0] ERROR:Eval -- RooAbsReal::logEvalError(tH_4m) evaluation error, 
 origin       : RooAbsReal::tH_4m[ params=(CMS_eff_lep,CMS_jer,CMS_jes,CMS_tHq_tt1b,CMS_tHq_tt2b,CMS_tHq_ttbb,CMS_tHq_ttcc,CSVCErr1,CSVCErr2,CSVHF,CSVHFStats1,CSVHFStats2,CSVLF,CSVLFStats1,CSVLFStats2,Q2scale_VV,Q2scale_Wj,Q2scale_tHW,Q2scale_tHq,Q2scale_tt1b,Q2scale_tt2b,Q2scale_ttH,Q2scale_ttW,Q2scale_ttbb,Q2scale_ttcc,Q2scale_ttlf,QCDscale_ST,lumi_13TeV,pdf_gg,pdf_qg,pdf_qqbar,pu,r) ]
 message      : Number of events is negative or error
 server values: params=(CMS_eff_lep = -0.0864113 +/- inf,CMS_jer = 0.140986 +/- inf,CMS_jes = 0.19138 +/- inf,CMS_tHq_tt1b = 0.329953 +/- inf,CMS_tHq_tt2b = 0.206347 +/- inf,CMS_tHq_ttbb = 0.326427 +/- inf,CMS_tHq_ttcc = -0.0114535 +/- inf,CSVCErr1 = 1.02944 +/- inf,CSVCErr2 = -0.0696598 +/- inf,CSVHF = -0.525967 +/- inf,CSVHFStats1 = 0.335211 +/- inf,CSVHFStats2 = -0.0836761 +/- inf,CSVLF = -0.234403 +/- inf,CSVLFStats1 = 0.0754571 +/- inf,CSVLFStats2 = -0.0569031 +/- inf,Q2scale_VV = 9.39736e-08 +/- inf,Q2scale_Wj = 0.187547 +/- inf,Q2scale_tHW = -0.00181049 +/- inf,Q2scale_tHq = 0.00634776 +/- inf,Q2scale_tt1b = -0.15129 +/- inf,Q2scale_tt2b = -0.10634 +/- inf,Q2scale_ttH = -0.00415288 +/- inf,Q2scale_ttW = 0.00798746 +/- inf,Q2scale_ttbb = -0.161204 +/- inf,Q2scale_ttcc = -0.0819024 +/- inf,Q2scale_ttlf = 0.53981 +/- inf,QCDscale_ST = 0.0192335 +/- inf,lumi_13TeV = -0.116254 +/- inf,pdf_gg = -0.116261 +/- inf,pdf_qg = 0.0193114 +/- inf,pdf_qqbar = -0.0354929 +/- inf,pu = -0.0495079 +/- inf,r = -5.59866 +/- 2.28117)
-5.598659    -18000022539.63522  -18000022539.63522    -6.804252
-0.835683    -0.01540  -18000022539.63522    -2.041276
0.593210    +0.44829  -0.01540    -0.612383
-0.019172    +0.31230  +0.44829    -0.612383
-0.631555    +0.09414  +0.31230    -0.612383
-1.243938    -0.20195  +0.09414    -0.612383
-0.815270    +0.01522  -0.20195    -0.183715
-0.998985    -0.07746  +0.01522    -0.183715
-0.870384    -0.00598  -0.07746    -0.055114
-0.831804    +0.01428  -0.00598    -0.016534
-0.848339    +0.00588  +0.01428    -0.016534
-0.864873    -0.00272  +0.00588    -0.016534
-0.853299    +0.00332  -0.00272    -0.004960
-0.858259    +0.00075  +0.00332    -0.004960
-0.863219    -0.00185  +0.00075    -0.004960
-0.859747    -0.00003  -0.00185    -0.001488

 --- MaxLikelihoodFit ---
Best fit r: 1.20559  -2.06537/+2.22205  (68% CL)
nll S+B -> -60.9008  nll B -> -61.5259
Done in 0.22 min (cpu), 0.23 min (real)
