>>> including systematics
>>> method used to compute upper limit is MaxLikelihoodFit
>>> random number generator seed is 123456
[?1034hComputing limit starting from observation
Created Branches
Searching for crossing at nll = -22647.3 in the interval -0.0746127, 150
      r      lvl-here  lvl-there   stepping
74.962694    -39.82737  +0.49447    75.037306
22.436579    -12.51633  -39.82737    22.511192
6.678745    -2.16978  -12.51633    6.753358
1.951395    +0.14762  -2.16978    2.026007
3.977402    -0.66442  +0.14762    2.026007
2.559197    -0.05960  -0.66442    0.607802
2.133735    +0.09412  -0.05960    0.182341
2.316076    +0.02806  +0.09412    0.182341
2.498417    -0.04514  +0.02806    0.182341
2.370778    +0.01410  -0.04514    0.054702
2.425480    -0.00530  +0.01410    0.054702
2.387189    +0.00838  -0.00530    0.016411
2.403599    +0.00258  +0.00838    0.016411
2.420010    -0.00332  +0.00258    0.016411
Searching for crossing at nll = -22647.3 in the interval -0.0746127, -150
      r      lvl-here  lvl-there   stepping
WARNING: underflow to -62.9483 in pdf_bintH_3m_obsOnly for bin 7, weight 173
[#0] ERROR:Eval -- RooAbsReal::logEvalError(tH_3m) evaluation error, 
 origin       : RooAbsReal::tH_3m[ params=(CMS_eff_lep,CMS_jer,CMS_jes,CMS_tHq_tt1b,CMS_tHq_tt2b,CMS_tHq_ttbb,CMS_tHq_ttcc,CSVCErr1,CSVCErr2,CSVHF,CSVHFStats1,CSVHFStats2,CSVLF,CSVLFStats1,CSVLFStats2,Q2scale_VV,Q2scale_Wj,Q2scale_tHW,Q2scale_tHq,Q2scale_tt1b,Q2scale_tt2b,Q2scale_ttH,Q2scale_ttW,Q2scale_ttbb,Q2scale_ttcc,Q2scale_ttlf,QCDscale_ST,lumi_13TeV,pdf_gg,pdf_qg,pdf_qqbar,pu,r) ]
 message      : Number of events is negative or error
 server values: params=(CMS_eff_lep = -0.0743768 +/- 0.484075,CMS_jer = 0.315984 +/- 0.276518,CMS_jes = 0.120632 +/- 0.329256,CMS_tHq_tt1b = 0.289875 +/- 0.202589,CMS_tHq_tt2b = 0.226763 +/- 0.409858,CMS_tHq_ttbb = 0.384979 +/- 0.0843743,CMS_tHq_ttcc = -0.0590465 +/- 0.189376,CSVCErr1 = 1.0455 +/- 0.0710806,CSVCErr2 = -0.147598 +/- 0.49103,CSVHF = -0.485782 +/- 0.118426,CSVHFStats1 = 0.261391 +/- 0.184303,CSVHFStats2 = -0.0130561 +/- 0.255853,CSVLF = -0.149526 +/- 0.122907,CSVLFStats1 = 0.0482577 +/- 0.322658,CSVLFStats2 = -0.236577 +/- 0.653768,Q2scale_VV = -6.67347e-07 +/- 1.05606,Q2scale_Wj = 0.0026377 +/- 0.775882,Q2scale_tHW = 6.08007e-05 +/- 0.795449,Q2scale_tHq = -0.000740411 +/- 0.796272,Q2scale_tt1b = -0.136536 +/- 0.404763,Q2scale_tt2b = -0.133081 +/- 0.514805,Q2scale_ttH = -0.00751778 +/- 0.441096,Q2scale_ttW = 0.0122085 +/- 0.780842,Q2scale_ttbb = -0.17747 +/- 0.431396,Q2scale_ttcc = -0.112408 +/- 0.282067,Q2scale_ttlf = 0.501471 +/- 0.132899,QCDscale_ST = 0.0114315 +/- 0.794356,lumi_13TeV = -0.100065 +/- 0.477131,pdf_gg = -0.116865 +/- 0.473332,pdf_qg = 0.0114263 +/- 0.793963,pdf_qqbar = -0.0023639 +/- 0.828828,pu = -0.134611 +/- 0.737389,r = -75.0373 +/- 2.56896)
WARNING: underflow to -3.40603 in pdf_bintH_4m_obsOnly for bin 4, weight 20
[#0] ERROR:Eval -- RooAbsReal::logEvalError(tH_4m) evaluation error, 
 origin       : RooAbsReal::tH_4m[ params=(CMS_eff_lep,CMS_jer,CMS_jes,CMS_tHq_tt1b,CMS_tHq_tt2b,CMS_tHq_ttbb,CMS_tHq_ttcc,CSVCErr1,CSVCErr2,CSVHF,CSVHFStats1,CSVHFStats2,CSVLF,CSVLFStats1,CSVLFStats2,Q2scale_VV,Q2scale_Wj,Q2scale_tHW,Q2scale_tHq,Q2scale_tt1b,Q2scale_tt2b,Q2scale_ttH,Q2scale_ttW,Q2scale_ttbb,Q2scale_ttcc,Q2scale_ttlf,QCDscale_ST,lumi_13TeV,pdf_gg,pdf_qg,pdf_qqbar,pu,r) ]
 message      : Number of events is negative or error
 server values: params=(CMS_eff_lep = -0.0743768 +/- 0.484075,CMS_jer = 0.315984 +/- 0.276518,CMS_jes = 0.120632 +/- 0.329256,CMS_tHq_tt1b = 0.289875 +/- 0.202589,CMS_tHq_tt2b = 0.226763 +/- 0.409858,CMS_tHq_ttbb = 0.384979 +/- 0.0843743,CMS_tHq_ttcc = -0.0590465 +/- 0.189376,CSVCErr1 = 1.0455 +/- 0.0710806,CSVCErr2 = -0.147598 +/- 0.49103,CSVHF = -0.485782 +/- 0.118426,CSVHFStats1 = 0.261391 +/- 0.184303,CSVHFStats2 = -0.0130561 +/- 0.255853,CSVLF = -0.149526 +/- 0.122907,CSVLFStats1 = 0.0482577 +/- 0.322658,CSVLFStats2 = -0.236577 +/- 0.653768,Q2scale_VV = -6.67347e-07 +/- 1.05606,Q2scale_Wj = 0.0026377 +/- 0.775882,Q2scale_tHW = 6.08007e-05 +/- 0.795449,Q2scale_tHq = -0.000740411 +/- 0.796272,Q2scale_tt1b = -0.136536 +/- 0.404763,Q2scale_tt2b = -0.133081 +/- 0.514805,Q2scale_ttH = -0.00751778 +/- 0.441096,Q2scale_ttW = 0.0122085 +/- 0.780842,Q2scale_ttbb = -0.17747 +/- 0.431396,Q2scale_ttcc = -0.112408 +/- 0.282067,Q2scale_ttlf = 0.501471 +/- 0.132899,QCDscale_ST = 0.0114315 +/- 0.794356,lumi_13TeV = -0.100065 +/- 0.477131,pdf_gg = -0.116865 +/- 0.473332,pdf_qg = 0.0114263 +/- 0.793963,pdf_qqbar = -0.0023639 +/- 0.828828,pu = -0.134611 +/- 0.737389,r = -75.0373 +/- 2.56896)
WARNING: underflow to -62.9483 in pdf_bintH_3m_obsOnly for bin 7, weight 173
[#0] ERROR:Eval -- RooAbsReal::logEvalError(tH_3m) evaluation error, 
 origin       : RooAbsReal::tH_3m[ params=(CMS_eff_lep,CMS_jer,CMS_jes,CMS_tHq_tt1b,CMS_tHq_tt2b,CMS_tHq_ttbb,CMS_tHq_ttcc,CSVCErr1,CSVCErr2,CSVHF,CSVHFStats1,CSVHFStats2,CSVLF,CSVLFStats1,CSVLFStats2,Q2scale_VV,Q2scale_Wj,Q2scale_tHW,Q2scale_tHq,Q2scale_tt1b,Q2scale_tt2b,Q2scale_ttH,Q2scale_ttW,Q2scale_ttbb,Q2scale_ttcc,Q2scale_ttlf,QCDscale_ST,lumi_13TeV,pdf_gg,pdf_qg,pdf_qqbar,pu,r) ]
 message      : Number of events is negative or error
 server values: params=(CMS_eff_lep = -0.0743768 +/- inf,CMS_jer = 0.315984 +/- inf,CMS_jes = 0.120632 +/- inf,CMS_tHq_tt1b = 0.289875 +/- inf,CMS_tHq_tt2b = 0.226763 +/- inf,CMS_tHq_ttbb = 0.384979 +/- inf,CMS_tHq_ttcc = -0.0590465 +/- inf,CSVCErr1 = 1.0455 +/- inf,CSVCErr2 = -0.147598 +/- inf,CSVHF = -0.485782 +/- inf,CSVHFStats1 = 0.261391 +/- inf,CSVHFStats2 = -0.0130561 +/- inf,CSVLF = -0.149526 +/- inf,CSVLFStats1 = 0.0482577 +/- inf,CSVLFStats2 = -0.236577 +/- inf,Q2scale_VV = -6.67347e-07 +/- inf,Q2scale_Wj = 0.0026377 +/- inf,Q2scale_tHW = 6.08007e-05 +/- inf,Q2scale_tHq = -0.000740411 +/- inf,Q2scale_tt1b = -0.136536 +/- inf,Q2scale_tt2b = -0.133081 +/- inf,Q2scale_ttH = -0.00751778 +/- inf,Q2scale_ttW = 0.0122085 +/- inf,Q2scale_ttbb = -0.17747 +/- inf,Q2scale_ttcc = -0.112408 +/- inf,Q2scale_ttlf = 0.501471 +/- inf,QCDscale_ST = 0.0114315 +/- inf,lumi_13TeV = -0.100065 +/- inf,pdf_gg = -0.116865 +/- inf,pdf_qg = 0.0114263 +/- inf,pdf_qqbar = -0.0023639 +/- inf,pu = -0.134611 +/- inf,r = -75.0373 +/- 2.56896)
WARNING: underflow to -3.40603 in pdf_bintH_4m_obsOnly for bin 4, weight 20
[#0] ERROR:Eval -- RooAbsReal::logEvalError(tH_4m) evaluation error, 
 origin       : RooAbsReal::tH_4m[ params=(CMS_eff_lep,CMS_jer,CMS_jes,CMS_tHq_tt1b,CMS_tHq_tt2b,CMS_tHq_ttbb,CMS_tHq_ttcc,CSVCErr1,CSVCErr2,CSVHF,CSVHFStats1,CSVHFStats2,CSVLF,CSVLFStats1,CSVLFStats2,Q2scale_VV,Q2scale_Wj,Q2scale_tHW,Q2scale_tHq,Q2scale_tt1b,Q2scale_tt2b,Q2scale_ttH,Q2scale_ttW,Q2scale_ttbb,Q2scale_ttcc,Q2scale_ttlf,QCDscale_ST,lumi_13TeV,pdf_gg,pdf_qg,pdf_qqbar,pu,r) ]
 message      : Number of events is negative or error
 server values: params=(CMS_eff_lep = -0.0743768 +/- inf,CMS_jer = 0.315984 +/- inf,CMS_jes = 0.120632 +/- inf,CMS_tHq_tt1b = 0.289875 +/- inf,CMS_tHq_tt2b = 0.226763 +/- inf,CMS_tHq_ttbb = 0.384979 +/- inf,CMS_tHq_ttcc = -0.0590465 +/- inf,CSVCErr1 = 1.0455 +/- inf,CSVCErr2 = -0.147598 +/- inf,CSVHF = -0.485782 +/- inf,CSVHFStats1 = 0.261391 +/- inf,CSVHFStats2 = -0.0130561 +/- inf,CSVLF = -0.149526 +/- inf,CSVLFStats1 = 0.0482577 +/- inf,CSVLFStats2 = -0.236577 +/- inf,Q2scale_VV = -6.67347e-07 +/- inf,Q2scale_Wj = 0.0026377 +/- inf,Q2scale_tHW = 6.08007e-05 +/- inf,Q2scale_tHq = -0.000740411 +/- inf,Q2scale_tt1b = -0.136536 +/- inf,Q2scale_tt2b = -0.133081 +/- inf,Q2scale_ttH = -0.00751778 +/- inf,Q2scale_ttW = 0.0122085 +/- inf,Q2scale_ttbb = -0.17747 +/- inf,Q2scale_ttcc = -0.112408 +/- inf,Q2scale_ttlf = 0.501471 +/- inf,QCDscale_ST = 0.0114315 +/- inf,lumi_13TeV = -0.100065 +/- inf,pdf_gg = -0.116865 +/- inf,pdf_qg = 0.0114263 +/- inf,pdf_qqbar = -0.0023639 +/- inf,pu = -0.134611 +/- inf,r = -75.0373 +/- 2.56896)
-75.037306    -18000022648.47049  +0.49447    -74.962694
WARNING: underflow to -8.42274 in pdf_bintH_3m_obsOnly for bin 9, weight 11
[#0] ERROR:Eval -- RooAbsReal::logEvalError(tH_3m) evaluation error, 
 origin       : RooAbsReal::tH_3m[ params=(CMS_eff_lep,CMS_jer,CMS_jes,CMS_tHq_tt1b,CMS_tHq_tt2b,CMS_tHq_ttbb,CMS_tHq_ttcc,CSVCErr1,CSVCErr2,CSVHF,CSVHFStats1,CSVHFStats2,CSVLF,CSVLFStats1,CSVLFStats2,Q2scale_VV,Q2scale_Wj,Q2scale_tHW,Q2scale_tHq,Q2scale_tt1b,Q2scale_tt2b,Q2scale_ttH,Q2scale_ttW,Q2scale_ttbb,Q2scale_ttcc,Q2scale_ttlf,QCDscale_ST,lumi_13TeV,pdf_gg,pdf_qg,pdf_qqbar,pu,r) ]
 message      : Number of events is negative or error
 server values: params=(CMS_eff_lep = -0.0743768 +/- 0.484075,CMS_jer = 0.315984 +/- 0.276518,CMS_jes = 0.120632 +/- 0.329256,CMS_tHq_tt1b = 0.289875 +/- 0.202589,CMS_tHq_tt2b = 0.226763 +/- 0.409858,CMS_tHq_ttbb = 0.384979 +/- 0.0843743,CMS_tHq_ttcc = -0.0590465 +/- 0.189376,CSVCErr1 = 1.0455 +/- 0.0710806,CSVCErr2 = -0.147598 +/- 0.49103,CSVHF = -0.485782 +/- 0.118426,CSVHFStats1 = 0.261391 +/- 0.184303,CSVHFStats2 = -0.0130561 +/- 0.255853,CSVLF = -0.149526 +/- 0.122907,CSVLFStats1 = 0.0482577 +/- 0.322658,CSVLFStats2 = -0.236577 +/- 0.653768,Q2scale_VV = -6.67347e-07 +/- 1.05606,Q2scale_Wj = 0.0026377 +/- 0.775882,Q2scale_tHW = 6.08007e-05 +/- 0.795449,Q2scale_tHq = -0.000740411 +/- 0.796272,Q2scale_tt1b = -0.136536 +/- 0.404763,Q2scale_tt2b = -0.133081 +/- 0.514805,Q2scale_ttH = -0.00751778 +/- 0.441096,Q2scale_ttW = 0.0122085 +/- 0.780842,Q2scale_ttbb = -0.17747 +/- 0.431396,Q2scale_ttcc = -0.112408 +/- 0.282067,Q2scale_ttlf = 0.501471 +/- 0.132899,QCDscale_ST = 0.0114315 +/- 0.794356,lumi_13TeV = -0.100065 +/- 0.477131,pdf_gg = -0.116865 +/- 0.473332,pdf_qg = 0.0114263 +/- 0.793963,pdf_qqbar = -0.0023639 +/- 0.828828,pu = -0.134611 +/- 0.737389,r = -22.5634 +/- 2.56896)
WARNING: underflow to -0.276959 in pdf_bintH_4m_obsOnly for bin 6, weight 13
[#0] ERROR:Eval -- RooAbsReal::logEvalError(tH_4m) evaluation error, 
 origin       : RooAbsReal::tH_4m[ params=(CMS_eff_lep,CMS_jer,CMS_jes,CMS_tHq_tt1b,CMS_tHq_tt2b,CMS_tHq_ttbb,CMS_tHq_ttcc,CSVCErr1,CSVCErr2,CSVHF,CSVHFStats1,CSVHFStats2,CSVLF,CSVLFStats1,CSVLFStats2,Q2scale_VV,Q2scale_Wj,Q2scale_tHW,Q2scale_tHq,Q2scale_tt1b,Q2scale_tt2b,Q2scale_ttH,Q2scale_ttW,Q2scale_ttbb,Q2scale_ttcc,Q2scale_ttlf,QCDscale_ST,lumi_13TeV,pdf_gg,pdf_qg,pdf_qqbar,pu,r) ]
 message      : Number of events is negative or error
 server values: params=(CMS_eff_lep = -0.0743768 +/- 0.484075,CMS_jer = 0.315984 +/- 0.276518,CMS_jes = 0.120632 +/- 0.329256,CMS_tHq_tt1b = 0.289875 +/- 0.202589,CMS_tHq_tt2b = 0.226763 +/- 0.409858,CMS_tHq_ttbb = 0.384979 +/- 0.0843743,CMS_tHq_ttcc = -0.0590465 +/- 0.189376,CSVCErr1 = 1.0455 +/- 0.0710806,CSVCErr2 = -0.147598 +/- 0.49103,CSVHF = -0.485782 +/- 0.118426,CSVHFStats1 = 0.261391 +/- 0.184303,CSVHFStats2 = -0.0130561 +/- 0.255853,CSVLF = -0.149526 +/- 0.122907,CSVLFStats1 = 0.0482577 +/- 0.322658,CSVLFStats2 = -0.236577 +/- 0.653768,Q2scale_VV = -6.67347e-07 +/- 1.05606,Q2scale_Wj = 0.0026377 +/- 0.775882,Q2scale_tHW = 6.08007e-05 +/- 0.795449,Q2scale_tHq = -0.000740411 +/- 0.796272,Q2scale_tt1b = -0.136536 +/- 0.404763,Q2scale_tt2b = -0.133081 +/- 0.514805,Q2scale_ttH = -0.00751778 +/- 0.441096,Q2scale_ttW = 0.0122085 +/- 0.780842,Q2scale_ttbb = -0.17747 +/- 0.431396,Q2scale_ttcc = -0.112408 +/- 0.282067,Q2scale_ttlf = 0.501471 +/- 0.132899,QCDscale_ST = 0.0114315 +/- 0.794356,lumi_13TeV = -0.100065 +/- 0.477131,pdf_gg = -0.116865 +/- 0.473332,pdf_qg = 0.0114263 +/- 0.793963,pdf_qqbar = -0.0023639 +/- 0.828828,pu = -0.134611 +/- 0.737389,r = -22.5634 +/- 2.56896)
WARNING: underflow to -8.42274 in pdf_bintH_3m_obsOnly for bin 9, weight 11
[#0] ERROR:Eval -- RooAbsReal::logEvalError(tH_3m) evaluation error, 
 origin       : RooAbsReal::tH_3m[ params=(CMS_eff_lep,CMS_jer,CMS_jes,CMS_tHq_tt1b,CMS_tHq_tt2b,CMS_tHq_ttbb,CMS_tHq_ttcc,CSVCErr1,CSVCErr2,CSVHF,CSVHFStats1,CSVHFStats2,CSVLF,CSVLFStats1,CSVLFStats2,Q2scale_VV,Q2scale_Wj,Q2scale_tHW,Q2scale_tHq,Q2scale_tt1b,Q2scale_tt2b,Q2scale_ttH,Q2scale_ttW,Q2scale_ttbb,Q2scale_ttcc,Q2scale_ttlf,QCDscale_ST,lumi_13TeV,pdf_gg,pdf_qg,pdf_qqbar,pu,r) ]
 message      : Number of events is negative or error
 server values: params=(CMS_eff_lep = -0.0743768 +/- inf,CMS_jer = 0.315984 +/- inf,CMS_jes = 0.120632 +/- inf,CMS_tHq_tt1b = 0.289875 +/- inf,CMS_tHq_tt2b = 0.226763 +/- inf,CMS_tHq_ttbb = 0.384979 +/- inf,CMS_tHq_ttcc = -0.0590465 +/- inf,CSVCErr1 = 1.0455 +/- inf,CSVCErr2 = -0.147598 +/- inf,CSVHF = -0.485782 +/- inf,CSVHFStats1 = 0.261391 +/- inf,CSVHFStats2 = -0.0130561 +/- inf,CSVLF = -0.149526 +/- inf,CSVLFStats1 = 0.0482577 +/- inf,CSVLFStats2 = -0.236577 +/- inf,Q2scale_VV = -6.67347e-07 +/- inf,Q2scale_Wj = 0.0026377 +/- inf,Q2scale_tHW = 6.08007e-05 +/- inf,Q2scale_tHq = -0.000740411 +/- inf,Q2scale_tt1b = -0.136536 +/- inf,Q2scale_tt2b = -0.133081 +/- inf,Q2scale_ttH = -0.00751778 +/- inf,Q2scale_ttW = 0.0122085 +/- inf,Q2scale_ttbb = -0.17747 +/- inf,Q2scale_ttcc = -0.112408 +/- inf,Q2scale_ttlf = 0.501471 +/- inf,QCDscale_ST = 0.0114315 +/- inf,lumi_13TeV = -0.100065 +/- inf,pdf_gg = -0.116865 +/- inf,pdf_qg = 0.0114263 +/- inf,pdf_qqbar = -0.0023639 +/- inf,pu = -0.134611 +/- inf,r = -22.5634 +/- 2.56896)
WARNING: underflow to -0.276959 in pdf_bintH_4m_obsOnly for bin 6, weight 13
[#0] ERROR:Eval -- RooAbsReal::logEvalError(tH_4m) evaluation error, 
 origin       : RooAbsReal::tH_4m[ params=(CMS_eff_lep,CMS_jer,CMS_jes,CMS_tHq_tt1b,CMS_tHq_tt2b,CMS_tHq_ttbb,CMS_tHq_ttcc,CSVCErr1,CSVCErr2,CSVHF,CSVHFStats1,CSVHFStats2,CSVLF,CSVLFStats1,CSVLFStats2,Q2scale_VV,Q2scale_Wj,Q2scale_tHW,Q2scale_tHq,Q2scale_tt1b,Q2scale_tt2b,Q2scale_ttH,Q2scale_ttW,Q2scale_ttbb,Q2scale_ttcc,Q2scale_ttlf,QCDscale_ST,lumi_13TeV,pdf_gg,pdf_qg,pdf_qqbar,pu,r) ]
 message      : Number of events is negative or error
 server values: params=(CMS_eff_lep = -0.0743768 +/- inf,CMS_jer = 0.315984 +/- inf,CMS_jes = 0.120632 +/- inf,CMS_tHq_tt1b = 0.289875 +/- inf,CMS_tHq_tt2b = 0.226763 +/- inf,CMS_tHq_ttbb = 0.384979 +/- inf,CMS_tHq_ttcc = -0.0590465 +/- inf,CSVCErr1 = 1.0455 +/- inf,CSVCErr2 = -0.147598 +/- inf,CSVHF = -0.485782 +/- inf,CSVHFStats1 = 0.261391 +/- inf,CSVHFStats2 = -0.0130561 +/- inf,CSVLF = -0.149526 +/- inf,CSVLFStats1 = 0.0482577 +/- inf,CSVLFStats2 = -0.236577 +/- inf,Q2scale_VV = -6.67347e-07 +/- inf,Q2scale_Wj = 0.0026377 +/- inf,Q2scale_tHW = 6.08007e-05 +/- inf,Q2scale_tHq = -0.000740411 +/- inf,Q2scale_tt1b = -0.136536 +/- inf,Q2scale_tt2b = -0.133081 +/- inf,Q2scale_ttH = -0.00751778 +/- inf,Q2scale_ttW = 0.0122085 +/- inf,Q2scale_ttbb = -0.17747 +/- inf,Q2scale_ttcc = -0.112408 +/- inf,Q2scale_ttlf = 0.501471 +/- inf,QCDscale_ST = 0.0114315 +/- inf,lumi_13TeV = -0.100065 +/- inf,pdf_gg = -0.116865 +/- inf,pdf_qg = 0.0114263 +/- inf,pdf_qqbar = -0.0023639 +/- inf,pu = -0.134611 +/- inf,r = -22.5634 +/- 2.56896)
-22.563421    -18000022648.47049  -18000022648.47049    -22.488808
WARNING: underflow to -0.199307 in pdf_bintH_4m_obsOnly for bin 8, weight 2
[#0] ERROR:Eval -- RooAbsReal::logEvalError(tH_4m) evaluation error, 
 origin       : RooAbsReal::tH_4m[ params=(CMS_eff_lep,CMS_jer,CMS_jes,CMS_tHq_tt1b,CMS_tHq_tt2b,CMS_tHq_ttbb,CMS_tHq_ttcc,CSVCErr1,CSVCErr2,CSVHF,CSVHFStats1,CSVHFStats2,CSVLF,CSVLFStats1,CSVLFStats2,Q2scale_VV,Q2scale_Wj,Q2scale_tHW,Q2scale_tHq,Q2scale_tt1b,Q2scale_tt2b,Q2scale_ttH,Q2scale_ttW,Q2scale_ttbb,Q2scale_ttcc,Q2scale_ttlf,QCDscale_ST,lumi_13TeV,pdf_gg,pdf_qg,pdf_qqbar,pu,r) ]
 message      : Number of events is negative or error
 server values: params=(CMS_eff_lep = -0.0743768 +/- 0.484075,CMS_jer = 0.315984 +/- 0.276518,CMS_jes = 0.120632 +/- 0.329256,CMS_tHq_tt1b = 0.289875 +/- 0.202589,CMS_tHq_tt2b = 0.226763 +/- 0.409858,CMS_tHq_ttbb = 0.384979 +/- 0.0843743,CMS_tHq_ttcc = -0.0590465 +/- 0.189376,CSVCErr1 = 1.0455 +/- 0.0710806,CSVCErr2 = -0.147598 +/- 0.49103,CSVHF = -0.485782 +/- 0.118426,CSVHFStats1 = 0.261391 +/- 0.184303,CSVHFStats2 = -0.0130561 +/- 0.255853,CSVLF = -0.149526 +/- 0.122907,CSVLFStats1 = 0.0482577 +/- 0.322658,CSVLFStats2 = -0.236577 +/- 0.653768,Q2scale_VV = -6.67347e-07 +/- 1.05606,Q2scale_Wj = 0.0026377 +/- 0.775882,Q2scale_tHW = 6.08007e-05 +/- 0.795449,Q2scale_tHq = -0.000740411 +/- 0.796272,Q2scale_tt1b = -0.136536 +/- 0.404763,Q2scale_tt2b = -0.133081 +/- 0.514805,Q2scale_ttH = -0.00751778 +/- 0.441096,Q2scale_ttW = 0.0122085 +/- 0.780842,Q2scale_ttbb = -0.17747 +/- 0.431396,Q2scale_ttcc = -0.112408 +/- 0.282067,Q2scale_ttlf = 0.501471 +/- 0.132899,QCDscale_ST = 0.0114315 +/- 0.794356,lumi_13TeV = -0.100065 +/- 0.477131,pdf_gg = -0.116865 +/- 0.473332,pdf_qg = 0.0114263 +/- 0.793963,pdf_qqbar = -0.0023639 +/- 0.828828,pu = -0.134611 +/- 0.737389,r = -6.82126 +/- 2.56896)
WARNING: underflow to -0.199307 in pdf_bintH_4m_obsOnly for bin 8, weight 2
[#0] ERROR:Eval -- RooAbsReal::logEvalError(tH_4m) evaluation error, 
 origin       : RooAbsReal::tH_4m[ params=(CMS_eff_lep,CMS_jer,CMS_jes,CMS_tHq_tt1b,CMS_tHq_tt2b,CMS_tHq_ttbb,CMS_tHq_ttcc,CSVCErr1,CSVCErr2,CSVHF,CSVHFStats1,CSVHFStats2,CSVLF,CSVLFStats1,CSVLFStats2,Q2scale_VV,Q2scale_Wj,Q2scale_tHW,Q2scale_tHq,Q2scale_tt1b,Q2scale_tt2b,Q2scale_ttH,Q2scale_ttW,Q2scale_ttbb,Q2scale_ttcc,Q2scale_ttlf,QCDscale_ST,lumi_13TeV,pdf_gg,pdf_qg,pdf_qqbar,pu,r) ]
 message      : Number of events is negative or error
 server values: params=(CMS_eff_lep = -0.0743768 +/- inf,CMS_jer = 0.315984 +/- inf,CMS_jes = 0.120632 +/- inf,CMS_tHq_tt1b = 0.289875 +/- inf,CMS_tHq_tt2b = 0.226763 +/- inf,CMS_tHq_ttbb = 0.384979 +/- inf,CMS_tHq_ttcc = -0.0590465 +/- inf,CSVCErr1 = 1.0455 +/- inf,CSVCErr2 = -0.147598 +/- inf,CSVHF = -0.485782 +/- inf,CSVHFStats1 = 0.261391 +/- inf,CSVHFStats2 = -0.0130561 +/- inf,CSVLF = -0.149526 +/- inf,CSVLFStats1 = 0.0482577 +/- inf,CSVLFStats2 = -0.236577 +/- inf,Q2scale_VV = -6.67347e-07 +/- inf,Q2scale_Wj = 0.0026377 +/- inf,Q2scale_tHW = 6.08007e-05 +/- inf,Q2scale_tHq = -0.000740411 +/- inf,Q2scale_tt1b = -0.136536 +/- inf,Q2scale_tt2b = -0.133081 +/- inf,Q2scale_ttH = -0.00751778 +/- inf,Q2scale_ttW = 0.0122085 +/- inf,Q2scale_ttbb = -0.17747 +/- inf,Q2scale_ttcc = -0.112408 +/- inf,Q2scale_ttlf = 0.501471 +/- inf,QCDscale_ST = 0.0114315 +/- inf,lumi_13TeV = -0.100065 +/- inf,pdf_gg = -0.116865 +/- inf,pdf_qg = 0.0114263 +/- inf,pdf_qqbar = -0.0023639 +/- inf,pu = -0.134611 +/- inf,r = -6.82126 +/- 2.56896)
-6.821255    -9000000458.64202  -18000022648.47049    -6.746642
-2.098605    +0.13138  -9000000458.64202    -2.023993
-4.122598    -0.96980  +0.13138    -2.023993
-2.705803    -0.12713  -0.96980    -0.607198
-2.280765    +0.06497  -0.12713    -0.182159
-2.462924    -0.00938  +0.06497    -0.182159
-2.335413    +0.04190  -0.00938    -0.054648
-2.390060    +0.01884  +0.04190    -0.054648
-2.444708    -0.00559  +0.01884    -0.054648
-2.406455    +0.01168  -0.00559    -0.016394
-2.422849    +0.00437  +0.01168    -0.016394
-2.439243    -0.00307  +0.00437    -0.016394
-2.427767    +0.00216  -0.00307    -0.004918
-2.432686    -0.00008  +0.00216    -0.004918

 --- MaxLikelihoodFit ---
Best fit r: -0.0746127  -2.35815/+2.49462  (68% CL)
nll S+B -> -61.1839  nll B -> -61.9071
Done in 0.24 min (cpu), 0.25 min (real)
