>>> including systematics
>>> method used to compute upper limit is MaxLikelihoodFit
>>> random number generator seed is 123456
[?1034hComputing limit starting from observation
Created Branches
Searching for crossing at nll = -22614.1 in the interval -0.566217, 150
      r      lvl-here  lvl-there   stepping
74.716892    -705.68542  +0.49447    75.283108
22.018716    -34.13468  -705.68542    22.584933
6.209263    -8.45070  -34.13468    6.775480
1.466427    -0.98948  -8.45070    2.032644
0.043576    +0.29815  -0.98948    0.609793
0.653369    -0.20083  +0.29815    0.609793
0.226514    +0.16448  -0.20083    0.182938
0.409452    +0.01163  +0.16448    0.182938
0.592390    -0.15069  +0.01163    0.182938
0.464334    -0.03383  -0.15069    0.054881
0.425917    -0.00152  -0.03383    0.016464
Searching for crossing at nll = -22614.1 in the interval -0.566217, -150
      r      lvl-here  lvl-there   stepping
WARNING: underflow to -51.3055 in pdf_bintH_3m_obsOnly for bin 5, weight 585
[#0] ERROR:Eval -- RooAbsReal::logEvalError(tH_3m) evaluation error, 
 origin       : RooAbsReal::tH_3m[ params=(CMS_eff_lep,CMS_jer,CMS_jes,CMS_tHq_tt1b,CMS_tHq_tt2b,CMS_tHq_ttbb,CMS_tHq_ttcc,CSVCErr1,CSVCErr2,CSVHF,CSVHFStats1,CSVHFStats2,CSVLF,CSVLFStats1,CSVLFStats2,Q2scale_VV,Q2scale_Wj,Q2scale_tHW,Q2scale_tHq,Q2scale_tt1b,Q2scale_tt2b,Q2scale_ttH,Q2scale_ttW,Q2scale_ttbb,Q2scale_ttcc,Q2scale_ttlf,QCDscale_ST,lumi_13TeV,pdf_gg,pdf_qg,pdf_qqbar,pu,r) ]
 message      : Number of events is negative or error
 server values: params=(CMS_eff_lep = -0.062479 +/- 0.515733,CMS_jer = 0.400785 +/- 0.313356,CMS_jes = 0.763654 +/- 0.214015,CMS_tHq_tt1b = 0.383129 +/- 0.201605,CMS_tHq_tt2b = 0.30525 +/- 0.228639,CMS_tHq_ttbb = 0.542823 +/- 0.150534,CMS_tHq_ttcc = 0.0630788 +/- 0.0940169,CSVCErr1 = 0.95435 +/- 0.0730647,CSVCErr2 = -0.106959 +/- 0.529462,CSVHF = 0.602639 +/- 0.209868,CSVHFStats1 = 0.252029 +/- 0.227798,CSVHFStats2 = -0.0381726 +/- 0.270053,CSVLF = -0.137001 +/- 0.132112,CSVLFStats1 = 0.337088 +/- 0.349162,CSVLFStats2 = -0.17142 +/- 0.557032,Q2scale_VV = 0.18885 +/- 0.575559,Q2scale_Wj = 0.0106399 +/- 0.827893,Q2scale_tHW = 0.000965059 +/- 0.492431,Q2scale_tHq = -0.00939818 +/- 0.793658,Q2scale_tt1b = -0.178685 +/- 0.528045,Q2scale_tt2b = -0.181943 +/- 0.562234,Q2scale_ttH = -0.0088192 +/- 0.854021,Q2scale_ttW = -0.00132537 +/- 0.851293,Q2scale_ttbb = -0.284752 +/- 0.272025,Q2scale_ttcc = -0.232072 +/- 0.296832,Q2scale_ttlf = 0.531192 +/- 0.201241,QCDscale_ST = 0.0205853 +/- 0.822444,lumi_13TeV = -0.0840577 +/- 0.498661,pdf_gg = -0.0989544 +/- 0.430796,pdf_qg = 0.0205079 +/- 0.808086,pdf_qqbar = -0.0122086 +/- 0.806511,pu = -0.184845 +/- 0.413341,r = -75.2831 +/- 1.07868)
WARNING: underflow to -11.9601 in pdf_bintH_4m_obsOnly for bin 3, weight 47
[#0] ERROR:Eval -- RooAbsReal::logEvalError(tH_4m) evaluation error, 
 origin       : RooAbsReal::tH_4m[ params=(CMS_eff_lep,CMS_jer,CMS_jes,CMS_tHq_tt1b,CMS_tHq_tt2b,CMS_tHq_ttbb,CMS_tHq_ttcc,CSVCErr1,CSVCErr2,CSVHF,CSVHFStats1,CSVHFStats2,CSVLF,CSVLFStats1,CSVLFStats2,Q2scale_VV,Q2scale_Wj,Q2scale_tHW,Q2scale_tHq,Q2scale_tt1b,Q2scale_tt2b,Q2scale_ttH,Q2scale_ttW,Q2scale_ttbb,Q2scale_ttcc,Q2scale_ttlf,QCDscale_ST,lumi_13TeV,pdf_gg,pdf_qg,pdf_qqbar,pu,r) ]
 message      : Number of events is negative or error
 server values: params=(CMS_eff_lep = -0.062479 +/- 0.515733,CMS_jer = 0.400785 +/- 0.313356,CMS_jes = 0.763654 +/- 0.214015,CMS_tHq_tt1b = 0.383129 +/- 0.201605,CMS_tHq_tt2b = 0.30525 +/- 0.228639,CMS_tHq_ttbb = 0.542823 +/- 0.150534,CMS_tHq_ttcc = 0.0630788 +/- 0.0940169,CSVCErr1 = 0.95435 +/- 0.0730647,CSVCErr2 = -0.106959 +/- 0.529462,CSVHF = 0.602639 +/- 0.209868,CSVHFStats1 = 0.252029 +/- 0.227798,CSVHFStats2 = -0.0381726 +/- 0.270053,CSVLF = -0.137001 +/- 0.132112,CSVLFStats1 = 0.337088 +/- 0.349162,CSVLFStats2 = -0.17142 +/- 0.557032,Q2scale_VV = 0.18885 +/- 0.575559,Q2scale_Wj = 0.0106399 +/- 0.827893,Q2scale_tHW = 0.000965059 +/- 0.492431,Q2scale_tHq = -0.00939818 +/- 0.793658,Q2scale_tt1b = -0.178685 +/- 0.528045,Q2scale_tt2b = -0.181943 +/- 0.562234,Q2scale_ttH = -0.0088192 +/- 0.854021,Q2scale_ttW = -0.00132537 +/- 0.851293,Q2scale_ttbb = -0.284752 +/- 0.272025,Q2scale_ttcc = -0.232072 +/- 0.296832,Q2scale_ttlf = 0.531192 +/- 0.201241,QCDscale_ST = 0.0205853 +/- 0.822444,lumi_13TeV = -0.0840577 +/- 0.498661,pdf_gg = -0.0989544 +/- 0.430796,pdf_qg = 0.0205079 +/- 0.808086,pdf_qqbar = -0.0122086 +/- 0.806511,pu = -0.184845 +/- 0.413341,r = -75.2831 +/- 1.07868)
WARNING: underflow to -51.3055 in pdf_bintH_3m_obsOnly for bin 5, weight 585
[#0] ERROR:Eval -- RooAbsReal::logEvalError(tH_3m) evaluation error, 
 origin       : RooAbsReal::tH_3m[ params=(CMS_eff_lep,CMS_jer,CMS_jes,CMS_tHq_tt1b,CMS_tHq_tt2b,CMS_tHq_ttbb,CMS_tHq_ttcc,CSVCErr1,CSVCErr2,CSVHF,CSVHFStats1,CSVHFStats2,CSVLF,CSVLFStats1,CSVLFStats2,Q2scale_VV,Q2scale_Wj,Q2scale_tHW,Q2scale_tHq,Q2scale_tt1b,Q2scale_tt2b,Q2scale_ttH,Q2scale_ttW,Q2scale_ttbb,Q2scale_ttcc,Q2scale_ttlf,QCDscale_ST,lumi_13TeV,pdf_gg,pdf_qg,pdf_qqbar,pu,r) ]
 message      : Number of events is negative or error
 server values: params=(CMS_eff_lep = -0.062479 +/- inf,CMS_jer = 0.400785 +/- inf,CMS_jes = 0.763654 +/- inf,CMS_tHq_tt1b = 0.383129 +/- inf,CMS_tHq_tt2b = 0.30525 +/- inf,CMS_tHq_ttbb = 0.542823 +/- inf,CMS_tHq_ttcc = 0.0630788 +/- inf,CSVCErr1 = 0.95435 +/- inf,CSVCErr2 = -0.106959 +/- inf,CSVHF = 0.602639 +/- inf,CSVHFStats1 = 0.252029 +/- inf,CSVHFStats2 = -0.0381726 +/- inf,CSVLF = -0.137001 +/- inf,CSVLFStats1 = 0.337088 +/- inf,CSVLFStats2 = -0.17142 +/- inf,Q2scale_VV = 0.18885 +/- inf,Q2scale_Wj = 0.0106399 +/- inf,Q2scale_tHW = 0.000965059 +/- inf,Q2scale_tHq = -0.00939818 +/- inf,Q2scale_tt1b = -0.178685 +/- inf,Q2scale_tt2b = -0.181943 +/- inf,Q2scale_ttH = -0.0088192 +/- inf,Q2scale_ttW = -0.00132537 +/- inf,Q2scale_ttbb = -0.284752 +/- inf,Q2scale_ttcc = -0.232072 +/- inf,Q2scale_ttlf = 0.531192 +/- inf,QCDscale_ST = 0.0205853 +/- inf,lumi_13TeV = -0.0840577 +/- inf,pdf_gg = -0.0989544 +/- inf,pdf_qg = 0.0205079 +/- inf,pdf_qqbar = -0.0122086 +/- inf,pu = -0.184845 +/- inf,r = -75.2831 +/- 1.07868)
WARNING: underflow to -11.9601 in pdf_bintH_4m_obsOnly for bin 3, weight 47
[#0] ERROR:Eval -- RooAbsReal::logEvalError(tH_4m) evaluation error, 
 origin       : RooAbsReal::tH_4m[ params=(CMS_eff_lep,CMS_jer,CMS_jes,CMS_tHq_tt1b,CMS_tHq_tt2b,CMS_tHq_ttbb,CMS_tHq_ttcc,CSVCErr1,CSVCErr2,CSVHF,CSVHFStats1,CSVHFStats2,CSVLF,CSVLFStats1,CSVLFStats2,Q2scale_VV,Q2scale_Wj,Q2scale_tHW,Q2scale_tHq,Q2scale_tt1b,Q2scale_tt2b,Q2scale_ttH,Q2scale_ttW,Q2scale_ttbb,Q2scale_ttcc,Q2scale_ttlf,QCDscale_ST,lumi_13TeV,pdf_gg,pdf_qg,pdf_qqbar,pu,r) ]
 message      : Number of events is negative or error
 server values: params=(CMS_eff_lep = -0.062479 +/- inf,CMS_jer = 0.400785 +/- inf,CMS_jes = 0.763654 +/- inf,CMS_tHq_tt1b = 0.383129 +/- inf,CMS_tHq_tt2b = 0.30525 +/- inf,CMS_tHq_ttbb = 0.542823 +/- inf,CMS_tHq_ttcc = 0.0630788 +/- inf,CSVCErr1 = 0.95435 +/- inf,CSVCErr2 = -0.106959 +/- inf,CSVHF = 0.602639 +/- inf,CSVHFStats1 = 0.252029 +/- inf,CSVHFStats2 = -0.0381726 +/- inf,CSVLF = -0.137001 +/- inf,CSVLFStats1 = 0.337088 +/- inf,CSVLFStats2 = -0.17142 +/- inf,Q2scale_VV = 0.18885 +/- inf,Q2scale_Wj = 0.0106399 +/- inf,Q2scale_tHW = 0.000965059 +/- inf,Q2scale_tHq = -0.00939818 +/- inf,Q2scale_tt1b = -0.178685 +/- inf,Q2scale_tt2b = -0.181943 +/- inf,Q2scale_ttH = -0.0088192 +/- inf,Q2scale_ttW = -0.00132537 +/- inf,Q2scale_ttbb = -0.284752 +/- inf,Q2scale_ttcc = -0.232072 +/- inf,Q2scale_ttlf = 0.531192 +/- inf,QCDscale_ST = 0.0205853 +/- inf,lumi_13TeV = -0.0840577 +/- inf,pdf_gg = -0.0989544 +/- inf,pdf_qg = 0.0205079 +/- inf,pdf_qqbar = -0.0122086 +/- inf,pu = -0.184845 +/- inf,r = -75.2831 +/- 1.07868)
-75.283108    -18000022615.80629  +0.49447    -74.716892
WARNING: underflow to -48.6491 in pdf_bintH_3m_obsOnly for bin 8, weight 55
[#0] ERROR:Eval -- RooAbsReal::logEvalError(tH_3m) evaluation error, 
 origin       : RooAbsReal::tH_3m[ params=(CMS_eff_lep,CMS_jer,CMS_jes,CMS_tHq_tt1b,CMS_tHq_tt2b,CMS_tHq_ttbb,CMS_tHq_ttcc,CSVCErr1,CSVCErr2,CSVHF,CSVHFStats1,CSVHFStats2,CSVLF,CSVLFStats1,CSVLFStats2,Q2scale_VV,Q2scale_Wj,Q2scale_tHW,Q2scale_tHq,Q2scale_tt1b,Q2scale_tt2b,Q2scale_ttH,Q2scale_ttW,Q2scale_ttbb,Q2scale_ttcc,Q2scale_ttlf,QCDscale_ST,lumi_13TeV,pdf_gg,pdf_qg,pdf_qqbar,pu,r) ]
 message      : Number of events is negative or error
 server values: params=(CMS_eff_lep = -0.062479 +/- 0.515733,CMS_jer = 0.400785 +/- 0.313356,CMS_jes = 0.763654 +/- 0.214015,CMS_tHq_tt1b = 0.383129 +/- 0.201605,CMS_tHq_tt2b = 0.30525 +/- 0.228639,CMS_tHq_ttbb = 0.542823 +/- 0.150534,CMS_tHq_ttcc = 0.0630788 +/- 0.0940169,CSVCErr1 = 0.95435 +/- 0.0730647,CSVCErr2 = -0.106959 +/- 0.529462,CSVHF = 0.602639 +/- 0.209868,CSVHFStats1 = 0.252029 +/- 0.227798,CSVHFStats2 = -0.0381726 +/- 0.270053,CSVLF = -0.137001 +/- 0.132112,CSVLFStats1 = 0.337088 +/- 0.349162,CSVLFStats2 = -0.17142 +/- 0.557032,Q2scale_VV = 0.18885 +/- 0.575559,Q2scale_Wj = 0.0106399 +/- 0.827893,Q2scale_tHW = 0.000965059 +/- 0.492431,Q2scale_tHq = -0.00939818 +/- 0.793658,Q2scale_tt1b = -0.178685 +/- 0.528045,Q2scale_tt2b = -0.181943 +/- 0.562234,Q2scale_ttH = -0.0088192 +/- 0.854021,Q2scale_ttW = -0.00132537 +/- 0.851293,Q2scale_ttbb = -0.284752 +/- 0.272025,Q2scale_ttcc = -0.232072 +/- 0.296832,Q2scale_ttlf = 0.531192 +/- 0.201241,QCDscale_ST = 0.0205853 +/- 0.822444,lumi_13TeV = -0.0840577 +/- 0.498661,pdf_gg = -0.0989544 +/- 0.430796,pdf_qg = 0.0205079 +/- 0.808086,pdf_qqbar = -0.0122086 +/- 0.806511,pu = -0.184845 +/- 0.413341,r = -22.9813 +/- 1.07868)
WARNING: underflow to -6.40264 in pdf_bintH_4m_obsOnly for bin 6, weight 23
[#0] ERROR:Eval -- RooAbsReal::logEvalError(tH_4m) evaluation error, 
 origin       : RooAbsReal::tH_4m[ params=(CMS_eff_lep,CMS_jer,CMS_jes,CMS_tHq_tt1b,CMS_tHq_tt2b,CMS_tHq_ttbb,CMS_tHq_ttcc,CSVCErr1,CSVCErr2,CSVHF,CSVHFStats1,CSVHFStats2,CSVLF,CSVLFStats1,CSVLFStats2,Q2scale_VV,Q2scale_Wj,Q2scale_tHW,Q2scale_tHq,Q2scale_tt1b,Q2scale_tt2b,Q2scale_ttH,Q2scale_ttW,Q2scale_ttbb,Q2scale_ttcc,Q2scale_ttlf,QCDscale_ST,lumi_13TeV,pdf_gg,pdf_qg,pdf_qqbar,pu,r) ]
 message      : Number of events is negative or error
 server values: params=(CMS_eff_lep = -0.062479 +/- 0.515733,CMS_jer = 0.400785 +/- 0.313356,CMS_jes = 0.763654 +/- 0.214015,CMS_tHq_tt1b = 0.383129 +/- 0.201605,CMS_tHq_tt2b = 0.30525 +/- 0.228639,CMS_tHq_ttbb = 0.542823 +/- 0.150534,CMS_tHq_ttcc = 0.0630788 +/- 0.0940169,CSVCErr1 = 0.95435 +/- 0.0730647,CSVCErr2 = -0.106959 +/- 0.529462,CSVHF = 0.602639 +/- 0.209868,CSVHFStats1 = 0.252029 +/- 0.227798,CSVHFStats2 = -0.0381726 +/- 0.270053,CSVLF = -0.137001 +/- 0.132112,CSVLFStats1 = 0.337088 +/- 0.349162,CSVLFStats2 = -0.17142 +/- 0.557032,Q2scale_VV = 0.18885 +/- 0.575559,Q2scale_Wj = 0.0106399 +/- 0.827893,Q2scale_tHW = 0.000965059 +/- 0.492431,Q2scale_tHq = -0.00939818 +/- 0.793658,Q2scale_tt1b = -0.178685 +/- 0.528045,Q2scale_tt2b = -0.181943 +/- 0.562234,Q2scale_ttH = -0.0088192 +/- 0.854021,Q2scale_ttW = -0.00132537 +/- 0.851293,Q2scale_ttbb = -0.284752 +/- 0.272025,Q2scale_ttcc = -0.232072 +/- 0.296832,Q2scale_ttlf = 0.531192 +/- 0.201241,QCDscale_ST = 0.0205853 +/- 0.822444,lumi_13TeV = -0.0840577 +/- 0.498661,pdf_gg = -0.0989544 +/- 0.430796,pdf_qg = 0.0205079 +/- 0.808086,pdf_qqbar = -0.0122086 +/- 0.806511,pu = -0.184845 +/- 0.413341,r = -22.9813 +/- 1.07868)
WARNING: underflow to -48.6491 in pdf_bintH_3m_obsOnly for bin 8, weight 55
[#0] ERROR:Eval -- RooAbsReal::logEvalError(tH_3m) evaluation error, 
 origin       : RooAbsReal::tH_3m[ params=(CMS_eff_lep,CMS_jer,CMS_jes,CMS_tHq_tt1b,CMS_tHq_tt2b,CMS_tHq_ttbb,CMS_tHq_ttcc,CSVCErr1,CSVCErr2,CSVHF,CSVHFStats1,CSVHFStats2,CSVLF,CSVLFStats1,CSVLFStats2,Q2scale_VV,Q2scale_Wj,Q2scale_tHW,Q2scale_tHq,Q2scale_tt1b,Q2scale_tt2b,Q2scale_ttH,Q2scale_ttW,Q2scale_ttbb,Q2scale_ttcc,Q2scale_ttlf,QCDscale_ST,lumi_13TeV,pdf_gg,pdf_qg,pdf_qqbar,pu,r) ]
 message      : Number of events is negative or error
 server values: params=(CMS_eff_lep = -0.062479 +/- inf,CMS_jer = 0.400785 +/- inf,CMS_jes = 0.763654 +/- inf,CMS_tHq_tt1b = 0.383129 +/- inf,CMS_tHq_tt2b = 0.30525 +/- inf,CMS_tHq_ttbb = 0.542823 +/- inf,CMS_tHq_ttcc = 0.0630788 +/- inf,CSVCErr1 = 0.95435 +/- inf,CSVCErr2 = -0.106959 +/- inf,CSVHF = 0.602639 +/- inf,CSVHFStats1 = 0.252029 +/- inf,CSVHFStats2 = -0.0381726 +/- inf,CSVLF = -0.137001 +/- inf,CSVLFStats1 = 0.337088 +/- inf,CSVLFStats2 = -0.17142 +/- inf,Q2scale_VV = 0.18885 +/- inf,Q2scale_Wj = 0.0106399 +/- inf,Q2scale_tHW = 0.000965059 +/- inf,Q2scale_tHq = -0.00939818 +/- inf,Q2scale_tt1b = -0.178685 +/- inf,Q2scale_tt2b = -0.181943 +/- inf,Q2scale_ttH = -0.0088192 +/- inf,Q2scale_ttW = -0.00132537 +/- inf,Q2scale_ttbb = -0.284752 +/- inf,Q2scale_ttcc = -0.232072 +/- inf,Q2scale_ttlf = 0.531192 +/- inf,QCDscale_ST = 0.0205853 +/- inf,lumi_13TeV = -0.0840577 +/- inf,pdf_gg = -0.0989544 +/- inf,pdf_qg = 0.0205079 +/- inf,pdf_qqbar = -0.0122086 +/- inf,pu = -0.184845 +/- inf,r = -22.9813 +/- 1.07868)
WARNING: underflow to -6.40264 in pdf_bintH_4m_obsOnly for bin 6, weight 23
[#0] ERROR:Eval -- RooAbsReal::logEvalError(tH_4m) evaluation error, 
 origin       : RooAbsReal::tH_4m[ params=(CMS_eff_lep,CMS_jer,CMS_jes,CMS_tHq_tt1b,CMS_tHq_tt2b,CMS_tHq_ttbb,CMS_tHq_ttcc,CSVCErr1,CSVCErr2,CSVHF,CSVHFStats1,CSVHFStats2,CSVLF,CSVLFStats1,CSVLFStats2,Q2scale_VV,Q2scale_Wj,Q2scale_tHW,Q2scale_tHq,Q2scale_tt1b,Q2scale_tt2b,Q2scale_ttH,Q2scale_ttW,Q2scale_ttbb,Q2scale_ttcc,Q2scale_ttlf,QCDscale_ST,lumi_13TeV,pdf_gg,pdf_qg,pdf_qqbar,pu,r) ]
 message      : Number of events is negative or error
 server values: params=(CMS_eff_lep = -0.062479 +/- inf,CMS_jer = 0.400785 +/- inf,CMS_jes = 0.763654 +/- inf,CMS_tHq_tt1b = 0.383129 +/- inf,CMS_tHq_tt2b = 0.30525 +/- inf,CMS_tHq_ttbb = 0.542823 +/- inf,CMS_tHq_ttcc = 0.0630788 +/- inf,CSVCErr1 = 0.95435 +/- inf,CSVCErr2 = -0.106959 +/- inf,CSVHF = 0.602639 +/- inf,CSVHFStats1 = 0.252029 +/- inf,CSVHFStats2 = -0.0381726 +/- inf,CSVLF = -0.137001 +/- inf,CSVLFStats1 = 0.337088 +/- inf,CSVLFStats2 = -0.17142 +/- inf,Q2scale_VV = 0.18885 +/- inf,Q2scale_Wj = 0.0106399 +/- inf,Q2scale_tHW = 0.000965059 +/- inf,Q2scale_tHq = -0.00939818 +/- inf,Q2scale_tt1b = -0.178685 +/- inf,Q2scale_tt2b = -0.181943 +/- inf,Q2scale_ttH = -0.0088192 +/- inf,Q2scale_ttW = -0.00132537 +/- inf,Q2scale_ttbb = -0.284752 +/- inf,Q2scale_ttcc = -0.232072 +/- inf,Q2scale_ttlf = 0.531192 +/- inf,QCDscale_ST = 0.0205853 +/- inf,lumi_13TeV = -0.0840577 +/- inf,pdf_gg = -0.0989544 +/- inf,pdf_qg = 0.0205079 +/- inf,pdf_qqbar = -0.0122086 +/- inf,pu = -0.184845 +/- inf,r = -22.9813 +/- 1.07868)
-22.981284    -18000022615.80629  -18000022615.80629    -22.415067
WARNING: underflow to -3.47206 in pdf_bintH_3m_obsOnly for bin 9, weight 7
[#0] ERROR:Eval -- RooAbsReal::logEvalError(tH_3m) evaluation error, 
 origin       : RooAbsReal::tH_3m[ params=(CMS_eff_lep,CMS_jer,CMS_jes,CMS_tHq_tt1b,CMS_tHq_tt2b,CMS_tHq_ttbb,CMS_tHq_ttcc,CSVCErr1,CSVCErr2,CSVHF,CSVHFStats1,CSVHFStats2,CSVLF,CSVLFStats1,CSVLFStats2,Q2scale_VV,Q2scale_Wj,Q2scale_tHW,Q2scale_tHq,Q2scale_tt1b,Q2scale_tt2b,Q2scale_ttH,Q2scale_ttW,Q2scale_ttbb,Q2scale_ttcc,Q2scale_ttlf,QCDscale_ST,lumi_13TeV,pdf_gg,pdf_qg,pdf_qqbar,pu,r) ]
 message      : Number of events is negative or error
 server values: params=(CMS_eff_lep = -0.062479 +/- 0.515733,CMS_jer = 0.400785 +/- 0.313356,CMS_jes = 0.763654 +/- 0.214015,CMS_tHq_tt1b = 0.383129 +/- 0.201605,CMS_tHq_tt2b = 0.30525 +/- 0.228639,CMS_tHq_ttbb = 0.542823 +/- 0.150534,CMS_tHq_ttcc = 0.0630788 +/- 0.0940169,CSVCErr1 = 0.95435 +/- 0.0730647,CSVCErr2 = -0.106959 +/- 0.529462,CSVHF = 0.602639 +/- 0.209868,CSVHFStats1 = 0.252029 +/- 0.227798,CSVHFStats2 = -0.0381726 +/- 0.270053,CSVLF = -0.137001 +/- 0.132112,CSVLFStats1 = 0.337088 +/- 0.349162,CSVLFStats2 = -0.17142 +/- 0.557032,Q2scale_VV = 0.18885 +/- 0.575559,Q2scale_Wj = 0.0106399 +/- 0.827893,Q2scale_tHW = 0.000965059 +/- 0.492431,Q2scale_tHq = -0.00939818 +/- 0.793658,Q2scale_tt1b = -0.178685 +/- 0.528045,Q2scale_tt2b = -0.181943 +/- 0.562234,Q2scale_ttH = -0.0088192 +/- 0.854021,Q2scale_ttW = -0.00132537 +/- 0.851293,Q2scale_ttbb = -0.284752 +/- 0.272025,Q2scale_ttcc = -0.232072 +/- 0.296832,Q2scale_ttlf = 0.531192 +/- 0.201241,QCDscale_ST = 0.0205853 +/- 0.822444,lumi_13TeV = -0.0840577 +/- 0.498661,pdf_gg = -0.0989544 +/- 0.430796,pdf_qg = 0.0205079 +/- 0.808086,pdf_qqbar = -0.0122086 +/- 0.806511,pu = -0.184845 +/- 0.413341,r = -7.29074 +/- 1.07868)
WARNING: underflow to -1.44798 in pdf_bintH_4m_obsOnly for bin 8, weight 3
[#0] ERROR:Eval -- RooAbsReal::logEvalError(tH_4m) evaluation error, 
 origin       : RooAbsReal::tH_4m[ params=(CMS_eff_lep,CMS_jer,CMS_jes,CMS_tHq_tt1b,CMS_tHq_tt2b,CMS_tHq_ttbb,CMS_tHq_ttcc,CSVCErr1,CSVCErr2,CSVHF,CSVHFStats1,CSVHFStats2,CSVLF,CSVLFStats1,CSVLFStats2,Q2scale_VV,Q2scale_Wj,Q2scale_tHW,Q2scale_tHq,Q2scale_tt1b,Q2scale_tt2b,Q2scale_ttH,Q2scale_ttW,Q2scale_ttbb,Q2scale_ttcc,Q2scale_ttlf,QCDscale_ST,lumi_13TeV,pdf_gg,pdf_qg,pdf_qqbar,pu,r) ]
 message      : Number of events is negative or error
 server values: params=(CMS_eff_lep = -0.062479 +/- 0.515733,CMS_jer = 0.400785 +/- 0.313356,CMS_jes = 0.763654 +/- 0.214015,CMS_tHq_tt1b = 0.383129 +/- 0.201605,CMS_tHq_tt2b = 0.30525 +/- 0.228639,CMS_tHq_ttbb = 0.542823 +/- 0.150534,CMS_tHq_ttcc = 0.0630788 +/- 0.0940169,CSVCErr1 = 0.95435 +/- 0.0730647,CSVCErr2 = -0.106959 +/- 0.529462,CSVHF = 0.602639 +/- 0.209868,CSVHFStats1 = 0.252029 +/- 0.227798,CSVHFStats2 = -0.0381726 +/- 0.270053,CSVLF = -0.137001 +/- 0.132112,CSVLFStats1 = 0.337088 +/- 0.349162,CSVLFStats2 = -0.17142 +/- 0.557032,Q2scale_VV = 0.18885 +/- 0.575559,Q2scale_Wj = 0.0106399 +/- 0.827893,Q2scale_tHW = 0.000965059 +/- 0.492431,Q2scale_tHq = -0.00939818 +/- 0.793658,Q2scale_tt1b = -0.178685 +/- 0.528045,Q2scale_tt2b = -0.181943 +/- 0.562234,Q2scale_ttH = -0.0088192 +/- 0.854021,Q2scale_ttW = -0.00132537 +/- 0.851293,Q2scale_ttbb = -0.284752 +/- 0.272025,Q2scale_ttcc = -0.232072 +/- 0.296832,Q2scale_ttlf = 0.531192 +/- 0.201241,QCDscale_ST = 0.0205853 +/- 0.822444,lumi_13TeV = -0.0840577 +/- 0.498661,pdf_gg = -0.0989544 +/- 0.430796,pdf_qg = 0.0205079 +/- 0.808086,pdf_qqbar = -0.0122086 +/- 0.806511,pu = -0.184845 +/- 0.413341,r = -7.29074 +/- 1.07868)
WARNING: underflow to -3.47206 in pdf_bintH_3m_obsOnly for bin 9, weight 7
[#0] ERROR:Eval -- RooAbsReal::logEvalError(tH_3m) evaluation error, 
 origin       : RooAbsReal::tH_3m[ params=(CMS_eff_lep,CMS_jer,CMS_jes,CMS_tHq_tt1b,CMS_tHq_tt2b,CMS_tHq_ttbb,CMS_tHq_ttcc,CSVCErr1,CSVCErr2,CSVHF,CSVHFStats1,CSVHFStats2,CSVLF,CSVLFStats1,CSVLFStats2,Q2scale_VV,Q2scale_Wj,Q2scale_tHW,Q2scale_tHq,Q2scale_tt1b,Q2scale_tt2b,Q2scale_ttH,Q2scale_ttW,Q2scale_ttbb,Q2scale_ttcc,Q2scale_ttlf,QCDscale_ST,lumi_13TeV,pdf_gg,pdf_qg,pdf_qqbar,pu,r) ]
 message      : Number of events is negative or error
 server values: params=(CMS_eff_lep = -0.062479 +/- inf,CMS_jer = 0.400785 +/- inf,CMS_jes = 0.763654 +/- inf,CMS_tHq_tt1b = 0.383129 +/- inf,CMS_tHq_tt2b = 0.30525 +/- inf,CMS_tHq_ttbb = 0.542823 +/- inf,CMS_tHq_ttcc = 0.0630788 +/- inf,CSVCErr1 = 0.95435 +/- inf,CSVCErr2 = -0.106959 +/- inf,CSVHF = 0.602639 +/- inf,CSVHFStats1 = 0.252029 +/- inf,CSVHFStats2 = -0.0381726 +/- inf,CSVLF = -0.137001 +/- inf,CSVLFStats1 = 0.337088 +/- inf,CSVLFStats2 = -0.17142 +/- inf,Q2scale_VV = 0.18885 +/- inf,Q2scale_Wj = 0.0106399 +/- inf,Q2scale_tHW = 0.000965059 +/- inf,Q2scale_tHq = -0.00939818 +/- inf,Q2scale_tt1b = -0.178685 +/- inf,Q2scale_tt2b = -0.181943 +/- inf,Q2scale_ttH = -0.0088192 +/- inf,Q2scale_ttW = -0.00132537 +/- inf,Q2scale_ttbb = -0.284752 +/- inf,Q2scale_ttcc = -0.232072 +/- inf,Q2scale_ttlf = 0.531192 +/- inf,QCDscale_ST = 0.0205853 +/- inf,lumi_13TeV = -0.0840577 +/- inf,pdf_gg = -0.0989544 +/- inf,pdf_qg = 0.0205079 +/- inf,pdf_qqbar = -0.0122086 +/- inf,pu = -0.184845 +/- inf,r = -7.29074 +/- 1.07868)
WARNING: underflow to -1.44798 in pdf_bintH_4m_obsOnly for bin 8, weight 3
[#0] ERROR:Eval -- RooAbsReal::logEvalError(tH_4m) evaluation error, 
 origin       : RooAbsReal::tH_4m[ params=(CMS_eff_lep,CMS_jer,CMS_jes,CMS_tHq_tt1b,CMS_tHq_tt2b,CMS_tHq_ttbb,CMS_tHq_ttcc,CSVCErr1,CSVCErr2,CSVHF,CSVHFStats1,CSVHFStats2,CSVLF,CSVLFStats1,CSVLFStats2,Q2scale_VV,Q2scale_Wj,Q2scale_tHW,Q2scale_tHq,Q2scale_tt1b,Q2scale_tt2b,Q2scale_ttH,Q2scale_ttW,Q2scale_ttbb,Q2scale_ttcc,Q2scale_ttlf,QCDscale_ST,lumi_13TeV,pdf_gg,pdf_qg,pdf_qqbar,pu,r) ]
 message      : Number of events is negative or error
 server values: params=(CMS_eff_lep = -0.062479 +/- inf,CMS_jer = 0.400785 +/- inf,CMS_jes = 0.763654 +/- inf,CMS_tHq_tt1b = 0.383129 +/- inf,CMS_tHq_tt2b = 0.30525 +/- inf,CMS_tHq_ttbb = 0.542823 +/- inf,CMS_tHq_ttcc = 0.0630788 +/- inf,CSVCErr1 = 0.95435 +/- inf,CSVCErr2 = -0.106959 +/- inf,CSVHF = 0.602639 +/- inf,CSVHFStats1 = 0.252029 +/- inf,CSVHFStats2 = -0.0381726 +/- inf,CSVLF = -0.137001 +/- inf,CSVLFStats1 = 0.337088 +/- inf,CSVLFStats2 = -0.17142 +/- inf,Q2scale_VV = 0.18885 +/- inf,Q2scale_Wj = 0.0106399 +/- inf,Q2scale_tHW = 0.000965059 +/- inf,Q2scale_tHq = -0.00939818 +/- inf,Q2scale_tt1b = -0.178685 +/- inf,Q2scale_tt2b = -0.181943 +/- inf,Q2scale_ttH = -0.0088192 +/- inf,Q2scale_ttW = -0.00132537 +/- inf,Q2scale_ttbb = -0.284752 +/- inf,Q2scale_ttcc = -0.232072 +/- inf,Q2scale_ttlf = 0.531192 +/- inf,QCDscale_ST = 0.0205853 +/- inf,lumi_13TeV = -0.0840577 +/- inf,pdf_gg = -0.0989544 +/- inf,pdf_qg = 0.0205079 +/- inf,pdf_qqbar = -0.0122086 +/- inf,pu = -0.184845 +/- inf,r = -7.29074 +/- 1.07868)
-7.290737    -18000022615.80629  -18000022615.80629    -6.724520
-2.583573    -1.46939  -18000022615.80629    -2.017356
-1.171424    +0.31619  -1.46939    -0.605207
-1.776631    -0.22244  +0.31619    -0.605207
-1.352986    +0.18895  -0.22244    -0.181562
-1.534548    +0.02841  +0.18895    -0.181562
-1.716110    -0.17613  +0.02841    -0.181562
-1.589016    -0.02858  -0.17613    -0.054469
-1.550888    +0.01153  -0.02858    -0.016341
-1.567229    -0.00609  +0.01153    -0.016341
-1.555791    +0.00632  -0.00609    -0.004902
-1.560693    +0.00105  +0.00632    -0.004902
-1.565595    -0.00429  +0.00105    -0.004902
-1.562163    -0.00055  -0.00429    -0.001471
-1.561134    +0.00057  -0.00055    -0.000441
-1.561575    +0.00009  +0.00057    -0.000441

 --- MaxLikelihoodFit ---
Best fit r: -0.566217  -0.995248/+0.992134  (68% CL)
nll S+B -> -62.7167  nll B -> -63.2046
Done in 0.23 min (cpu), 0.25 min (real)
