>>> including systematics
>>> method used to compute upper limit is MaxLikelihoodFit
>>> random number generator seed is 123456
[?1034hComputing limit starting from observation
Created Branches
Searching for crossing at nll = -22563.7 in the interval -0.0324793, 150
      r      lvl-here  lvl-there   stepping
18.721581    -26.86992  +0.49447    18.754060
5.593739    -5.12236  -26.86992    5.626218
1.655386    -0.34037  -5.12236    1.687865
0.473880    +0.38635  -0.34037    0.506360
0.980240    +0.12234  +0.38635    0.506360
1.486600    -0.25064  +0.12234    0.506360
1.132148    +0.02177  -0.25064    0.151908
1.284056    -0.10351  +0.02177    0.151908
1.177720    -0.01293  -0.10351    0.045572
1.145819    +0.01163  -0.01293    0.013672
1.159491    +0.00125  +0.01163    0.013672
1.173163    -0.00935  +0.00125    0.013672
Searching for crossing at nll = -22563.7 in the interval -0.0324793, -150
      r      lvl-here  lvl-there   stepping
WARNING: underflow to -6.24568 in pdf_bintH_3m_obsOnly for bin 5, weight 520
[#0] ERROR:Eval -- RooAbsReal::logEvalError(tH_3m) evaluation error, 
 origin       : RooAbsReal::tH_3m[ params=(CMS_eff_lep,CMS_jer,CMS_jes,CMS_tHq_tt1b,CMS_tHq_tt2b,CMS_tHq_ttbb,CMS_tHq_ttcc,CSVCErr1,CSVCErr2,CSVHF,CSVHFStats1,CSVHFStats2,CSVLF,CSVLFStats1,CSVLFStats2,Q2scale_VV,Q2scale_Wj,Q2scale_tHW,Q2scale_tHq,Q2scale_tt1b,Q2scale_tt2b,Q2scale_ttH,Q2scale_ttW,Q2scale_ttbb,Q2scale_ttcc,Q2scale_ttlf,QCDscale_ST,lumi_13TeV,pdf_gg,pdf_qg,pdf_qqbar,pu,r) ]
 message      : Number of events is negative or error
 server values: params=(CMS_eff_lep = -0.0706867 +/- 0.485008,CMS_jer = 0.132198 +/- 0.284923,CMS_jes = 0.142394 +/- 0.1959,CMS_tHq_tt1b = 0.420731 +/- 0.193044,CMS_tHq_tt2b = 0.21917 +/- 0.224727,CMS_tHq_ttbb = 0.411828 +/- 0.130963,CMS_tHq_ttcc = 0.0987645 +/- 0.109967,CSVCErr1 = 1.04055 +/- 0.0729306,CSVCErr2 = -0.0618673 +/- 0.493268,CSVHF = -0.157474 +/- 0.153027,CSVHFStats1 = 0.259771 +/- 0.227325,CSVHFStats2 = -0.0625174 +/- 0.254141,CSVLF = -0.184718 +/- 0.12521,CSVLFStats1 = -0.0690918 +/- 0.262958,CSVLFStats2 = -0.129078 +/- 0.798828,Q2scale_VV = -6.96739e-07 +/- 0.441874,Q2scale_Wj = -0.00124407 +/- 0.781053,Q2scale_tHW = 1.33642e-05 +/- 0.79845,Q2scale_tHq = -0.000250702 +/- 0.792703,Q2scale_tt1b = -0.218335 +/- 0.498068,Q2scale_tt2b = -0.133507 +/- 0.516249,Q2scale_ttH = -0.00496301 +/- 0.786659,Q2scale_ttW = -0.00420308 +/- 0.808035,Q2scale_ttbb = -0.259037 +/- 0.415579,Q2scale_ttcc = -0.197036 +/- 0.272103,Q2scale_ttlf = 0.56558 +/- 0.189587,QCDscale_ST = 0.00777503 +/- 0.796677,lumi_13TeV = -0.0950998 +/- 0.475488,pdf_gg = -0.11234 +/- 0.397733,pdf_qg = 0.0077723 +/- 0.799158,pdf_qqbar = 0.00112275 +/- 0.798207,pu = -0.155208 +/- 0.729857,r = -75.0162 +/- 1.22094)
WARNING: underflow to -8.8861 in pdf_bintH_4m_obsOnly for bin 3, weight 44
[#0] ERROR:Eval -- RooAbsReal::logEvalError(tH_4m) evaluation error, 
 origin       : RooAbsReal::tH_4m[ params=(CMS_eff_lep,CMS_jer,CMS_jes,CMS_tHq_tt1b,CMS_tHq_tt2b,CMS_tHq_ttbb,CMS_tHq_ttcc,CSVCErr1,CSVCErr2,CSVHF,CSVHFStats1,CSVHFStats2,CSVLF,CSVLFStats1,CSVLFStats2,Q2scale_VV,Q2scale_Wj,Q2scale_tHW,Q2scale_tHq,Q2scale_tt1b,Q2scale_tt2b,Q2scale_ttH,Q2scale_ttW,Q2scale_ttbb,Q2scale_ttcc,Q2scale_ttlf,QCDscale_ST,lumi_13TeV,pdf_gg,pdf_qg,pdf_qqbar,pu,r) ]
 message      : Number of events is negative or error
 server values: params=(CMS_eff_lep = -0.0706867 +/- 0.485008,CMS_jer = 0.132198 +/- 0.284923,CMS_jes = 0.142394 +/- 0.1959,CMS_tHq_tt1b = 0.420731 +/- 0.193044,CMS_tHq_tt2b = 0.21917 +/- 0.224727,CMS_tHq_ttbb = 0.411828 +/- 0.130963,CMS_tHq_ttcc = 0.0987645 +/- 0.109967,CSVCErr1 = 1.04055 +/- 0.0729306,CSVCErr2 = -0.0618673 +/- 0.493268,CSVHF = -0.157474 +/- 0.153027,CSVHFStats1 = 0.259771 +/- 0.227325,CSVHFStats2 = -0.0625174 +/- 0.254141,CSVLF = -0.184718 +/- 0.12521,CSVLFStats1 = -0.0690918 +/- 0.262958,CSVLFStats2 = -0.129078 +/- 0.798828,Q2scale_VV = -6.96739e-07 +/- 0.441874,Q2scale_Wj = -0.00124407 +/- 0.781053,Q2scale_tHW = 1.33642e-05 +/- 0.79845,Q2scale_tHq = -0.000250702 +/- 0.792703,Q2scale_tt1b = -0.218335 +/- 0.498068,Q2scale_tt2b = -0.133507 +/- 0.516249,Q2scale_ttH = -0.00496301 +/- 0.786659,Q2scale_ttW = -0.00420308 +/- 0.808035,Q2scale_ttbb = -0.259037 +/- 0.415579,Q2scale_ttcc = -0.197036 +/- 0.272103,Q2scale_ttlf = 0.56558 +/- 0.189587,QCDscale_ST = 0.00777503 +/- 0.796677,lumi_13TeV = -0.0950998 +/- 0.475488,pdf_gg = -0.11234 +/- 0.397733,pdf_qg = 0.0077723 +/- 0.799158,pdf_qqbar = 0.00112275 +/- 0.798207,pu = -0.155208 +/- 0.729857,r = -75.0162 +/- 1.22094)
WARNING: underflow to -6.24568 in pdf_bintH_3m_obsOnly for bin 5, weight 520
[#0] ERROR:Eval -- RooAbsReal::logEvalError(tH_3m) evaluation error, 
 origin       : RooAbsReal::tH_3m[ params=(CMS_eff_lep,CMS_jer,CMS_jes,CMS_tHq_tt1b,CMS_tHq_tt2b,CMS_tHq_ttbb,CMS_tHq_ttcc,CSVCErr1,CSVCErr2,CSVHF,CSVHFStats1,CSVHFStats2,CSVLF,CSVLFStats1,CSVLFStats2,Q2scale_VV,Q2scale_Wj,Q2scale_tHW,Q2scale_tHq,Q2scale_tt1b,Q2scale_tt2b,Q2scale_ttH,Q2scale_ttW,Q2scale_ttbb,Q2scale_ttcc,Q2scale_ttlf,QCDscale_ST,lumi_13TeV,pdf_gg,pdf_qg,pdf_qqbar,pu,r) ]
 message      : Number of events is negative or error
 server values: params=(CMS_eff_lep = -0.0706867 +/- inf,CMS_jer = 0.132198 +/- inf,CMS_jes = 0.142394 +/- inf,CMS_tHq_tt1b = 0.420731 +/- inf,CMS_tHq_tt2b = 0.21917 +/- inf,CMS_tHq_ttbb = 0.411828 +/- inf,CMS_tHq_ttcc = 0.0987645 +/- inf,CSVCErr1 = 1.04055 +/- inf,CSVCErr2 = -0.0618673 +/- inf,CSVHF = -0.157474 +/- inf,CSVHFStats1 = 0.259771 +/- inf,CSVHFStats2 = -0.0625174 +/- inf,CSVLF = -0.184718 +/- inf,CSVLFStats1 = -0.0690918 +/- inf,CSVLFStats2 = -0.129078 +/- inf,Q2scale_VV = -6.96739e-07 +/- inf,Q2scale_Wj = -0.00124407 +/- inf,Q2scale_tHW = 1.33642e-05 +/- inf,Q2scale_tHq = -0.000250702 +/- inf,Q2scale_tt1b = -0.218335 +/- inf,Q2scale_tt2b = -0.133507 +/- inf,Q2scale_ttH = -0.00496301 +/- inf,Q2scale_ttW = -0.00420308 +/- inf,Q2scale_ttbb = -0.259037 +/- inf,Q2scale_ttcc = -0.197036 +/- inf,Q2scale_ttlf = 0.56558 +/- inf,QCDscale_ST = 0.00777503 +/- inf,lumi_13TeV = -0.0950998 +/- inf,pdf_gg = -0.11234 +/- inf,pdf_qg = 0.0077723 +/- inf,pdf_qqbar = 0.00112275 +/- inf,pu = -0.155208 +/- inf,r = -75.0162 +/- 1.22094)
WARNING: underflow to -8.8861 in pdf_bintH_4m_obsOnly for bin 3, weight 44
[#0] ERROR:Eval -- RooAbsReal::logEvalError(tH_4m) evaluation error, 
 origin       : RooAbsReal::tH_4m[ params=(CMS_eff_lep,CMS_jer,CMS_jes,CMS_tHq_tt1b,CMS_tHq_tt2b,CMS_tHq_ttbb,CMS_tHq_ttcc,CSVCErr1,CSVCErr2,CSVHF,CSVHFStats1,CSVHFStats2,CSVLF,CSVLFStats1,CSVLFStats2,Q2scale_VV,Q2scale_Wj,Q2scale_tHW,Q2scale_tHq,Q2scale_tt1b,Q2scale_tt2b,Q2scale_ttH,Q2scale_ttW,Q2scale_ttbb,Q2scale_ttcc,Q2scale_ttlf,QCDscale_ST,lumi_13TeV,pdf_gg,pdf_qg,pdf_qqbar,pu,r) ]
 message      : Number of events is negative or error
 server values: params=(CMS_eff_lep = -0.0706867 +/- inf,CMS_jer = 0.132198 +/- inf,CMS_jes = 0.142394 +/- inf,CMS_tHq_tt1b = 0.420731 +/- inf,CMS_tHq_tt2b = 0.21917 +/- inf,CMS_tHq_ttbb = 0.411828 +/- inf,CMS_tHq_ttcc = 0.0987645 +/- inf,CSVCErr1 = 1.04055 +/- inf,CSVCErr2 = -0.0618673 +/- inf,CSVHF = -0.157474 +/- inf,CSVHFStats1 = 0.259771 +/- inf,CSVHFStats2 = -0.0625174 +/- inf,CSVLF = -0.184718 +/- inf,CSVLFStats1 = -0.0690918 +/- inf,CSVLFStats2 = -0.129078 +/- inf,Q2scale_VV = -6.96739e-07 +/- inf,Q2scale_Wj = -0.00124407 +/- inf,Q2scale_tHW = 1.33642e-05 +/- inf,Q2scale_tHq = -0.000250702 +/- inf,Q2scale_tt1b = -0.218335 +/- inf,Q2scale_tt2b = -0.133507 +/- inf,Q2scale_ttH = -0.00496301 +/- inf,Q2scale_ttW = -0.00420308 +/- inf,Q2scale_ttbb = -0.259037 +/- inf,Q2scale_ttcc = -0.197036 +/- inf,Q2scale_ttlf = 0.56558 +/- inf,QCDscale_ST = 0.00777503 +/- inf,lumi_13TeV = -0.0950998 +/- inf,pdf_gg = -0.11234 +/- inf,pdf_qg = 0.0077723 +/- inf,pdf_qqbar = 0.00112275 +/- inf,pu = -0.155208 +/- inf,r = -75.0162 +/- 1.22094)
-75.016240    -18000022564.76615  +0.49447    -74.983760
WARNING: underflow to -27.2189 in pdf_bintH_3m_obsOnly for bin 8, weight 46
[#0] ERROR:Eval -- RooAbsReal::logEvalError(tH_3m) evaluation error, 
 origin       : RooAbsReal::tH_3m[ params=(CMS_eff_lep,CMS_jer,CMS_jes,CMS_tHq_tt1b,CMS_tHq_tt2b,CMS_tHq_ttbb,CMS_tHq_ttcc,CSVCErr1,CSVCErr2,CSVHF,CSVHFStats1,CSVHFStats2,CSVLF,CSVLFStats1,CSVLFStats2,Q2scale_VV,Q2scale_Wj,Q2scale_tHW,Q2scale_tHq,Q2scale_tt1b,Q2scale_tt2b,Q2scale_ttH,Q2scale_ttW,Q2scale_ttbb,Q2scale_ttcc,Q2scale_ttlf,QCDscale_ST,lumi_13TeV,pdf_gg,pdf_qg,pdf_qqbar,pu,r) ]
 message      : Number of events is negative or error
 server values: params=(CMS_eff_lep = -0.0706867 +/- 0.485008,CMS_jer = 0.132198 +/- 0.284923,CMS_jes = 0.142394 +/- 0.1959,CMS_tHq_tt1b = 0.420731 +/- 0.193044,CMS_tHq_tt2b = 0.21917 +/- 0.224727,CMS_tHq_ttbb = 0.411828 +/- 0.130963,CMS_tHq_ttcc = 0.0987645 +/- 0.109967,CSVCErr1 = 1.04055 +/- 0.0729306,CSVCErr2 = -0.0618673 +/- 0.493268,CSVHF = -0.157474 +/- 0.153027,CSVHFStats1 = 0.259771 +/- 0.227325,CSVHFStats2 = -0.0625174 +/- 0.254141,CSVLF = -0.184718 +/- 0.12521,CSVLFStats1 = -0.0690918 +/- 0.262958,CSVLFStats2 = -0.129078 +/- 0.798828,Q2scale_VV = -6.96739e-07 +/- 0.441874,Q2scale_Wj = -0.00124407 +/- 0.781053,Q2scale_tHW = 1.33642e-05 +/- 0.79845,Q2scale_tHq = -0.000250702 +/- 0.792703,Q2scale_tt1b = -0.218335 +/- 0.498068,Q2scale_tt2b = -0.133507 +/- 0.516249,Q2scale_ttH = -0.00496301 +/- 0.786659,Q2scale_ttW = -0.00420308 +/- 0.808035,Q2scale_ttbb = -0.259037 +/- 0.415579,Q2scale_ttcc = -0.197036 +/- 0.272103,Q2scale_ttlf = 0.56558 +/- 0.189587,QCDscale_ST = 0.00777503 +/- 0.796677,lumi_13TeV = -0.0950998 +/- 0.475488,pdf_gg = -0.11234 +/- 0.397733,pdf_qg = 0.0077723 +/- 0.799158,pdf_qqbar = 0.00112275 +/- 0.798207,pu = -0.155208 +/- 0.729857,r = -22.5276 +/- 1.22094)
WARNING: underflow to -1.96597 in pdf_bintH_4m_obsOnly for bin 6, weight 21
[#0] ERROR:Eval -- RooAbsReal::logEvalError(tH_4m) evaluation error, 
 origin       : RooAbsReal::tH_4m[ params=(CMS_eff_lep,CMS_jer,CMS_jes,CMS_tHq_tt1b,CMS_tHq_tt2b,CMS_tHq_ttbb,CMS_tHq_ttcc,CSVCErr1,CSVCErr2,CSVHF,CSVHFStats1,CSVHFStats2,CSVLF,CSVLFStats1,CSVLFStats2,Q2scale_VV,Q2scale_Wj,Q2scale_tHW,Q2scale_tHq,Q2scale_tt1b,Q2scale_tt2b,Q2scale_ttH,Q2scale_ttW,Q2scale_ttbb,Q2scale_ttcc,Q2scale_ttlf,QCDscale_ST,lumi_13TeV,pdf_gg,pdf_qg,pdf_qqbar,pu,r) ]
 message      : Number of events is negative or error
 server values: params=(CMS_eff_lep = -0.0706867 +/- 0.485008,CMS_jer = 0.132198 +/- 0.284923,CMS_jes = 0.142394 +/- 0.1959,CMS_tHq_tt1b = 0.420731 +/- 0.193044,CMS_tHq_tt2b = 0.21917 +/- 0.224727,CMS_tHq_ttbb = 0.411828 +/- 0.130963,CMS_tHq_ttcc = 0.0987645 +/- 0.109967,CSVCErr1 = 1.04055 +/- 0.0729306,CSVCErr2 = -0.0618673 +/- 0.493268,CSVHF = -0.157474 +/- 0.153027,CSVHFStats1 = 0.259771 +/- 0.227325,CSVHFStats2 = -0.0625174 +/- 0.254141,CSVLF = -0.184718 +/- 0.12521,CSVLFStats1 = -0.0690918 +/- 0.262958,CSVLFStats2 = -0.129078 +/- 0.798828,Q2scale_VV = -6.96739e-07 +/- 0.441874,Q2scale_Wj = -0.00124407 +/- 0.781053,Q2scale_tHW = 1.33642e-05 +/- 0.79845,Q2scale_tHq = -0.000250702 +/- 0.792703,Q2scale_tt1b = -0.218335 +/- 0.498068,Q2scale_tt2b = -0.133507 +/- 0.516249,Q2scale_ttH = -0.00496301 +/- 0.786659,Q2scale_ttW = -0.00420308 +/- 0.808035,Q2scale_ttbb = -0.259037 +/- 0.415579,Q2scale_ttcc = -0.197036 +/- 0.272103,Q2scale_ttlf = 0.56558 +/- 0.189587,QCDscale_ST = 0.00777503 +/- 0.796677,lumi_13TeV = -0.0950998 +/- 0.475488,pdf_gg = -0.11234 +/- 0.397733,pdf_qg = 0.0077723 +/- 0.799158,pdf_qqbar = 0.00112275 +/- 0.798207,pu = -0.155208 +/- 0.729857,r = -22.5276 +/- 1.22094)
WARNING: underflow to -27.2189 in pdf_bintH_3m_obsOnly for bin 8, weight 46
[#0] ERROR:Eval -- RooAbsReal::logEvalError(tH_3m) evaluation error, 
 origin       : RooAbsReal::tH_3m[ params=(CMS_eff_lep,CMS_jer,CMS_jes,CMS_tHq_tt1b,CMS_tHq_tt2b,CMS_tHq_ttbb,CMS_tHq_ttcc,CSVCErr1,CSVCErr2,CSVHF,CSVHFStats1,CSVHFStats2,CSVLF,CSVLFStats1,CSVLFStats2,Q2scale_VV,Q2scale_Wj,Q2scale_tHW,Q2scale_tHq,Q2scale_tt1b,Q2scale_tt2b,Q2scale_ttH,Q2scale_ttW,Q2scale_ttbb,Q2scale_ttcc,Q2scale_ttlf,QCDscale_ST,lumi_13TeV,pdf_gg,pdf_qg,pdf_qqbar,pu,r) ]
 message      : Number of events is negative or error
 server values: params=(CMS_eff_lep = -0.0706867 +/- inf,CMS_jer = 0.132198 +/- inf,CMS_jes = 0.142394 +/- inf,CMS_tHq_tt1b = 0.420731 +/- inf,CMS_tHq_tt2b = 0.21917 +/- inf,CMS_tHq_ttbb = 0.411828 +/- inf,CMS_tHq_ttcc = 0.0987645 +/- inf,CSVCErr1 = 1.04055 +/- inf,CSVCErr2 = -0.0618673 +/- inf,CSVHF = -0.157474 +/- inf,CSVHFStats1 = 0.259771 +/- inf,CSVHFStats2 = -0.0625174 +/- inf,CSVLF = -0.184718 +/- inf,CSVLFStats1 = -0.0690918 +/- inf,CSVLFStats2 = -0.129078 +/- inf,Q2scale_VV = -6.96739e-07 +/- inf,Q2scale_Wj = -0.00124407 +/- inf,Q2scale_tHW = 1.33642e-05 +/- inf,Q2scale_tHq = -0.000250702 +/- inf,Q2scale_tt1b = -0.218335 +/- inf,Q2scale_tt2b = -0.133507 +/- inf,Q2scale_ttH = -0.00496301 +/- inf,Q2scale_ttW = -0.00420308 +/- inf,Q2scale_ttbb = -0.259037 +/- inf,Q2scale_ttcc = -0.197036 +/- inf,Q2scale_ttlf = 0.56558 +/- inf,QCDscale_ST = 0.00777503 +/- inf,lumi_13TeV = -0.0950998 +/- inf,pdf_gg = -0.11234 +/- inf,pdf_qg = 0.0077723 +/- inf,pdf_qqbar = 0.00112275 +/- inf,pu = -0.155208 +/- inf,r = -22.5276 +/- 1.22094)
WARNING: underflow to -1.96597 in pdf_bintH_4m_obsOnly for bin 6, weight 21
[#0] ERROR:Eval -- RooAbsReal::logEvalError(tH_4m) evaluation error, 
 origin       : RooAbsReal::tH_4m[ params=(CMS_eff_lep,CMS_jer,CMS_jes,CMS_tHq_tt1b,CMS_tHq_tt2b,CMS_tHq_ttbb,CMS_tHq_ttcc,CSVCErr1,CSVCErr2,CSVHF,CSVHFStats1,CSVHFStats2,CSVLF,CSVLFStats1,CSVLFStats2,Q2scale_VV,Q2scale_Wj,Q2scale_tHW,Q2scale_tHq,Q2scale_tt1b,Q2scale_tt2b,Q2scale_ttH,Q2scale_ttW,Q2scale_ttbb,Q2scale_ttcc,Q2scale_ttlf,QCDscale_ST,lumi_13TeV,pdf_gg,pdf_qg,pdf_qqbar,pu,r) ]
 message      : Number of events is negative or error
 server values: params=(CMS_eff_lep = -0.0706867 +/- inf,CMS_jer = 0.132198 +/- inf,CMS_jes = 0.142394 +/- inf,CMS_tHq_tt1b = 0.420731 +/- inf,CMS_tHq_tt2b = 0.21917 +/- inf,CMS_tHq_ttbb = 0.411828 +/- inf,CMS_tHq_ttcc = 0.0987645 +/- inf,CSVCErr1 = 1.04055 +/- inf,CSVCErr2 = -0.0618673 +/- inf,CSVHF = -0.157474 +/- inf,CSVHFStats1 = 0.259771 +/- inf,CSVHFStats2 = -0.0625174 +/- inf,CSVLF = -0.184718 +/- inf,CSVLFStats1 = -0.0690918 +/- inf,CSVLFStats2 = -0.129078 +/- inf,Q2scale_VV = -6.96739e-07 +/- inf,Q2scale_Wj = -0.00124407 +/- inf,Q2scale_tHW = 1.33642e-05 +/- inf,Q2scale_tHq = -0.000250702 +/- inf,Q2scale_tt1b = -0.218335 +/- inf,Q2scale_tt2b = -0.133507 +/- inf,Q2scale_ttH = -0.00496301 +/- inf,Q2scale_ttW = -0.00420308 +/- inf,Q2scale_ttbb = -0.259037 +/- inf,Q2scale_ttcc = -0.197036 +/- inf,Q2scale_ttlf = 0.56558 +/- inf,QCDscale_ST = 0.00777503 +/- inf,lumi_13TeV = -0.0950998 +/- inf,pdf_gg = -0.11234 +/- inf,pdf_qg = 0.0077723 +/- inf,pdf_qqbar = 0.00112275 +/- inf,pu = -0.155208 +/- inf,r = -22.5276 +/- 1.22094)
-22.527607    -18000022564.76615  -18000022564.76615    -22.495128
WARNING: underflow to -0.950492 in pdf_bintH_3m_obsOnly for bin 10, weight 1
[#0] ERROR:Eval -- RooAbsReal::logEvalError(tH_3m) evaluation error, 
 origin       : RooAbsReal::tH_3m[ params=(CMS_eff_lep,CMS_jer,CMS_jes,CMS_tHq_tt1b,CMS_tHq_tt2b,CMS_tHq_ttbb,CMS_tHq_ttcc,CSVCErr1,CSVCErr2,CSVHF,CSVHFStats1,CSVHFStats2,CSVLF,CSVLFStats1,CSVLFStats2,Q2scale_VV,Q2scale_Wj,Q2scale_tHW,Q2scale_tHq,Q2scale_tt1b,Q2scale_tt2b,Q2scale_ttH,Q2scale_ttW,Q2scale_ttbb,Q2scale_ttcc,Q2scale_ttlf,QCDscale_ST,lumi_13TeV,pdf_gg,pdf_qg,pdf_qqbar,pu,r) ]
 message      : Number of events is negative or error
 server values: params=(CMS_eff_lep = -0.0706867 +/- 0.485008,CMS_jer = 0.132198 +/- 0.284923,CMS_jes = 0.142394 +/- 0.1959,CMS_tHq_tt1b = 0.420731 +/- 0.193044,CMS_tHq_tt2b = 0.21917 +/- 0.224727,CMS_tHq_ttbb = 0.411828 +/- 0.130963,CMS_tHq_ttcc = 0.0987645 +/- 0.109967,CSVCErr1 = 1.04055 +/- 0.0729306,CSVCErr2 = -0.0618673 +/- 0.493268,CSVHF = -0.157474 +/- 0.153027,CSVHFStats1 = 0.259771 +/- 0.227325,CSVHFStats2 = -0.0625174 +/- 0.254141,CSVLF = -0.184718 +/- 0.12521,CSVLFStats1 = -0.0690918 +/- 0.262958,CSVLFStats2 = -0.129078 +/- 0.798828,Q2scale_VV = -6.96739e-07 +/- 0.441874,Q2scale_Wj = -0.00124407 +/- 0.781053,Q2scale_tHW = 1.33642e-05 +/- 0.79845,Q2scale_tHq = -0.000250702 +/- 0.792703,Q2scale_tt1b = -0.218335 +/- 0.498068,Q2scale_tt2b = -0.133507 +/- 0.516249,Q2scale_ttH = -0.00496301 +/- 0.786659,Q2scale_ttW = -0.00420308 +/- 0.808035,Q2scale_ttbb = -0.259037 +/- 0.415579,Q2scale_ttcc = -0.197036 +/- 0.272103,Q2scale_ttlf = 0.56558 +/- 0.189587,QCDscale_ST = 0.00777503 +/- 0.796677,lumi_13TeV = -0.0950998 +/- 0.475488,pdf_gg = -0.11234 +/- 0.397733,pdf_qg = 0.0077723 +/- 0.799158,pdf_qqbar = 0.00112275 +/- 0.798207,pu = -0.155208 +/- 0.729857,r = -6.78102 +/- 1.22094)
WARNING: underflow to -1.1981 in pdf_bintH_4m_obsOnly for bin 9, weight 1
[#0] ERROR:Eval -- RooAbsReal::logEvalError(tH_4m) evaluation error, 
 origin       : RooAbsReal::tH_4m[ params=(CMS_eff_lep,CMS_jer,CMS_jes,CMS_tHq_tt1b,CMS_tHq_tt2b,CMS_tHq_ttbb,CMS_tHq_ttcc,CSVCErr1,CSVCErr2,CSVHF,CSVHFStats1,CSVHFStats2,CSVLF,CSVLFStats1,CSVLFStats2,Q2scale_VV,Q2scale_Wj,Q2scale_tHW,Q2scale_tHq,Q2scale_tt1b,Q2scale_tt2b,Q2scale_ttH,Q2scale_ttW,Q2scale_ttbb,Q2scale_ttcc,Q2scale_ttlf,QCDscale_ST,lumi_13TeV,pdf_gg,pdf_qg,pdf_qqbar,pu,r) ]
 message      : Number of events is negative or error
 server values: params=(CMS_eff_lep = -0.0706867 +/- 0.485008,CMS_jer = 0.132198 +/- 0.284923,CMS_jes = 0.142394 +/- 0.1959,CMS_tHq_tt1b = 0.420731 +/- 0.193044,CMS_tHq_tt2b = 0.21917 +/- 0.224727,CMS_tHq_ttbb = 0.411828 +/- 0.130963,CMS_tHq_ttcc = 0.0987645 +/- 0.109967,CSVCErr1 = 1.04055 +/- 0.0729306,CSVCErr2 = -0.0618673 +/- 0.493268,CSVHF = -0.157474 +/- 0.153027,CSVHFStats1 = 0.259771 +/- 0.227325,CSVHFStats2 = -0.0625174 +/- 0.254141,CSVLF = -0.184718 +/- 0.12521,CSVLFStats1 = -0.0690918 +/- 0.262958,CSVLFStats2 = -0.129078 +/- 0.798828,Q2scale_VV = -6.96739e-07 +/- 0.441874,Q2scale_Wj = -0.00124407 +/- 0.781053,Q2scale_tHW = 1.33642e-05 +/- 0.79845,Q2scale_tHq = -0.000250702 +/- 0.792703,Q2scale_tt1b = -0.218335 +/- 0.498068,Q2scale_tt2b = -0.133507 +/- 0.516249,Q2scale_ttH = -0.00496301 +/- 0.786659,Q2scale_ttW = -0.00420308 +/- 0.808035,Q2scale_ttbb = -0.259037 +/- 0.415579,Q2scale_ttcc = -0.197036 +/- 0.272103,Q2scale_ttlf = 0.56558 +/- 0.189587,QCDscale_ST = 0.00777503 +/- 0.796677,lumi_13TeV = -0.0950998 +/- 0.475488,pdf_gg = -0.11234 +/- 0.397733,pdf_qg = 0.0077723 +/- 0.799158,pdf_qqbar = 0.00112275 +/- 0.798207,pu = -0.155208 +/- 0.729857,r = -6.78102 +/- 1.22094)
WARNING: underflow to -0.950492 in pdf_bintH_3m_obsOnly for bin 10, weight 1
[#0] ERROR:Eval -- RooAbsReal::logEvalError(tH_3m) evaluation error, 
 origin       : RooAbsReal::tH_3m[ params=(CMS_eff_lep,CMS_jer,CMS_jes,CMS_tHq_tt1b,CMS_tHq_tt2b,CMS_tHq_ttbb,CMS_tHq_ttcc,CSVCErr1,CSVCErr2,CSVHF,CSVHFStats1,CSVHFStats2,CSVLF,CSVLFStats1,CSVLFStats2,Q2scale_VV,Q2scale_Wj,Q2scale_tHW,Q2scale_tHq,Q2scale_tt1b,Q2scale_tt2b,Q2scale_ttH,Q2scale_ttW,Q2scale_ttbb,Q2scale_ttcc,Q2scale_ttlf,QCDscale_ST,lumi_13TeV,pdf_gg,pdf_qg,pdf_qqbar,pu,r) ]
 message      : Number of events is negative or error
 server values: params=(CMS_eff_lep = -0.0706867 +/- inf,CMS_jer = 0.132198 +/- inf,CMS_jes = 0.142394 +/- inf,CMS_tHq_tt1b = 0.420731 +/- inf,CMS_tHq_tt2b = 0.21917 +/- inf,CMS_tHq_ttbb = 0.411828 +/- inf,CMS_tHq_ttcc = 0.0987645 +/- inf,CSVCErr1 = 1.04055 +/- inf,CSVCErr2 = -0.0618673 +/- inf,CSVHF = -0.157474 +/- inf,CSVHFStats1 = 0.259771 +/- inf,CSVHFStats2 = -0.0625174 +/- inf,CSVLF = -0.184718 +/- inf,CSVLFStats1 = -0.0690918 +/- inf,CSVLFStats2 = -0.129078 +/- inf,Q2scale_VV = -6.96739e-07 +/- inf,Q2scale_Wj = -0.00124407 +/- inf,Q2scale_tHW = 1.33642e-05 +/- inf,Q2scale_tHq = -0.000250702 +/- inf,Q2scale_tt1b = -0.218335 +/- inf,Q2scale_tt2b = -0.133507 +/- inf,Q2scale_ttH = -0.00496301 +/- inf,Q2scale_ttW = -0.00420308 +/- inf,Q2scale_ttbb = -0.259037 +/- inf,Q2scale_ttcc = -0.197036 +/- inf,Q2scale_ttlf = 0.56558 +/- inf,QCDscale_ST = 0.00777503 +/- inf,lumi_13TeV = -0.0950998 +/- inf,pdf_gg = -0.11234 +/- inf,pdf_qg = 0.0077723 +/- inf,pdf_qqbar = 0.00112275 +/- inf,pu = -0.155208 +/- inf,r = -6.78102 +/- 1.22094)
WARNING: underflow to -1.1981 in pdf_bintH_4m_obsOnly for bin 9, weight 1
[#0] ERROR:Eval -- RooAbsReal::logEvalError(tH_4m) evaluation error, 
 origin       : RooAbsReal::tH_4m[ params=(CMS_eff_lep,CMS_jer,CMS_jes,CMS_tHq_tt1b,CMS_tHq_tt2b,CMS_tHq_ttbb,CMS_tHq_ttcc,CSVCErr1,CSVCErr2,CSVHF,CSVHFStats1,CSVHFStats2,CSVLF,CSVLFStats1,CSVLFStats2,Q2scale_VV,Q2scale_Wj,Q2scale_tHW,Q2scale_tHq,Q2scale_tt1b,Q2scale_tt2b,Q2scale_ttH,Q2scale_ttW,Q2scale_ttbb,Q2scale_ttcc,Q2scale_ttlf,QCDscale_ST,lumi_13TeV,pdf_gg,pdf_qg,pdf_qqbar,pu,r) ]
 message      : Number of events is negative or error
 server values: params=(CMS_eff_lep = -0.0706867 +/- inf,CMS_jer = 0.132198 +/- inf,CMS_jes = 0.142394 +/- inf,CMS_tHq_tt1b = 0.420731 +/- inf,CMS_tHq_tt2b = 0.21917 +/- inf,CMS_tHq_ttbb = 0.411828 +/- inf,CMS_tHq_ttcc = 0.0987645 +/- inf,CSVCErr1 = 1.04055 +/- inf,CSVCErr2 = -0.0618673 +/- inf,CSVHF = -0.157474 +/- inf,CSVHFStats1 = 0.259771 +/- inf,CSVHFStats2 = -0.0625174 +/- inf,CSVLF = -0.184718 +/- inf,CSVLFStats1 = -0.0690918 +/- inf,CSVLFStats2 = -0.129078 +/- inf,Q2scale_VV = -6.96739e-07 +/- inf,Q2scale_Wj = -0.00124407 +/- inf,Q2scale_tHW = 1.33642e-05 +/- inf,Q2scale_tHq = -0.000250702 +/- inf,Q2scale_tt1b = -0.218335 +/- inf,Q2scale_tt2b = -0.133507 +/- inf,Q2scale_ttH = -0.00496301 +/- inf,Q2scale_ttW = -0.00420308 +/- inf,Q2scale_ttbb = -0.259037 +/- inf,Q2scale_ttcc = -0.197036 +/- inf,Q2scale_ttlf = 0.56558 +/- inf,QCDscale_ST = 0.00777503 +/- inf,lumi_13TeV = -0.0950998 +/- inf,pdf_gg = -0.11234 +/- inf,pdf_qg = 0.0077723 +/- inf,pdf_qqbar = 0.00112275 +/- inf,pu = -0.155208 +/- inf,r = -6.78102 +/- 1.22094)
-6.781018    -18000022564.76615  -18000022564.76615    -6.748538
WARNING: underflow to -0.0363328 in pdf_bintH_4m_obsOnly for bin 10, weight 1
[#0] ERROR:Eval -- RooAbsReal::logEvalError(tH_4m) evaluation error, 
 origin       : RooAbsReal::tH_4m[ params=(CMS_eff_lep,CMS_jer,CMS_jes,CMS_tHq_tt1b,CMS_tHq_tt2b,CMS_tHq_ttbb,CMS_tHq_ttcc,CSVCErr1,CSVCErr2,CSVHF,CSVHFStats1,CSVHFStats2,CSVLF,CSVLFStats1,CSVLFStats2,Q2scale_VV,Q2scale_Wj,Q2scale_tHW,Q2scale_tHq,Q2scale_tt1b,Q2scale_tt2b,Q2scale_ttH,Q2scale_ttW,Q2scale_ttbb,Q2scale_ttcc,Q2scale_ttlf,QCDscale_ST,lumi_13TeV,pdf_gg,pdf_qg,pdf_qqbar,pu,r) ]
 message      : Number of events is negative or error
 server values: params=(CMS_eff_lep = -0.0706867 +/- 0.485008,CMS_jer = 0.132198 +/- 0.284923,CMS_jes = 0.142394 +/- 0.1959,CMS_tHq_tt1b = 0.420731 +/- 0.193044,CMS_tHq_tt2b = 0.21917 +/- 0.224727,CMS_tHq_ttbb = 0.411828 +/- 0.130963,CMS_tHq_ttcc = 0.0987645 +/- 0.109967,CSVCErr1 = 1.04055 +/- 0.0729306,CSVCErr2 = -0.0618673 +/- 0.493268,CSVHF = -0.157474 +/- 0.153027,CSVHFStats1 = 0.259771 +/- 0.227325,CSVHFStats2 = -0.0625174 +/- 0.254141,CSVLF = -0.184718 +/- 0.12521,CSVLFStats1 = -0.0690918 +/- 0.262958,CSVLFStats2 = -0.129078 +/- 0.798828,Q2scale_VV = -6.96739e-07 +/- 0.441874,Q2scale_Wj = -0.00124407 +/- 0.781053,Q2scale_tHW = 1.33642e-05 +/- 0.79845,Q2scale_tHq = -0.000250702 +/- 0.792703,Q2scale_tt1b = -0.218335 +/- 0.498068,Q2scale_tt2b = -0.133507 +/- 0.516249,Q2scale_ttH = -0.00496301 +/- 0.786659,Q2scale_ttW = -0.00420308 +/- 0.808035,Q2scale_ttbb = -0.259037 +/- 0.415579,Q2scale_ttcc = -0.197036 +/- 0.272103,Q2scale_ttlf = 0.56558 +/- 0.189587,QCDscale_ST = 0.00777503 +/- 0.796677,lumi_13TeV = -0.0950998 +/- 0.475488,pdf_gg = -0.11234 +/- 0.397733,pdf_qg = 0.0077723 +/- 0.799158,pdf_qqbar = 0.00112275 +/- 0.798207,pu = -0.155208 +/- 0.729857,r = -2.05704 +/- 1.22094)
WARNING: underflow to -0.0363328 in pdf_bintH_4m_obsOnly for bin 10, weight 1
[#0] ERROR:Eval -- RooAbsReal::logEvalError(tH_4m) evaluation error, 
 origin       : RooAbsReal::tH_4m[ params=(CMS_eff_lep,CMS_jer,CMS_jes,CMS_tHq_tt1b,CMS_tHq_tt2b,CMS_tHq_ttbb,CMS_tHq_ttcc,CSVCErr1,CSVCErr2,CSVHF,CSVHFStats1,CSVHFStats2,CSVLF,CSVLFStats1,CSVLFStats2,Q2scale_VV,Q2scale_Wj,Q2scale_tHW,Q2scale_tHq,Q2scale_tt1b,Q2scale_tt2b,Q2scale_ttH,Q2scale_ttW,Q2scale_ttbb,Q2scale_ttcc,Q2scale_ttlf,QCDscale_ST,lumi_13TeV,pdf_gg,pdf_qg,pdf_qqbar,pu,r) ]
 message      : Number of events is negative or error
 server values: params=(CMS_eff_lep = -0.0706867 +/- inf,CMS_jer = 0.132198 +/- inf,CMS_jes = 0.142394 +/- inf,CMS_tHq_tt1b = 0.420731 +/- inf,CMS_tHq_tt2b = 0.21917 +/- inf,CMS_tHq_ttbb = 0.411828 +/- inf,CMS_tHq_ttcc = 0.0987645 +/- inf,CSVCErr1 = 1.04055 +/- inf,CSVCErr2 = -0.0618673 +/- inf,CSVHF = -0.157474 +/- inf,CSVHFStats1 = 0.259771 +/- inf,CSVHFStats2 = -0.0625174 +/- inf,CSVLF = -0.184718 +/- inf,CSVLFStats1 = -0.0690918 +/- inf,CSVLFStats2 = -0.129078 +/- inf,Q2scale_VV = -6.96739e-07 +/- inf,Q2scale_Wj = -0.00124407 +/- inf,Q2scale_tHW = 1.33642e-05 +/- inf,Q2scale_tHq = -0.000250702 +/- inf,Q2scale_tt1b = -0.218335 +/- inf,Q2scale_tt2b = -0.133507 +/- inf,Q2scale_ttH = -0.00496301 +/- inf,Q2scale_ttW = -0.00420308 +/- inf,Q2scale_ttbb = -0.259037 +/- inf,Q2scale_ttcc = -0.197036 +/- inf,Q2scale_ttlf = 0.56558 +/- inf,QCDscale_ST = 0.00777503 +/- inf,lumi_13TeV = -0.0950998 +/- inf,pdf_gg = -0.11234 +/- inf,pdf_qg = 0.0077723 +/- inf,pdf_qqbar = 0.00112275 +/- inf,pu = -0.155208 +/- inf,r = -2.05704 +/- 1.22094)
-2.057041    -9000000441.34551  -18000022564.76615    -2.024562
-0.639848    +0.33572  -9000000441.34551    -0.607368
-1.247216    -0.14144  +0.33572    -0.607368
-0.822058    +0.22940  -0.14144    -0.182211
-1.004269    +0.09042  +0.22940    -0.182211
-1.186479    -0.08108  +0.09042    -0.182211
-1.058932    +0.03903  -0.08108    -0.054663
-1.113595    -0.00994  +0.03903    -0.054663
-1.075331    +0.02573  -0.00994    -0.016399
-1.091730    +0.00913  +0.02573    -0.016399
-1.108129    -0.00817  +0.00913    -0.016399
-1.096650    +0.00401  -0.00817    -0.004920
-1.101569    -0.00117  +0.00401    -0.004920
-1.098126    +0.00246  -0.00117    -0.001476
-1.099601    +0.00091  +0.00246    -0.001476
-1.101077    -0.00065  +0.00091    -0.001476
-1.100044    +0.00044  -0.00065    -0.000443
-1.100487    -0.00002  +0.00044    -0.000443

 --- MaxLikelihoodFit ---
Best fit r: -0.0324793  -1.06803/+1.20564  (68% CL)
nll S+B -> -62.2175  nll B -> -62.7425
Done in 0.32 min (cpu), 0.33 min (real)
