>>> including systematics
>>> method used to compute upper limit is MaxLikelihoodFit
>>> random number generator seed is 123456
[?1034hComputing limit starting from observation
Created Branches
Searching for crossing at nll = -22742.1 in the interval -0.819216, 150
      r      lvl-here  lvl-there   stepping
36.885588    -98.61043  +0.49447    37.704804
10.492225    -9.36250  -98.61043    11.311441
2.574216    -1.18651  -9.36250    3.393432
0.198814    +0.29235  -1.18651    1.018030
1.216843    -0.22763  +0.29235    1.018030
0.504223    +0.15649  -0.22763    0.305409
0.809631    -0.01615  +0.15649    0.305409
0.595845    +0.10696  -0.01615    0.091623
0.687468    +0.05227  +0.10696    0.091623
0.779091    -0.00172  +0.05227    0.091623
0.714955    +0.03681  -0.00172    0.027487
0.742442    +0.02072  +0.03681    0.027487
0.769928    +0.00399  +0.02072    0.027487
0.797415    -0.01336  +0.00399    0.027487
0.778174    -0.00115  -0.01336    0.008246
Searching for crossing at nll = -22742.1 in the interval -0.819216, -150
      r      lvl-here  lvl-there   stepping
WARNING: underflow to -96.9309 in pdf_bintH_3m_obsOnly for bin 6, weight 347
[#0] ERROR:Eval -- RooAbsReal::logEvalError(tH_3m) evaluation error, 
 origin       : RooAbsReal::tH_3m[ params=(CMS_eff_lep,CMS_jer,CMS_jes,CMS_tHq_tt1b,CMS_tHq_tt2b,CMS_tHq_ttbb,CMS_tHq_ttcc,CSVCErr1,CSVCErr2,CSVHF,CSVHFStats1,CSVHFStats2,CSVLF,CSVLFStats1,CSVLFStats2,Q2scale_VV,Q2scale_Wj,Q2scale_tHW,Q2scale_tHq,Q2scale_tt1b,Q2scale_tt2b,Q2scale_ttH,Q2scale_ttW,Q2scale_ttbb,Q2scale_ttcc,Q2scale_ttlf,QCDscale_ST,lumi_13TeV,pdf_gg,pdf_qg,pdf_qqbar,pu,r) ]
 message      : Number of events is negative or error
 server values: params=(CMS_eff_lep = -0.0816222 +/- 0.494759,CMS_jer = 0.255876 +/- 0.303637,CMS_jes = 0.368488 +/- 0.214424,CMS_tHq_tt1b = 0.208526 +/- 0.218221,CMS_tHq_tt2b = 0.210404 +/- 0.413185,CMS_tHq_ttbb = 0.333998 +/- 0.146843,CMS_tHq_ttcc = -0.149543 +/- 0.122894,CSVCErr1 = 1.06402 +/- 0.0837423,CSVCErr2 = -0.104422 +/- 0.504276,CSVHF = -0.691305 +/- 0.165762,CSVHFStats1 = 0.329768 +/- 0.188781,CSVHFStats2 = -0.114365 +/- 0.259489,CSVLF = -0.222951 +/- 0.100674,CSVLFStats1 = -0.169024 +/- 0.182588,CSVLFStats2 = -0.101789 +/- 0.874144,Q2scale_VV = -1.06953e-05 +/- 0.365248,Q2scale_Wj = 0.0820465 +/- 0.766266,Q2scale_tHW = 0.00188795 +/- 0.837115,Q2scale_tHq = -0.011606 +/- 0.802116,Q2scale_tt1b = -0.0940263 +/- 0.503301,Q2scale_tt2b = -0.121109 +/- 0.478849,Q2scale_ttH = 0.000932257 +/- 0.798541,Q2scale_ttW = 0.00887786 +/- 0.803122,Q2scale_ttbb = -0.234838 +/- 0.265504,Q2scale_ttcc = -0.0762424 +/- 0.284134,Q2scale_ttlf = 0.5373 +/- 0.182816,QCDscale_ST = 0.0245397 +/- 0.806918,lumi_13TeV = -0.109807 +/- 0.222411,pdf_gg = -0.135612 +/- 0.224731,pdf_qg = 0.0244466 +/- 0.813131,pdf_qqbar = -0.00623425 +/- 0.798589,pu = -0.0591833 +/- 0.84673,r = -75.4096 +/- 1.73526)
WARNING: underflow to -8.27067 in pdf_bintH_4m_obsOnly for bin 3, weight 46
[#0] ERROR:Eval -- RooAbsReal::logEvalError(tH_4m) evaluation error, 
 origin       : RooAbsReal::tH_4m[ params=(CMS_eff_lep,CMS_jer,CMS_jes,CMS_tHq_tt1b,CMS_tHq_tt2b,CMS_tHq_ttbb,CMS_tHq_ttcc,CSVCErr1,CSVCErr2,CSVHF,CSVHFStats1,CSVHFStats2,CSVLF,CSVLFStats1,CSVLFStats2,Q2scale_VV,Q2scale_Wj,Q2scale_tHW,Q2scale_tHq,Q2scale_tt1b,Q2scale_tt2b,Q2scale_ttH,Q2scale_ttW,Q2scale_ttbb,Q2scale_ttcc,Q2scale_ttlf,QCDscale_ST,lumi_13TeV,pdf_gg,pdf_qg,pdf_qqbar,pu,r) ]
 message      : Number of events is negative or error
 server values: params=(CMS_eff_lep = -0.0816222 +/- 0.494759,CMS_jer = 0.255876 +/- 0.303637,CMS_jes = 0.368488 +/- 0.214424,CMS_tHq_tt1b = 0.208526 +/- 0.218221,CMS_tHq_tt2b = 0.210404 +/- 0.413185,CMS_tHq_ttbb = 0.333998 +/- 0.146843,CMS_tHq_ttcc = -0.149543 +/- 0.122894,CSVCErr1 = 1.06402 +/- 0.0837423,CSVCErr2 = -0.104422 +/- 0.504276,CSVHF = -0.691305 +/- 0.165762,CSVHFStats1 = 0.329768 +/- 0.188781,CSVHFStats2 = -0.114365 +/- 0.259489,CSVLF = -0.222951 +/- 0.100674,CSVLFStats1 = -0.169024 +/- 0.182588,CSVLFStats2 = -0.101789 +/- 0.874144,Q2scale_VV = -1.06953e-05 +/- 0.365248,Q2scale_Wj = 0.0820465 +/- 0.766266,Q2scale_tHW = 0.00188795 +/- 0.837115,Q2scale_tHq = -0.011606 +/- 0.802116,Q2scale_tt1b = -0.0940263 +/- 0.503301,Q2scale_tt2b = -0.121109 +/- 0.478849,Q2scale_ttH = 0.000932257 +/- 0.798541,Q2scale_ttW = 0.00887786 +/- 0.803122,Q2scale_ttbb = -0.234838 +/- 0.265504,Q2scale_ttcc = -0.0762424 +/- 0.284134,Q2scale_ttlf = 0.5373 +/- 0.182816,QCDscale_ST = 0.0245397 +/- 0.806918,lumi_13TeV = -0.109807 +/- 0.222411,pdf_gg = -0.135612 +/- 0.224731,pdf_qg = 0.0244466 +/- 0.813131,pdf_qqbar = -0.00623425 +/- 0.798589,pu = -0.0591833 +/- 0.84673,r = -75.4096 +/- 1.73526)
WARNING: underflow to -96.9309 in pdf_bintH_3m_obsOnly for bin 6, weight 347
[#0] ERROR:Eval -- RooAbsReal::logEvalError(tH_3m) evaluation error, 
 origin       : RooAbsReal::tH_3m[ params=(CMS_eff_lep,CMS_jer,CMS_jes,CMS_tHq_tt1b,CMS_tHq_tt2b,CMS_tHq_ttbb,CMS_tHq_ttcc,CSVCErr1,CSVCErr2,CSVHF,CSVHFStats1,CSVHFStats2,CSVLF,CSVLFStats1,CSVLFStats2,Q2scale_VV,Q2scale_Wj,Q2scale_tHW,Q2scale_tHq,Q2scale_tt1b,Q2scale_tt2b,Q2scale_ttH,Q2scale_ttW,Q2scale_ttbb,Q2scale_ttcc,Q2scale_ttlf,QCDscale_ST,lumi_13TeV,pdf_gg,pdf_qg,pdf_qqbar,pu,r) ]
 message      : Number of events is negative or error
 server values: params=(CMS_eff_lep = -0.0816222 +/- inf,CMS_jer = 0.255876 +/- inf,CMS_jes = 0.368488 +/- inf,CMS_tHq_tt1b = 0.208526 +/- inf,CMS_tHq_tt2b = 0.210404 +/- inf,CMS_tHq_ttbb = 0.333998 +/- inf,CMS_tHq_ttcc = -0.149543 +/- inf,CSVCErr1 = 1.06402 +/- inf,CSVCErr2 = -0.104422 +/- inf,CSVHF = -0.691305 +/- inf,CSVHFStats1 = 0.329768 +/- inf,CSVHFStats2 = -0.114365 +/- inf,CSVLF = -0.222951 +/- inf,CSVLFStats1 = -0.169024 +/- inf,CSVLFStats2 = -0.101789 +/- inf,Q2scale_VV = -1.06953e-05 +/- inf,Q2scale_Wj = 0.0820465 +/- inf,Q2scale_tHW = 0.00188795 +/- inf,Q2scale_tHq = -0.011606 +/- inf,Q2scale_tt1b = -0.0940263 +/- inf,Q2scale_tt2b = -0.121109 +/- inf,Q2scale_ttH = 0.000932257 +/- inf,Q2scale_ttW = 0.00887786 +/- inf,Q2scale_ttbb = -0.234838 +/- inf,Q2scale_ttcc = -0.0762424 +/- inf,Q2scale_ttlf = 0.5373 +/- inf,QCDscale_ST = 0.0245397 +/- inf,lumi_13TeV = -0.109807 +/- inf,pdf_gg = -0.135612 +/- inf,pdf_qg = 0.0244466 +/- inf,pdf_qqbar = -0.00623425 +/- inf,pu = -0.0591833 +/- inf,r = -75.4096 +/- 1.73526)
WARNING: underflow to -8.27067 in pdf_bintH_4m_obsOnly for bin 3, weight 46
[#0] ERROR:Eval -- RooAbsReal::logEvalError(tH_4m) evaluation error, 
 origin       : RooAbsReal::tH_4m[ params=(CMS_eff_lep,CMS_jer,CMS_jes,CMS_tHq_tt1b,CMS_tHq_tt2b,CMS_tHq_ttbb,CMS_tHq_ttcc,CSVCErr1,CSVCErr2,CSVHF,CSVHFStats1,CSVHFStats2,CSVLF,CSVLFStats1,CSVLFStats2,Q2scale_VV,Q2scale_Wj,Q2scale_tHW,Q2scale_tHq,Q2scale_tt1b,Q2scale_tt2b,Q2scale_ttH,Q2scale_ttW,Q2scale_ttbb,Q2scale_ttcc,Q2scale_ttlf,QCDscale_ST,lumi_13TeV,pdf_gg,pdf_qg,pdf_qqbar,pu,r) ]
 message      : Number of events is negative or error
 server values: params=(CMS_eff_lep = -0.0816222 +/- inf,CMS_jer = 0.255876 +/- inf,CMS_jes = 0.368488 +/- inf,CMS_tHq_tt1b = 0.208526 +/- inf,CMS_tHq_tt2b = 0.210404 +/- inf,CMS_tHq_ttbb = 0.333998 +/- inf,CMS_tHq_ttcc = -0.149543 +/- inf,CSVCErr1 = 1.06402 +/- inf,CSVCErr2 = -0.104422 +/- inf,CSVHF = -0.691305 +/- inf,CSVHFStats1 = 0.329768 +/- inf,CSVHFStats2 = -0.114365 +/- inf,CSVLF = -0.222951 +/- inf,CSVLFStats1 = -0.169024 +/- inf,CSVLFStats2 = -0.101789 +/- inf,Q2scale_VV = -1.06953e-05 +/- inf,Q2scale_Wj = 0.0820465 +/- inf,Q2scale_tHW = 0.00188795 +/- inf,Q2scale_tHq = -0.011606 +/- inf,Q2scale_tt1b = -0.0940263 +/- inf,Q2scale_tt2b = -0.121109 +/- inf,Q2scale_ttH = 0.000932257 +/- inf,Q2scale_ttW = 0.00887786 +/- inf,Q2scale_ttbb = -0.234838 +/- inf,Q2scale_ttcc = -0.0762424 +/- inf,Q2scale_ttlf = 0.5373 +/- inf,QCDscale_ST = 0.0245397 +/- inf,lumi_13TeV = -0.109807 +/- inf,pdf_gg = -0.135612 +/- inf,pdf_qg = 0.0244466 +/- inf,pdf_qqbar = -0.00623425 +/- inf,pu = -0.0591833 +/- inf,r = -75.4096 +/- 1.73526)
-75.409608    -18000022743.41179  +0.49447    -74.590392
WARNING: underflow to -13.5485 in pdf_bintH_3m_obsOnly for bin 8, weight 47
[#0] ERROR:Eval -- RooAbsReal::logEvalError(tH_3m) evaluation error, 
 origin       : RooAbsReal::tH_3m[ params=(CMS_eff_lep,CMS_jer,CMS_jes,CMS_tHq_tt1b,CMS_tHq_tt2b,CMS_tHq_ttbb,CMS_tHq_ttcc,CSVCErr1,CSVCErr2,CSVHF,CSVHFStats1,CSVHFStats2,CSVLF,CSVLFStats1,CSVLFStats2,Q2scale_VV,Q2scale_Wj,Q2scale_tHW,Q2scale_tHq,Q2scale_tt1b,Q2scale_tt2b,Q2scale_ttH,Q2scale_ttW,Q2scale_ttbb,Q2scale_ttcc,Q2scale_ttlf,QCDscale_ST,lumi_13TeV,pdf_gg,pdf_qg,pdf_qqbar,pu,r) ]
 message      : Number of events is negative or error
 server values: params=(CMS_eff_lep = -0.0816222 +/- 0.494759,CMS_jer = 0.255876 +/- 0.303637,CMS_jes = 0.368488 +/- 0.214424,CMS_tHq_tt1b = 0.208526 +/- 0.218221,CMS_tHq_tt2b = 0.210404 +/- 0.413185,CMS_tHq_ttbb = 0.333998 +/- 0.146843,CMS_tHq_ttcc = -0.149543 +/- 0.122894,CSVCErr1 = 1.06402 +/- 0.0837423,CSVCErr2 = -0.104422 +/- 0.504276,CSVHF = -0.691305 +/- 0.165762,CSVHFStats1 = 0.329768 +/- 0.188781,CSVHFStats2 = -0.114365 +/- 0.259489,CSVLF = -0.222951 +/- 0.100674,CSVLFStats1 = -0.169024 +/- 0.182588,CSVLFStats2 = -0.101789 +/- 0.874144,Q2scale_VV = -1.06953e-05 +/- 0.365248,Q2scale_Wj = 0.0820465 +/- 0.766266,Q2scale_tHW = 0.00188795 +/- 0.837115,Q2scale_tHq = -0.011606 +/- 0.802116,Q2scale_tt1b = -0.0940263 +/- 0.503301,Q2scale_tt2b = -0.121109 +/- 0.478849,Q2scale_ttH = 0.000932257 +/- 0.798541,Q2scale_ttW = 0.00887786 +/- 0.803122,Q2scale_ttbb = -0.234838 +/- 0.265504,Q2scale_ttcc = -0.0762424 +/- 0.284134,Q2scale_ttlf = 0.5373 +/- 0.182816,QCDscale_ST = 0.0245397 +/- 0.806918,lumi_13TeV = -0.109807 +/- 0.222411,pdf_gg = -0.135612 +/- 0.224731,pdf_qg = 0.0244466 +/- 0.813131,pdf_qqbar = -0.00623425 +/- 0.798589,pu = -0.0591833 +/- 0.84673,r = -23.1963 +/- 1.73526)
WARNING: underflow to -6.61848 in pdf_bintH_4m_obsOnly for bin 6, weight 13
[#0] ERROR:Eval -- RooAbsReal::logEvalError(tH_4m) evaluation error, 
 origin       : RooAbsReal::tH_4m[ params=(CMS_eff_lep,CMS_jer,CMS_jes,CMS_tHq_tt1b,CMS_tHq_tt2b,CMS_tHq_ttbb,CMS_tHq_ttcc,CSVCErr1,CSVCErr2,CSVHF,CSVHFStats1,CSVHFStats2,CSVLF,CSVLFStats1,CSVLFStats2,Q2scale_VV,Q2scale_Wj,Q2scale_tHW,Q2scale_tHq,Q2scale_tt1b,Q2scale_tt2b,Q2scale_ttH,Q2scale_ttW,Q2scale_ttbb,Q2scale_ttcc,Q2scale_ttlf,QCDscale_ST,lumi_13TeV,pdf_gg,pdf_qg,pdf_qqbar,pu,r) ]
 message      : Number of events is negative or error
 server values: params=(CMS_eff_lep = -0.0816222 +/- 0.494759,CMS_jer = 0.255876 +/- 0.303637,CMS_jes = 0.368488 +/- 0.214424,CMS_tHq_tt1b = 0.208526 +/- 0.218221,CMS_tHq_tt2b = 0.210404 +/- 0.413185,CMS_tHq_ttbb = 0.333998 +/- 0.146843,CMS_tHq_ttcc = -0.149543 +/- 0.122894,CSVCErr1 = 1.06402 +/- 0.0837423,CSVCErr2 = -0.104422 +/- 0.504276,CSVHF = -0.691305 +/- 0.165762,CSVHFStats1 = 0.329768 +/- 0.188781,CSVHFStats2 = -0.114365 +/- 0.259489,CSVLF = -0.222951 +/- 0.100674,CSVLFStats1 = -0.169024 +/- 0.182588,CSVLFStats2 = -0.101789 +/- 0.874144,Q2scale_VV = -1.06953e-05 +/- 0.365248,Q2scale_Wj = 0.0820465 +/- 0.766266,Q2scale_tHW = 0.00188795 +/- 0.837115,Q2scale_tHq = -0.011606 +/- 0.802116,Q2scale_tt1b = -0.0940263 +/- 0.503301,Q2scale_tt2b = -0.121109 +/- 0.478849,Q2scale_ttH = 0.000932257 +/- 0.798541,Q2scale_ttW = 0.00887786 +/- 0.803122,Q2scale_ttbb = -0.234838 +/- 0.265504,Q2scale_ttcc = -0.0762424 +/- 0.284134,Q2scale_ttlf = 0.5373 +/- 0.182816,QCDscale_ST = 0.0245397 +/- 0.806918,lumi_13TeV = -0.109807 +/- 0.222411,pdf_gg = -0.135612 +/- 0.224731,pdf_qg = 0.0244466 +/- 0.813131,pdf_qqbar = -0.00623425 +/- 0.798589,pu = -0.0591833 +/- 0.84673,r = -23.1963 +/- 1.73526)
WARNING: underflow to -13.5485 in pdf_bintH_3m_obsOnly for bin 8, weight 47
[#0] ERROR:Eval -- RooAbsReal::logEvalError(tH_3m) evaluation error, 
 origin       : RooAbsReal::tH_3m[ params=(CMS_eff_lep,CMS_jer,CMS_jes,CMS_tHq_tt1b,CMS_tHq_tt2b,CMS_tHq_ttbb,CMS_tHq_ttcc,CSVCErr1,CSVCErr2,CSVHF,CSVHFStats1,CSVHFStats2,CSVLF,CSVLFStats1,CSVLFStats2,Q2scale_VV,Q2scale_Wj,Q2scale_tHW,Q2scale_tHq,Q2scale_tt1b,Q2scale_tt2b,Q2scale_ttH,Q2scale_ttW,Q2scale_ttbb,Q2scale_ttcc,Q2scale_ttlf,QCDscale_ST,lumi_13TeV,pdf_gg,pdf_qg,pdf_qqbar,pu,r) ]
 message      : Number of events is negative or error
 server values: params=(CMS_eff_lep = -0.0816222 +/- inf,CMS_jer = 0.255876 +/- inf,CMS_jes = 0.368488 +/- inf,CMS_tHq_tt1b = 0.208526 +/- inf,CMS_tHq_tt2b = 0.210404 +/- inf,CMS_tHq_ttbb = 0.333998 +/- inf,CMS_tHq_ttcc = -0.149543 +/- inf,CSVCErr1 = 1.06402 +/- inf,CSVCErr2 = -0.104422 +/- inf,CSVHF = -0.691305 +/- inf,CSVHFStats1 = 0.329768 +/- inf,CSVHFStats2 = -0.114365 +/- inf,CSVLF = -0.222951 +/- inf,CSVLFStats1 = -0.169024 +/- inf,CSVLFStats2 = -0.101789 +/- inf,Q2scale_VV = -1.06953e-05 +/- inf,Q2scale_Wj = 0.0820465 +/- inf,Q2scale_tHW = 0.00188795 +/- inf,Q2scale_tHq = -0.011606 +/- inf,Q2scale_tt1b = -0.0940263 +/- inf,Q2scale_tt2b = -0.121109 +/- inf,Q2scale_ttH = 0.000932257 +/- inf,Q2scale_ttW = 0.00887786 +/- inf,Q2scale_ttbb = -0.234838 +/- inf,Q2scale_ttcc = -0.0762424 +/- inf,Q2scale_ttlf = 0.5373 +/- inf,QCDscale_ST = 0.0245397 +/- inf,lumi_13TeV = -0.109807 +/- inf,pdf_gg = -0.135612 +/- inf,pdf_qg = 0.0244466 +/- inf,pdf_qqbar = -0.00623425 +/- inf,pu = -0.0591833 +/- inf,r = -23.1963 +/- 1.73526)
WARNING: underflow to -6.61848 in pdf_bintH_4m_obsOnly for bin 6, weight 13
[#0] ERROR:Eval -- RooAbsReal::logEvalError(tH_4m) evaluation error, 
 origin       : RooAbsReal::tH_4m[ params=(CMS_eff_lep,CMS_jer,CMS_jes,CMS_tHq_tt1b,CMS_tHq_tt2b,CMS_tHq_ttbb,CMS_tHq_ttcc,CSVCErr1,CSVCErr2,CSVHF,CSVHFStats1,CSVHFStats2,CSVLF,CSVLFStats1,CSVLFStats2,Q2scale_VV,Q2scale_Wj,Q2scale_tHW,Q2scale_tHq,Q2scale_tt1b,Q2scale_tt2b,Q2scale_ttH,Q2scale_ttW,Q2scale_ttbb,Q2scale_ttcc,Q2scale_ttlf,QCDscale_ST,lumi_13TeV,pdf_gg,pdf_qg,pdf_qqbar,pu,r) ]
 message      : Number of events is negative or error
 server values: params=(CMS_eff_lep = -0.0816222 +/- inf,CMS_jer = 0.255876 +/- inf,CMS_jes = 0.368488 +/- inf,CMS_tHq_tt1b = 0.208526 +/- inf,CMS_tHq_tt2b = 0.210404 +/- inf,CMS_tHq_ttbb = 0.333998 +/- inf,CMS_tHq_ttcc = -0.149543 +/- inf,CSVCErr1 = 1.06402 +/- inf,CSVCErr2 = -0.104422 +/- inf,CSVHF = -0.691305 +/- inf,CSVHFStats1 = 0.329768 +/- inf,CSVHFStats2 = -0.114365 +/- inf,CSVLF = -0.222951 +/- inf,CSVLFStats1 = -0.169024 +/- inf,CSVLFStats2 = -0.101789 +/- inf,Q2scale_VV = -1.06953e-05 +/- inf,Q2scale_Wj = 0.0820465 +/- inf,Q2scale_tHW = 0.00188795 +/- inf,Q2scale_tHq = -0.011606 +/- inf,Q2scale_tt1b = -0.0940263 +/- inf,Q2scale_tt2b = -0.121109 +/- inf,Q2scale_ttH = 0.000932257 +/- inf,Q2scale_ttW = 0.00887786 +/- inf,Q2scale_ttbb = -0.234838 +/- inf,Q2scale_ttcc = -0.0762424 +/- inf,Q2scale_ttlf = 0.5373 +/- inf,QCDscale_ST = 0.0245397 +/- inf,lumi_13TeV = -0.109807 +/- inf,pdf_gg = -0.135612 +/- inf,pdf_qg = 0.0244466 +/- inf,pdf_qqbar = -0.00623425 +/- inf,pu = -0.0591833 +/- inf,r = -23.1963 +/- 1.73526)
-23.196334    -18000022743.41179  -18000022743.41179    -22.377118
WARNING: underflow to -1.11399 in pdf_bintH_4m_obsOnly for bin 8, weight 1
[#0] ERROR:Eval -- RooAbsReal::logEvalError(tH_4m) evaluation error, 
 origin       : RooAbsReal::tH_4m[ params=(CMS_eff_lep,CMS_jer,CMS_jes,CMS_tHq_tt1b,CMS_tHq_tt2b,CMS_tHq_ttbb,CMS_tHq_ttcc,CSVCErr1,CSVCErr2,CSVHF,CSVHFStats1,CSVHFStats2,CSVLF,CSVLFStats1,CSVLFStats2,Q2scale_VV,Q2scale_Wj,Q2scale_tHW,Q2scale_tHq,Q2scale_tt1b,Q2scale_tt2b,Q2scale_ttH,Q2scale_ttW,Q2scale_ttbb,Q2scale_ttcc,Q2scale_ttlf,QCDscale_ST,lumi_13TeV,pdf_gg,pdf_qg,pdf_qqbar,pu,r) ]
 message      : Number of events is negative or error
 server values: params=(CMS_eff_lep = -0.0816222 +/- 0.494759,CMS_jer = 0.255876 +/- 0.303637,CMS_jes = 0.368488 +/- 0.214424,CMS_tHq_tt1b = 0.208526 +/- 0.218221,CMS_tHq_tt2b = 0.210404 +/- 0.413185,CMS_tHq_ttbb = 0.333998 +/- 0.146843,CMS_tHq_ttcc = -0.149543 +/- 0.122894,CSVCErr1 = 1.06402 +/- 0.0837423,CSVCErr2 = -0.104422 +/- 0.504276,CSVHF = -0.691305 +/- 0.165762,CSVHFStats1 = 0.329768 +/- 0.188781,CSVHFStats2 = -0.114365 +/- 0.259489,CSVLF = -0.222951 +/- 0.100674,CSVLFStats1 = -0.169024 +/- 0.182588,CSVLFStats2 = -0.101789 +/- 0.874144,Q2scale_VV = -1.06953e-05 +/- 0.365248,Q2scale_Wj = 0.0820465 +/- 0.766266,Q2scale_tHW = 0.00188795 +/- 0.837115,Q2scale_tHq = -0.011606 +/- 0.802116,Q2scale_tt1b = -0.0940263 +/- 0.503301,Q2scale_tt2b = -0.121109 +/- 0.478849,Q2scale_ttH = 0.000932257 +/- 0.798541,Q2scale_ttW = 0.00887786 +/- 0.803122,Q2scale_ttbb = -0.234838 +/- 0.265504,Q2scale_ttcc = -0.0762424 +/- 0.284134,Q2scale_ttlf = 0.5373 +/- 0.182816,QCDscale_ST = 0.0245397 +/- 0.806918,lumi_13TeV = -0.109807 +/- 0.222411,pdf_gg = -0.135612 +/- 0.224731,pdf_qg = 0.0244466 +/- 0.813131,pdf_qqbar = -0.00623425 +/- 0.798589,pu = -0.0591833 +/- 0.84673,r = -7.53235 +/- 1.73526)
WARNING: underflow to -1.11399 in pdf_bintH_4m_obsOnly for bin 8, weight 1
[#0] ERROR:Eval -- RooAbsReal::logEvalError(tH_4m) evaluation error, 
 origin       : RooAbsReal::tH_4m[ params=(CMS_eff_lep,CMS_jer,CMS_jes,CMS_tHq_tt1b,CMS_tHq_tt2b,CMS_tHq_ttbb,CMS_tHq_ttcc,CSVCErr1,CSVCErr2,CSVHF,CSVHFStats1,CSVHFStats2,CSVLF,CSVLFStats1,CSVLFStats2,Q2scale_VV,Q2scale_Wj,Q2scale_tHW,Q2scale_tHq,Q2scale_tt1b,Q2scale_tt2b,Q2scale_ttH,Q2scale_ttW,Q2scale_ttbb,Q2scale_ttcc,Q2scale_ttlf,QCDscale_ST,lumi_13TeV,pdf_gg,pdf_qg,pdf_qqbar,pu,r) ]
 message      : Number of events is negative or error
 server values: params=(CMS_eff_lep = -0.0816222 +/- inf,CMS_jer = 0.255876 +/- inf,CMS_jes = 0.368488 +/- inf,CMS_tHq_tt1b = 0.208526 +/- inf,CMS_tHq_tt2b = 0.210404 +/- inf,CMS_tHq_ttbb = 0.333998 +/- inf,CMS_tHq_ttcc = -0.149543 +/- inf,CSVCErr1 = 1.06402 +/- inf,CSVCErr2 = -0.104422 +/- inf,CSVHF = -0.691305 +/- inf,CSVHFStats1 = 0.329768 +/- inf,CSVHFStats2 = -0.114365 +/- inf,CSVLF = -0.222951 +/- inf,CSVLFStats1 = -0.169024 +/- inf,CSVLFStats2 = -0.101789 +/- inf,Q2scale_VV = -1.06953e-05 +/- inf,Q2scale_Wj = 0.0820465 +/- inf,Q2scale_tHW = 0.00188795 +/- inf,Q2scale_tHq = -0.011606 +/- inf,Q2scale_tt1b = -0.0940263 +/- inf,Q2scale_tt2b = -0.121109 +/- inf,Q2scale_ttH = 0.000932257 +/- inf,Q2scale_ttW = 0.00887786 +/- inf,Q2scale_ttbb = -0.234838 +/- inf,Q2scale_ttcc = -0.0762424 +/- inf,Q2scale_ttlf = 0.5373 +/- inf,QCDscale_ST = 0.0245397 +/- inf,lumi_13TeV = -0.109807 +/- inf,pdf_gg = -0.135612 +/- inf,pdf_qg = 0.0244466 +/- inf,pdf_qqbar = -0.00623425 +/- inf,pu = -0.0591833 +/- inf,r = -7.53235 +/- 1.73526)
-7.532351    -9000000495.19070  -18000022743.41179    -6.713135
-2.833157    -0.34119  -9000000495.19070    -2.013941
-1.423398    +0.41466  -0.34119    -0.604182
-2.027580    +0.20860  +0.41466    -0.604182
-2.631763    -0.13865  +0.20860    -0.604182
-2.208835    +0.11648  -0.13865    -0.181255
-2.390090    +0.00053  +0.11648    -0.181255
-2.571344    -0.12888  +0.00053    -0.181255
-2.444466    -0.03744  -0.12888    -0.054376
-2.406403    -0.01076  -0.03744    -0.016313
-2.394984    -0.00285  -0.01076    -0.004894
-2.391558    -0.00005  -0.00285    -0.001468

 --- MaxLikelihoodFit ---
Best fit r: -0.819216  -1.5724/+1.59739  (68% CL)
nll S+B -> -61.0295  nll B -> -61.7775
Done in 0.27 min (cpu), 0.28 min (real)
