>>> including systematics
>>> method used to compute upper limit is MaxLikelihoodFit
>>> random number generator seed is 123456
[?1034hComputing limit starting from observation
Created Branches
Searching for crossing at nll = -22378.3 in the interval 0.157867, 150
      r      lvl-here  lvl-there   stepping
75.078933    -503.09352  +0.49447    74.921067
22.634187    -16.94185  -503.09352    22.476320
6.900763    -2.96955  -16.94185    6.742896
2.180735    +0.05296  -2.96955    2.022869
4.203604    -0.86361  +0.05296    2.022869
2.787596    -0.23070  -0.86361    0.606861
2.362794    -0.03457  -0.23070    0.182058
2.235353    +0.02845  -0.03457    0.054617
2.289970    +0.00243  +0.02845    0.054617
2.344588    -0.01732  +0.00243    0.054617
2.306356    +0.00527  -0.01732    0.016385
2.322741    -0.00182  +0.00527    0.016385
Searching for crossing at nll = -22378.3 in the interval 0.157867, -150
      r      lvl-here  lvl-there   stepping
WARNING: underflow to -127.979 in pdf_bintH_3m_obsOnly for bin 7, weight 177
[#0] ERROR:Eval -- RooAbsReal::logEvalError(tH_3m) evaluation error, 
 origin       : RooAbsReal::tH_3m[ params=(CMS_eff_lep,CMS_jer,CMS_jes,CMS_tHq_tt1b,CMS_tHq_tt2b,CMS_tHq_ttbb,CMS_tHq_ttcc,CSVCErr1,CSVCErr2,CSVHF,CSVHFStats1,CSVHFStats2,CSVLF,CSVLFStats1,CSVLFStats2,Q2scale_VV,Q2scale_Wj,Q2scale_tHW,Q2scale_tHq,Q2scale_tt1b,Q2scale_tt2b,Q2scale_ttH,Q2scale_ttW,Q2scale_ttbb,Q2scale_ttcc,Q2scale_ttlf,QCDscale_ST,lumi_13TeV,pdf_gg,pdf_qg,pdf_qqbar,pu,r) ]
 message      : Number of events is negative or error
 server values: params=(CMS_eff_lep = -0.0841622 +/- 0.486361,CMS_jer = 0.144545 +/- 0.30789,CMS_jes = 0.291839 +/- 0.150378,CMS_tHq_tt1b = 0.262638 +/- 0.224641,CMS_tHq_tt2b = 0.200121 +/- 0.392451,CMS_tHq_ttbb = 0.318523 +/- 0.155294,CMS_tHq_ttcc = -0.109134 +/- 0.0949914,CSVCErr1 = 1.07062 +/- 0.0736482,CSVCErr2 = -0.0943107 +/- 0.498835,CSVHF = -0.562744 +/- 0.100228,CSVHFStats1 = 0.332077 +/- 0.183594,CSVHFStats2 = -0.0913701 +/- 0.261029,CSVLF = -0.218397 +/- 0.100378,CSVLFStats1 = -0.105059 +/- 0.194739,CSVLFStats2 = -0.0909216 +/- 0.871775,Q2scale_VV = -4.01997e-06 +/- 0.788212,Q2scale_Wj = 0.128497 +/- 0.816855,Q2scale_tHW = -0.000297294 +/- 0.770711,Q2scale_tHq = 0.001403 +/- 0.804815,Q2scale_tt1b = -0.142995 +/- 0.405043,Q2scale_tt2b = -0.138941 +/- 0.416014,Q2scale_ttH = -0.00351121 +/- 0.798518,Q2scale_ttW = 0.00246637 +/- 0.795411,Q2scale_ttbb = -0.21217 +/- 0.263729,Q2scale_ttcc = -0.0560626 +/- 0.283931,Q2scale_ttlf = 0.467656 +/- 0.130392,QCDscale_ST = 0.0100611 +/- 0.802368,lumi_13TeV = -0.113229 +/- 0.476079,pdf_gg = -0.114548 +/- 0.402728,pdf_qg = 0.010071 +/- 0.792347,pdf_qqbar = -0.0237649 +/- 0.781032,pu = -0.0993131 +/- 0.737293,r = -74.9211 +/- 2.33515)
WARNING: underflow to -0.516409 in pdf_bintH_4m_obsOnly for bin 4, weight 34
[#0] ERROR:Eval -- RooAbsReal::logEvalError(tH_4m) evaluation error, 
 origin       : RooAbsReal::tH_4m[ params=(CMS_eff_lep,CMS_jer,CMS_jes,CMS_tHq_tt1b,CMS_tHq_tt2b,CMS_tHq_ttbb,CMS_tHq_ttcc,CSVCErr1,CSVCErr2,CSVHF,CSVHFStats1,CSVHFStats2,CSVLF,CSVLFStats1,CSVLFStats2,Q2scale_VV,Q2scale_Wj,Q2scale_tHW,Q2scale_tHq,Q2scale_tt1b,Q2scale_tt2b,Q2scale_ttH,Q2scale_ttW,Q2scale_ttbb,Q2scale_ttcc,Q2scale_ttlf,QCDscale_ST,lumi_13TeV,pdf_gg,pdf_qg,pdf_qqbar,pu,r) ]
 message      : Number of events is negative or error
 server values: params=(CMS_eff_lep = -0.0841622 +/- 0.486361,CMS_jer = 0.144545 +/- 0.30789,CMS_jes = 0.291839 +/- 0.150378,CMS_tHq_tt1b = 0.262638 +/- 0.224641,CMS_tHq_tt2b = 0.200121 +/- 0.392451,CMS_tHq_ttbb = 0.318523 +/- 0.155294,CMS_tHq_ttcc = -0.109134 +/- 0.0949914,CSVCErr1 = 1.07062 +/- 0.0736482,CSVCErr2 = -0.0943107 +/- 0.498835,CSVHF = -0.562744 +/- 0.100228,CSVHFStats1 = 0.332077 +/- 0.183594,CSVHFStats2 = -0.0913701 +/- 0.261029,CSVLF = -0.218397 +/- 0.100378,CSVLFStats1 = -0.105059 +/- 0.194739,CSVLFStats2 = -0.0909216 +/- 0.871775,Q2scale_VV = -4.01997e-06 +/- 0.788212,Q2scale_Wj = 0.128497 +/- 0.816855,Q2scale_tHW = -0.000297294 +/- 0.770711,Q2scale_tHq = 0.001403 +/- 0.804815,Q2scale_tt1b = -0.142995 +/- 0.405043,Q2scale_tt2b = -0.138941 +/- 0.416014,Q2scale_ttH = -0.00351121 +/- 0.798518,Q2scale_ttW = 0.00246637 +/- 0.795411,Q2scale_ttbb = -0.21217 +/- 0.263729,Q2scale_ttcc = -0.0560626 +/- 0.283931,Q2scale_ttlf = 0.467656 +/- 0.130392,QCDscale_ST = 0.0100611 +/- 0.802368,lumi_13TeV = -0.113229 +/- 0.476079,pdf_gg = -0.114548 +/- 0.402728,pdf_qg = 0.010071 +/- 0.792347,pdf_qqbar = -0.0237649 +/- 0.781032,pu = -0.0993131 +/- 0.737293,r = -74.9211 +/- 2.33515)
WARNING: underflow to -127.979 in pdf_bintH_3m_obsOnly for bin 7, weight 177
[#0] ERROR:Eval -- RooAbsReal::logEvalError(tH_3m) evaluation error, 
 origin       : RooAbsReal::tH_3m[ params=(CMS_eff_lep,CMS_jer,CMS_jes,CMS_tHq_tt1b,CMS_tHq_tt2b,CMS_tHq_ttbb,CMS_tHq_ttcc,CSVCErr1,CSVCErr2,CSVHF,CSVHFStats1,CSVHFStats2,CSVLF,CSVLFStats1,CSVLFStats2,Q2scale_VV,Q2scale_Wj,Q2scale_tHW,Q2scale_tHq,Q2scale_tt1b,Q2scale_tt2b,Q2scale_ttH,Q2scale_ttW,Q2scale_ttbb,Q2scale_ttcc,Q2scale_ttlf,QCDscale_ST,lumi_13TeV,pdf_gg,pdf_qg,pdf_qqbar,pu,r) ]
 message      : Number of events is negative or error
 server values: params=(CMS_eff_lep = -0.0841622 +/- inf,CMS_jer = 0.144545 +/- inf,CMS_jes = 0.291839 +/- inf,CMS_tHq_tt1b = 0.262638 +/- inf,CMS_tHq_tt2b = 0.200121 +/- inf,CMS_tHq_ttbb = 0.318523 +/- inf,CMS_tHq_ttcc = -0.109134 +/- inf,CSVCErr1 = 1.07062 +/- inf,CSVCErr2 = -0.0943107 +/- inf,CSVHF = -0.562744 +/- inf,CSVHFStats1 = 0.332077 +/- inf,CSVHFStats2 = -0.0913701 +/- inf,CSVLF = -0.218397 +/- inf,CSVLFStats1 = -0.105059 +/- inf,CSVLFStats2 = -0.0909216 +/- inf,Q2scale_VV = -4.01997e-06 +/- inf,Q2scale_Wj = 0.128497 +/- inf,Q2scale_tHW = -0.000297294 +/- inf,Q2scale_tHq = 0.001403 +/- inf,Q2scale_tt1b = -0.142995 +/- inf,Q2scale_tt2b = -0.138941 +/- inf,Q2scale_ttH = -0.00351121 +/- inf,Q2scale_ttW = 0.00246637 +/- inf,Q2scale_ttbb = -0.21217 +/- inf,Q2scale_ttcc = -0.0560626 +/- inf,Q2scale_ttlf = 0.467656 +/- inf,QCDscale_ST = 0.0100611 +/- inf,lumi_13TeV = -0.113229 +/- inf,pdf_gg = -0.114548 +/- inf,pdf_qg = 0.010071 +/- inf,pdf_qqbar = -0.0237649 +/- inf,pu = -0.0993131 +/- inf,r = -74.9211 +/- 2.33515)
WARNING: underflow to -0.516409 in pdf_bintH_4m_obsOnly for bin 4, weight 34
[#0] ERROR:Eval -- RooAbsReal::logEvalError(tH_4m) evaluation error, 
 origin       : RooAbsReal::tH_4m[ params=(CMS_eff_lep,CMS_jer,CMS_jes,CMS_tHq_tt1b,CMS_tHq_tt2b,CMS_tHq_ttbb,CMS_tHq_ttcc,CSVCErr1,CSVCErr2,CSVHF,CSVHFStats1,CSVHFStats2,CSVLF,CSVLFStats1,CSVLFStats2,Q2scale_VV,Q2scale_Wj,Q2scale_tHW,Q2scale_tHq,Q2scale_tt1b,Q2scale_tt2b,Q2scale_ttH,Q2scale_ttW,Q2scale_ttbb,Q2scale_ttcc,Q2scale_ttlf,QCDscale_ST,lumi_13TeV,pdf_gg,pdf_qg,pdf_qqbar,pu,r) ]
 message      : Number of events is negative or error
 server values: params=(CMS_eff_lep = -0.0841622 +/- inf,CMS_jer = 0.144545 +/- inf,CMS_jes = 0.291839 +/- inf,CMS_tHq_tt1b = 0.262638 +/- inf,CMS_tHq_tt2b = 0.200121 +/- inf,CMS_tHq_ttbb = 0.318523 +/- inf,CMS_tHq_ttcc = -0.109134 +/- inf,CSVCErr1 = 1.07062 +/- inf,CSVCErr2 = -0.0943107 +/- inf,CSVHF = -0.562744 +/- inf,CSVHFStats1 = 0.332077 +/- inf,CSVHFStats2 = -0.0913701 +/- inf,CSVLF = -0.218397 +/- inf,CSVLFStats1 = -0.105059 +/- inf,CSVLFStats2 = -0.0909216 +/- inf,Q2scale_VV = -4.01997e-06 +/- inf,Q2scale_Wj = 0.128497 +/- inf,Q2scale_tHW = -0.000297294 +/- inf,Q2scale_tHq = 0.001403 +/- inf,Q2scale_tt1b = -0.142995 +/- inf,Q2scale_tt2b = -0.138941 +/- inf,Q2scale_ttH = -0.00351121 +/- inf,Q2scale_ttW = 0.00246637 +/- inf,Q2scale_ttbb = -0.21217 +/- inf,Q2scale_ttcc = -0.0560626 +/- inf,Q2scale_ttlf = 0.467656 +/- inf,QCDscale_ST = 0.0100611 +/- inf,lumi_13TeV = -0.113229 +/- inf,pdf_gg = -0.114548 +/- inf,pdf_qg = 0.010071 +/- inf,pdf_qqbar = -0.0237649 +/- inf,pu = -0.0993131 +/- inf,r = -74.9211 +/- 2.33515)
-74.921067    -18000022379.51626  +0.49447    -75.078933
WARNING: underflow to -13.0536 in pdf_bintH_3m_obsOnly for bin 9, weight 13
[#0] ERROR:Eval -- RooAbsReal::logEvalError(tH_3m) evaluation error, 
 origin       : RooAbsReal::tH_3m[ params=(CMS_eff_lep,CMS_jer,CMS_jes,CMS_tHq_tt1b,CMS_tHq_tt2b,CMS_tHq_ttbb,CMS_tHq_ttcc,CSVCErr1,CSVCErr2,CSVHF,CSVHFStats1,CSVHFStats2,CSVLF,CSVLFStats1,CSVLFStats2,Q2scale_VV,Q2scale_Wj,Q2scale_tHW,Q2scale_tHq,Q2scale_tt1b,Q2scale_tt2b,Q2scale_ttH,Q2scale_ttW,Q2scale_ttbb,Q2scale_ttcc,Q2scale_ttlf,QCDscale_ST,lumi_13TeV,pdf_gg,pdf_qg,pdf_qqbar,pu,r) ]
 message      : Number of events is negative or error
 server values: params=(CMS_eff_lep = -0.0841622 +/- 0.486361,CMS_jer = 0.144545 +/- 0.30789,CMS_jes = 0.291839 +/- 0.150378,CMS_tHq_tt1b = 0.262638 +/- 0.224641,CMS_tHq_tt2b = 0.200121 +/- 0.392451,CMS_tHq_ttbb = 0.318523 +/- 0.155294,CMS_tHq_ttcc = -0.109134 +/- 0.0949914,CSVCErr1 = 1.07062 +/- 0.0736482,CSVCErr2 = -0.0943107 +/- 0.498835,CSVHF = -0.562744 +/- 0.100228,CSVHFStats1 = 0.332077 +/- 0.183594,CSVHFStats2 = -0.0913701 +/- 0.261029,CSVLF = -0.218397 +/- 0.100378,CSVLFStats1 = -0.105059 +/- 0.194739,CSVLFStats2 = -0.0909216 +/- 0.871775,Q2scale_VV = -4.01997e-06 +/- 0.788212,Q2scale_Wj = 0.128497 +/- 0.816855,Q2scale_tHW = -0.000297294 +/- 0.770711,Q2scale_tHq = 0.001403 +/- 0.804815,Q2scale_tt1b = -0.142995 +/- 0.405043,Q2scale_tt2b = -0.138941 +/- 0.416014,Q2scale_ttH = -0.00351121 +/- 0.798518,Q2scale_ttW = 0.00246637 +/- 0.795411,Q2scale_ttbb = -0.21217 +/- 0.263729,Q2scale_ttcc = -0.0560626 +/- 0.283931,Q2scale_ttlf = 0.467656 +/- 0.130392,QCDscale_ST = 0.0100611 +/- 0.802368,lumi_13TeV = -0.113229 +/- 0.476079,pdf_gg = -0.114548 +/- 0.402728,pdf_qg = 0.010071 +/- 0.792347,pdf_qqbar = -0.0237649 +/- 0.781032,pu = -0.0993131 +/- 0.737293,r = -22.3658 +/- 2.33515)
WARNING: underflow to -2.69005 in pdf_bintH_4m_obsOnly for bin 7, weight 13
[#0] ERROR:Eval -- RooAbsReal::logEvalError(tH_4m) evaluation error, 
 origin       : RooAbsReal::tH_4m[ params=(CMS_eff_lep,CMS_jer,CMS_jes,CMS_tHq_tt1b,CMS_tHq_tt2b,CMS_tHq_ttbb,CMS_tHq_ttcc,CSVCErr1,CSVCErr2,CSVHF,CSVHFStats1,CSVHFStats2,CSVLF,CSVLFStats1,CSVLFStats2,Q2scale_VV,Q2scale_Wj,Q2scale_tHW,Q2scale_tHq,Q2scale_tt1b,Q2scale_tt2b,Q2scale_ttH,Q2scale_ttW,Q2scale_ttbb,Q2scale_ttcc,Q2scale_ttlf,QCDscale_ST,lumi_13TeV,pdf_gg,pdf_qg,pdf_qqbar,pu,r) ]
 message      : Number of events is negative or error
 server values: params=(CMS_eff_lep = -0.0841622 +/- 0.486361,CMS_jer = 0.144545 +/- 0.30789,CMS_jes = 0.291839 +/- 0.150378,CMS_tHq_tt1b = 0.262638 +/- 0.224641,CMS_tHq_tt2b = 0.200121 +/- 0.392451,CMS_tHq_ttbb = 0.318523 +/- 0.155294,CMS_tHq_ttcc = -0.109134 +/- 0.0949914,CSVCErr1 = 1.07062 +/- 0.0736482,CSVCErr2 = -0.0943107 +/- 0.498835,CSVHF = -0.562744 +/- 0.100228,CSVHFStats1 = 0.332077 +/- 0.183594,CSVHFStats2 = -0.0913701 +/- 0.261029,CSVLF = -0.218397 +/- 0.100378,CSVLFStats1 = -0.105059 +/- 0.194739,CSVLFStats2 = -0.0909216 +/- 0.871775,Q2scale_VV = -4.01997e-06 +/- 0.788212,Q2scale_Wj = 0.128497 +/- 0.816855,Q2scale_tHW = -0.000297294 +/- 0.770711,Q2scale_tHq = 0.001403 +/- 0.804815,Q2scale_tt1b = -0.142995 +/- 0.405043,Q2scale_tt2b = -0.138941 +/- 0.416014,Q2scale_ttH = -0.00351121 +/- 0.798518,Q2scale_ttW = 0.00246637 +/- 0.795411,Q2scale_ttbb = -0.21217 +/- 0.263729,Q2scale_ttcc = -0.0560626 +/- 0.283931,Q2scale_ttlf = 0.467656 +/- 0.130392,QCDscale_ST = 0.0100611 +/- 0.802368,lumi_13TeV = -0.113229 +/- 0.476079,pdf_gg = -0.114548 +/- 0.402728,pdf_qg = 0.010071 +/- 0.792347,pdf_qqbar = -0.0237649 +/- 0.781032,pu = -0.0993131 +/- 0.737293,r = -22.3658 +/- 2.33515)
WARNING: underflow to -13.0536 in pdf_bintH_3m_obsOnly for bin 9, weight 13
[#0] ERROR:Eval -- RooAbsReal::logEvalError(tH_3m) evaluation error, 
 origin       : RooAbsReal::tH_3m[ params=(CMS_eff_lep,CMS_jer,CMS_jes,CMS_tHq_tt1b,CMS_tHq_tt2b,CMS_tHq_ttbb,CMS_tHq_ttcc,CSVCErr1,CSVCErr2,CSVHF,CSVHFStats1,CSVHFStats2,CSVLF,CSVLFStats1,CSVLFStats2,Q2scale_VV,Q2scale_Wj,Q2scale_tHW,Q2scale_tHq,Q2scale_tt1b,Q2scale_tt2b,Q2scale_ttH,Q2scale_ttW,Q2scale_ttbb,Q2scale_ttcc,Q2scale_ttlf,QCDscale_ST,lumi_13TeV,pdf_gg,pdf_qg,pdf_qqbar,pu,r) ]
 message      : Number of events is negative or error
 server values: params=(CMS_eff_lep = -0.0841622 +/- inf,CMS_jer = 0.144545 +/- inf,CMS_jes = 0.291839 +/- inf,CMS_tHq_tt1b = 0.262638 +/- inf,CMS_tHq_tt2b = 0.200121 +/- inf,CMS_tHq_ttbb = 0.318523 +/- inf,CMS_tHq_ttcc = -0.109134 +/- inf,CSVCErr1 = 1.07062 +/- inf,CSVCErr2 = -0.0943107 +/- inf,CSVHF = -0.562744 +/- inf,CSVHFStats1 = 0.332077 +/- inf,CSVHFStats2 = -0.0913701 +/- inf,CSVLF = -0.218397 +/- inf,CSVLFStats1 = -0.105059 +/- inf,CSVLFStats2 = -0.0909216 +/- inf,Q2scale_VV = -4.01997e-06 +/- inf,Q2scale_Wj = 0.128497 +/- inf,Q2scale_tHW = -0.000297294 +/- inf,Q2scale_tHq = 0.001403 +/- inf,Q2scale_tt1b = -0.142995 +/- inf,Q2scale_tt2b = -0.138941 +/- inf,Q2scale_ttH = -0.00351121 +/- inf,Q2scale_ttW = 0.00246637 +/- inf,Q2scale_ttbb = -0.21217 +/- inf,Q2scale_ttcc = -0.0560626 +/- inf,Q2scale_ttlf = 0.467656 +/- inf,QCDscale_ST = 0.0100611 +/- inf,lumi_13TeV = -0.113229 +/- inf,pdf_gg = -0.114548 +/- inf,pdf_qg = 0.010071 +/- inf,pdf_qqbar = -0.0237649 +/- inf,pu = -0.0993131 +/- inf,r = -22.3658 +/- 2.33515)
WARNING: underflow to -2.69005 in pdf_bintH_4m_obsOnly for bin 7, weight 13
[#0] ERROR:Eval -- RooAbsReal::logEvalError(tH_4m) evaluation error, 
 origin       : RooAbsReal::tH_4m[ params=(CMS_eff_lep,CMS_jer,CMS_jes,CMS_tHq_tt1b,CMS_tHq_tt2b,CMS_tHq_ttbb,CMS_tHq_ttcc,CSVCErr1,CSVCErr2,CSVHF,CSVHFStats1,CSVHFStats2,CSVLF,CSVLFStats1,CSVLFStats2,Q2scale_VV,Q2scale_Wj,Q2scale_tHW,Q2scale_tHq,Q2scale_tt1b,Q2scale_tt2b,Q2scale_ttH,Q2scale_ttW,Q2scale_ttbb,Q2scale_ttcc,Q2scale_ttlf,QCDscale_ST,lumi_13TeV,pdf_gg,pdf_qg,pdf_qqbar,pu,r) ]
 message      : Number of events is negative or error
 server values: params=(CMS_eff_lep = -0.0841622 +/- inf,CMS_jer = 0.144545 +/- inf,CMS_jes = 0.291839 +/- inf,CMS_tHq_tt1b = 0.262638 +/- inf,CMS_tHq_tt2b = 0.200121 +/- inf,CMS_tHq_ttbb = 0.318523 +/- inf,CMS_tHq_ttcc = -0.109134 +/- inf,CSVCErr1 = 1.07062 +/- inf,CSVCErr2 = -0.0943107 +/- inf,CSVHF = -0.562744 +/- inf,CSVHFStats1 = 0.332077 +/- inf,CSVHFStats2 = -0.0913701 +/- inf,CSVLF = -0.218397 +/- inf,CSVLFStats1 = -0.105059 +/- inf,CSVLFStats2 = -0.0909216 +/- inf,Q2scale_VV = -4.01997e-06 +/- inf,Q2scale_Wj = 0.128497 +/- inf,Q2scale_tHW = -0.000297294 +/- inf,Q2scale_tHq = 0.001403 +/- inf,Q2scale_tt1b = -0.142995 +/- inf,Q2scale_tt2b = -0.138941 +/- inf,Q2scale_ttH = -0.00351121 +/- inf,Q2scale_ttW = 0.00246637 +/- inf,Q2scale_ttbb = -0.21217 +/- inf,Q2scale_ttcc = -0.0560626 +/- inf,Q2scale_ttlf = 0.467656 +/- inf,QCDscale_ST = 0.0100611 +/- inf,lumi_13TeV = -0.113229 +/- inf,pdf_gg = -0.114548 +/- inf,pdf_qg = 0.010071 +/- inf,pdf_qqbar = -0.0237649 +/- inf,pu = -0.0993131 +/- inf,r = -22.3658 +/- 2.33515)
-22.365813    -18000022379.51626  -18000022379.51626    -22.523680
WARNING: underflow to -0.294653 in pdf_bintH_3m_obsOnly for bin 10, weight 1
[#0] ERROR:Eval -- RooAbsReal::logEvalError(tH_3m) evaluation error, 
 origin       : RooAbsReal::tH_3m[ params=(CMS_eff_lep,CMS_jer,CMS_jes,CMS_tHq_tt1b,CMS_tHq_tt2b,CMS_tHq_ttbb,CMS_tHq_ttcc,CSVCErr1,CSVCErr2,CSVHF,CSVHFStats1,CSVHFStats2,CSVLF,CSVLFStats1,CSVLFStats2,Q2scale_VV,Q2scale_Wj,Q2scale_tHW,Q2scale_tHq,Q2scale_tt1b,Q2scale_tt2b,Q2scale_ttH,Q2scale_ttW,Q2scale_ttbb,Q2scale_ttcc,Q2scale_ttlf,QCDscale_ST,lumi_13TeV,pdf_gg,pdf_qg,pdf_qqbar,pu,r) ]
 message      : Number of events is negative or error
 server values: params=(CMS_eff_lep = -0.0841622 +/- 0.486361,CMS_jer = 0.144545 +/- 0.30789,CMS_jes = 0.291839 +/- 0.150378,CMS_tHq_tt1b = 0.262638 +/- 0.224641,CMS_tHq_tt2b = 0.200121 +/- 0.392451,CMS_tHq_ttbb = 0.318523 +/- 0.155294,CMS_tHq_ttcc = -0.109134 +/- 0.0949914,CSVCErr1 = 1.07062 +/- 0.0736482,CSVCErr2 = -0.0943107 +/- 0.498835,CSVHF = -0.562744 +/- 0.100228,CSVHFStats1 = 0.332077 +/- 0.183594,CSVHFStats2 = -0.0913701 +/- 0.261029,CSVLF = -0.218397 +/- 0.100378,CSVLFStats1 = -0.105059 +/- 0.194739,CSVLFStats2 = -0.0909216 +/- 0.871775,Q2scale_VV = -4.01997e-06 +/- 0.788212,Q2scale_Wj = 0.128497 +/- 0.816855,Q2scale_tHW = -0.000297294 +/- 0.770711,Q2scale_tHq = 0.001403 +/- 0.804815,Q2scale_tt1b = -0.142995 +/- 0.405043,Q2scale_tt2b = -0.138941 +/- 0.416014,Q2scale_ttH = -0.00351121 +/- 0.798518,Q2scale_ttW = 0.00246637 +/- 0.795411,Q2scale_ttbb = -0.21217 +/- 0.263729,Q2scale_ttcc = -0.0560626 +/- 0.283931,Q2scale_ttlf = 0.467656 +/- 0.130392,QCDscale_ST = 0.0100611 +/- 0.802368,lumi_13TeV = -0.113229 +/- 0.476079,pdf_gg = -0.114548 +/- 0.402728,pdf_qg = 0.010071 +/- 0.792347,pdf_qqbar = -0.0237649 +/- 0.781032,pu = -0.0993131 +/- 0.737293,r = -6.59924 +/- 2.33515)
WARNING: underflow to -0.412255 in pdf_bintH_4m_obsOnly for bin 9, weight 1
[#0] ERROR:Eval -- RooAbsReal::logEvalError(tH_4m) evaluation error, 
 origin       : RooAbsReal::tH_4m[ params=(CMS_eff_lep,CMS_jer,CMS_jes,CMS_tHq_tt1b,CMS_tHq_tt2b,CMS_tHq_ttbb,CMS_tHq_ttcc,CSVCErr1,CSVCErr2,CSVHF,CSVHFStats1,CSVHFStats2,CSVLF,CSVLFStats1,CSVLFStats2,Q2scale_VV,Q2scale_Wj,Q2scale_tHW,Q2scale_tHq,Q2scale_tt1b,Q2scale_tt2b,Q2scale_ttH,Q2scale_ttW,Q2scale_ttbb,Q2scale_ttcc,Q2scale_ttlf,QCDscale_ST,lumi_13TeV,pdf_gg,pdf_qg,pdf_qqbar,pu,r) ]
 message      : Number of events is negative or error
 server values: params=(CMS_eff_lep = -0.0841622 +/- 0.486361,CMS_jer = 0.144545 +/- 0.30789,CMS_jes = 0.291839 +/- 0.150378,CMS_tHq_tt1b = 0.262638 +/- 0.224641,CMS_tHq_tt2b = 0.200121 +/- 0.392451,CMS_tHq_ttbb = 0.318523 +/- 0.155294,CMS_tHq_ttcc = -0.109134 +/- 0.0949914,CSVCErr1 = 1.07062 +/- 0.0736482,CSVCErr2 = -0.0943107 +/- 0.498835,CSVHF = -0.562744 +/- 0.100228,CSVHFStats1 = 0.332077 +/- 0.183594,CSVHFStats2 = -0.0913701 +/- 0.261029,CSVLF = -0.218397 +/- 0.100378,CSVLFStats1 = -0.105059 +/- 0.194739,CSVLFStats2 = -0.0909216 +/- 0.871775,Q2scale_VV = -4.01997e-06 +/- 0.788212,Q2scale_Wj = 0.128497 +/- 0.816855,Q2scale_tHW = -0.000297294 +/- 0.770711,Q2scale_tHq = 0.001403 +/- 0.804815,Q2scale_tt1b = -0.142995 +/- 0.405043,Q2scale_tt2b = -0.138941 +/- 0.416014,Q2scale_ttH = -0.00351121 +/- 0.798518,Q2scale_ttW = 0.00246637 +/- 0.795411,Q2scale_ttbb = -0.21217 +/- 0.263729,Q2scale_ttcc = -0.0560626 +/- 0.283931,Q2scale_ttlf = 0.467656 +/- 0.130392,QCDscale_ST = 0.0100611 +/- 0.802368,lumi_13TeV = -0.113229 +/- 0.476079,pdf_gg = -0.114548 +/- 0.402728,pdf_qg = 0.010071 +/- 0.792347,pdf_qqbar = -0.0237649 +/- 0.781032,pu = -0.0993131 +/- 0.737293,r = -6.59924 +/- 2.33515)
WARNING: underflow to -0.294653 in pdf_bintH_3m_obsOnly for bin 10, weight 1
[#0] ERROR:Eval -- RooAbsReal::logEvalError(tH_3m) evaluation error, 
 origin       : RooAbsReal::tH_3m[ params=(CMS_eff_lep,CMS_jer,CMS_jes,CMS_tHq_tt1b,CMS_tHq_tt2b,CMS_tHq_ttbb,CMS_tHq_ttcc,CSVCErr1,CSVCErr2,CSVHF,CSVHFStats1,CSVHFStats2,CSVLF,CSVLFStats1,CSVLFStats2,Q2scale_VV,Q2scale_Wj,Q2scale_tHW,Q2scale_tHq,Q2scale_tt1b,Q2scale_tt2b,Q2scale_ttH,Q2scale_ttW,Q2scale_ttbb,Q2scale_ttcc,Q2scale_ttlf,QCDscale_ST,lumi_13TeV,pdf_gg,pdf_qg,pdf_qqbar,pu,r) ]
 message      : Number of events is negative or error
 server values: params=(CMS_eff_lep = -0.0841622 +/- inf,CMS_jer = 0.144545 +/- inf,CMS_jes = 0.291839 +/- inf,CMS_tHq_tt1b = 0.262638 +/- inf,CMS_tHq_tt2b = 0.200121 +/- inf,CMS_tHq_ttbb = 0.318523 +/- inf,CMS_tHq_ttcc = -0.109134 +/- inf,CSVCErr1 = 1.07062 +/- inf,CSVCErr2 = -0.0943107 +/- inf,CSVHF = -0.562744 +/- inf,CSVHFStats1 = 0.332077 +/- inf,CSVHFStats2 = -0.0913701 +/- inf,CSVLF = -0.218397 +/- inf,CSVLFStats1 = -0.105059 +/- inf,CSVLFStats2 = -0.0909216 +/- inf,Q2scale_VV = -4.01997e-06 +/- inf,Q2scale_Wj = 0.128497 +/- inf,Q2scale_tHW = -0.000297294 +/- inf,Q2scale_tHq = 0.001403 +/- inf,Q2scale_tt1b = -0.142995 +/- inf,Q2scale_tt2b = -0.138941 +/- inf,Q2scale_ttH = -0.00351121 +/- inf,Q2scale_ttW = 0.00246637 +/- inf,Q2scale_ttbb = -0.21217 +/- inf,Q2scale_ttcc = -0.0560626 +/- inf,Q2scale_ttlf = 0.467656 +/- inf,QCDscale_ST = 0.0100611 +/- inf,lumi_13TeV = -0.113229 +/- inf,pdf_gg = -0.114548 +/- inf,pdf_qg = 0.010071 +/- inf,pdf_qqbar = -0.0237649 +/- inf,pu = -0.0993131 +/- inf,r = -6.59924 +/- 2.33515)
WARNING: underflow to -0.412255 in pdf_bintH_4m_obsOnly for bin 9, weight 1
[#0] ERROR:Eval -- RooAbsReal::logEvalError(tH_4m) evaluation error, 
 origin       : RooAbsReal::tH_4m[ params=(CMS_eff_lep,CMS_jer,CMS_jes,CMS_tHq_tt1b,CMS_tHq_tt2b,CMS_tHq_ttbb,CMS_tHq_ttcc,CSVCErr1,CSVCErr2,CSVHF,CSVHFStats1,CSVHFStats2,CSVLF,CSVLFStats1,CSVLFStats2,Q2scale_VV,Q2scale_Wj,Q2scale_tHW,Q2scale_tHq,Q2scale_tt1b,Q2scale_tt2b,Q2scale_ttH,Q2scale_ttW,Q2scale_ttbb,Q2scale_ttcc,Q2scale_ttlf,QCDscale_ST,lumi_13TeV,pdf_gg,pdf_qg,pdf_qqbar,pu,r) ]
 message      : Number of events is negative or error
 server values: params=(CMS_eff_lep = -0.0841622 +/- inf,CMS_jer = 0.144545 +/- inf,CMS_jes = 0.291839 +/- inf,CMS_tHq_tt1b = 0.262638 +/- inf,CMS_tHq_tt2b = 0.200121 +/- inf,CMS_tHq_ttbb = 0.318523 +/- inf,CMS_tHq_ttcc = -0.109134 +/- inf,CSVCErr1 = 1.07062 +/- inf,CSVCErr2 = -0.0943107 +/- inf,CSVHF = -0.562744 +/- inf,CSVHFStats1 = 0.332077 +/- inf,CSVHFStats2 = -0.0913701 +/- inf,CSVLF = -0.218397 +/- inf,CSVLFStats1 = -0.105059 +/- inf,CSVLFStats2 = -0.0909216 +/- inf,Q2scale_VV = -4.01997e-06 +/- inf,Q2scale_Wj = 0.128497 +/- inf,Q2scale_tHW = -0.000297294 +/- inf,Q2scale_tHq = 0.001403 +/- inf,Q2scale_tt1b = -0.142995 +/- inf,Q2scale_tt2b = -0.138941 +/- inf,Q2scale_ttH = -0.00351121 +/- inf,Q2scale_ttW = 0.00246637 +/- inf,Q2scale_ttbb = -0.21217 +/- inf,Q2scale_ttcc = -0.0560626 +/- inf,Q2scale_ttlf = 0.467656 +/- inf,QCDscale_ST = 0.0100611 +/- inf,lumi_13TeV = -0.113229 +/- inf,pdf_gg = -0.114548 +/- inf,pdf_qg = 0.010071 +/- inf,pdf_qqbar = -0.0237649 +/- inf,pu = -0.0993131 +/- inf,r = -6.59924 +/- 2.33515)
-6.599237    -18000022379.51626  -18000022379.51626    -6.757104
-1.869265    +0.04092  -18000022379.51626    -2.027131
-3.896396    -1.37425  +0.04092    -2.027131
-2.477404    -0.28848  -1.37425    -0.608139
-2.051706    -0.05695  -0.28848    -0.182442
-1.923997    +0.01309  -0.05695    -0.054733
-1.978730    -0.01704  +0.01309    -0.054733
-1.940417    +0.00430  -0.01704    -0.016420
-1.956837    -0.00471  +0.00430    -0.016420
-1.945343    +0.00162  -0.00471    -0.004926
-1.950269    -0.00108  +0.00162    -0.004926
-1.946821    +0.00081  -0.00108    -0.001478
-1.948298    +0.00000  +0.00081    -0.001478

 --- MaxLikelihoodFit ---
Best fit r: 0.157867  -2.10616/+2.16487  (68% CL)
nll S+B -> -61.0489  nll B -> -61.9101
Done in 0.23 min (cpu), 0.25 min (real)
