>>> including systematics
>>> method used to compute upper limit is MaxLikelihoodFit
>>> random number generator seed is 123456
[?1034hComputing limit starting from observation
Created Branches
Searching for crossing at nll = -22584.5 in the interval -0.330521, 150
      r      lvl-here  lvl-there   stepping
74.834739    -1153.80408  +0.49447    75.165261
22.219057    -116.03731  -1153.80408    22.549578
6.434352    -14.55607  -116.03731    6.764873
1.698941    -2.17330  -14.55607    2.029462
0.278317    +0.17428  -2.17330    0.608839
0.887156    -0.52334  +0.17428    0.608839
0.460969    -0.03067  -0.52334    0.182652
0.333113    +0.11665  -0.03067    0.054795
0.387908    +0.05171  +0.11665    0.054795
0.442704    -0.02412  +0.05171    0.054795
0.404347    +0.02938  -0.02412    0.016439
0.420785    +0.00995  +0.02938    0.016439
0.437224    -0.01022  +0.00995    0.016439
Error: closed range without finding crossing.
Searching for crossing at nll = -22584.5 in the interval -0.330521, -150
      r      lvl-here  lvl-there   stepping
WARNING: underflow to -174.358 in pdf_bintH_3m_obsOnly for bin 4, weight 796
[#0] ERROR:Eval -- RooAbsReal::logEvalError(tH_3m) evaluation error, 
 origin       : RooAbsReal::tH_3m[ params=(CMS_eff_lep,CMS_jer,CMS_jes,CMS_tHq_tt1b,CMS_tHq_tt2b,CMS_tHq_ttbb,CMS_tHq_ttcc,CSVCErr1,CSVCErr2,CSVHF,CSVHFStats1,CSVHFStats2,CSVLF,CSVLFStats1,CSVLFStats2,Q2scale_VV,Q2scale_Wj,Q2scale_tHW,Q2scale_tHq,Q2scale_tt1b,Q2scale_tt2b,Q2scale_ttH,Q2scale_ttW,Q2scale_ttbb,Q2scale_ttcc,Q2scale_ttlf,QCDscale_ST,lumi_13TeV,pdf_gg,pdf_qg,pdf_qqbar,pu,r) ]
 message      : Number of events is negative or error
 server values: params=(CMS_eff_lep = -0.0794041 +/- 0.490276,CMS_jer = 0.280144 +/- 0.380578,CMS_jes = 0.549834 +/- 0.213513,CMS_tHq_tt1b = 0.250949 +/- 0.227118,CMS_tHq_tt2b = 0.178918 +/- 0.232272,CMS_tHq_ttbb = 0.349727 +/- 0.148661,CMS_tHq_ttcc = -0.0320286 +/- 0.126087,CSVCErr1 = 1.11661 +/- 0.0697596,CSVCErr2 = -0.0738048 +/- 0.499946,CSVHF = -0.515066 +/- 0.184225,CSVHFStats1 = 0.342228 +/- 0.222168,CSVHFStats2 = -0.122025 +/- 0.260629,CSVLF = -0.207712 +/- 0.100012,CSVLFStats1 = -0.186681 +/- 0.179386,CSVLFStats2 = -0.0772779 +/- 0.75867,Q2scale_VV = 6.88821e-07 +/- 0.414977,Q2scale_Wj = -0.0839529 +/- 0.421445,Q2scale_tHW = 0.000449622 +/- 0.79611,Q2scale_tHq = -0.00618182 +/- 0.79678,Q2scale_tt1b = -0.117565 +/- 0.504414,Q2scale_tt2b = -0.100109 +/- 0.515168,Q2scale_ttH = -0.00640922 +/- 0.417667,Q2scale_ttW = -0.00730498 +/- 0.799511,Q2scale_ttbb = -0.174381 +/- 0.260358,Q2scale_ttcc = -0.126266 +/- 0.284833,Q2scale_ttlf = 0.533759 +/- 0.133314,QCDscale_ST = 0.0167011 +/- 0.794469,lumi_13TeV = -0.106828 +/- 0.476719,pdf_gg = -0.140298 +/- 0.400998,pdf_qg = 0.0166624 +/- 0.777695,pdf_qqbar = 0.0120983 +/- 0.793946,pu = -0.180022 +/- 0.694984,r = -75.1653 +/- 0.740117)
WARNING: underflow to -4.53237 in pdf_bintH_4m_obsOnly for bin 0, weight 15
[#0] ERROR:Eval -- RooAbsReal::logEvalError(tH_4m) evaluation error, 
 origin       : RooAbsReal::tH_4m[ params=(CMS_eff_lep,CMS_jer,CMS_jes,CMS_tHq_tt1b,CMS_tHq_tt2b,CMS_tHq_ttbb,CMS_tHq_ttcc,CSVCErr1,CSVCErr2,CSVHF,CSVHFStats1,CSVHFStats2,CSVLF,CSVLFStats1,CSVLFStats2,Q2scale_VV,Q2scale_Wj,Q2scale_tHW,Q2scale_tHq,Q2scale_tt1b,Q2scale_tt2b,Q2scale_ttH,Q2scale_ttW,Q2scale_ttbb,Q2scale_ttcc,Q2scale_ttlf,QCDscale_ST,lumi_13TeV,pdf_gg,pdf_qg,pdf_qqbar,pu,r) ]
 message      : Number of events is negative or error
 server values: params=(CMS_eff_lep = -0.0794041 +/- 0.490276,CMS_jer = 0.280144 +/- 0.380578,CMS_jes = 0.549834 +/- 0.213513,CMS_tHq_tt1b = 0.250949 +/- 0.227118,CMS_tHq_tt2b = 0.178918 +/- 0.232272,CMS_tHq_ttbb = 0.349727 +/- 0.148661,CMS_tHq_ttcc = -0.0320286 +/- 0.126087,CSVCErr1 = 1.11661 +/- 0.0697596,CSVCErr2 = -0.0738048 +/- 0.499946,CSVHF = -0.515066 +/- 0.184225,CSVHFStats1 = 0.342228 +/- 0.222168,CSVHFStats2 = -0.122025 +/- 0.260629,CSVLF = -0.207712 +/- 0.100012,CSVLFStats1 = -0.186681 +/- 0.179386,CSVLFStats2 = -0.0772779 +/- 0.75867,Q2scale_VV = 6.88821e-07 +/- 0.414977,Q2scale_Wj = -0.0839529 +/- 0.421445,Q2scale_tHW = 0.000449622 +/- 0.79611,Q2scale_tHq = -0.00618182 +/- 0.79678,Q2scale_tt1b = -0.117565 +/- 0.504414,Q2scale_tt2b = -0.100109 +/- 0.515168,Q2scale_ttH = -0.00640922 +/- 0.417667,Q2scale_ttW = -0.00730498 +/- 0.799511,Q2scale_ttbb = -0.174381 +/- 0.260358,Q2scale_ttcc = -0.126266 +/- 0.284833,Q2scale_ttlf = 0.533759 +/- 0.133314,QCDscale_ST = 0.0167011 +/- 0.794469,lumi_13TeV = -0.106828 +/- 0.476719,pdf_gg = -0.140298 +/- 0.400998,pdf_qg = 0.0166624 +/- 0.777695,pdf_qqbar = 0.0120983 +/- 0.793946,pu = -0.180022 +/- 0.694984,r = -75.1653 +/- 0.740117)
WARNING: underflow to -174.358 in pdf_bintH_3m_obsOnly for bin 4, weight 796
[#0] ERROR:Eval -- RooAbsReal::logEvalError(tH_3m) evaluation error, 
 origin       : RooAbsReal::tH_3m[ params=(CMS_eff_lep,CMS_jer,CMS_jes,CMS_tHq_tt1b,CMS_tHq_tt2b,CMS_tHq_ttbb,CMS_tHq_ttcc,CSVCErr1,CSVCErr2,CSVHF,CSVHFStats1,CSVHFStats2,CSVLF,CSVLFStats1,CSVLFStats2,Q2scale_VV,Q2scale_Wj,Q2scale_tHW,Q2scale_tHq,Q2scale_tt1b,Q2scale_tt2b,Q2scale_ttH,Q2scale_ttW,Q2scale_ttbb,Q2scale_ttcc,Q2scale_ttlf,QCDscale_ST,lumi_13TeV,pdf_gg,pdf_qg,pdf_qqbar,pu,r) ]
 message      : Number of events is negative or error
 server values: params=(CMS_eff_lep = -0.0794041 +/- inf,CMS_jer = 0.280144 +/- inf,CMS_jes = 0.549834 +/- inf,CMS_tHq_tt1b = 0.250949 +/- inf,CMS_tHq_tt2b = 0.178918 +/- inf,CMS_tHq_ttbb = 0.349727 +/- inf,CMS_tHq_ttcc = -0.0320286 +/- inf,CSVCErr1 = 1.11661 +/- inf,CSVCErr2 = -0.0738048 +/- inf,CSVHF = -0.515066 +/- inf,CSVHFStats1 = 0.342228 +/- inf,CSVHFStats2 = -0.122025 +/- inf,CSVLF = -0.207712 +/- inf,CSVLFStats1 = -0.186681 +/- inf,CSVLFStats2 = -0.0772779 +/- inf,Q2scale_VV = 6.88821e-07 +/- inf,Q2scale_Wj = -0.0839529 +/- inf,Q2scale_tHW = 0.000449622 +/- inf,Q2scale_tHq = -0.00618182 +/- inf,Q2scale_tt1b = -0.117565 +/- inf,Q2scale_tt2b = -0.100109 +/- inf,Q2scale_ttH = -0.00640922 +/- inf,Q2scale_ttW = -0.00730498 +/- inf,Q2scale_ttbb = -0.174381 +/- inf,Q2scale_ttcc = -0.126266 +/- inf,Q2scale_ttlf = 0.533759 +/- inf,QCDscale_ST = 0.0167011 +/- inf,lumi_13TeV = -0.106828 +/- inf,pdf_gg = -0.140298 +/- inf,pdf_qg = 0.0166624 +/- inf,pdf_qqbar = 0.0120983 +/- inf,pu = -0.180022 +/- inf,r = -75.1653 +/- 0.740117)
WARNING: underflow to -4.53237 in pdf_bintH_4m_obsOnly for bin 0, weight 15
[#0] ERROR:Eval -- RooAbsReal::logEvalError(tH_4m) evaluation error, 
 origin       : RooAbsReal::tH_4m[ params=(CMS_eff_lep,CMS_jer,CMS_jes,CMS_tHq_tt1b,CMS_tHq_tt2b,CMS_tHq_ttbb,CMS_tHq_ttcc,CSVCErr1,CSVCErr2,CSVHF,CSVHFStats1,CSVHFStats2,CSVLF,CSVLFStats1,CSVLFStats2,Q2scale_VV,Q2scale_Wj,Q2scale_tHW,Q2scale_tHq,Q2scale_tt1b,Q2scale_tt2b,Q2scale_ttH,Q2scale_ttW,Q2scale_ttbb,Q2scale_ttcc,Q2scale_ttlf,QCDscale_ST,lumi_13TeV,pdf_gg,pdf_qg,pdf_qqbar,pu,r) ]
 message      : Number of events is negative or error
 server values: params=(CMS_eff_lep = -0.0794041 +/- inf,CMS_jer = 0.280144 +/- inf,CMS_jes = 0.549834 +/- inf,CMS_tHq_tt1b = 0.250949 +/- inf,CMS_tHq_tt2b = 0.178918 +/- inf,CMS_tHq_ttbb = 0.349727 +/- inf,CMS_tHq_ttcc = -0.0320286 +/- inf,CSVCErr1 = 1.11661 +/- inf,CSVCErr2 = -0.0738048 +/- inf,CSVHF = -0.515066 +/- inf,CSVHFStats1 = 0.342228 +/- inf,CSVHFStats2 = -0.122025 +/- inf,CSVLF = -0.207712 +/- inf,CSVLFStats1 = -0.186681 +/- inf,CSVLFStats2 = -0.0772779 +/- inf,Q2scale_VV = 6.88821e-07 +/- inf,Q2scale_Wj = -0.0839529 +/- inf,Q2scale_tHW = 0.000449622 +/- inf,Q2scale_tHq = -0.00618182 +/- inf,Q2scale_tt1b = -0.117565 +/- inf,Q2scale_tt2b = -0.100109 +/- inf,Q2scale_ttH = -0.00640922 +/- inf,Q2scale_ttW = -0.00730498 +/- inf,Q2scale_ttbb = -0.174381 +/- inf,Q2scale_ttcc = -0.126266 +/- inf,Q2scale_ttlf = 0.533759 +/- inf,QCDscale_ST = 0.0167011 +/- inf,lumi_13TeV = -0.106828 +/- inf,pdf_gg = -0.140298 +/- inf,pdf_qg = 0.0166624 +/- inf,pdf_qqbar = 0.0120983 +/- inf,pu = -0.180022 +/- inf,r = -75.1653 +/- 0.740117)
-75.165261    -18000022585.87864  +0.49447    -74.834739
WARNING: underflow to -95.512 in pdf_bintH_3m_obsOnly for bin 7, weight 159
[#0] ERROR:Eval -- RooAbsReal::logEvalError(tH_3m) evaluation error, 
 origin       : RooAbsReal::tH_3m[ params=(CMS_eff_lep,CMS_jer,CMS_jes,CMS_tHq_tt1b,CMS_tHq_tt2b,CMS_tHq_ttbb,CMS_tHq_ttcc,CSVCErr1,CSVCErr2,CSVHF,CSVHFStats1,CSVHFStats2,CSVLF,CSVLFStats1,CSVLFStats2,Q2scale_VV,Q2scale_Wj,Q2scale_tHW,Q2scale_tHq,Q2scale_tt1b,Q2scale_tt2b,Q2scale_ttH,Q2scale_ttW,Q2scale_ttbb,Q2scale_ttcc,Q2scale_ttlf,QCDscale_ST,lumi_13TeV,pdf_gg,pdf_qg,pdf_qqbar,pu,r) ]
 message      : Number of events is negative or error
 server values: params=(CMS_eff_lep = -0.0794041 +/- 0.490276,CMS_jer = 0.280144 +/- 0.380578,CMS_jes = 0.549834 +/- 0.213513,CMS_tHq_tt1b = 0.250949 +/- 0.227118,CMS_tHq_tt2b = 0.178918 +/- 0.232272,CMS_tHq_ttbb = 0.349727 +/- 0.148661,CMS_tHq_ttcc = -0.0320286 +/- 0.126087,CSVCErr1 = 1.11661 +/- 0.0697596,CSVCErr2 = -0.0738048 +/- 0.499946,CSVHF = -0.515066 +/- 0.184225,CSVHFStats1 = 0.342228 +/- 0.222168,CSVHFStats2 = -0.122025 +/- 0.260629,CSVLF = -0.207712 +/- 0.100012,CSVLFStats1 = -0.186681 +/- 0.179386,CSVLFStats2 = -0.0772779 +/- 0.75867,Q2scale_VV = 6.88821e-07 +/- 0.414977,Q2scale_Wj = -0.0839529 +/- 0.421445,Q2scale_tHW = 0.000449622 +/- 0.79611,Q2scale_tHq = -0.00618182 +/- 0.79678,Q2scale_tt1b = -0.117565 +/- 0.504414,Q2scale_tt2b = -0.100109 +/- 0.515168,Q2scale_ttH = -0.00640922 +/- 0.417667,Q2scale_ttW = -0.00730498 +/- 0.799511,Q2scale_ttbb = -0.174381 +/- 0.260358,Q2scale_ttcc = -0.126266 +/- 0.284833,Q2scale_ttlf = 0.533759 +/- 0.133314,QCDscale_ST = 0.0167011 +/- 0.794469,lumi_13TeV = -0.106828 +/- 0.476719,pdf_gg = -0.140298 +/- 0.400998,pdf_qg = 0.0166624 +/- 0.777695,pdf_qqbar = 0.0120983 +/- 0.793946,pu = -0.180022 +/- 0.694984,r = -22.7809 +/- 0.740117)
WARNING: underflow to -12.1122 in pdf_bintH_4m_obsOnly for bin 4, weight 22
[#0] ERROR:Eval -- RooAbsReal::logEvalError(tH_4m) evaluation error, 
 origin       : RooAbsReal::tH_4m[ params=(CMS_eff_lep,CMS_jer,CMS_jes,CMS_tHq_tt1b,CMS_tHq_tt2b,CMS_tHq_ttbb,CMS_tHq_ttcc,CSVCErr1,CSVCErr2,CSVHF,CSVHFStats1,CSVHFStats2,CSVLF,CSVLFStats1,CSVLFStats2,Q2scale_VV,Q2scale_Wj,Q2scale_tHW,Q2scale_tHq,Q2scale_tt1b,Q2scale_tt2b,Q2scale_ttH,Q2scale_ttW,Q2scale_ttbb,Q2scale_ttcc,Q2scale_ttlf,QCDscale_ST,lumi_13TeV,pdf_gg,pdf_qg,pdf_qqbar,pu,r) ]
 message      : Number of events is negative or error
 server values: params=(CMS_eff_lep = -0.0794041 +/- 0.490276,CMS_jer = 0.280144 +/- 0.380578,CMS_jes = 0.549834 +/- 0.213513,CMS_tHq_tt1b = 0.250949 +/- 0.227118,CMS_tHq_tt2b = 0.178918 +/- 0.232272,CMS_tHq_ttbb = 0.349727 +/- 0.148661,CMS_tHq_ttcc = -0.0320286 +/- 0.126087,CSVCErr1 = 1.11661 +/- 0.0697596,CSVCErr2 = -0.0738048 +/- 0.499946,CSVHF = -0.515066 +/- 0.184225,CSVHFStats1 = 0.342228 +/- 0.222168,CSVHFStats2 = -0.122025 +/- 0.260629,CSVLF = -0.207712 +/- 0.100012,CSVLFStats1 = -0.186681 +/- 0.179386,CSVLFStats2 = -0.0772779 +/- 0.75867,Q2scale_VV = 6.88821e-07 +/- 0.414977,Q2scale_Wj = -0.0839529 +/- 0.421445,Q2scale_tHW = 0.000449622 +/- 0.79611,Q2scale_tHq = -0.00618182 +/- 0.79678,Q2scale_tt1b = -0.117565 +/- 0.504414,Q2scale_tt2b = -0.100109 +/- 0.515168,Q2scale_ttH = -0.00640922 +/- 0.417667,Q2scale_ttW = -0.00730498 +/- 0.799511,Q2scale_ttbb = -0.174381 +/- 0.260358,Q2scale_ttcc = -0.126266 +/- 0.284833,Q2scale_ttlf = 0.533759 +/- 0.133314,QCDscale_ST = 0.0167011 +/- 0.794469,lumi_13TeV = -0.106828 +/- 0.476719,pdf_gg = -0.140298 +/- 0.400998,pdf_qg = 0.0166624 +/- 0.777695,pdf_qqbar = 0.0120983 +/- 0.793946,pu = -0.180022 +/- 0.694984,r = -22.7809 +/- 0.740117)
WARNING: underflow to -95.512 in pdf_bintH_3m_obsOnly for bin 7, weight 159
[#0] ERROR:Eval -- RooAbsReal::logEvalError(tH_3m) evaluation error, 
 origin       : RooAbsReal::tH_3m[ params=(CMS_eff_lep,CMS_jer,CMS_jes,CMS_tHq_tt1b,CMS_tHq_tt2b,CMS_tHq_ttbb,CMS_tHq_ttcc,CSVCErr1,CSVCErr2,CSVHF,CSVHFStats1,CSVHFStats2,CSVLF,CSVLFStats1,CSVLFStats2,Q2scale_VV,Q2scale_Wj,Q2scale_tHW,Q2scale_tHq,Q2scale_tt1b,Q2scale_tt2b,Q2scale_ttH,Q2scale_ttW,Q2scale_ttbb,Q2scale_ttcc,Q2scale_ttlf,QCDscale_ST,lumi_13TeV,pdf_gg,pdf_qg,pdf_qqbar,pu,r) ]
 message      : Number of events is negative or error
 server values: params=(CMS_eff_lep = -0.0794041 +/- inf,CMS_jer = 0.280144 +/- inf,CMS_jes = 0.549834 +/- inf,CMS_tHq_tt1b = 0.250949 +/- inf,CMS_tHq_tt2b = 0.178918 +/- inf,CMS_tHq_ttbb = 0.349727 +/- inf,CMS_tHq_ttcc = -0.0320286 +/- inf,CSVCErr1 = 1.11661 +/- inf,CSVCErr2 = -0.0738048 +/- inf,CSVHF = -0.515066 +/- inf,CSVHFStats1 = 0.342228 +/- inf,CSVHFStats2 = -0.122025 +/- inf,CSVLF = -0.207712 +/- inf,CSVLFStats1 = -0.186681 +/- inf,CSVLFStats2 = -0.0772779 +/- inf,Q2scale_VV = 6.88821e-07 +/- inf,Q2scale_Wj = -0.0839529 +/- inf,Q2scale_tHW = 0.000449622 +/- inf,Q2scale_tHq = -0.00618182 +/- inf,Q2scale_tt1b = -0.117565 +/- inf,Q2scale_tt2b = -0.100109 +/- inf,Q2scale_ttH = -0.00640922 +/- inf,Q2scale_ttW = -0.00730498 +/- inf,Q2scale_ttbb = -0.174381 +/- inf,Q2scale_ttcc = -0.126266 +/- inf,Q2scale_ttlf = 0.533759 +/- inf,QCDscale_ST = 0.0167011 +/- inf,lumi_13TeV = -0.106828 +/- inf,pdf_gg = -0.140298 +/- inf,pdf_qg = 0.0166624 +/- inf,pdf_qqbar = 0.0120983 +/- inf,pu = -0.180022 +/- inf,r = -22.7809 +/- 0.740117)
WARNING: underflow to -12.1122 in pdf_bintH_4m_obsOnly for bin 4, weight 22
[#0] ERROR:Eval -- RooAbsReal::logEvalError(tH_4m) evaluation error, 
 origin       : RooAbsReal::tH_4m[ params=(CMS_eff_lep,CMS_jer,CMS_jes,CMS_tHq_tt1b,CMS_tHq_tt2b,CMS_tHq_ttbb,CMS_tHq_ttcc,CSVCErr1,CSVCErr2,CSVHF,CSVHFStats1,CSVHFStats2,CSVLF,CSVLFStats1,CSVLFStats2,Q2scale_VV,Q2scale_Wj,Q2scale_tHW,Q2scale_tHq,Q2scale_tt1b,Q2scale_tt2b,Q2scale_ttH,Q2scale_ttW,Q2scale_ttbb,Q2scale_ttcc,Q2scale_ttlf,QCDscale_ST,lumi_13TeV,pdf_gg,pdf_qg,pdf_qqbar,pu,r) ]
 message      : Number of events is negative or error
 server values: params=(CMS_eff_lep = -0.0794041 +/- inf,CMS_jer = 0.280144 +/- inf,CMS_jes = 0.549834 +/- inf,CMS_tHq_tt1b = 0.250949 +/- inf,CMS_tHq_tt2b = 0.178918 +/- inf,CMS_tHq_ttbb = 0.349727 +/- inf,CMS_tHq_ttcc = -0.0320286 +/- inf,CSVCErr1 = 1.11661 +/- inf,CSVCErr2 = -0.0738048 +/- inf,CSVHF = -0.515066 +/- inf,CSVHFStats1 = 0.342228 +/- inf,CSVHFStats2 = -0.122025 +/- inf,CSVLF = -0.207712 +/- inf,CSVLFStats1 = -0.186681 +/- inf,CSVLFStats2 = -0.0772779 +/- inf,Q2scale_VV = 6.88821e-07 +/- inf,Q2scale_Wj = -0.0839529 +/- inf,Q2scale_tHW = 0.000449622 +/- inf,Q2scale_tHq = -0.00618182 +/- inf,Q2scale_tt1b = -0.117565 +/- inf,Q2scale_tt2b = -0.100109 +/- inf,Q2scale_ttH = -0.00640922 +/- inf,Q2scale_ttW = -0.00730498 +/- inf,Q2scale_ttbb = -0.174381 +/- inf,Q2scale_ttcc = -0.126266 +/- inf,Q2scale_ttlf = 0.533759 +/- inf,QCDscale_ST = 0.0167011 +/- inf,lumi_13TeV = -0.106828 +/- inf,pdf_gg = -0.140298 +/- inf,pdf_qg = 0.0166624 +/- inf,pdf_qqbar = 0.0120983 +/- inf,pu = -0.180022 +/- inf,r = -22.7809 +/- 0.740117)
-22.780943    -18000022585.87864  -18000022585.87864    -22.450422
WARNING: underflow to -6.88514 in pdf_bintH_3m_obsOnly for bin 9, weight 13
[#0] ERROR:Eval -- RooAbsReal::logEvalError(tH_3m) evaluation error, 
 origin       : RooAbsReal::tH_3m[ params=(CMS_eff_lep,CMS_jer,CMS_jes,CMS_tHq_tt1b,CMS_tHq_tt2b,CMS_tHq_ttbb,CMS_tHq_ttcc,CSVCErr1,CSVCErr2,CSVHF,CSVHFStats1,CSVHFStats2,CSVLF,CSVLFStats1,CSVLFStats2,Q2scale_VV,Q2scale_Wj,Q2scale_tHW,Q2scale_tHq,Q2scale_tt1b,Q2scale_tt2b,Q2scale_ttH,Q2scale_ttW,Q2scale_ttbb,Q2scale_ttcc,Q2scale_ttlf,QCDscale_ST,lumi_13TeV,pdf_gg,pdf_qg,pdf_qqbar,pu,r) ]
 message      : Number of events is negative or error
 server values: params=(CMS_eff_lep = -0.0794041 +/- 0.490276,CMS_jer = 0.280144 +/- 0.380578,CMS_jes = 0.549834 +/- 0.213513,CMS_tHq_tt1b = 0.250949 +/- 0.227118,CMS_tHq_tt2b = 0.178918 +/- 0.232272,CMS_tHq_ttbb = 0.349727 +/- 0.148661,CMS_tHq_ttcc = -0.0320286 +/- 0.126087,CSVCErr1 = 1.11661 +/- 0.0697596,CSVCErr2 = -0.0738048 +/- 0.499946,CSVHF = -0.515066 +/- 0.184225,CSVHFStats1 = 0.342228 +/- 0.222168,CSVHFStats2 = -0.122025 +/- 0.260629,CSVLF = -0.207712 +/- 0.100012,CSVLFStats1 = -0.186681 +/- 0.179386,CSVLFStats2 = -0.0772779 +/- 0.75867,Q2scale_VV = 6.88821e-07 +/- 0.414977,Q2scale_Wj = -0.0839529 +/- 0.421445,Q2scale_tHW = 0.000449622 +/- 0.79611,Q2scale_tHq = -0.00618182 +/- 0.79678,Q2scale_tt1b = -0.117565 +/- 0.504414,Q2scale_tt2b = -0.100109 +/- 0.515168,Q2scale_ttH = -0.00640922 +/- 0.417667,Q2scale_ttW = -0.00730498 +/- 0.799511,Q2scale_ttbb = -0.174381 +/- 0.260358,Q2scale_ttcc = -0.126266 +/- 0.284833,Q2scale_ttlf = 0.533759 +/- 0.133314,QCDscale_ST = 0.0167011 +/- 0.794469,lumi_13TeV = -0.106828 +/- 0.476719,pdf_gg = -0.140298 +/- 0.400998,pdf_qg = 0.0166624 +/- 0.777695,pdf_qqbar = 0.0120983 +/- 0.793946,pu = -0.180022 +/- 0.694984,r = -7.06565 +/- 0.740117)
WARNING: underflow to -2.79897 in pdf_bintH_4m_obsOnly for bin 6, weight 9
[#0] ERROR:Eval -- RooAbsReal::logEvalError(tH_4m) evaluation error, 
 origin       : RooAbsReal::tH_4m[ params=(CMS_eff_lep,CMS_jer,CMS_jes,CMS_tHq_tt1b,CMS_tHq_tt2b,CMS_tHq_ttbb,CMS_tHq_ttcc,CSVCErr1,CSVCErr2,CSVHF,CSVHFStats1,CSVHFStats2,CSVLF,CSVLFStats1,CSVLFStats2,Q2scale_VV,Q2scale_Wj,Q2scale_tHW,Q2scale_tHq,Q2scale_tt1b,Q2scale_tt2b,Q2scale_ttH,Q2scale_ttW,Q2scale_ttbb,Q2scale_ttcc,Q2scale_ttlf,QCDscale_ST,lumi_13TeV,pdf_gg,pdf_qg,pdf_qqbar,pu,r) ]
 message      : Number of events is negative or error
 server values: params=(CMS_eff_lep = -0.0794041 +/- 0.490276,CMS_jer = 0.280144 +/- 0.380578,CMS_jes = 0.549834 +/- 0.213513,CMS_tHq_tt1b = 0.250949 +/- 0.227118,CMS_tHq_tt2b = 0.178918 +/- 0.232272,CMS_tHq_ttbb = 0.349727 +/- 0.148661,CMS_tHq_ttcc = -0.0320286 +/- 0.126087,CSVCErr1 = 1.11661 +/- 0.0697596,CSVCErr2 = -0.0738048 +/- 0.499946,CSVHF = -0.515066 +/- 0.184225,CSVHFStats1 = 0.342228 +/- 0.222168,CSVHFStats2 = -0.122025 +/- 0.260629,CSVLF = -0.207712 +/- 0.100012,CSVLFStats1 = -0.186681 +/- 0.179386,CSVLFStats2 = -0.0772779 +/- 0.75867,Q2scale_VV = 6.88821e-07 +/- 0.414977,Q2scale_Wj = -0.0839529 +/- 0.421445,Q2scale_tHW = 0.000449622 +/- 0.79611,Q2scale_tHq = -0.00618182 +/- 0.79678,Q2scale_tt1b = -0.117565 +/- 0.504414,Q2scale_tt2b = -0.100109 +/- 0.515168,Q2scale_ttH = -0.00640922 +/- 0.417667,Q2scale_ttW = -0.00730498 +/- 0.799511,Q2scale_ttbb = -0.174381 +/- 0.260358,Q2scale_ttcc = -0.126266 +/- 0.284833,Q2scale_ttlf = 0.533759 +/- 0.133314,QCDscale_ST = 0.0167011 +/- 0.794469,lumi_13TeV = -0.106828 +/- 0.476719,pdf_gg = -0.140298 +/- 0.400998,pdf_qg = 0.0166624 +/- 0.777695,pdf_qqbar = 0.0120983 +/- 0.793946,pu = -0.180022 +/- 0.694984,r = -7.06565 +/- 0.740117)
WARNING: underflow to -6.88514 in pdf_bintH_3m_obsOnly for bin 9, weight 13
[#0] ERROR:Eval -- RooAbsReal::logEvalError(tH_3m) evaluation error, 
 origin       : RooAbsReal::tH_3m[ params=(CMS_eff_lep,CMS_jer,CMS_jes,CMS_tHq_tt1b,CMS_tHq_tt2b,CMS_tHq_ttbb,CMS_tHq_ttcc,CSVCErr1,CSVCErr2,CSVHF,CSVHFStats1,CSVHFStats2,CSVLF,CSVLFStats1,CSVLFStats2,Q2scale_VV,Q2scale_Wj,Q2scale_tHW,Q2scale_tHq,Q2scale_tt1b,Q2scale_tt2b,Q2scale_ttH,Q2scale_ttW,Q2scale_ttbb,Q2scale_ttcc,Q2scale_ttlf,QCDscale_ST,lumi_13TeV,pdf_gg,pdf_qg,pdf_qqbar,pu,r) ]
 message      : Number of events is negative or error
 server values: params=(CMS_eff_lep = -0.0794041 +/- inf,CMS_jer = 0.280144 +/- inf,CMS_jes = 0.549834 +/- inf,CMS_tHq_tt1b = 0.250949 +/- inf,CMS_tHq_tt2b = 0.178918 +/- inf,CMS_tHq_ttbb = 0.349727 +/- inf,CMS_tHq_ttcc = -0.0320286 +/- inf,CSVCErr1 = 1.11661 +/- inf,CSVCErr2 = -0.0738048 +/- inf,CSVHF = -0.515066 +/- inf,CSVHFStats1 = 0.342228 +/- inf,CSVHFStats2 = -0.122025 +/- inf,CSVLF = -0.207712 +/- inf,CSVLFStats1 = -0.186681 +/- inf,CSVLFStats2 = -0.0772779 +/- inf,Q2scale_VV = 6.88821e-07 +/- inf,Q2scale_Wj = -0.0839529 +/- inf,Q2scale_tHW = 0.000449622 +/- inf,Q2scale_tHq = -0.00618182 +/- inf,Q2scale_tt1b = -0.117565 +/- inf,Q2scale_tt2b = -0.100109 +/- inf,Q2scale_ttH = -0.00640922 +/- inf,Q2scale_ttW = -0.00730498 +/- inf,Q2scale_ttbb = -0.174381 +/- inf,Q2scale_ttcc = -0.126266 +/- inf,Q2scale_ttlf = 0.533759 +/- inf,QCDscale_ST = 0.0167011 +/- inf,lumi_13TeV = -0.106828 +/- inf,pdf_gg = -0.140298 +/- inf,pdf_qg = 0.0166624 +/- inf,pdf_qqbar = 0.0120983 +/- inf,pu = -0.180022 +/- inf,r = -7.06565 +/- 0.740117)
WARNING: underflow to -2.79897 in pdf_bintH_4m_obsOnly for bin 6, weight 9
[#0] ERROR:Eval -- RooAbsReal::logEvalError(tH_4m) evaluation error, 
 origin       : RooAbsReal::tH_4m[ params=(CMS_eff_lep,CMS_jer,CMS_jes,CMS_tHq_tt1b,CMS_tHq_tt2b,CMS_tHq_ttbb,CMS_tHq_ttcc,CSVCErr1,CSVCErr2,CSVHF,CSVHFStats1,CSVHFStats2,CSVLF,CSVLFStats1,CSVLFStats2,Q2scale_VV,Q2scale_Wj,Q2scale_tHW,Q2scale_tHq,Q2scale_tt1b,Q2scale_tt2b,Q2scale_ttH,Q2scale_ttW,Q2scale_ttbb,Q2scale_ttcc,Q2scale_ttlf,QCDscale_ST,lumi_13TeV,pdf_gg,pdf_qg,pdf_qqbar,pu,r) ]
 message      : Number of events is negative or error
 server values: params=(CMS_eff_lep = -0.0794041 +/- inf,CMS_jer = 0.280144 +/- inf,CMS_jes = 0.549834 +/- inf,CMS_tHq_tt1b = 0.250949 +/- inf,CMS_tHq_tt2b = 0.178918 +/- inf,CMS_tHq_ttbb = 0.349727 +/- inf,CMS_tHq_ttcc = -0.0320286 +/- inf,CSVCErr1 = 1.11661 +/- inf,CSVCErr2 = -0.0738048 +/- inf,CSVHF = -0.515066 +/- inf,CSVHFStats1 = 0.342228 +/- inf,CSVHFStats2 = -0.122025 +/- inf,CSVLF = -0.207712 +/- inf,CSVLFStats1 = -0.186681 +/- inf,CSVLFStats2 = -0.0772779 +/- inf,Q2scale_VV = 6.88821e-07 +/- inf,Q2scale_Wj = -0.0839529 +/- inf,Q2scale_tHW = 0.000449622 +/- inf,Q2scale_tHq = -0.00618182 +/- inf,Q2scale_tt1b = -0.117565 +/- inf,Q2scale_tt2b = -0.100109 +/- inf,Q2scale_ttH = -0.00640922 +/- inf,Q2scale_ttW = -0.00730498 +/- inf,Q2scale_ttbb = -0.174381 +/- inf,Q2scale_ttcc = -0.126266 +/- inf,Q2scale_ttlf = 0.533759 +/- inf,QCDscale_ST = 0.0167011 +/- inf,lumi_13TeV = -0.106828 +/- inf,pdf_gg = -0.140298 +/- inf,pdf_qg = 0.0166624 +/- inf,pdf_qqbar = 0.0120983 +/- inf,pu = -0.180022 +/- inf,r = -7.06565 +/- 0.740117)
-7.065648    -18000022585.87864  -18000022585.87864    -6.735127
WARNING: underflow to -0.529341 in pdf_bintH_4m_obsOnly for bin 8, weight 2
[#0] ERROR:Eval -- RooAbsReal::logEvalError(tH_4m) evaluation error, 
 origin       : RooAbsReal::tH_4m[ params=(CMS_eff_lep,CMS_jer,CMS_jes,CMS_tHq_tt1b,CMS_tHq_tt2b,CMS_tHq_ttbb,CMS_tHq_ttcc,CSVCErr1,CSVCErr2,CSVHF,CSVHFStats1,CSVHFStats2,CSVLF,CSVLFStats1,CSVLFStats2,Q2scale_VV,Q2scale_Wj,Q2scale_tHW,Q2scale_tHq,Q2scale_tt1b,Q2scale_tt2b,Q2scale_ttH,Q2scale_ttW,Q2scale_ttbb,Q2scale_ttcc,Q2scale_ttlf,QCDscale_ST,lumi_13TeV,pdf_gg,pdf_qg,pdf_qqbar,pu,r) ]
 message      : Number of events is negative or error
 server values: params=(CMS_eff_lep = -0.0794041 +/- 0.490276,CMS_jer = 0.280144 +/- 0.380578,CMS_jes = 0.549834 +/- 0.213513,CMS_tHq_tt1b = 0.250949 +/- 0.227118,CMS_tHq_tt2b = 0.178918 +/- 0.232272,CMS_tHq_ttbb = 0.349727 +/- 0.148661,CMS_tHq_ttcc = -0.0320286 +/- 0.126087,CSVCErr1 = 1.11661 +/- 0.0697596,CSVCErr2 = -0.0738048 +/- 0.499946,CSVHF = -0.515066 +/- 0.184225,CSVHFStats1 = 0.342228 +/- 0.222168,CSVHFStats2 = -0.122025 +/- 0.260629,CSVLF = -0.207712 +/- 0.100012,CSVLFStats1 = -0.186681 +/- 0.179386,CSVLFStats2 = -0.0772779 +/- 0.75867,Q2scale_VV = 6.88821e-07 +/- 0.414977,Q2scale_Wj = -0.0839529 +/- 0.421445,Q2scale_tHW = 0.000449622 +/- 0.79611,Q2scale_tHq = -0.00618182 +/- 0.79678,Q2scale_tt1b = -0.117565 +/- 0.504414,Q2scale_tt2b = -0.100109 +/- 0.515168,Q2scale_ttH = -0.00640922 +/- 0.417667,Q2scale_ttW = -0.00730498 +/- 0.799511,Q2scale_ttbb = -0.174381 +/- 0.260358,Q2scale_ttcc = -0.126266 +/- 0.284833,Q2scale_ttlf = 0.533759 +/- 0.133314,QCDscale_ST = 0.0167011 +/- 0.794469,lumi_13TeV = -0.106828 +/- 0.476719,pdf_gg = -0.140298 +/- 0.400998,pdf_qg = 0.0166624 +/- 0.777695,pdf_qqbar = 0.0120983 +/- 0.793946,pu = -0.180022 +/- 0.694984,r = -2.35106 +/- 0.740117)
WARNING: underflow to -0.529341 in pdf_bintH_4m_obsOnly for bin 8, weight 2
[#0] ERROR:Eval -- RooAbsReal::logEvalError(tH_4m) evaluation error, 
 origin       : RooAbsReal::tH_4m[ params=(CMS_eff_lep,CMS_jer,CMS_jes,CMS_tHq_tt1b,CMS_tHq_tt2b,CMS_tHq_ttbb,CMS_tHq_ttcc,CSVCErr1,CSVCErr2,CSVHF,CSVHFStats1,CSVHFStats2,CSVLF,CSVLFStats1,CSVLFStats2,Q2scale_VV,Q2scale_Wj,Q2scale_tHW,Q2scale_tHq,Q2scale_tt1b,Q2scale_tt2b,Q2scale_ttH,Q2scale_ttW,Q2scale_ttbb,Q2scale_ttcc,Q2scale_ttlf,QCDscale_ST,lumi_13TeV,pdf_gg,pdf_qg,pdf_qqbar,pu,r) ]
 message      : Number of events is negative or error
 server values: params=(CMS_eff_lep = -0.0794041 +/- inf,CMS_jer = 0.280144 +/- inf,CMS_jes = 0.549834 +/- inf,CMS_tHq_tt1b = 0.250949 +/- inf,CMS_tHq_tt2b = 0.178918 +/- inf,CMS_tHq_ttbb = 0.349727 +/- inf,CMS_tHq_ttcc = -0.0320286 +/- inf,CSVCErr1 = 1.11661 +/- inf,CSVCErr2 = -0.0738048 +/- inf,CSVHF = -0.515066 +/- inf,CSVHFStats1 = 0.342228 +/- inf,CSVHFStats2 = -0.122025 +/- inf,CSVLF = -0.207712 +/- inf,CSVLFStats1 = -0.186681 +/- inf,CSVLFStats2 = -0.0772779 +/- inf,Q2scale_VV = 6.88821e-07 +/- inf,Q2scale_Wj = -0.0839529 +/- inf,Q2scale_tHW = 0.000449622 +/- inf,Q2scale_tHq = -0.00618182 +/- inf,Q2scale_tt1b = -0.117565 +/- inf,Q2scale_tt2b = -0.100109 +/- inf,Q2scale_ttH = -0.00640922 +/- inf,Q2scale_ttW = -0.00730498 +/- inf,Q2scale_ttbb = -0.174381 +/- inf,Q2scale_ttcc = -0.126266 +/- inf,Q2scale_ttlf = 0.533759 +/- inf,QCDscale_ST = 0.0167011 +/- inf,lumi_13TeV = -0.106828 +/- inf,pdf_gg = -0.140298 +/- inf,pdf_qg = 0.0166624 +/- inf,pdf_qqbar = 0.0120983 +/- inf,pu = -0.180022 +/- inf,r = -2.35106 +/- 0.740117)
-2.351059    -9000000456.74839  -18000022585.87864    -2.020538
-0.936683    +0.08133  -9000000456.74839    -0.606161
-1.542844    -1.16697  +0.08133    -0.606161
-1.118531    -0.19387  -1.16697    -0.181848
-0.991237    +0.02493  -0.19387    -0.054555
-1.045792    -0.06612  +0.02493    -0.054555
-1.007604    -0.00048  -0.06612    -0.016366
-0.996147    +0.01753  -0.00048    -0.004910
-1.001057    +0.00994  +0.01753    -0.004910
-1.005967    +0.00215  +0.00994    -0.004910
-1.010877    -0.00583  +0.00215    -0.004910
-1.007440    -0.00022  -0.00583    -0.001473

 --- MaxLikelihoodFit ---
Best fit r: -0.330521  -0.677147/+150.331  (68% CL)
nll S+B -> -62.1867  nll B -> -63.0405
Done in 0.23 min (cpu), 0.24 min (real)
