>>> including systematics
>>> method used to compute upper limit is MaxLikelihoodFit
>>> random number generator seed is 123456
[?1034hComputing limit starting from observation
Created Branches
Searching for crossing at nll = -20663.4 in the interval 0.74629, 150
      r      lvl-here  lvl-there   stepping
75.373145    +0.01923  +0.49447    74.626855
150.000000    -0.98781  +0.01923    74.626855
97.761202    -0.26834  -0.98781    22.388056
82.089562    -0.06567  -0.26834    6.716417
77.388070    -0.00506  -0.06567    2.014925
75.977623    +0.01214  -0.00506    0.604478
76.582100    +0.00513  +0.01214    0.604478
77.186578    -0.00201  +0.00513    0.604478
76.763443    +0.00300  -0.00201    0.181343
76.944787    +0.00086  +0.00300    0.181343
77.126130    -0.00129  +0.00086    0.181343
76.999190    +0.00022  -0.00129    0.054403
Searching for crossing at nll = -20663.4 in the interval 0.74629, -150
      r      lvl-here  lvl-there   stepping
-74.626855    -0.03321  +0.49447    -75.373145
-21.865653    +0.44150  -0.03321    -22.611944
-44.477597    +0.30292  +0.44150    -22.611944
-67.089540    +0.07357  +0.30292    -22.611944
-89.701484    -0.24709  +0.07357    -22.611944
-73.873123    -0.01608  -0.24709    -6.783583
-69.124615    +0.04695  -0.01608    -2.035075
-71.159690    +0.02027  +0.04695    -2.035075
-73.194765    -0.00782  +0.02027    -2.035075
-71.770213    +0.01187  -0.00782    -0.610522
-72.380735    +0.00330  +0.01187    -0.610522
-72.991258    -0.00546  +0.00330    -0.610522
-72.563892    +0.00069  -0.00546    -0.183157
-72.747049    -0.00194  +0.00069    -0.183157
-72.618839    -0.00010  -0.00194    -0.054947

 --- MaxLikelihoodFit ---
Best fit r: 0.74629  -73.3652/+76.2531  (68% CL)
nll S+B -> -61.2043  nll B -> -61.8573
Done in 0.20 min (cpu), 0.21 min (real)
