>>> including systematics
>>> method used to compute upper limit is MaxLikelihoodFit
>>> random number generator seed is 123456
[?1034hComputing limit starting from observation
Created Branches
Searching for crossing at nll = -22511.6 in the interval 0.228495, 150
      r      lvl-here  lvl-there   stepping
75.114248    -112.85872  +0.49447    74.885752
22.694221    -13.29198  -112.85872    22.465726
6.968213    -2.35812  -13.29198    6.739718
2.250411    +0.12910  -2.35812    2.021915
4.272326    -0.64128  +0.12910    2.021915
2.856985    -0.10134  -0.64128    0.606575
2.432383    +0.06187  -0.10134    0.181972
2.614355    -0.00438  +0.06187    0.181972
2.486975    +0.04467  -0.00438    0.054592
2.541566    +0.02413  +0.04467    0.054592
2.596158    +0.00265  +0.02413    0.054592
2.650750    -0.01977  +0.00265    0.054592
2.612536    -0.00398  -0.01977    0.016378
Searching for crossing at nll = -22511.6 in the interval 0.228495, -150
      r      lvl-here  lvl-there   stepping
WARNING: underflow to -49.1794 in pdf_bintH_3m_obsOnly for bin 7, weight 175
[#0] ERROR:Eval -- RooAbsReal::logEvalError(tH_3m) evaluation error, 
 origin       : RooAbsReal::tH_3m[ params=(CMS_eff_lep,CMS_jer,CMS_jes,CMS_tHq_tt1b,CMS_tHq_tt2b,CMS_tHq_ttbb,CMS_tHq_ttcc,CSVCErr1,CSVCErr2,CSVHF,CSVHFStats1,CSVHFStats2,CSVLF,CSVLFStats1,CSVLFStats2,Q2scale_VV,Q2scale_Wj,Q2scale_tHW,Q2scale_tHq,Q2scale_tt1b,Q2scale_tt2b,Q2scale_ttH,Q2scale_ttW,Q2scale_ttbb,Q2scale_ttcc,Q2scale_ttlf,QCDscale_ST,lumi_13TeV,pdf_gg,pdf_qg,pdf_qqbar,pu,r) ]
 message      : Number of events is negative or error
 server values: params=(CMS_eff_lep = -0.0790894 +/- 0.480548,CMS_jer = 0.10337 +/- 0.353415,CMS_jes = 0.12051 +/- 0.233035,CMS_tHq_tt1b = 0.340805 +/- 0.230075,CMS_tHq_tt2b = 0.333903 +/- 0.20732,CMS_tHq_ttbb = 0.44893 +/- 0.140415,CMS_tHq_ttcc = 0.116806 +/- 0.0993572,CSVCErr1 = 1.06458 +/- 0.0729961,CSVCErr2 = -0.133416 +/- 0.489629,CSVHF = -0.502135 +/- 0.104903,CSVHFStats1 = 0.33578 +/- 0.191489,CSVHFStats2 = -0.130959 +/- 0.255172,CSVLF = -0.235377 +/- 0.101105,CSVLFStats1 = 0.118514 +/- 0.334488,CSVLFStats2 = -0.156795 +/- 0.990181,Q2scale_VV = 3.03685e-06 +/- 0.477655,Q2scale_Wj = 0.184074 +/- 0.753034,Q2scale_tHW = -0.000374595 +/- 0.777171,Q2scale_tHq = 0.00120781 +/- 0.801363,Q2scale_tt1b = -0.144747 +/- 0.502465,Q2scale_tt2b = -0.177436 +/- 0.418833,Q2scale_ttH = -0.00731693 +/- 0.799407,Q2scale_ttW = 0.00168543 +/- 0.802989,Q2scale_ttbb = -0.185178 +/- 0.379031,Q2scale_ttcc = -0.16941 +/- 0.277742,Q2scale_ttlf = 0.572027 +/- 0.215833,QCDscale_ST = 0.0236295 +/- 0.874028,lumi_13TeV = -0.106405 +/- 0.390801,pdf_gg = -0.108118 +/- 0.400442,pdf_qg = 0.0236453 +/- 0.439643,pdf_qqbar = -0.0365225 +/- 0.79567,pu = -0.0999349 +/- 0.749554,r = -74.8858 +/- 2.4732)
WARNING: underflow to -0.273779 in pdf_bintH_4m_obsOnly for bin 4, weight 29
[#0] ERROR:Eval -- RooAbsReal::logEvalError(tH_4m) evaluation error, 
 origin       : RooAbsReal::tH_4m[ params=(CMS_eff_lep,CMS_jer,CMS_jes,CMS_tHq_tt1b,CMS_tHq_tt2b,CMS_tHq_ttbb,CMS_tHq_ttcc,CSVCErr1,CSVCErr2,CSVHF,CSVHFStats1,CSVHFStats2,CSVLF,CSVLFStats1,CSVLFStats2,Q2scale_VV,Q2scale_Wj,Q2scale_tHW,Q2scale_tHq,Q2scale_tt1b,Q2scale_tt2b,Q2scale_ttH,Q2scale_ttW,Q2scale_ttbb,Q2scale_ttcc,Q2scale_ttlf,QCDscale_ST,lumi_13TeV,pdf_gg,pdf_qg,pdf_qqbar,pu,r) ]
 message      : Number of events is negative or error
 server values: params=(CMS_eff_lep = -0.0790894 +/- 0.480548,CMS_jer = 0.10337 +/- 0.353415,CMS_jes = 0.12051 +/- 0.233035,CMS_tHq_tt1b = 0.340805 +/- 0.230075,CMS_tHq_tt2b = 0.333903 +/- 0.20732,CMS_tHq_ttbb = 0.44893 +/- 0.140415,CMS_tHq_ttcc = 0.116806 +/- 0.0993572,CSVCErr1 = 1.06458 +/- 0.0729961,CSVCErr2 = -0.133416 +/- 0.489629,CSVHF = -0.502135 +/- 0.104903,CSVHFStats1 = 0.33578 +/- 0.191489,CSVHFStats2 = -0.130959 +/- 0.255172,CSVLF = -0.235377 +/- 0.101105,CSVLFStats1 = 0.118514 +/- 0.334488,CSVLFStats2 = -0.156795 +/- 0.990181,Q2scale_VV = 3.03685e-06 +/- 0.477655,Q2scale_Wj = 0.184074 +/- 0.753034,Q2scale_tHW = -0.000374595 +/- 0.777171,Q2scale_tHq = 0.00120781 +/- 0.801363,Q2scale_tt1b = -0.144747 +/- 0.502465,Q2scale_tt2b = -0.177436 +/- 0.418833,Q2scale_ttH = -0.00731693 +/- 0.799407,Q2scale_ttW = 0.00168543 +/- 0.802989,Q2scale_ttbb = -0.185178 +/- 0.379031,Q2scale_ttcc = -0.16941 +/- 0.277742,Q2scale_ttlf = 0.572027 +/- 0.215833,QCDscale_ST = 0.0236295 +/- 0.874028,lumi_13TeV = -0.106405 +/- 0.390801,pdf_gg = -0.108118 +/- 0.400442,pdf_qg = 0.0236453 +/- 0.439643,pdf_qqbar = -0.0365225 +/- 0.79567,pu = -0.0999349 +/- 0.749554,r = -74.8858 +/- 2.4732)
WARNING: underflow to -49.1794 in pdf_bintH_3m_obsOnly for bin 7, weight 175
[#0] ERROR:Eval -- RooAbsReal::logEvalError(tH_3m) evaluation error, 
 origin       : RooAbsReal::tH_3m[ params=(CMS_eff_lep,CMS_jer,CMS_jes,CMS_tHq_tt1b,CMS_tHq_tt2b,CMS_tHq_ttbb,CMS_tHq_ttcc,CSVCErr1,CSVCErr2,CSVHF,CSVHFStats1,CSVHFStats2,CSVLF,CSVLFStats1,CSVLFStats2,Q2scale_VV,Q2scale_Wj,Q2scale_tHW,Q2scale_tHq,Q2scale_tt1b,Q2scale_tt2b,Q2scale_ttH,Q2scale_ttW,Q2scale_ttbb,Q2scale_ttcc,Q2scale_ttlf,QCDscale_ST,lumi_13TeV,pdf_gg,pdf_qg,pdf_qqbar,pu,r) ]
 message      : Number of events is negative or error
 server values: params=(CMS_eff_lep = -0.0790894 +/- inf,CMS_jer = 0.10337 +/- inf,CMS_jes = 0.12051 +/- inf,CMS_tHq_tt1b = 0.340805 +/- inf,CMS_tHq_tt2b = 0.333903 +/- inf,CMS_tHq_ttbb = 0.44893 +/- inf,CMS_tHq_ttcc = 0.116806 +/- inf,CSVCErr1 = 1.06458 +/- inf,CSVCErr2 = -0.133416 +/- inf,CSVHF = -0.502135 +/- inf,CSVHFStats1 = 0.33578 +/- inf,CSVHFStats2 = -0.130959 +/- inf,CSVLF = -0.235377 +/- inf,CSVLFStats1 = 0.118514 +/- inf,CSVLFStats2 = -0.156795 +/- inf,Q2scale_VV = 3.03685e-06 +/- inf,Q2scale_Wj = 0.184074 +/- inf,Q2scale_tHW = -0.000374595 +/- inf,Q2scale_tHq = 0.00120781 +/- inf,Q2scale_tt1b = -0.144747 +/- inf,Q2scale_tt2b = -0.177436 +/- inf,Q2scale_ttH = -0.00731693 +/- inf,Q2scale_ttW = 0.00168543 +/- inf,Q2scale_ttbb = -0.185178 +/- inf,Q2scale_ttcc = -0.16941 +/- inf,Q2scale_ttlf = 0.572027 +/- inf,QCDscale_ST = 0.0236295 +/- inf,lumi_13TeV = -0.106405 +/- inf,pdf_gg = -0.108118 +/- inf,pdf_qg = 0.0236453 +/- inf,pdf_qqbar = -0.0365225 +/- inf,pu = -0.0999349 +/- inf,r = -74.8858 +/- 2.4732)
WARNING: underflow to -0.273779 in pdf_bintH_4m_obsOnly for bin 4, weight 29
[#0] ERROR:Eval -- RooAbsReal::logEvalError(tH_4m) evaluation error, 
 origin       : RooAbsReal::tH_4m[ params=(CMS_eff_lep,CMS_jer,CMS_jes,CMS_tHq_tt1b,CMS_tHq_tt2b,CMS_tHq_ttbb,CMS_tHq_ttcc,CSVCErr1,CSVCErr2,CSVHF,CSVHFStats1,CSVHFStats2,CSVLF,CSVLFStats1,CSVLFStats2,Q2scale_VV,Q2scale_Wj,Q2scale_tHW,Q2scale_tHq,Q2scale_tt1b,Q2scale_tt2b,Q2scale_ttH,Q2scale_ttW,Q2scale_ttbb,Q2scale_ttcc,Q2scale_ttlf,QCDscale_ST,lumi_13TeV,pdf_gg,pdf_qg,pdf_qqbar,pu,r) ]
 message      : Number of events is negative or error
 server values: params=(CMS_eff_lep = -0.0790894 +/- inf,CMS_jer = 0.10337 +/- inf,CMS_jes = 0.12051 +/- inf,CMS_tHq_tt1b = 0.340805 +/- inf,CMS_tHq_tt2b = 0.333903 +/- inf,CMS_tHq_ttbb = 0.44893 +/- inf,CMS_tHq_ttcc = 0.116806 +/- inf,CSVCErr1 = 1.06458 +/- inf,CSVCErr2 = -0.133416 +/- inf,CSVHF = -0.502135 +/- inf,CSVHFStats1 = 0.33578 +/- inf,CSVHFStats2 = -0.130959 +/- inf,CSVLF = -0.235377 +/- inf,CSVLFStats1 = 0.118514 +/- inf,CSVLFStats2 = -0.156795 +/- inf,Q2scale_VV = 3.03685e-06 +/- inf,Q2scale_Wj = 0.184074 +/- inf,Q2scale_tHW = -0.000374595 +/- inf,Q2scale_tHq = 0.00120781 +/- inf,Q2scale_tt1b = -0.144747 +/- inf,Q2scale_tt2b = -0.177436 +/- inf,Q2scale_ttH = -0.00731693 +/- inf,Q2scale_ttW = 0.00168543 +/- inf,Q2scale_ttbb = -0.185178 +/- inf,Q2scale_ttcc = -0.16941 +/- inf,Q2scale_ttlf = 0.572027 +/- inf,QCDscale_ST = 0.0236295 +/- inf,lumi_13TeV = -0.106405 +/- inf,pdf_gg = -0.108118 +/- inf,pdf_qg = 0.0236453 +/- inf,pdf_qqbar = -0.0365225 +/- inf,pu = -0.0999349 +/- inf,r = -74.8858 +/- 2.4732)
-74.885752    -18000022512.92930  +0.49447    -75.114248
WARNING: underflow to -8.08366 in pdf_bintH_3m_obsOnly for bin 9, weight 15
[#0] ERROR:Eval -- RooAbsReal::logEvalError(tH_3m) evaluation error, 
 origin       : RooAbsReal::tH_3m[ params=(CMS_eff_lep,CMS_jer,CMS_jes,CMS_tHq_tt1b,CMS_tHq_tt2b,CMS_tHq_ttbb,CMS_tHq_ttcc,CSVCErr1,CSVCErr2,CSVHF,CSVHFStats1,CSVHFStats2,CSVLF,CSVLFStats1,CSVLFStats2,Q2scale_VV,Q2scale_Wj,Q2scale_tHW,Q2scale_tHq,Q2scale_tt1b,Q2scale_tt2b,Q2scale_ttH,Q2scale_ttW,Q2scale_ttbb,Q2scale_ttcc,Q2scale_ttlf,QCDscale_ST,lumi_13TeV,pdf_gg,pdf_qg,pdf_qqbar,pu,r) ]
 message      : Number of events is negative or error
 server values: params=(CMS_eff_lep = -0.0790894 +/- 0.480548,CMS_jer = 0.10337 +/- 0.353415,CMS_jes = 0.12051 +/- 0.233035,CMS_tHq_tt1b = 0.340805 +/- 0.230075,CMS_tHq_tt2b = 0.333903 +/- 0.20732,CMS_tHq_ttbb = 0.44893 +/- 0.140415,CMS_tHq_ttcc = 0.116806 +/- 0.0993572,CSVCErr1 = 1.06458 +/- 0.0729961,CSVCErr2 = -0.133416 +/- 0.489629,CSVHF = -0.502135 +/- 0.104903,CSVHFStats1 = 0.33578 +/- 0.191489,CSVHFStats2 = -0.130959 +/- 0.255172,CSVLF = -0.235377 +/- 0.101105,CSVLFStats1 = 0.118514 +/- 0.334488,CSVLFStats2 = -0.156795 +/- 0.990181,Q2scale_VV = 3.03685e-06 +/- 0.477655,Q2scale_Wj = 0.184074 +/- 0.753034,Q2scale_tHW = -0.000374595 +/- 0.777171,Q2scale_tHq = 0.00120781 +/- 0.801363,Q2scale_tt1b = -0.144747 +/- 0.502465,Q2scale_tt2b = -0.177436 +/- 0.418833,Q2scale_ttH = -0.00731693 +/- 0.799407,Q2scale_ttW = 0.00168543 +/- 0.802989,Q2scale_ttbb = -0.185178 +/- 0.379031,Q2scale_ttcc = -0.16941 +/- 0.277742,Q2scale_ttlf = 0.572027 +/- 0.215833,QCDscale_ST = 0.0236295 +/- 0.874028,lumi_13TeV = -0.106405 +/- 0.390801,pdf_gg = -0.108118 +/- 0.400442,pdf_qg = 0.0236453 +/- 0.439643,pdf_qqbar = -0.0365225 +/- 0.79567,pu = -0.0999349 +/- 0.749554,r = -22.3058 +/- 2.4732)
WARNING: underflow to -3.44398 in pdf_bintH_4m_obsOnly for bin 7, weight 3
[#0] ERROR:Eval -- RooAbsReal::logEvalError(tH_4m) evaluation error, 
 origin       : RooAbsReal::tH_4m[ params=(CMS_eff_lep,CMS_jer,CMS_jes,CMS_tHq_tt1b,CMS_tHq_tt2b,CMS_tHq_ttbb,CMS_tHq_ttcc,CSVCErr1,CSVCErr2,CSVHF,CSVHFStats1,CSVHFStats2,CSVLF,CSVLFStats1,CSVLFStats2,Q2scale_VV,Q2scale_Wj,Q2scale_tHW,Q2scale_tHq,Q2scale_tt1b,Q2scale_tt2b,Q2scale_ttH,Q2scale_ttW,Q2scale_ttbb,Q2scale_ttcc,Q2scale_ttlf,QCDscale_ST,lumi_13TeV,pdf_gg,pdf_qg,pdf_qqbar,pu,r) ]
 message      : Number of events is negative or error
 server values: params=(CMS_eff_lep = -0.0790894 +/- 0.480548,CMS_jer = 0.10337 +/- 0.353415,CMS_jes = 0.12051 +/- 0.233035,CMS_tHq_tt1b = 0.340805 +/- 0.230075,CMS_tHq_tt2b = 0.333903 +/- 0.20732,CMS_tHq_ttbb = 0.44893 +/- 0.140415,CMS_tHq_ttcc = 0.116806 +/- 0.0993572,CSVCErr1 = 1.06458 +/- 0.0729961,CSVCErr2 = -0.133416 +/- 0.489629,CSVHF = -0.502135 +/- 0.104903,CSVHFStats1 = 0.33578 +/- 0.191489,CSVHFStats2 = -0.130959 +/- 0.255172,CSVLF = -0.235377 +/- 0.101105,CSVLFStats1 = 0.118514 +/- 0.334488,CSVLFStats2 = -0.156795 +/- 0.990181,Q2scale_VV = 3.03685e-06 +/- 0.477655,Q2scale_Wj = 0.184074 +/- 0.753034,Q2scale_tHW = -0.000374595 +/- 0.777171,Q2scale_tHq = 0.00120781 +/- 0.801363,Q2scale_tt1b = -0.144747 +/- 0.502465,Q2scale_tt2b = -0.177436 +/- 0.418833,Q2scale_ttH = -0.00731693 +/- 0.799407,Q2scale_ttW = 0.00168543 +/- 0.802989,Q2scale_ttbb = -0.185178 +/- 0.379031,Q2scale_ttcc = -0.16941 +/- 0.277742,Q2scale_ttlf = 0.572027 +/- 0.215833,QCDscale_ST = 0.0236295 +/- 0.874028,lumi_13TeV = -0.106405 +/- 0.390801,pdf_gg = -0.108118 +/- 0.400442,pdf_qg = 0.0236453 +/- 0.439643,pdf_qqbar = -0.0365225 +/- 0.79567,pu = -0.0999349 +/- 0.749554,r = -22.3058 +/- 2.4732)
WARNING: underflow to -8.08366 in pdf_bintH_3m_obsOnly for bin 9, weight 15
[#0] ERROR:Eval -- RooAbsReal::logEvalError(tH_3m) evaluation error, 
 origin       : RooAbsReal::tH_3m[ params=(CMS_eff_lep,CMS_jer,CMS_jes,CMS_tHq_tt1b,CMS_tHq_tt2b,CMS_tHq_ttbb,CMS_tHq_ttcc,CSVCErr1,CSVCErr2,CSVHF,CSVHFStats1,CSVHFStats2,CSVLF,CSVLFStats1,CSVLFStats2,Q2scale_VV,Q2scale_Wj,Q2scale_tHW,Q2scale_tHq,Q2scale_tt1b,Q2scale_tt2b,Q2scale_ttH,Q2scale_ttW,Q2scale_ttbb,Q2scale_ttcc,Q2scale_ttlf,QCDscale_ST,lumi_13TeV,pdf_gg,pdf_qg,pdf_qqbar,pu,r) ]
 message      : Number of events is negative or error
 server values: params=(CMS_eff_lep = -0.0790894 +/- inf,CMS_jer = 0.10337 +/- inf,CMS_jes = 0.12051 +/- inf,CMS_tHq_tt1b = 0.340805 +/- inf,CMS_tHq_tt2b = 0.333903 +/- inf,CMS_tHq_ttbb = 0.44893 +/- inf,CMS_tHq_ttcc = 0.116806 +/- inf,CSVCErr1 = 1.06458 +/- inf,CSVCErr2 = -0.133416 +/- inf,CSVHF = -0.502135 +/- inf,CSVHFStats1 = 0.33578 +/- inf,CSVHFStats2 = -0.130959 +/- inf,CSVLF = -0.235377 +/- inf,CSVLFStats1 = 0.118514 +/- inf,CSVLFStats2 = -0.156795 +/- inf,Q2scale_VV = 3.03685e-06 +/- inf,Q2scale_Wj = 0.184074 +/- inf,Q2scale_tHW = -0.000374595 +/- inf,Q2scale_tHq = 0.00120781 +/- inf,Q2scale_tt1b = -0.144747 +/- inf,Q2scale_tt2b = -0.177436 +/- inf,Q2scale_ttH = -0.00731693 +/- inf,Q2scale_ttW = 0.00168543 +/- inf,Q2scale_ttbb = -0.185178 +/- inf,Q2scale_ttcc = -0.16941 +/- inf,Q2scale_ttlf = 0.572027 +/- inf,QCDscale_ST = 0.0236295 +/- inf,lumi_13TeV = -0.106405 +/- inf,pdf_gg = -0.108118 +/- inf,pdf_qg = 0.0236453 +/- inf,pdf_qqbar = -0.0365225 +/- inf,pu = -0.0999349 +/- inf,r = -22.3058 +/- 2.4732)
WARNING: underflow to -3.44398 in pdf_bintH_4m_obsOnly for bin 7, weight 3
[#0] ERROR:Eval -- RooAbsReal::logEvalError(tH_4m) evaluation error, 
 origin       : RooAbsReal::tH_4m[ params=(CMS_eff_lep,CMS_jer,CMS_jes,CMS_tHq_tt1b,CMS_tHq_tt2b,CMS_tHq_ttbb,CMS_tHq_ttcc,CSVCErr1,CSVCErr2,CSVHF,CSVHFStats1,CSVHFStats2,CSVLF,CSVLFStats1,CSVLFStats2,Q2scale_VV,Q2scale_Wj,Q2scale_tHW,Q2scale_tHq,Q2scale_tt1b,Q2scale_tt2b,Q2scale_ttH,Q2scale_ttW,Q2scale_ttbb,Q2scale_ttcc,Q2scale_ttlf,QCDscale_ST,lumi_13TeV,pdf_gg,pdf_qg,pdf_qqbar,pu,r) ]
 message      : Number of events is negative or error
 server values: params=(CMS_eff_lep = -0.0790894 +/- inf,CMS_jer = 0.10337 +/- inf,CMS_jes = 0.12051 +/- inf,CMS_tHq_tt1b = 0.340805 +/- inf,CMS_tHq_tt2b = 0.333903 +/- inf,CMS_tHq_ttbb = 0.44893 +/- inf,CMS_tHq_ttcc = 0.116806 +/- inf,CSVCErr1 = 1.06458 +/- inf,CSVCErr2 = -0.133416 +/- inf,CSVHF = -0.502135 +/- inf,CSVHFStats1 = 0.33578 +/- inf,CSVHFStats2 = -0.130959 +/- inf,CSVLF = -0.235377 +/- inf,CSVLFStats1 = 0.118514 +/- inf,CSVLFStats2 = -0.156795 +/- inf,Q2scale_VV = 3.03685e-06 +/- inf,Q2scale_Wj = 0.184074 +/- inf,Q2scale_tHW = -0.000374595 +/- inf,Q2scale_tHq = 0.00120781 +/- inf,Q2scale_tt1b = -0.144747 +/- inf,Q2scale_tt2b = -0.177436 +/- inf,Q2scale_ttH = -0.00731693 +/- inf,Q2scale_ttW = 0.00168543 +/- inf,Q2scale_ttbb = -0.185178 +/- inf,Q2scale_ttcc = -0.16941 +/- inf,Q2scale_ttlf = 0.572027 +/- inf,QCDscale_ST = 0.0236295 +/- inf,lumi_13TeV = -0.106405 +/- inf,pdf_gg = -0.108118 +/- inf,pdf_qg = 0.0236453 +/- inf,pdf_qqbar = -0.0365225 +/- inf,pu = -0.0999349 +/- inf,r = -22.3058 +/- 2.4732)
-22.305779    -18000022512.92930  -18000022512.92930    -22.534274
WARNING: underflow to -0.0627093 in pdf_bintH_4m_obsOnly for bin 8, weight 1
[#0] ERROR:Eval -- RooAbsReal::logEvalError(tH_4m) evaluation error, 
 origin       : RooAbsReal::tH_4m[ params=(CMS_eff_lep,CMS_jer,CMS_jes,CMS_tHq_tt1b,CMS_tHq_tt2b,CMS_tHq_ttbb,CMS_tHq_ttcc,CSVCErr1,CSVCErr2,CSVHF,CSVHFStats1,CSVHFStats2,CSVLF,CSVLFStats1,CSVLFStats2,Q2scale_VV,Q2scale_Wj,Q2scale_tHW,Q2scale_tHq,Q2scale_tt1b,Q2scale_tt2b,Q2scale_ttH,Q2scale_ttW,Q2scale_ttbb,Q2scale_ttcc,Q2scale_ttlf,QCDscale_ST,lumi_13TeV,pdf_gg,pdf_qg,pdf_qqbar,pu,r) ]
 message      : Number of events is negative or error
 server values: params=(CMS_eff_lep = -0.0790894 +/- 0.480548,CMS_jer = 0.10337 +/- 0.353415,CMS_jes = 0.12051 +/- 0.233035,CMS_tHq_tt1b = 0.340805 +/- 0.230075,CMS_tHq_tt2b = 0.333903 +/- 0.20732,CMS_tHq_ttbb = 0.44893 +/- 0.140415,CMS_tHq_ttcc = 0.116806 +/- 0.0993572,CSVCErr1 = 1.06458 +/- 0.0729961,CSVCErr2 = -0.133416 +/- 0.489629,CSVHF = -0.502135 +/- 0.104903,CSVHFStats1 = 0.33578 +/- 0.191489,CSVHFStats2 = -0.130959 +/- 0.255172,CSVLF = -0.235377 +/- 0.101105,CSVLFStats1 = 0.118514 +/- 0.334488,CSVLFStats2 = -0.156795 +/- 0.990181,Q2scale_VV = 3.03685e-06 +/- 0.477655,Q2scale_Wj = 0.184074 +/- 0.753034,Q2scale_tHW = -0.000374595 +/- 0.777171,Q2scale_tHq = 0.00120781 +/- 0.801363,Q2scale_tt1b = -0.144747 +/- 0.502465,Q2scale_tt2b = -0.177436 +/- 0.418833,Q2scale_ttH = -0.00731693 +/- 0.799407,Q2scale_ttW = 0.00168543 +/- 0.802989,Q2scale_ttbb = -0.185178 +/- 0.379031,Q2scale_ttcc = -0.16941 +/- 0.277742,Q2scale_ttlf = 0.572027 +/- 0.215833,QCDscale_ST = 0.0236295 +/- 0.874028,lumi_13TeV = -0.106405 +/- 0.390801,pdf_gg = -0.108118 +/- 0.400442,pdf_qg = 0.0236453 +/- 0.439643,pdf_qqbar = -0.0365225 +/- 0.79567,pu = -0.0999349 +/- 0.749554,r = -6.53179 +/- 2.4732)
WARNING: underflow to -0.0627093 in pdf_bintH_4m_obsOnly for bin 8, weight 1
[#0] ERROR:Eval -- RooAbsReal::logEvalError(tH_4m) evaluation error, 
 origin       : RooAbsReal::tH_4m[ params=(CMS_eff_lep,CMS_jer,CMS_jes,CMS_tHq_tt1b,CMS_tHq_tt2b,CMS_tHq_ttbb,CMS_tHq_ttcc,CSVCErr1,CSVCErr2,CSVHF,CSVHFStats1,CSVHFStats2,CSVLF,CSVLFStats1,CSVLFStats2,Q2scale_VV,Q2scale_Wj,Q2scale_tHW,Q2scale_tHq,Q2scale_tt1b,Q2scale_tt2b,Q2scale_ttH,Q2scale_ttW,Q2scale_ttbb,Q2scale_ttcc,Q2scale_ttlf,QCDscale_ST,lumi_13TeV,pdf_gg,pdf_qg,pdf_qqbar,pu,r) ]
 message      : Number of events is negative or error
 server values: params=(CMS_eff_lep = -0.0790894 +/- inf,CMS_jer = 0.10337 +/- inf,CMS_jes = 0.12051 +/- inf,CMS_tHq_tt1b = 0.340805 +/- inf,CMS_tHq_tt2b = 0.333903 +/- inf,CMS_tHq_ttbb = 0.44893 +/- inf,CMS_tHq_ttcc = 0.116806 +/- inf,CSVCErr1 = 1.06458 +/- inf,CSVCErr2 = -0.133416 +/- inf,CSVHF = -0.502135 +/- inf,CSVHFStats1 = 0.33578 +/- inf,CSVHFStats2 = -0.130959 +/- inf,CSVLF = -0.235377 +/- inf,CSVLFStats1 = 0.118514 +/- inf,CSVLFStats2 = -0.156795 +/- inf,Q2scale_VV = 3.03685e-06 +/- inf,Q2scale_Wj = 0.184074 +/- inf,Q2scale_tHW = -0.000374595 +/- inf,Q2scale_tHq = 0.00120781 +/- inf,Q2scale_tt1b = -0.144747 +/- inf,Q2scale_tt2b = -0.177436 +/- inf,Q2scale_ttH = -0.00731693 +/- inf,Q2scale_ttW = 0.00168543 +/- inf,Q2scale_ttbb = -0.185178 +/- inf,Q2scale_ttcc = -0.16941 +/- inf,Q2scale_ttlf = 0.572027 +/- inf,QCDscale_ST = 0.0236295 +/- inf,lumi_13TeV = -0.106405 +/- inf,pdf_gg = -0.108118 +/- inf,pdf_qg = 0.0236453 +/- inf,pdf_qqbar = -0.0365225 +/- inf,pu = -0.0999349 +/- inf,r = -6.53179 +/- 2.4732)
-6.531787    -9000000464.12212  -18000022512.92930    -6.760282
-1.799589    +0.07211  -9000000464.12212    -2.028085
-3.827674    -1.12224  +0.07211    -2.028085
-2.408015    -0.14929  -1.12224    -0.608425
-1.982117    +0.02103  -0.14929    -0.182528
-2.164645    -0.04051  +0.02103    -0.182528
-2.036875    +0.01526  -0.04051    -0.054758
-2.091634    -0.00972  +0.01526    -0.054758
-2.053303    +0.00791  -0.00972    -0.016427
-2.069730    +0.00093  +0.00791    -0.016427
-2.086158    -0.00637  +0.00093    -0.016427
-2.074659    -0.00125  -0.00637    -0.004928
-2.071209    +0.00028  -0.00125    -0.001478

 --- MaxLikelihoodFit ---
Best fit r: 0.228495  -2.29948/+2.38404  (68% CL)
nll S+B -> -60.73  nll B -> -61.3502
Done in 0.30 min (cpu), 0.31 min (real)
