>>> including systematics
>>> method used to compute upper limit is MaxLikelihoodFit
>>> random number generator seed is 123456
[?1034hComputing limit starting from observation
Created Branches
Searching for crossing at nll = -22472.6 in the interval 0.16668, 150
      r      lvl-here  lvl-there   stepping
37.625010    -95.12631  +0.49447    37.458330
11.404179    -9.38875  -95.12631    11.237499
3.537930    -1.38206  -9.38875    3.371250
1.178055    +0.24663  -1.38206    1.011375
2.189430    -0.33330  +0.24663    1.011375
1.481468    +0.09033  -0.33330    0.303412
1.784880    -0.10104  +0.09033    0.303412
1.572491    +0.03237  -0.10104    0.091024
1.663515    -0.03165  +0.03237    0.091024
1.599798    +0.01458  -0.03165    0.027307
1.627106    -0.00277  +0.01458    0.027307
1.607991    +0.00945  -0.00277    0.008192
1.616183    +0.00425  +0.00945    0.008192
1.624375    -0.00101  +0.00425    0.008192
Searching for crossing at nll = -22472.6 in the interval 0.16668, -150
      r      lvl-here  lvl-there   stepping
WARNING: underflow to -110.234 in pdf_bintH_3m_obsOnly for bin 6, weight 355
[#0] ERROR:Eval -- RooAbsReal::logEvalError(tH_3m) evaluation error, 
 origin       : RooAbsReal::tH_3m[ params=(CMS_eff_lep,CMS_jer,CMS_jes,CMS_tHq_tt1b,CMS_tHq_tt2b,CMS_tHq_ttbb,CMS_tHq_ttcc,CSVCErr1,CSVCErr2,CSVHF,CSVHFStats1,CSVHFStats2,CSVLF,CSVLFStats1,CSVLFStats2,Q2scale_VV,Q2scale_Wj,Q2scale_tHW,Q2scale_tHq,Q2scale_tt1b,Q2scale_tt2b,Q2scale_ttH,Q2scale_ttW,Q2scale_ttbb,Q2scale_ttcc,Q2scale_ttlf,QCDscale_ST,lumi_13TeV,pdf_gg,pdf_qg,pdf_qqbar,pu,r) ]
 message      : Number of events is negative or error
 server values: params=(CMS_eff_lep = -0.0883397 +/- 0.481173,CMS_jer = 0.154068 +/- 0.299922,CMS_jes = 0.315684 +/- 0.194279,CMS_tHq_tt1b = 0.415571 +/- 0.201215,CMS_tHq_tt2b = 0.312619 +/- 0.230284,CMS_tHq_ttbb = 0.31697 +/- 0.154807,CMS_tHq_ttcc = -0.0368838 +/- 0.0984969,CSVCErr1 = 1.13825 +/- 0.0737661,CSVCErr2 = -0.13785 +/- 0.494291,CSVHF = -0.62732 +/- 0.0950122,CSVHFStats1 = 0.341068 +/- 0.190354,CSVHFStats2 = -0.0568264 +/- 0.257252,CSVLF = -0.234435 +/- 0.103163,CSVLFStats1 = -0.058415 +/- 0.322894,CSVLFStats2 = -0.128479 +/- 0.980993,Q2scale_VV = 0.000294003 +/- 0.379235,Q2scale_Wj = 0.151358 +/- 0.755104,Q2scale_tHW = -0.000491046 +/- 0.787085,Q2scale_tHq = 0.00192246 +/- 0.797294,Q2scale_tt1b = -0.181715 +/- 0.494852,Q2scale_tt2b = -0.187675 +/- 0.525603,Q2scale_ttH = -0.00624428 +/- 0.791366,Q2scale_ttW = 0.00316759 +/- 0.782074,Q2scale_ttbb = -0.161285 +/- 0.382996,Q2scale_ttcc = -0.130846 +/- 0.280987,Q2scale_ttlf = 0.580339 +/- 0.13034,QCDscale_ST = 0.0220959 +/- 0.794737,lumi_13TeV = -0.118404 +/- 0.472327,pdf_gg = -0.127638 +/- 0.387168,pdf_qg = 0.02206 +/- 0.801615,pdf_qqbar = -0.0290132 +/- 0.801389,pu = -0.112527 +/- 0.735989,r = -74.9167 +/- 1.58405)
WARNING: underflow to -13.3093 in pdf_bintH_4m_obsOnly for bin 3, weight 41
[#0] ERROR:Eval -- RooAbsReal::logEvalError(tH_4m) evaluation error, 
 origin       : RooAbsReal::tH_4m[ params=(CMS_eff_lep,CMS_jer,CMS_jes,CMS_tHq_tt1b,CMS_tHq_tt2b,CMS_tHq_ttbb,CMS_tHq_ttcc,CSVCErr1,CSVCErr2,CSVHF,CSVHFStats1,CSVHFStats2,CSVLF,CSVLFStats1,CSVLFStats2,Q2scale_VV,Q2scale_Wj,Q2scale_tHW,Q2scale_tHq,Q2scale_tt1b,Q2scale_tt2b,Q2scale_ttH,Q2scale_ttW,Q2scale_ttbb,Q2scale_ttcc,Q2scale_ttlf,QCDscale_ST,lumi_13TeV,pdf_gg,pdf_qg,pdf_qqbar,pu,r) ]
 message      : Number of events is negative or error
 server values: params=(CMS_eff_lep = -0.0883397 +/- 0.481173,CMS_jer = 0.154068 +/- 0.299922,CMS_jes = 0.315684 +/- 0.194279,CMS_tHq_tt1b = 0.415571 +/- 0.201215,CMS_tHq_tt2b = 0.312619 +/- 0.230284,CMS_tHq_ttbb = 0.31697 +/- 0.154807,CMS_tHq_ttcc = -0.0368838 +/- 0.0984969,CSVCErr1 = 1.13825 +/- 0.0737661,CSVCErr2 = -0.13785 +/- 0.494291,CSVHF = -0.62732 +/- 0.0950122,CSVHFStats1 = 0.341068 +/- 0.190354,CSVHFStats2 = -0.0568264 +/- 0.257252,CSVLF = -0.234435 +/- 0.103163,CSVLFStats1 = -0.058415 +/- 0.322894,CSVLFStats2 = -0.128479 +/- 0.980993,Q2scale_VV = 0.000294003 +/- 0.379235,Q2scale_Wj = 0.151358 +/- 0.755104,Q2scale_tHW = -0.000491046 +/- 0.787085,Q2scale_tHq = 0.00192246 +/- 0.797294,Q2scale_tt1b = -0.181715 +/- 0.494852,Q2scale_tt2b = -0.187675 +/- 0.525603,Q2scale_ttH = -0.00624428 +/- 0.791366,Q2scale_ttW = 0.00316759 +/- 0.782074,Q2scale_ttbb = -0.161285 +/- 0.382996,Q2scale_ttcc = -0.130846 +/- 0.280987,Q2scale_ttlf = 0.580339 +/- 0.13034,QCDscale_ST = 0.0220959 +/- 0.794737,lumi_13TeV = -0.118404 +/- 0.472327,pdf_gg = -0.127638 +/- 0.387168,pdf_qg = 0.02206 +/- 0.801615,pdf_qqbar = -0.0290132 +/- 0.801389,pu = -0.112527 +/- 0.735989,r = -74.9167 +/- 1.58405)
WARNING: underflow to -110.234 in pdf_bintH_3m_obsOnly for bin 6, weight 355
[#0] ERROR:Eval -- RooAbsReal::logEvalError(tH_3m) evaluation error, 
 origin       : RooAbsReal::tH_3m[ params=(CMS_eff_lep,CMS_jer,CMS_jes,CMS_tHq_tt1b,CMS_tHq_tt2b,CMS_tHq_ttbb,CMS_tHq_ttcc,CSVCErr1,CSVCErr2,CSVHF,CSVHFStats1,CSVHFStats2,CSVLF,CSVLFStats1,CSVLFStats2,Q2scale_VV,Q2scale_Wj,Q2scale_tHW,Q2scale_tHq,Q2scale_tt1b,Q2scale_tt2b,Q2scale_ttH,Q2scale_ttW,Q2scale_ttbb,Q2scale_ttcc,Q2scale_ttlf,QCDscale_ST,lumi_13TeV,pdf_gg,pdf_qg,pdf_qqbar,pu,r) ]
 message      : Number of events is negative or error
 server values: params=(CMS_eff_lep = -0.0883397 +/- inf,CMS_jer = 0.154068 +/- inf,CMS_jes = 0.315684 +/- inf,CMS_tHq_tt1b = 0.415571 +/- inf,CMS_tHq_tt2b = 0.312619 +/- inf,CMS_tHq_ttbb = 0.31697 +/- inf,CMS_tHq_ttcc = -0.0368838 +/- inf,CSVCErr1 = 1.13825 +/- inf,CSVCErr2 = -0.13785 +/- inf,CSVHF = -0.62732 +/- inf,CSVHFStats1 = 0.341068 +/- inf,CSVHFStats2 = -0.0568264 +/- inf,CSVLF = -0.234435 +/- inf,CSVLFStats1 = -0.058415 +/- inf,CSVLFStats2 = -0.128479 +/- inf,Q2scale_VV = 0.000294003 +/- inf,Q2scale_Wj = 0.151358 +/- inf,Q2scale_tHW = -0.000491046 +/- inf,Q2scale_tHq = 0.00192246 +/- inf,Q2scale_tt1b = -0.181715 +/- inf,Q2scale_tt2b = -0.187675 +/- inf,Q2scale_ttH = -0.00624428 +/- inf,Q2scale_ttW = 0.00316759 +/- inf,Q2scale_ttbb = -0.161285 +/- inf,Q2scale_ttcc = -0.130846 +/- inf,Q2scale_ttlf = 0.580339 +/- inf,QCDscale_ST = 0.0220959 +/- inf,lumi_13TeV = -0.118404 +/- inf,pdf_gg = -0.127638 +/- inf,pdf_qg = 0.02206 +/- inf,pdf_qqbar = -0.0290132 +/- inf,pu = -0.112527 +/- inf,r = -74.9167 +/- 1.58405)
WARNING: underflow to -13.3093 in pdf_bintH_4m_obsOnly for bin 3, weight 41
[#0] ERROR:Eval -- RooAbsReal::logEvalError(tH_4m) evaluation error, 
 origin       : RooAbsReal::tH_4m[ params=(CMS_eff_lep,CMS_jer,CMS_jes,CMS_tHq_tt1b,CMS_tHq_tt2b,CMS_tHq_ttbb,CMS_tHq_ttcc,CSVCErr1,CSVCErr2,CSVHF,CSVHFStats1,CSVHFStats2,CSVLF,CSVLFStats1,CSVLFStats2,Q2scale_VV,Q2scale_Wj,Q2scale_tHW,Q2scale_tHq,Q2scale_tt1b,Q2scale_tt2b,Q2scale_ttH,Q2scale_ttW,Q2scale_ttbb,Q2scale_ttcc,Q2scale_ttlf,QCDscale_ST,lumi_13TeV,pdf_gg,pdf_qg,pdf_qqbar,pu,r) ]
 message      : Number of events is negative or error
 server values: params=(CMS_eff_lep = -0.0883397 +/- inf,CMS_jer = 0.154068 +/- inf,CMS_jes = 0.315684 +/- inf,CMS_tHq_tt1b = 0.415571 +/- inf,CMS_tHq_tt2b = 0.312619 +/- inf,CMS_tHq_ttbb = 0.31697 +/- inf,CMS_tHq_ttcc = -0.0368838 +/- inf,CSVCErr1 = 1.13825 +/- inf,CSVCErr2 = -0.13785 +/- inf,CSVHF = -0.62732 +/- inf,CSVHFStats1 = 0.341068 +/- inf,CSVHFStats2 = -0.0568264 +/- inf,CSVLF = -0.234435 +/- inf,CSVLFStats1 = -0.058415 +/- inf,CSVLFStats2 = -0.128479 +/- inf,Q2scale_VV = 0.000294003 +/- inf,Q2scale_Wj = 0.151358 +/- inf,Q2scale_tHW = -0.000491046 +/- inf,Q2scale_tHq = 0.00192246 +/- inf,Q2scale_tt1b = -0.181715 +/- inf,Q2scale_tt2b = -0.187675 +/- inf,Q2scale_ttH = -0.00624428 +/- inf,Q2scale_ttW = 0.00316759 +/- inf,Q2scale_ttbb = -0.161285 +/- inf,Q2scale_ttcc = -0.130846 +/- inf,Q2scale_ttlf = 0.580339 +/- inf,QCDscale_ST = 0.0220959 +/- inf,lumi_13TeV = -0.118404 +/- inf,pdf_gg = -0.127638 +/- inf,pdf_qg = 0.02206 +/- inf,pdf_qqbar = -0.0290132 +/- inf,pu = -0.112527 +/- inf,r = -74.9167 +/- 1.58405)
-74.916660    -18000022474.05555  +0.49447    -75.083340
WARNING: underflow to -14.9445 in pdf_bintH_3m_obsOnly for bin 8, weight 58
[#0] ERROR:Eval -- RooAbsReal::logEvalError(tH_3m) evaluation error, 
 origin       : RooAbsReal::tH_3m[ params=(CMS_eff_lep,CMS_jer,CMS_jes,CMS_tHq_tt1b,CMS_tHq_tt2b,CMS_tHq_ttbb,CMS_tHq_ttcc,CSVCErr1,CSVCErr2,CSVHF,CSVHFStats1,CSVHFStats2,CSVLF,CSVLFStats1,CSVLFStats2,Q2scale_VV,Q2scale_Wj,Q2scale_tHW,Q2scale_tHq,Q2scale_tt1b,Q2scale_tt2b,Q2scale_ttH,Q2scale_ttW,Q2scale_ttbb,Q2scale_ttcc,Q2scale_ttlf,QCDscale_ST,lumi_13TeV,pdf_gg,pdf_qg,pdf_qqbar,pu,r) ]
 message      : Number of events is negative or error
 server values: params=(CMS_eff_lep = -0.0883397 +/- 0.481173,CMS_jer = 0.154068 +/- 0.299922,CMS_jes = 0.315684 +/- 0.194279,CMS_tHq_tt1b = 0.415571 +/- 0.201215,CMS_tHq_tt2b = 0.312619 +/- 0.230284,CMS_tHq_ttbb = 0.31697 +/- 0.154807,CMS_tHq_ttcc = -0.0368838 +/- 0.0984969,CSVCErr1 = 1.13825 +/- 0.0737661,CSVCErr2 = -0.13785 +/- 0.494291,CSVHF = -0.62732 +/- 0.0950122,CSVHFStats1 = 0.341068 +/- 0.190354,CSVHFStats2 = -0.0568264 +/- 0.257252,CSVLF = -0.234435 +/- 0.103163,CSVLFStats1 = -0.058415 +/- 0.322894,CSVLFStats2 = -0.128479 +/- 0.980993,Q2scale_VV = 0.000294003 +/- 0.379235,Q2scale_Wj = 0.151358 +/- 0.755104,Q2scale_tHW = -0.000491046 +/- 0.787085,Q2scale_tHq = 0.00192246 +/- 0.797294,Q2scale_tt1b = -0.181715 +/- 0.494852,Q2scale_tt2b = -0.187675 +/- 0.525603,Q2scale_ttH = -0.00624428 +/- 0.791366,Q2scale_ttW = 0.00316759 +/- 0.782074,Q2scale_ttbb = -0.161285 +/- 0.382996,Q2scale_ttcc = -0.130846 +/- 0.280987,Q2scale_ttlf = 0.580339 +/- 0.13034,QCDscale_ST = 0.0220959 +/- 0.794737,lumi_13TeV = -0.118404 +/- 0.472327,pdf_gg = -0.127638 +/- 0.387168,pdf_qg = 0.02206 +/- 0.801615,pdf_qqbar = -0.0290132 +/- 0.801389,pu = -0.112527 +/- 0.735989,r = -22.3583 +/- 1.58405)
WARNING: underflow to -7.59181 in pdf_bintH_4m_obsOnly for bin 6, weight 14
[#0] ERROR:Eval -- RooAbsReal::logEvalError(tH_4m) evaluation error, 
 origin       : RooAbsReal::tH_4m[ params=(CMS_eff_lep,CMS_jer,CMS_jes,CMS_tHq_tt1b,CMS_tHq_tt2b,CMS_tHq_ttbb,CMS_tHq_ttcc,CSVCErr1,CSVCErr2,CSVHF,CSVHFStats1,CSVHFStats2,CSVLF,CSVLFStats1,CSVLFStats2,Q2scale_VV,Q2scale_Wj,Q2scale_tHW,Q2scale_tHq,Q2scale_tt1b,Q2scale_tt2b,Q2scale_ttH,Q2scale_ttW,Q2scale_ttbb,Q2scale_ttcc,Q2scale_ttlf,QCDscale_ST,lumi_13TeV,pdf_gg,pdf_qg,pdf_qqbar,pu,r) ]
 message      : Number of events is negative or error
 server values: params=(CMS_eff_lep = -0.0883397 +/- 0.481173,CMS_jer = 0.154068 +/- 0.299922,CMS_jes = 0.315684 +/- 0.194279,CMS_tHq_tt1b = 0.415571 +/- 0.201215,CMS_tHq_tt2b = 0.312619 +/- 0.230284,CMS_tHq_ttbb = 0.31697 +/- 0.154807,CMS_tHq_ttcc = -0.0368838 +/- 0.0984969,CSVCErr1 = 1.13825 +/- 0.0737661,CSVCErr2 = -0.13785 +/- 0.494291,CSVHF = -0.62732 +/- 0.0950122,CSVHFStats1 = 0.341068 +/- 0.190354,CSVHFStats2 = -0.0568264 +/- 0.257252,CSVLF = -0.234435 +/- 0.103163,CSVLFStats1 = -0.058415 +/- 0.322894,CSVLFStats2 = -0.128479 +/- 0.980993,Q2scale_VV = 0.000294003 +/- 0.379235,Q2scale_Wj = 0.151358 +/- 0.755104,Q2scale_tHW = -0.000491046 +/- 0.787085,Q2scale_tHq = 0.00192246 +/- 0.797294,Q2scale_tt1b = -0.181715 +/- 0.494852,Q2scale_tt2b = -0.187675 +/- 0.525603,Q2scale_ttH = -0.00624428 +/- 0.791366,Q2scale_ttW = 0.00316759 +/- 0.782074,Q2scale_ttbb = -0.161285 +/- 0.382996,Q2scale_ttcc = -0.130846 +/- 0.280987,Q2scale_ttlf = 0.580339 +/- 0.13034,QCDscale_ST = 0.0220959 +/- 0.794737,lumi_13TeV = -0.118404 +/- 0.472327,pdf_gg = -0.127638 +/- 0.387168,pdf_qg = 0.02206 +/- 0.801615,pdf_qqbar = -0.0290132 +/- 0.801389,pu = -0.112527 +/- 0.735989,r = -22.3583 +/- 1.58405)
WARNING: underflow to -14.9445 in pdf_bintH_3m_obsOnly for bin 8, weight 58
[#0] ERROR:Eval -- RooAbsReal::logEvalError(tH_3m) evaluation error, 
 origin       : RooAbsReal::tH_3m[ params=(CMS_eff_lep,CMS_jer,CMS_jes,CMS_tHq_tt1b,CMS_tHq_tt2b,CMS_tHq_ttbb,CMS_tHq_ttcc,CSVCErr1,CSVCErr2,CSVHF,CSVHFStats1,CSVHFStats2,CSVLF,CSVLFStats1,CSVLFStats2,Q2scale_VV,Q2scale_Wj,Q2scale_tHW,Q2scale_tHq,Q2scale_tt1b,Q2scale_tt2b,Q2scale_ttH,Q2scale_ttW,Q2scale_ttbb,Q2scale_ttcc,Q2scale_ttlf,QCDscale_ST,lumi_13TeV,pdf_gg,pdf_qg,pdf_qqbar,pu,r) ]
 message      : Number of events is negative or error
 server values: params=(CMS_eff_lep = -0.0883397 +/- inf,CMS_jer = 0.154068 +/- inf,CMS_jes = 0.315684 +/- inf,CMS_tHq_tt1b = 0.415571 +/- inf,CMS_tHq_tt2b = 0.312619 +/- inf,CMS_tHq_ttbb = 0.31697 +/- inf,CMS_tHq_ttcc = -0.0368838 +/- inf,CSVCErr1 = 1.13825 +/- inf,CSVCErr2 = -0.13785 +/- inf,CSVHF = -0.62732 +/- inf,CSVHFStats1 = 0.341068 +/- inf,CSVHFStats2 = -0.0568264 +/- inf,CSVLF = -0.234435 +/- inf,CSVLFStats1 = -0.058415 +/- inf,CSVLFStats2 = -0.128479 +/- inf,Q2scale_VV = 0.000294003 +/- inf,Q2scale_Wj = 0.151358 +/- inf,Q2scale_tHW = -0.000491046 +/- inf,Q2scale_tHq = 0.00192246 +/- inf,Q2scale_tt1b = -0.181715 +/- inf,Q2scale_tt2b = -0.187675 +/- inf,Q2scale_ttH = -0.00624428 +/- inf,Q2scale_ttW = 0.00316759 +/- inf,Q2scale_ttbb = -0.161285 +/- inf,Q2scale_ttcc = -0.130846 +/- inf,Q2scale_ttlf = 0.580339 +/- inf,QCDscale_ST = 0.0220959 +/- inf,lumi_13TeV = -0.118404 +/- inf,pdf_gg = -0.127638 +/- inf,pdf_qg = 0.02206 +/- inf,pdf_qqbar = -0.0290132 +/- inf,pu = -0.112527 +/- inf,r = -22.3583 +/- 1.58405)
WARNING: underflow to -7.59181 in pdf_bintH_4m_obsOnly for bin 6, weight 14
[#0] ERROR:Eval -- RooAbsReal::logEvalError(tH_4m) evaluation error, 
 origin       : RooAbsReal::tH_4m[ params=(CMS_eff_lep,CMS_jer,CMS_jes,CMS_tHq_tt1b,CMS_tHq_tt2b,CMS_tHq_ttbb,CMS_tHq_ttcc,CSVCErr1,CSVCErr2,CSVHF,CSVHFStats1,CSVHFStats2,CSVLF,CSVLFStats1,CSVLFStats2,Q2scale_VV,Q2scale_Wj,Q2scale_tHW,Q2scale_tHq,Q2scale_tt1b,Q2scale_tt2b,Q2scale_ttH,Q2scale_ttW,Q2scale_ttbb,Q2scale_ttcc,Q2scale_ttlf,QCDscale_ST,lumi_13TeV,pdf_gg,pdf_qg,pdf_qqbar,pu,r) ]
 message      : Number of events is negative or error
 server values: params=(CMS_eff_lep = -0.0883397 +/- inf,CMS_jer = 0.154068 +/- inf,CMS_jes = 0.315684 +/- inf,CMS_tHq_tt1b = 0.415571 +/- inf,CMS_tHq_tt2b = 0.312619 +/- inf,CMS_tHq_ttbb = 0.31697 +/- inf,CMS_tHq_ttcc = -0.0368838 +/- inf,CSVCErr1 = 1.13825 +/- inf,CSVCErr2 = -0.13785 +/- inf,CSVHF = -0.62732 +/- inf,CSVHFStats1 = 0.341068 +/- inf,CSVHFStats2 = -0.0568264 +/- inf,CSVLF = -0.234435 +/- inf,CSVLFStats1 = -0.058415 +/- inf,CSVLFStats2 = -0.128479 +/- inf,Q2scale_VV = 0.000294003 +/- inf,Q2scale_Wj = 0.151358 +/- inf,Q2scale_tHW = -0.000491046 +/- inf,Q2scale_tHq = 0.00192246 +/- inf,Q2scale_tt1b = -0.181715 +/- inf,Q2scale_tt2b = -0.187675 +/- inf,Q2scale_ttH = -0.00624428 +/- inf,Q2scale_ttW = 0.00316759 +/- inf,Q2scale_ttbb = -0.161285 +/- inf,Q2scale_ttcc = -0.130846 +/- inf,Q2scale_ttlf = 0.580339 +/- inf,QCDscale_ST = 0.0220959 +/- inf,lumi_13TeV = -0.118404 +/- inf,pdf_gg = -0.127638 +/- inf,pdf_qg = 0.02206 +/- inf,pdf_qqbar = -0.0290132 +/- inf,pu = -0.112527 +/- inf,r = -22.3583 +/- 1.58405)
-22.358322    -18000022474.05555  -18000022474.05555    -22.525002
WARNING: underflow to -0.600911 in pdf_bintH_3m_obsOnly for bin 10, weight 1
[#0] ERROR:Eval -- RooAbsReal::logEvalError(tH_3m) evaluation error, 
 origin       : RooAbsReal::tH_3m[ params=(CMS_eff_lep,CMS_jer,CMS_jes,CMS_tHq_tt1b,CMS_tHq_tt2b,CMS_tHq_ttbb,CMS_tHq_ttcc,CSVCErr1,CSVCErr2,CSVHF,CSVHFStats1,CSVHFStats2,CSVLF,CSVLFStats1,CSVLFStats2,Q2scale_VV,Q2scale_Wj,Q2scale_tHW,Q2scale_tHq,Q2scale_tt1b,Q2scale_tt2b,Q2scale_ttH,Q2scale_ttW,Q2scale_ttbb,Q2scale_ttcc,Q2scale_ttlf,QCDscale_ST,lumi_13TeV,pdf_gg,pdf_qg,pdf_qqbar,pu,r) ]
 message      : Number of events is negative or error
 server values: params=(CMS_eff_lep = -0.0883397 +/- 0.481173,CMS_jer = 0.154068 +/- 0.299922,CMS_jes = 0.315684 +/- 0.194279,CMS_tHq_tt1b = 0.415571 +/- 0.201215,CMS_tHq_tt2b = 0.312619 +/- 0.230284,CMS_tHq_ttbb = 0.31697 +/- 0.154807,CMS_tHq_ttcc = -0.0368838 +/- 0.0984969,CSVCErr1 = 1.13825 +/- 0.0737661,CSVCErr2 = -0.13785 +/- 0.494291,CSVHF = -0.62732 +/- 0.0950122,CSVHFStats1 = 0.341068 +/- 0.190354,CSVHFStats2 = -0.0568264 +/- 0.257252,CSVLF = -0.234435 +/- 0.103163,CSVLFStats1 = -0.058415 +/- 0.322894,CSVLFStats2 = -0.128479 +/- 0.980993,Q2scale_VV = 0.000294003 +/- 0.379235,Q2scale_Wj = 0.151358 +/- 0.755104,Q2scale_tHW = -0.000491046 +/- 0.787085,Q2scale_tHq = 0.00192246 +/- 0.797294,Q2scale_tt1b = -0.181715 +/- 0.494852,Q2scale_tt2b = -0.187675 +/- 0.525603,Q2scale_ttH = -0.00624428 +/- 0.791366,Q2scale_ttW = 0.00316759 +/- 0.782074,Q2scale_ttbb = -0.161285 +/- 0.382996,Q2scale_ttcc = -0.130846 +/- 0.280987,Q2scale_ttlf = 0.580339 +/- 0.13034,QCDscale_ST = 0.0220959 +/- 0.794737,lumi_13TeV = -0.118404 +/- 0.472327,pdf_gg = -0.127638 +/- 0.387168,pdf_qg = 0.02206 +/- 0.801615,pdf_qqbar = -0.0290132 +/- 0.801389,pu = -0.112527 +/- 0.735989,r = -6.59082 +/- 1.58405)
WARNING: underflow to -1.079 in pdf_bintH_4m_obsOnly for bin 8, weight 2
[#0] ERROR:Eval -- RooAbsReal::logEvalError(tH_4m) evaluation error, 
 origin       : RooAbsReal::tH_4m[ params=(CMS_eff_lep,CMS_jer,CMS_jes,CMS_tHq_tt1b,CMS_tHq_tt2b,CMS_tHq_ttbb,CMS_tHq_ttcc,CSVCErr1,CSVCErr2,CSVHF,CSVHFStats1,CSVHFStats2,CSVLF,CSVLFStats1,CSVLFStats2,Q2scale_VV,Q2scale_Wj,Q2scale_tHW,Q2scale_tHq,Q2scale_tt1b,Q2scale_tt2b,Q2scale_ttH,Q2scale_ttW,Q2scale_ttbb,Q2scale_ttcc,Q2scale_ttlf,QCDscale_ST,lumi_13TeV,pdf_gg,pdf_qg,pdf_qqbar,pu,r) ]
 message      : Number of events is negative or error
 server values: params=(CMS_eff_lep = -0.0883397 +/- 0.481173,CMS_jer = 0.154068 +/- 0.299922,CMS_jes = 0.315684 +/- 0.194279,CMS_tHq_tt1b = 0.415571 +/- 0.201215,CMS_tHq_tt2b = 0.312619 +/- 0.230284,CMS_tHq_ttbb = 0.31697 +/- 0.154807,CMS_tHq_ttcc = -0.0368838 +/- 0.0984969,CSVCErr1 = 1.13825 +/- 0.0737661,CSVCErr2 = -0.13785 +/- 0.494291,CSVHF = -0.62732 +/- 0.0950122,CSVHFStats1 = 0.341068 +/- 0.190354,CSVHFStats2 = -0.0568264 +/- 0.257252,CSVLF = -0.234435 +/- 0.103163,CSVLFStats1 = -0.058415 +/- 0.322894,CSVLFStats2 = -0.128479 +/- 0.980993,Q2scale_VV = 0.000294003 +/- 0.379235,Q2scale_Wj = 0.151358 +/- 0.755104,Q2scale_tHW = -0.000491046 +/- 0.787085,Q2scale_tHq = 0.00192246 +/- 0.797294,Q2scale_tt1b = -0.181715 +/- 0.494852,Q2scale_tt2b = -0.187675 +/- 0.525603,Q2scale_ttH = -0.00624428 +/- 0.791366,Q2scale_ttW = 0.00316759 +/- 0.782074,Q2scale_ttbb = -0.161285 +/- 0.382996,Q2scale_ttcc = -0.130846 +/- 0.280987,Q2scale_ttlf = 0.580339 +/- 0.13034,QCDscale_ST = 0.0220959 +/- 0.794737,lumi_13TeV = -0.118404 +/- 0.472327,pdf_gg = -0.127638 +/- 0.387168,pdf_qg = 0.02206 +/- 0.801615,pdf_qqbar = -0.0290132 +/- 0.801389,pu = -0.112527 +/- 0.735989,r = -6.59082 +/- 1.58405)
WARNING: underflow to -0.600911 in pdf_bintH_3m_obsOnly for bin 10, weight 1
[#0] ERROR:Eval -- RooAbsReal::logEvalError(tH_3m) evaluation error, 
 origin       : RooAbsReal::tH_3m[ params=(CMS_eff_lep,CMS_jer,CMS_jes,CMS_tHq_tt1b,CMS_tHq_tt2b,CMS_tHq_ttbb,CMS_tHq_ttcc,CSVCErr1,CSVCErr2,CSVHF,CSVHFStats1,CSVHFStats2,CSVLF,CSVLFStats1,CSVLFStats2,Q2scale_VV,Q2scale_Wj,Q2scale_tHW,Q2scale_tHq,Q2scale_tt1b,Q2scale_tt2b,Q2scale_ttH,Q2scale_ttW,Q2scale_ttbb,Q2scale_ttcc,Q2scale_ttlf,QCDscale_ST,lumi_13TeV,pdf_gg,pdf_qg,pdf_qqbar,pu,r) ]
 message      : Number of events is negative or error
 server values: params=(CMS_eff_lep = -0.0883397 +/- inf,CMS_jer = 0.154068 +/- inf,CMS_jes = 0.315684 +/- inf,CMS_tHq_tt1b = 0.415571 +/- inf,CMS_tHq_tt2b = 0.312619 +/- inf,CMS_tHq_ttbb = 0.31697 +/- inf,CMS_tHq_ttcc = -0.0368838 +/- inf,CSVCErr1 = 1.13825 +/- inf,CSVCErr2 = -0.13785 +/- inf,CSVHF = -0.62732 +/- inf,CSVHFStats1 = 0.341068 +/- inf,CSVHFStats2 = -0.0568264 +/- inf,CSVLF = -0.234435 +/- inf,CSVLFStats1 = -0.058415 +/- inf,CSVLFStats2 = -0.128479 +/- inf,Q2scale_VV = 0.000294003 +/- inf,Q2scale_Wj = 0.151358 +/- inf,Q2scale_tHW = -0.000491046 +/- inf,Q2scale_tHq = 0.00192246 +/- inf,Q2scale_tt1b = -0.181715 +/- inf,Q2scale_tt2b = -0.187675 +/- inf,Q2scale_ttH = -0.00624428 +/- inf,Q2scale_ttW = 0.00316759 +/- inf,Q2scale_ttbb = -0.161285 +/- inf,Q2scale_ttcc = -0.130846 +/- inf,Q2scale_ttlf = 0.580339 +/- inf,QCDscale_ST = 0.0220959 +/- inf,lumi_13TeV = -0.118404 +/- inf,pdf_gg = -0.127638 +/- inf,pdf_qg = 0.02206 +/- inf,pdf_qqbar = -0.0290132 +/- inf,pu = -0.112527 +/- inf,r = -6.59082 +/- 1.58405)
WARNING: underflow to -1.079 in pdf_bintH_4m_obsOnly for bin 8, weight 2
[#0] ERROR:Eval -- RooAbsReal::logEvalError(tH_4m) evaluation error, 
 origin       : RooAbsReal::tH_4m[ params=(CMS_eff_lep,CMS_jer,CMS_jes,CMS_tHq_tt1b,CMS_tHq_tt2b,CMS_tHq_ttbb,CMS_tHq_ttcc,CSVCErr1,CSVCErr2,CSVHF,CSVHFStats1,CSVHFStats2,CSVLF,CSVLFStats1,CSVLFStats2,Q2scale_VV,Q2scale_Wj,Q2scale_tHW,Q2scale_tHq,Q2scale_tt1b,Q2scale_tt2b,Q2scale_ttH,Q2scale_ttW,Q2scale_ttbb,Q2scale_ttcc,Q2scale_ttlf,QCDscale_ST,lumi_13TeV,pdf_gg,pdf_qg,pdf_qqbar,pu,r) ]
 message      : Number of events is negative or error
 server values: params=(CMS_eff_lep = -0.0883397 +/- inf,CMS_jer = 0.154068 +/- inf,CMS_jes = 0.315684 +/- inf,CMS_tHq_tt1b = 0.415571 +/- inf,CMS_tHq_tt2b = 0.312619 +/- inf,CMS_tHq_ttbb = 0.31697 +/- inf,CMS_tHq_ttcc = -0.0368838 +/- inf,CSVCErr1 = 1.13825 +/- inf,CSVCErr2 = -0.13785 +/- inf,CSVHF = -0.62732 +/- inf,CSVHFStats1 = 0.341068 +/- inf,CSVHFStats2 = -0.0568264 +/- inf,CSVLF = -0.234435 +/- inf,CSVLFStats1 = -0.058415 +/- inf,CSVLFStats2 = -0.128479 +/- inf,Q2scale_VV = 0.000294003 +/- inf,Q2scale_Wj = 0.151358 +/- inf,Q2scale_tHW = -0.000491046 +/- inf,Q2scale_tHq = 0.00192246 +/- inf,Q2scale_tt1b = -0.181715 +/- inf,Q2scale_tt2b = -0.187675 +/- inf,Q2scale_ttH = -0.00624428 +/- inf,Q2scale_ttW = 0.00316759 +/- inf,Q2scale_ttbb = -0.161285 +/- inf,Q2scale_ttcc = -0.130846 +/- inf,Q2scale_ttlf = 0.580339 +/- inf,QCDscale_ST = 0.0220959 +/- inf,lumi_13TeV = -0.118404 +/- inf,pdf_gg = -0.127638 +/- inf,pdf_qg = 0.02206 +/- inf,pdf_qqbar = -0.0290132 +/- inf,pu = -0.112527 +/- inf,r = -6.59082 +/- 1.58405)
-6.590820    -18000022474.05555  -18000022474.05555    -6.757501
-1.860570    -0.58872  -18000022474.05555    -2.027250
-0.441495    +0.38554  -0.58872    -0.608175
-1.049670    +0.13743  +0.38554    -0.608175
-1.657845    -0.31287  +0.13743    -0.608175
-1.232122    +0.01930  -0.31287    -0.182453
-1.414575    -0.10671  +0.01930    -0.182453
-1.286858    -0.01245  -0.10671    -0.054736
-1.248543    +0.01700  -0.01245    -0.016421
-1.264964    +0.00446  +0.01700    -0.016421
-1.281385    -0.00847  +0.00446    -0.016421
-1.269890    +0.00062  -0.00847    -0.004926
-1.274816    -0.00325  +0.00062    -0.004926
-1.271368    -0.00054  -0.00325    -0.001478
-1.270333    +0.00027  -0.00054    -0.000443

 --- MaxLikelihoodFit ---
Best fit r: 0.16668  -1.43683/+1.45769  (68% CL)
nll S+B -> -61.3612  nll B -> -62.0455
Done in 0.25 min (cpu), 0.26 min (real)
