>>> including systematics
>>> method used to compute upper limit is MaxLikelihoodFit
>>> random number generator seed is 123456
[?1034hComputing limit starting from observation
Created Branches
Searching for crossing at nll = -22639.5 in the interval -0.0137305, 150
      r      lvl-here  lvl-there   stepping
74.993135    -1152.14762  +0.49447    75.006865
22.488329    -91.96770  -1152.14762    22.502060
6.736887    -14.25258  -91.96770    6.750618
2.011455    -2.64630  -14.25258    2.025185
0.593825    +0.04939  -2.64630    0.607556
1.201381    -0.88465  +0.04939    0.607556
0.776092    -0.21821  -0.88465    0.182267
0.648505    -0.03220  -0.21821    0.054680
0.610229    +0.02669  -0.03220    0.016404
0.626633    +0.00376  +0.02669    0.016404
0.643037    -0.02054  +0.00376    0.016404
Error: closed range without finding crossing.
Searching for crossing at nll = -22639.5 in the interval -0.0137305, -150
      r      lvl-here  lvl-there   stepping
WARNING: underflow to -222.924 in pdf_bintH_3m_obsOnly for bin 4, weight 862
[#0] ERROR:Eval -- RooAbsReal::logEvalError(tH_3m) evaluation error, 
 origin       : RooAbsReal::tH_3m[ params=(CMS_eff_lep,CMS_jer,CMS_jes,CMS_tHq_tt1b,CMS_tHq_tt2b,CMS_tHq_ttbb,CMS_tHq_ttcc,CSVCErr1,CSVCErr2,CSVHF,CSVHFStats1,CSVHFStats2,CSVLF,CSVLFStats1,CSVLFStats2,Q2scale_VV,Q2scale_Wj,Q2scale_tHW,Q2scale_tHq,Q2scale_tt1b,Q2scale_tt2b,Q2scale_ttH,Q2scale_ttW,Q2scale_ttbb,Q2scale_ttcc,Q2scale_ttlf,QCDscale_ST,lumi_13TeV,pdf_gg,pdf_qg,pdf_qqbar,pu,r) ]
 message      : Number of events is negative or error
 server values: params=(CMS_eff_lep = -0.098217 +/- 0.493617,CMS_jer = 0.168854 +/- 0.306193,CMS_jes = 0.440459 +/- 0.150569,CMS_tHq_tt1b = 0.400246 +/- 0.23657,CMS_tHq_tt2b = 0.270725 +/- 0.410928,CMS_tHq_ttbb = 0.333964 +/- 0.137378,CMS_tHq_ttcc = 0.110674 +/- 0.0972765,CSVCErr1 = 1.22307 +/- 0.0730075,CSVCErr2 = -0.0187748 +/- 0.502338,CSVHF = -0.551588 +/- 0.103669,CSVHFStats1 = 0.392098 +/- 0.191536,CSVHFStats2 = -0.164295 +/- 0.263976,CSVLF = -0.265791 +/- 0.0980602,CSVLFStats1 = -0.104457 +/- 0.189853,CSVLFStats2 = -0.18801 +/- 0.93348,Q2scale_VV = -1.41715e-05 +/- 0.709497,Q2scale_Wj = 0.233896 +/- 0.766734,Q2scale_tHW = -1.00211e-05 +/- 0.795351,Q2scale_tHq = 0.000191858 +/- 0.789626,Q2scale_tt1b = -0.246882 +/- 0.513753,Q2scale_tt2b = -0.147093 +/- 0.532226,Q2scale_ttH = -0.0040184 +/- 0.78031,Q2scale_ttW = -0.00562982 +/- 0.810799,Q2scale_ttbb = -0.228372 +/- 0.200771,Q2scale_ttcc = -0.27912 +/- 0.225088,Q2scale_ttlf = 0.544777 +/- 0.201975,QCDscale_ST = 0.00874033 +/- 0.802441,lumi_13TeV = -0.132139 +/- 0.484245,pdf_gg = -0.116591 +/- 0.396198,pdf_qg = 0.00874091 +/- 0.801112,pdf_qqbar = -0.0480718 +/- 0.832862,pu = -0.135929 +/- 0.717673,r = -75.0069 +/- 0.648161)
WARNING: underflow to -4.60256 in pdf_bintH_4m_obsOnly for bin 0, weight 13
[#0] ERROR:Eval -- RooAbsReal::logEvalError(tH_4m) evaluation error, 
 origin       : RooAbsReal::tH_4m[ params=(CMS_eff_lep,CMS_jer,CMS_jes,CMS_tHq_tt1b,CMS_tHq_tt2b,CMS_tHq_ttbb,CMS_tHq_ttcc,CSVCErr1,CSVCErr2,CSVHF,CSVHFStats1,CSVHFStats2,CSVLF,CSVLFStats1,CSVLFStats2,Q2scale_VV,Q2scale_Wj,Q2scale_tHW,Q2scale_tHq,Q2scale_tt1b,Q2scale_tt2b,Q2scale_ttH,Q2scale_ttW,Q2scale_ttbb,Q2scale_ttcc,Q2scale_ttlf,QCDscale_ST,lumi_13TeV,pdf_gg,pdf_qg,pdf_qqbar,pu,r) ]
 message      : Number of events is negative or error
 server values: params=(CMS_eff_lep = -0.098217 +/- 0.493617,CMS_jer = 0.168854 +/- 0.306193,CMS_jes = 0.440459 +/- 0.150569,CMS_tHq_tt1b = 0.400246 +/- 0.23657,CMS_tHq_tt2b = 0.270725 +/- 0.410928,CMS_tHq_ttbb = 0.333964 +/- 0.137378,CMS_tHq_ttcc = 0.110674 +/- 0.0972765,CSVCErr1 = 1.22307 +/- 0.0730075,CSVCErr2 = -0.0187748 +/- 0.502338,CSVHF = -0.551588 +/- 0.103669,CSVHFStats1 = 0.392098 +/- 0.191536,CSVHFStats2 = -0.164295 +/- 0.263976,CSVLF = -0.265791 +/- 0.0980602,CSVLFStats1 = -0.104457 +/- 0.189853,CSVLFStats2 = -0.18801 +/- 0.93348,Q2scale_VV = -1.41715e-05 +/- 0.709497,Q2scale_Wj = 0.233896 +/- 0.766734,Q2scale_tHW = -1.00211e-05 +/- 0.795351,Q2scale_tHq = 0.000191858 +/- 0.789626,Q2scale_tt1b = -0.246882 +/- 0.513753,Q2scale_tt2b = -0.147093 +/- 0.532226,Q2scale_ttH = -0.0040184 +/- 0.78031,Q2scale_ttW = -0.00562982 +/- 0.810799,Q2scale_ttbb = -0.228372 +/- 0.200771,Q2scale_ttcc = -0.27912 +/- 0.225088,Q2scale_ttlf = 0.544777 +/- 0.201975,QCDscale_ST = 0.00874033 +/- 0.802441,lumi_13TeV = -0.132139 +/- 0.484245,pdf_gg = -0.116591 +/- 0.396198,pdf_qg = 0.00874091 +/- 0.801112,pdf_qqbar = -0.0480718 +/- 0.832862,pu = -0.135929 +/- 0.717673,r = -75.0069 +/- 0.648161)
WARNING: underflow to -222.924 in pdf_bintH_3m_obsOnly for bin 4, weight 862
[#0] ERROR:Eval -- RooAbsReal::logEvalError(tH_3m) evaluation error, 
 origin       : RooAbsReal::tH_3m[ params=(CMS_eff_lep,CMS_jer,CMS_jes,CMS_tHq_tt1b,CMS_tHq_tt2b,CMS_tHq_ttbb,CMS_tHq_ttcc,CSVCErr1,CSVCErr2,CSVHF,CSVHFStats1,CSVHFStats2,CSVLF,CSVLFStats1,CSVLFStats2,Q2scale_VV,Q2scale_Wj,Q2scale_tHW,Q2scale_tHq,Q2scale_tt1b,Q2scale_tt2b,Q2scale_ttH,Q2scale_ttW,Q2scale_ttbb,Q2scale_ttcc,Q2scale_ttlf,QCDscale_ST,lumi_13TeV,pdf_gg,pdf_qg,pdf_qqbar,pu,r) ]
 message      : Number of events is negative or error
 server values: params=(CMS_eff_lep = -0.098217 +/- inf,CMS_jer = 0.168854 +/- inf,CMS_jes = 0.440459 +/- inf,CMS_tHq_tt1b = 0.400246 +/- inf,CMS_tHq_tt2b = 0.270725 +/- inf,CMS_tHq_ttbb = 0.333964 +/- inf,CMS_tHq_ttcc = 0.110674 +/- inf,CSVCErr1 = 1.22307 +/- inf,CSVCErr2 = -0.0187748 +/- inf,CSVHF = -0.551588 +/- inf,CSVHFStats1 = 0.392098 +/- inf,CSVHFStats2 = -0.164295 +/- inf,CSVLF = -0.265791 +/- inf,CSVLFStats1 = -0.104457 +/- inf,CSVLFStats2 = -0.18801 +/- inf,Q2scale_VV = -1.41715e-05 +/- inf,Q2scale_Wj = 0.233896 +/- inf,Q2scale_tHW = -1.00211e-05 +/- inf,Q2scale_tHq = 0.000191858 +/- inf,Q2scale_tt1b = -0.246882 +/- inf,Q2scale_tt2b = -0.147093 +/- inf,Q2scale_ttH = -0.0040184 +/- inf,Q2scale_ttW = -0.00562982 +/- inf,Q2scale_ttbb = -0.228372 +/- inf,Q2scale_ttcc = -0.27912 +/- inf,Q2scale_ttlf = 0.544777 +/- inf,QCDscale_ST = 0.00874033 +/- inf,lumi_13TeV = -0.132139 +/- inf,pdf_gg = -0.116591 +/- inf,pdf_qg = 0.00874091 +/- inf,pdf_qqbar = -0.0480718 +/- inf,pu = -0.135929 +/- inf,r = -75.0069 +/- 0.648161)
WARNING: underflow to -4.60256 in pdf_bintH_4m_obsOnly for bin 0, weight 13
[#0] ERROR:Eval -- RooAbsReal::logEvalError(tH_4m) evaluation error, 
 origin       : RooAbsReal::tH_4m[ params=(CMS_eff_lep,CMS_jer,CMS_jes,CMS_tHq_tt1b,CMS_tHq_tt2b,CMS_tHq_ttbb,CMS_tHq_ttcc,CSVCErr1,CSVCErr2,CSVHF,CSVHFStats1,CSVHFStats2,CSVLF,CSVLFStats1,CSVLFStats2,Q2scale_VV,Q2scale_Wj,Q2scale_tHW,Q2scale_tHq,Q2scale_tt1b,Q2scale_tt2b,Q2scale_ttH,Q2scale_ttW,Q2scale_ttbb,Q2scale_ttcc,Q2scale_ttlf,QCDscale_ST,lumi_13TeV,pdf_gg,pdf_qg,pdf_qqbar,pu,r) ]
 message      : Number of events is negative or error
 server values: params=(CMS_eff_lep = -0.098217 +/- inf,CMS_jer = 0.168854 +/- inf,CMS_jes = 0.440459 +/- inf,CMS_tHq_tt1b = 0.400246 +/- inf,CMS_tHq_tt2b = 0.270725 +/- inf,CMS_tHq_ttbb = 0.333964 +/- inf,CMS_tHq_ttcc = 0.110674 +/- inf,CSVCErr1 = 1.22307 +/- inf,CSVCErr2 = -0.0187748 +/- inf,CSVHF = -0.551588 +/- inf,CSVHFStats1 = 0.392098 +/- inf,CSVHFStats2 = -0.164295 +/- inf,CSVLF = -0.265791 +/- inf,CSVLFStats1 = -0.104457 +/- inf,CSVLFStats2 = -0.18801 +/- inf,Q2scale_VV = -1.41715e-05 +/- inf,Q2scale_Wj = 0.233896 +/- inf,Q2scale_tHW = -1.00211e-05 +/- inf,Q2scale_tHq = 0.000191858 +/- inf,Q2scale_tt1b = -0.246882 +/- inf,Q2scale_tt2b = -0.147093 +/- inf,Q2scale_ttH = -0.0040184 +/- inf,Q2scale_ttW = -0.00562982 +/- inf,Q2scale_ttbb = -0.228372 +/- inf,Q2scale_ttcc = -0.27912 +/- inf,Q2scale_ttlf = 0.544777 +/- inf,QCDscale_ST = 0.00874033 +/- inf,lumi_13TeV = -0.132139 +/- inf,pdf_gg = -0.116591 +/- inf,pdf_qg = 0.00874091 +/- inf,pdf_qqbar = -0.0480718 +/- inf,pu = -0.135929 +/- inf,r = -75.0069 +/- 0.648161)
-75.006865    -18000022641.14080  +0.49447    -74.993135
WARNING: underflow to -13.2129 in pdf_bintH_3m_obsOnly for bin 6, weight 309
[#0] ERROR:Eval -- RooAbsReal::logEvalError(tH_3m) evaluation error, 
 origin       : RooAbsReal::tH_3m[ params=(CMS_eff_lep,CMS_jer,CMS_jes,CMS_tHq_tt1b,CMS_tHq_tt2b,CMS_tHq_ttbb,CMS_tHq_ttcc,CSVCErr1,CSVCErr2,CSVHF,CSVHFStats1,CSVHFStats2,CSVLF,CSVLFStats1,CSVLFStats2,Q2scale_VV,Q2scale_Wj,Q2scale_tHW,Q2scale_tHq,Q2scale_tt1b,Q2scale_tt2b,Q2scale_ttH,Q2scale_ttW,Q2scale_ttbb,Q2scale_ttcc,Q2scale_ttlf,QCDscale_ST,lumi_13TeV,pdf_gg,pdf_qg,pdf_qqbar,pu,r) ]
 message      : Number of events is negative or error
 server values: params=(CMS_eff_lep = -0.098217 +/- 0.493617,CMS_jer = 0.168854 +/- 0.306193,CMS_jes = 0.440459 +/- 0.150569,CMS_tHq_tt1b = 0.400246 +/- 0.23657,CMS_tHq_tt2b = 0.270725 +/- 0.410928,CMS_tHq_ttbb = 0.333964 +/- 0.137378,CMS_tHq_ttcc = 0.110674 +/- 0.0972765,CSVCErr1 = 1.22307 +/- 0.0730075,CSVCErr2 = -0.0187748 +/- 0.502338,CSVHF = -0.551588 +/- 0.103669,CSVHFStats1 = 0.392098 +/- 0.191536,CSVHFStats2 = -0.164295 +/- 0.263976,CSVLF = -0.265791 +/- 0.0980602,CSVLFStats1 = -0.104457 +/- 0.189853,CSVLFStats2 = -0.18801 +/- 0.93348,Q2scale_VV = -1.41715e-05 +/- 0.709497,Q2scale_Wj = 0.233896 +/- 0.766734,Q2scale_tHW = -1.00211e-05 +/- 0.795351,Q2scale_tHq = 0.000191858 +/- 0.789626,Q2scale_tt1b = -0.246882 +/- 0.513753,Q2scale_tt2b = -0.147093 +/- 0.532226,Q2scale_ttH = -0.0040184 +/- 0.78031,Q2scale_ttW = -0.00562982 +/- 0.810799,Q2scale_ttbb = -0.228372 +/- 0.200771,Q2scale_ttcc = -0.27912 +/- 0.225088,Q2scale_ttlf = 0.544777 +/- 0.201975,QCDscale_ST = 0.00874033 +/- 0.802441,lumi_13TeV = -0.132139 +/- 0.484245,pdf_gg = -0.116591 +/- 0.396198,pdf_qg = 0.00874091 +/- 0.801112,pdf_qqbar = -0.0480718 +/- 0.832862,pu = -0.135929 +/- 0.717673,r = -22.5117 +/- 0.648161)
WARNING: underflow to -14.1846 in pdf_bintH_4m_obsOnly for bin 4, weight 27
[#0] ERROR:Eval -- RooAbsReal::logEvalError(tH_4m) evaluation error, 
 origin       : RooAbsReal::tH_4m[ params=(CMS_eff_lep,CMS_jer,CMS_jes,CMS_tHq_tt1b,CMS_tHq_tt2b,CMS_tHq_ttbb,CMS_tHq_ttcc,CSVCErr1,CSVCErr2,CSVHF,CSVHFStats1,CSVHFStats2,CSVLF,CSVLFStats1,CSVLFStats2,Q2scale_VV,Q2scale_Wj,Q2scale_tHW,Q2scale_tHq,Q2scale_tt1b,Q2scale_tt2b,Q2scale_ttH,Q2scale_ttW,Q2scale_ttbb,Q2scale_ttcc,Q2scale_ttlf,QCDscale_ST,lumi_13TeV,pdf_gg,pdf_qg,pdf_qqbar,pu,r) ]
 message      : Number of events is negative or error
 server values: params=(CMS_eff_lep = -0.098217 +/- 0.493617,CMS_jer = 0.168854 +/- 0.306193,CMS_jes = 0.440459 +/- 0.150569,CMS_tHq_tt1b = 0.400246 +/- 0.23657,CMS_tHq_tt2b = 0.270725 +/- 0.410928,CMS_tHq_ttbb = 0.333964 +/- 0.137378,CMS_tHq_ttcc = 0.110674 +/- 0.0972765,CSVCErr1 = 1.22307 +/- 0.0730075,CSVCErr2 = -0.0187748 +/- 0.502338,CSVHF = -0.551588 +/- 0.103669,CSVHFStats1 = 0.392098 +/- 0.191536,CSVHFStats2 = -0.164295 +/- 0.263976,CSVLF = -0.265791 +/- 0.0980602,CSVLFStats1 = -0.104457 +/- 0.189853,CSVLFStats2 = -0.18801 +/- 0.93348,Q2scale_VV = -1.41715e-05 +/- 0.709497,Q2scale_Wj = 0.233896 +/- 0.766734,Q2scale_tHW = -1.00211e-05 +/- 0.795351,Q2scale_tHq = 0.000191858 +/- 0.789626,Q2scale_tt1b = -0.246882 +/- 0.513753,Q2scale_tt2b = -0.147093 +/- 0.532226,Q2scale_ttH = -0.0040184 +/- 0.78031,Q2scale_ttW = -0.00562982 +/- 0.810799,Q2scale_ttbb = -0.228372 +/- 0.200771,Q2scale_ttcc = -0.27912 +/- 0.225088,Q2scale_ttlf = 0.544777 +/- 0.201975,QCDscale_ST = 0.00874033 +/- 0.802441,lumi_13TeV = -0.132139 +/- 0.484245,pdf_gg = -0.116591 +/- 0.396198,pdf_qg = 0.00874091 +/- 0.801112,pdf_qqbar = -0.0480718 +/- 0.832862,pu = -0.135929 +/- 0.717673,r = -22.5117 +/- 0.648161)
WARNING: underflow to -13.2129 in pdf_bintH_3m_obsOnly for bin 6, weight 309
[#0] ERROR:Eval -- RooAbsReal::logEvalError(tH_3m) evaluation error, 
 origin       : RooAbsReal::tH_3m[ params=(CMS_eff_lep,CMS_jer,CMS_jes,CMS_tHq_tt1b,CMS_tHq_tt2b,CMS_tHq_ttbb,CMS_tHq_ttcc,CSVCErr1,CSVCErr2,CSVHF,CSVHFStats1,CSVHFStats2,CSVLF,CSVLFStats1,CSVLFStats2,Q2scale_VV,Q2scale_Wj,Q2scale_tHW,Q2scale_tHq,Q2scale_tt1b,Q2scale_tt2b,Q2scale_ttH,Q2scale_ttW,Q2scale_ttbb,Q2scale_ttcc,Q2scale_ttlf,QCDscale_ST,lumi_13TeV,pdf_gg,pdf_qg,pdf_qqbar,pu,r) ]
 message      : Number of events is negative or error
 server values: params=(CMS_eff_lep = -0.098217 +/- inf,CMS_jer = 0.168854 +/- inf,CMS_jes = 0.440459 +/- inf,CMS_tHq_tt1b = 0.400246 +/- inf,CMS_tHq_tt2b = 0.270725 +/- inf,CMS_tHq_ttbb = 0.333964 +/- inf,CMS_tHq_ttcc = 0.110674 +/- inf,CSVCErr1 = 1.22307 +/- inf,CSVCErr2 = -0.0187748 +/- inf,CSVHF = -0.551588 +/- inf,CSVHFStats1 = 0.392098 +/- inf,CSVHFStats2 = -0.164295 +/- inf,CSVLF = -0.265791 +/- inf,CSVLFStats1 = -0.104457 +/- inf,CSVLFStats2 = -0.18801 +/- inf,Q2scale_VV = -1.41715e-05 +/- inf,Q2scale_Wj = 0.233896 +/- inf,Q2scale_tHW = -1.00211e-05 +/- inf,Q2scale_tHq = 0.000191858 +/- inf,Q2scale_tt1b = -0.246882 +/- inf,Q2scale_tt2b = -0.147093 +/- inf,Q2scale_ttH = -0.0040184 +/- inf,Q2scale_ttW = -0.00562982 +/- inf,Q2scale_ttbb = -0.228372 +/- inf,Q2scale_ttcc = -0.27912 +/- inf,Q2scale_ttlf = 0.544777 +/- inf,QCDscale_ST = 0.00874033 +/- inf,lumi_13TeV = -0.132139 +/- inf,pdf_gg = -0.116591 +/- inf,pdf_qg = 0.00874091 +/- inf,pdf_qqbar = -0.0480718 +/- inf,pu = -0.135929 +/- inf,r = -22.5117 +/- 0.648161)
WARNING: underflow to -14.1846 in pdf_bintH_4m_obsOnly for bin 4, weight 27
[#0] ERROR:Eval -- RooAbsReal::logEvalError(tH_4m) evaluation error, 
 origin       : RooAbsReal::tH_4m[ params=(CMS_eff_lep,CMS_jer,CMS_jes,CMS_tHq_tt1b,CMS_tHq_tt2b,CMS_tHq_ttbb,CMS_tHq_ttcc,CSVCErr1,CSVCErr2,CSVHF,CSVHFStats1,CSVHFStats2,CSVLF,CSVLFStats1,CSVLFStats2,Q2scale_VV,Q2scale_Wj,Q2scale_tHW,Q2scale_tHq,Q2scale_tt1b,Q2scale_tt2b,Q2scale_ttH,Q2scale_ttW,Q2scale_ttbb,Q2scale_ttcc,Q2scale_ttlf,QCDscale_ST,lumi_13TeV,pdf_gg,pdf_qg,pdf_qqbar,pu,r) ]
 message      : Number of events is negative or error
 server values: params=(CMS_eff_lep = -0.098217 +/- inf,CMS_jer = 0.168854 +/- inf,CMS_jes = 0.440459 +/- inf,CMS_tHq_tt1b = 0.400246 +/- inf,CMS_tHq_tt2b = 0.270725 +/- inf,CMS_tHq_ttbb = 0.333964 +/- inf,CMS_tHq_ttcc = 0.110674 +/- inf,CSVCErr1 = 1.22307 +/- inf,CSVCErr2 = -0.0187748 +/- inf,CSVHF = -0.551588 +/- inf,CSVHFStats1 = 0.392098 +/- inf,CSVHFStats2 = -0.164295 +/- inf,CSVLF = -0.265791 +/- inf,CSVLFStats1 = -0.104457 +/- inf,CSVLFStats2 = -0.18801 +/- inf,Q2scale_VV = -1.41715e-05 +/- inf,Q2scale_Wj = 0.233896 +/- inf,Q2scale_tHW = -1.00211e-05 +/- inf,Q2scale_tHq = 0.000191858 +/- inf,Q2scale_tt1b = -0.246882 +/- inf,Q2scale_tt2b = -0.147093 +/- inf,Q2scale_ttH = -0.0040184 +/- inf,Q2scale_ttW = -0.00562982 +/- inf,Q2scale_ttbb = -0.228372 +/- inf,Q2scale_ttcc = -0.27912 +/- inf,Q2scale_ttlf = 0.544777 +/- inf,QCDscale_ST = 0.00874033 +/- inf,lumi_13TeV = -0.132139 +/- inf,pdf_gg = -0.116591 +/- inf,pdf_qg = 0.00874091 +/- inf,pdf_qqbar = -0.0480718 +/- inf,pu = -0.135929 +/- inf,r = -22.5117 +/- 0.648161)
-22.511671    -18000022641.14080  -18000022641.14080    -22.497940
WARNING: underflow to -0.219129 in pdf_bintH_3m_obsOnly for bin 8, weight 43
[#0] ERROR:Eval -- RooAbsReal::logEvalError(tH_3m) evaluation error, 
 origin       : RooAbsReal::tH_3m[ params=(CMS_eff_lep,CMS_jer,CMS_jes,CMS_tHq_tt1b,CMS_tHq_tt2b,CMS_tHq_ttbb,CMS_tHq_ttcc,CSVCErr1,CSVCErr2,CSVHF,CSVHFStats1,CSVHFStats2,CSVLF,CSVLFStats1,CSVLFStats2,Q2scale_VV,Q2scale_Wj,Q2scale_tHW,Q2scale_tHq,Q2scale_tt1b,Q2scale_tt2b,Q2scale_ttH,Q2scale_ttW,Q2scale_ttbb,Q2scale_ttcc,Q2scale_ttlf,QCDscale_ST,lumi_13TeV,pdf_gg,pdf_qg,pdf_qqbar,pu,r) ]
 message      : Number of events is negative or error
 server values: params=(CMS_eff_lep = -0.098217 +/- 0.493617,CMS_jer = 0.168854 +/- 0.306193,CMS_jes = 0.440459 +/- 0.150569,CMS_tHq_tt1b = 0.400246 +/- 0.23657,CMS_tHq_tt2b = 0.270725 +/- 0.410928,CMS_tHq_ttbb = 0.333964 +/- 0.137378,CMS_tHq_ttcc = 0.110674 +/- 0.0972765,CSVCErr1 = 1.22307 +/- 0.0730075,CSVCErr2 = -0.0187748 +/- 0.502338,CSVHF = -0.551588 +/- 0.103669,CSVHFStats1 = 0.392098 +/- 0.191536,CSVHFStats2 = -0.164295 +/- 0.263976,CSVLF = -0.265791 +/- 0.0980602,CSVLFStats1 = -0.104457 +/- 0.189853,CSVLFStats2 = -0.18801 +/- 0.93348,Q2scale_VV = -1.41715e-05 +/- 0.709497,Q2scale_Wj = 0.233896 +/- 0.766734,Q2scale_tHW = -1.00211e-05 +/- 0.795351,Q2scale_tHq = 0.000191858 +/- 0.789626,Q2scale_tt1b = -0.246882 +/- 0.513753,Q2scale_tt2b = -0.147093 +/- 0.532226,Q2scale_ttH = -0.0040184 +/- 0.78031,Q2scale_ttW = -0.00562982 +/- 0.810799,Q2scale_ttbb = -0.228372 +/- 0.200771,Q2scale_ttcc = -0.27912 +/- 0.225088,Q2scale_ttlf = 0.544777 +/- 0.201975,QCDscale_ST = 0.00874033 +/- 0.802441,lumi_13TeV = -0.132139 +/- 0.484245,pdf_gg = -0.116591 +/- 0.396198,pdf_qg = 0.00874091 +/- 0.801112,pdf_qqbar = -0.0480718 +/- 0.832862,pu = -0.135929 +/- 0.717673,r = -6.76311 +/- 0.648161)
WARNING: underflow to -3.03615 in pdf_bintH_4m_obsOnly for bin 6, weight 4
[#0] ERROR:Eval -- RooAbsReal::logEvalError(tH_4m) evaluation error, 
 origin       : RooAbsReal::tH_4m[ params=(CMS_eff_lep,CMS_jer,CMS_jes,CMS_tHq_tt1b,CMS_tHq_tt2b,CMS_tHq_ttbb,CMS_tHq_ttcc,CSVCErr1,CSVCErr2,CSVHF,CSVHFStats1,CSVHFStats2,CSVLF,CSVLFStats1,CSVLFStats2,Q2scale_VV,Q2scale_Wj,Q2scale_tHW,Q2scale_tHq,Q2scale_tt1b,Q2scale_tt2b,Q2scale_ttH,Q2scale_ttW,Q2scale_ttbb,Q2scale_ttcc,Q2scale_ttlf,QCDscale_ST,lumi_13TeV,pdf_gg,pdf_qg,pdf_qqbar,pu,r) ]
 message      : Number of events is negative or error
 server values: params=(CMS_eff_lep = -0.098217 +/- 0.493617,CMS_jer = 0.168854 +/- 0.306193,CMS_jes = 0.440459 +/- 0.150569,CMS_tHq_tt1b = 0.400246 +/- 0.23657,CMS_tHq_tt2b = 0.270725 +/- 0.410928,CMS_tHq_ttbb = 0.333964 +/- 0.137378,CMS_tHq_ttcc = 0.110674 +/- 0.0972765,CSVCErr1 = 1.22307 +/- 0.0730075,CSVCErr2 = -0.0187748 +/- 0.502338,CSVHF = -0.551588 +/- 0.103669,CSVHFStats1 = 0.392098 +/- 0.191536,CSVHFStats2 = -0.164295 +/- 0.263976,CSVLF = -0.265791 +/- 0.0980602,CSVLFStats1 = -0.104457 +/- 0.189853,CSVLFStats2 = -0.18801 +/- 0.93348,Q2scale_VV = -1.41715e-05 +/- 0.709497,Q2scale_Wj = 0.233896 +/- 0.766734,Q2scale_tHW = -1.00211e-05 +/- 0.795351,Q2scale_tHq = 0.000191858 +/- 0.789626,Q2scale_tt1b = -0.246882 +/- 0.513753,Q2scale_tt2b = -0.147093 +/- 0.532226,Q2scale_ttH = -0.0040184 +/- 0.78031,Q2scale_ttW = -0.00562982 +/- 0.810799,Q2scale_ttbb = -0.228372 +/- 0.200771,Q2scale_ttcc = -0.27912 +/- 0.225088,Q2scale_ttlf = 0.544777 +/- 0.201975,QCDscale_ST = 0.00874033 +/- 0.802441,lumi_13TeV = -0.132139 +/- 0.484245,pdf_gg = -0.116591 +/- 0.396198,pdf_qg = 0.00874091 +/- 0.801112,pdf_qqbar = -0.0480718 +/- 0.832862,pu = -0.135929 +/- 0.717673,r = -6.76311 +/- 0.648161)
WARNING: underflow to -0.219129 in pdf_bintH_3m_obsOnly for bin 8, weight 43
[#0] ERROR:Eval -- RooAbsReal::logEvalError(tH_3m) evaluation error, 
 origin       : RooAbsReal::tH_3m[ params=(CMS_eff_lep,CMS_jer,CMS_jes,CMS_tHq_tt1b,CMS_tHq_tt2b,CMS_tHq_ttbb,CMS_tHq_ttcc,CSVCErr1,CSVCErr2,CSVHF,CSVHFStats1,CSVHFStats2,CSVLF,CSVLFStats1,CSVLFStats2,Q2scale_VV,Q2scale_Wj,Q2scale_tHW,Q2scale_tHq,Q2scale_tt1b,Q2scale_tt2b,Q2scale_ttH,Q2scale_ttW,Q2scale_ttbb,Q2scale_ttcc,Q2scale_ttlf,QCDscale_ST,lumi_13TeV,pdf_gg,pdf_qg,pdf_qqbar,pu,r) ]
 message      : Number of events is negative or error
 server values: params=(CMS_eff_lep = -0.098217 +/- inf,CMS_jer = 0.168854 +/- inf,CMS_jes = 0.440459 +/- inf,CMS_tHq_tt1b = 0.400246 +/- inf,CMS_tHq_tt2b = 0.270725 +/- inf,CMS_tHq_ttbb = 0.333964 +/- inf,CMS_tHq_ttcc = 0.110674 +/- inf,CSVCErr1 = 1.22307 +/- inf,CSVCErr2 = -0.0187748 +/- inf,CSVHF = -0.551588 +/- inf,CSVHFStats1 = 0.392098 +/- inf,CSVHFStats2 = -0.164295 +/- inf,CSVLF = -0.265791 +/- inf,CSVLFStats1 = -0.104457 +/- inf,CSVLFStats2 = -0.18801 +/- inf,Q2scale_VV = -1.41715e-05 +/- inf,Q2scale_Wj = 0.233896 +/- inf,Q2scale_tHW = -1.00211e-05 +/- inf,Q2scale_tHq = 0.000191858 +/- inf,Q2scale_tt1b = -0.246882 +/- inf,Q2scale_tt2b = -0.147093 +/- inf,Q2scale_ttH = -0.0040184 +/- inf,Q2scale_ttW = -0.00562982 +/- inf,Q2scale_ttbb = -0.228372 +/- inf,Q2scale_ttcc = -0.27912 +/- inf,Q2scale_ttlf = 0.544777 +/- inf,QCDscale_ST = 0.00874033 +/- inf,lumi_13TeV = -0.132139 +/- inf,pdf_gg = -0.116591 +/- inf,pdf_qg = 0.00874091 +/- inf,pdf_qqbar = -0.0480718 +/- inf,pu = -0.135929 +/- inf,r = -6.76311 +/- 0.648161)
WARNING: underflow to -3.03615 in pdf_bintH_4m_obsOnly for bin 6, weight 4
[#0] ERROR:Eval -- RooAbsReal::logEvalError(tH_4m) evaluation error, 
 origin       : RooAbsReal::tH_4m[ params=(CMS_eff_lep,CMS_jer,CMS_jes,CMS_tHq_tt1b,CMS_tHq_tt2b,CMS_tHq_ttbb,CMS_tHq_ttcc,CSVCErr1,CSVCErr2,CSVHF,CSVHFStats1,CSVHFStats2,CSVLF,CSVLFStats1,CSVLFStats2,Q2scale_VV,Q2scale_Wj,Q2scale_tHW,Q2scale_tHq,Q2scale_tt1b,Q2scale_tt2b,Q2scale_ttH,Q2scale_ttW,Q2scale_ttbb,Q2scale_ttcc,Q2scale_ttlf,QCDscale_ST,lumi_13TeV,pdf_gg,pdf_qg,pdf_qqbar,pu,r) ]
 message      : Number of events is negative or error
 server values: params=(CMS_eff_lep = -0.098217 +/- inf,CMS_jer = 0.168854 +/- inf,CMS_jes = 0.440459 +/- inf,CMS_tHq_tt1b = 0.400246 +/- inf,CMS_tHq_tt2b = 0.270725 +/- inf,CMS_tHq_ttbb = 0.333964 +/- inf,CMS_tHq_ttcc = 0.110674 +/- inf,CSVCErr1 = 1.22307 +/- inf,CSVCErr2 = -0.0187748 +/- inf,CSVHF = -0.551588 +/- inf,CSVHFStats1 = 0.392098 +/- inf,CSVHFStats2 = -0.164295 +/- inf,CSVLF = -0.265791 +/- inf,CSVLFStats1 = -0.104457 +/- inf,CSVLFStats2 = -0.18801 +/- inf,Q2scale_VV = -1.41715e-05 +/- inf,Q2scale_Wj = 0.233896 +/- inf,Q2scale_tHW = -1.00211e-05 +/- inf,Q2scale_tHq = 0.000191858 +/- inf,Q2scale_tt1b = -0.246882 +/- inf,Q2scale_tt2b = -0.147093 +/- inf,Q2scale_ttH = -0.0040184 +/- inf,Q2scale_ttW = -0.00562982 +/- inf,Q2scale_ttbb = -0.228372 +/- inf,Q2scale_ttcc = -0.27912 +/- inf,Q2scale_ttlf = 0.544777 +/- inf,QCDscale_ST = 0.00874033 +/- inf,lumi_13TeV = -0.132139 +/- inf,pdf_gg = -0.116591 +/- inf,pdf_qg = 0.00874091 +/- inf,pdf_qqbar = -0.0480718 +/- inf,pu = -0.135929 +/- inf,r = -6.76311 +/- 0.648161)
-6.763113    -18000022641.14080  -18000022641.14080    -6.749382
WARNING: underflow to -0.311552 in pdf_bintH_3m_obsOnly for bin 10, weight 1
[#0] ERROR:Eval -- RooAbsReal::logEvalError(tH_3m) evaluation error, 
 origin       : RooAbsReal::tH_3m[ params=(CMS_eff_lep,CMS_jer,CMS_jes,CMS_tHq_tt1b,CMS_tHq_tt2b,CMS_tHq_ttbb,CMS_tHq_ttcc,CSVCErr1,CSVCErr2,CSVHF,CSVHFStats1,CSVHFStats2,CSVLF,CSVLFStats1,CSVLFStats2,Q2scale_VV,Q2scale_Wj,Q2scale_tHW,Q2scale_tHq,Q2scale_tt1b,Q2scale_tt2b,Q2scale_ttH,Q2scale_ttW,Q2scale_ttbb,Q2scale_ttcc,Q2scale_ttlf,QCDscale_ST,lumi_13TeV,pdf_gg,pdf_qg,pdf_qqbar,pu,r) ]
 message      : Number of events is negative or error
 server values: params=(CMS_eff_lep = -0.098217 +/- 0.493617,CMS_jer = 0.168854 +/- 0.306193,CMS_jes = 0.440459 +/- 0.150569,CMS_tHq_tt1b = 0.400246 +/- 0.23657,CMS_tHq_tt2b = 0.270725 +/- 0.410928,CMS_tHq_ttbb = 0.333964 +/- 0.137378,CMS_tHq_ttcc = 0.110674 +/- 0.0972765,CSVCErr1 = 1.22307 +/- 0.0730075,CSVCErr2 = -0.0187748 +/- 0.502338,CSVHF = -0.551588 +/- 0.103669,CSVHFStats1 = 0.392098 +/- 0.191536,CSVHFStats2 = -0.164295 +/- 0.263976,CSVLF = -0.265791 +/- 0.0980602,CSVLFStats1 = -0.104457 +/- 0.189853,CSVLFStats2 = -0.18801 +/- 0.93348,Q2scale_VV = -1.41715e-05 +/- 0.709497,Q2scale_Wj = 0.233896 +/- 0.766734,Q2scale_tHW = -1.00211e-05 +/- 0.795351,Q2scale_tHq = 0.000191858 +/- 0.789626,Q2scale_tt1b = -0.246882 +/- 0.513753,Q2scale_tt2b = -0.147093 +/- 0.532226,Q2scale_ttH = -0.0040184 +/- 0.78031,Q2scale_ttW = -0.00562982 +/- 0.810799,Q2scale_ttbb = -0.228372 +/- 0.200771,Q2scale_ttcc = -0.27912 +/- 0.225088,Q2scale_ttlf = 0.544777 +/- 0.201975,QCDscale_ST = 0.00874033 +/- 0.802441,lumi_13TeV = -0.132139 +/- 0.484245,pdf_gg = -0.116591 +/- 0.396198,pdf_qg = 0.00874091 +/- 0.801112,pdf_qqbar = -0.0480718 +/- 0.832862,pu = -0.135929 +/- 0.717673,r = -2.03855 +/- 0.648161)
WARNING: underflow to -0.429459 in pdf_bintH_4m_obsOnly for bin 8, weight 1
[#0] ERROR:Eval -- RooAbsReal::logEvalError(tH_4m) evaluation error, 
 origin       : RooAbsReal::tH_4m[ params=(CMS_eff_lep,CMS_jer,CMS_jes,CMS_tHq_tt1b,CMS_tHq_tt2b,CMS_tHq_ttbb,CMS_tHq_ttcc,CSVCErr1,CSVCErr2,CSVHF,CSVHFStats1,CSVHFStats2,CSVLF,CSVLFStats1,CSVLFStats2,Q2scale_VV,Q2scale_Wj,Q2scale_tHW,Q2scale_tHq,Q2scale_tt1b,Q2scale_tt2b,Q2scale_ttH,Q2scale_ttW,Q2scale_ttbb,Q2scale_ttcc,Q2scale_ttlf,QCDscale_ST,lumi_13TeV,pdf_gg,pdf_qg,pdf_qqbar,pu,r) ]
 message      : Number of events is negative or error
 server values: params=(CMS_eff_lep = -0.098217 +/- 0.493617,CMS_jer = 0.168854 +/- 0.306193,CMS_jes = 0.440459 +/- 0.150569,CMS_tHq_tt1b = 0.400246 +/- 0.23657,CMS_tHq_tt2b = 0.270725 +/- 0.410928,CMS_tHq_ttbb = 0.333964 +/- 0.137378,CMS_tHq_ttcc = 0.110674 +/- 0.0972765,CSVCErr1 = 1.22307 +/- 0.0730075,CSVCErr2 = -0.0187748 +/- 0.502338,CSVHF = -0.551588 +/- 0.103669,CSVHFStats1 = 0.392098 +/- 0.191536,CSVHFStats2 = -0.164295 +/- 0.263976,CSVLF = -0.265791 +/- 0.0980602,CSVLFStats1 = -0.104457 +/- 0.189853,CSVLFStats2 = -0.18801 +/- 0.93348,Q2scale_VV = -1.41715e-05 +/- 0.709497,Q2scale_Wj = 0.233896 +/- 0.766734,Q2scale_tHW = -1.00211e-05 +/- 0.795351,Q2scale_tHq = 0.000191858 +/- 0.789626,Q2scale_tt1b = -0.246882 +/- 0.513753,Q2scale_tt2b = -0.147093 +/- 0.532226,Q2scale_ttH = -0.0040184 +/- 0.78031,Q2scale_ttW = -0.00562982 +/- 0.810799,Q2scale_ttbb = -0.228372 +/- 0.200771,Q2scale_ttcc = -0.27912 +/- 0.225088,Q2scale_ttlf = 0.544777 +/- 0.201975,QCDscale_ST = 0.00874033 +/- 0.802441,lumi_13TeV = -0.132139 +/- 0.484245,pdf_gg = -0.116591 +/- 0.396198,pdf_qg = 0.00874091 +/- 0.801112,pdf_qqbar = -0.0480718 +/- 0.832862,pu = -0.135929 +/- 0.717673,r = -2.03855 +/- 0.648161)
WARNING: underflow to -0.311552 in pdf_bintH_3m_obsOnly for bin 10, weight 1
[#0] ERROR:Eval -- RooAbsReal::logEvalError(tH_3m) evaluation error, 
 origin       : RooAbsReal::tH_3m[ params=(CMS_eff_lep,CMS_jer,CMS_jes,CMS_tHq_tt1b,CMS_tHq_tt2b,CMS_tHq_ttbb,CMS_tHq_ttcc,CSVCErr1,CSVCErr2,CSVHF,CSVHFStats1,CSVHFStats2,CSVLF,CSVLFStats1,CSVLFStats2,Q2scale_VV,Q2scale_Wj,Q2scale_tHW,Q2scale_tHq,Q2scale_tt1b,Q2scale_tt2b,Q2scale_ttH,Q2scale_ttW,Q2scale_ttbb,Q2scale_ttcc,Q2scale_ttlf,QCDscale_ST,lumi_13TeV,pdf_gg,pdf_qg,pdf_qqbar,pu,r) ]
 message      : Number of events is negative or error
 server values: params=(CMS_eff_lep = -0.098217 +/- inf,CMS_jer = 0.168854 +/- inf,CMS_jes = 0.440459 +/- inf,CMS_tHq_tt1b = 0.400246 +/- inf,CMS_tHq_tt2b = 0.270725 +/- inf,CMS_tHq_ttbb = 0.333964 +/- inf,CMS_tHq_ttcc = 0.110674 +/- inf,CSVCErr1 = 1.22307 +/- inf,CSVCErr2 = -0.0187748 +/- inf,CSVHF = -0.551588 +/- inf,CSVHFStats1 = 0.392098 +/- inf,CSVHFStats2 = -0.164295 +/- inf,CSVLF = -0.265791 +/- inf,CSVLFStats1 = -0.104457 +/- inf,CSVLFStats2 = -0.18801 +/- inf,Q2scale_VV = -1.41715e-05 +/- inf,Q2scale_Wj = 0.233896 +/- inf,Q2scale_tHW = -1.00211e-05 +/- inf,Q2scale_tHq = 0.000191858 +/- inf,Q2scale_tt1b = -0.246882 +/- inf,Q2scale_tt2b = -0.147093 +/- inf,Q2scale_ttH = -0.0040184 +/- inf,Q2scale_ttW = -0.00562982 +/- inf,Q2scale_ttbb = -0.228372 +/- inf,Q2scale_ttcc = -0.27912 +/- inf,Q2scale_ttlf = 0.544777 +/- inf,QCDscale_ST = 0.00874033 +/- inf,lumi_13TeV = -0.132139 +/- inf,pdf_gg = -0.116591 +/- inf,pdf_qg = 0.00874091 +/- inf,pdf_qqbar = -0.0480718 +/- inf,pu = -0.135929 +/- inf,r = -2.03855 +/- 0.648161)
WARNING: underflow to -0.429459 in pdf_bintH_4m_obsOnly for bin 8, weight 1
[#0] ERROR:Eval -- RooAbsReal::logEvalError(tH_4m) evaluation error, 
 origin       : RooAbsReal::tH_4m[ params=(CMS_eff_lep,CMS_jer,CMS_jes,CMS_tHq_tt1b,CMS_tHq_tt2b,CMS_tHq_ttbb,CMS_tHq_ttcc,CSVCErr1,CSVCErr2,CSVHF,CSVHFStats1,CSVHFStats2,CSVLF,CSVLFStats1,CSVLFStats2,Q2scale_VV,Q2scale_Wj,Q2scale_tHW,Q2scale_tHq,Q2scale_tt1b,Q2scale_tt2b,Q2scale_ttH,Q2scale_ttW,Q2scale_ttbb,Q2scale_ttcc,Q2scale_ttlf,QCDscale_ST,lumi_13TeV,pdf_gg,pdf_qg,pdf_qqbar,pu,r) ]
 message      : Number of events is negative or error
 server values: params=(CMS_eff_lep = -0.098217 +/- inf,CMS_jer = 0.168854 +/- inf,CMS_jes = 0.440459 +/- inf,CMS_tHq_tt1b = 0.400246 +/- inf,CMS_tHq_tt2b = 0.270725 +/- inf,CMS_tHq_ttbb = 0.333964 +/- inf,CMS_tHq_ttcc = 0.110674 +/- inf,CSVCErr1 = 1.22307 +/- inf,CSVCErr2 = -0.0187748 +/- inf,CSVHF = -0.551588 +/- inf,CSVHFStats1 = 0.392098 +/- inf,CSVHFStats2 = -0.164295 +/- inf,CSVLF = -0.265791 +/- inf,CSVLFStats1 = -0.104457 +/- inf,CSVLFStats2 = -0.18801 +/- inf,Q2scale_VV = -1.41715e-05 +/- inf,Q2scale_Wj = 0.233896 +/- inf,Q2scale_tHW = -1.00211e-05 +/- inf,Q2scale_tHq = 0.000191858 +/- inf,Q2scale_tt1b = -0.246882 +/- inf,Q2scale_tt2b = -0.147093 +/- inf,Q2scale_ttH = -0.0040184 +/- inf,Q2scale_ttW = -0.00562982 +/- inf,Q2scale_ttbb = -0.228372 +/- inf,Q2scale_ttcc = -0.27912 +/- inf,Q2scale_ttlf = 0.544777 +/- inf,QCDscale_ST = 0.00874033 +/- inf,lumi_13TeV = -0.132139 +/- inf,pdf_gg = -0.116591 +/- inf,pdf_qg = 0.00874091 +/- inf,pdf_qqbar = -0.0480718 +/- inf,pu = -0.135929 +/- inf,r = -2.03855 +/- 0.648161)
-2.038545    -18000022641.14080  -18000022641.14080    -2.024815
-0.621175    -0.05886  -18000022641.14080    -0.607444
-0.195964    +0.44418  -0.05886    -0.182233
-0.378197    +0.29828  +0.44418    -0.182233
-0.560430    +0.05616  +0.29828    -0.182233
-0.742664    -0.29954  +0.05616    -0.182233
-0.615100    -0.04092  -0.29954    -0.054670
-0.576831    +0.02967  -0.04092    -0.016401
-0.593232    +0.00094  +0.02967    -0.016401
-0.609633    -0.03007  +0.00094    -0.016401
-0.598153    -0.00813  -0.03007    -0.004920
-0.594709    -0.00176  -0.00813    -0.001476
-0.593675    +0.00013  -0.00176    -0.000443

 --- MaxLikelihoodFit ---
Best fit r: -0.0137305  -0.579825/+150.014  (68% CL)
nll S+B -> -62.4507  nll B -> -63.1228
Done in 0.25 min (cpu), 0.26 min (real)
