>>> including systematics
>>> method used to compute upper limit is MaxLikelihoodFit
>>> random number generator seed is 123456
[?1034hComputing limit starting from observation
Created Branches
Searching for crossing at nll = -22600.7 in the interval -2.86054, 150
      r      lvl-here  lvl-there   stepping
73.569732    -43.43722  +0.49447    76.430268
20.068544    -12.74652  -43.43722    22.929081
4.018187    -2.06579  -12.74652    6.878724
-0.796920    +0.15226  -2.06579    2.063617
1.266698    -0.61665  +0.15226    2.063617
-0.177834    -0.06924  -0.61665    0.619085
-0.611194    +0.08830  -0.06924    0.185726
-0.425468    +0.03006  +0.08830    0.185726
-0.239743    -0.03103  +0.03006    0.185726
-0.369751    +0.01578  -0.03103    0.055718
-0.314033    -0.00439  +0.01578    0.055718
-0.353036    +0.00983  -0.00439    0.016715
-0.336320    +0.00380  +0.00983    0.016715
-0.319605    -0.00233  +0.00380    0.016715
Searching for crossing at nll = -22600.7 in the interval -2.86054, -150
      r      lvl-here  lvl-there   stepping
WARNING: underflow to -51.4679 in pdf_bintH_3m_obsOnly for bin 7, weight 168
[#0] ERROR:Eval -- RooAbsReal::logEvalError(tH_3m) evaluation error, 
 origin       : RooAbsReal::tH_3m[ params=(CMS_eff_lep,CMS_jer,CMS_jes,CMS_tHq_tt1b,CMS_tHq_tt2b,CMS_tHq_ttbb,CMS_tHq_ttcc,CSVCErr1,CSVCErr2,CSVHF,CSVHFStats1,CSVHFStats2,CSVLF,CSVLFStats1,CSVLFStats2,Q2scale_VV,Q2scale_Wj,Q2scale_tHW,Q2scale_tHq,Q2scale_tt1b,Q2scale_tt2b,Q2scale_ttH,Q2scale_ttW,Q2scale_ttbb,Q2scale_ttcc,Q2scale_ttlf,QCDscale_ST,lumi_13TeV,pdf_gg,pdf_qg,pdf_qqbar,pu,r) ]
 message      : Number of events is negative or error
 server values: params=(CMS_eff_lep = -0.0845648 +/- 0.486431,CMS_jer = 0.109445 +/- 0.277557,CMS_jes = 0.789544 +/- 0.285092,CMS_tHq_tt1b = 0.342352 +/- 0.214871,CMS_tHq_tt2b = 0.291731 +/- 0.237553,CMS_tHq_ttbb = 0.321406 +/- 0.165906,CMS_tHq_ttcc = -0.131999 +/- 0.128134,CSVCErr1 = 1.38944 +/- 0.0727266,CSVCErr2 = -0.127587 +/- 0.496047,CSVHF = -0.761045 +/- 0.149857,CSVHFStats1 = 0.343014 +/- 0.179015,CSVHFStats2 = -0.0400529 +/- 0.262724,CSVLF = -0.216371 +/- 0.122109,CSVLFStats1 = -0.406061 +/- 0.144648,CSVLFStats2 = -0.117509 +/- 0.881741,Q2scale_VV = -0.191168 +/- 1.10461,Q2scale_Wj = -0.050935 +/- 0.403491,Q2scale_tHW = 0.00335866 +/- 0.799335,Q2scale_tHq = -0.0260942 +/- 0.401435,Q2scale_tt1b = -0.199669 +/- 0.507378,Q2scale_tt2b = -0.192198 +/- 0.534233,Q2scale_ttH = 0.00910354 +/- 0.409818,Q2scale_ttW = 0.0118052 +/- 0.410062,Q2scale_ttbb = -0.166391 +/- 0.188033,Q2scale_ttcc = -0.138396 +/- 0.288551,Q2scale_ttlf = 0.499008 +/- 0.127486,QCDscale_ST = 0.012702 +/- 0.792652,lumi_13TeV = -0.113666 +/- 0.402843,pdf_gg = -0.143292 +/- 0.222802,pdf_qg = 0.0124676 +/- 0.803407,pdf_qqbar = 0.0115612 +/- 0.757019,pu = -0.282661 +/- 0.668446,r = -76.4303 +/- 2.68342)
WARNING: underflow to -2.91607 in pdf_bintH_4m_obsOnly for bin 5, weight 31
[#0] ERROR:Eval -- RooAbsReal::logEvalError(tH_4m) evaluation error, 
 origin       : RooAbsReal::tH_4m[ params=(CMS_eff_lep,CMS_jer,CMS_jes,CMS_tHq_tt1b,CMS_tHq_tt2b,CMS_tHq_ttbb,CMS_tHq_ttcc,CSVCErr1,CSVCErr2,CSVHF,CSVHFStats1,CSVHFStats2,CSVLF,CSVLFStats1,CSVLFStats2,Q2scale_VV,Q2scale_Wj,Q2scale_tHW,Q2scale_tHq,Q2scale_tt1b,Q2scale_tt2b,Q2scale_ttH,Q2scale_ttW,Q2scale_ttbb,Q2scale_ttcc,Q2scale_ttlf,QCDscale_ST,lumi_13TeV,pdf_gg,pdf_qg,pdf_qqbar,pu,r) ]
 message      : Number of events is negative or error
 server values: params=(CMS_eff_lep = -0.0845648 +/- 0.486431,CMS_jer = 0.109445 +/- 0.277557,CMS_jes = 0.789544 +/- 0.285092,CMS_tHq_tt1b = 0.342352 +/- 0.214871,CMS_tHq_tt2b = 0.291731 +/- 0.237553,CMS_tHq_ttbb = 0.321406 +/- 0.165906,CMS_tHq_ttcc = -0.131999 +/- 0.128134,CSVCErr1 = 1.38944 +/- 0.0727266,CSVCErr2 = -0.127587 +/- 0.496047,CSVHF = -0.761045 +/- 0.149857,CSVHFStats1 = 0.343014 +/- 0.179015,CSVHFStats2 = -0.0400529 +/- 0.262724,CSVLF = -0.216371 +/- 0.122109,CSVLFStats1 = -0.406061 +/- 0.144648,CSVLFStats2 = -0.117509 +/- 0.881741,Q2scale_VV = -0.191168 +/- 1.10461,Q2scale_Wj = -0.050935 +/- 0.403491,Q2scale_tHW = 0.00335866 +/- 0.799335,Q2scale_tHq = -0.0260942 +/- 0.401435,Q2scale_tt1b = -0.199669 +/- 0.507378,Q2scale_tt2b = -0.192198 +/- 0.534233,Q2scale_ttH = 0.00910354 +/- 0.409818,Q2scale_ttW = 0.0118052 +/- 0.410062,Q2scale_ttbb = -0.166391 +/- 0.188033,Q2scale_ttcc = -0.138396 +/- 0.288551,Q2scale_ttlf = 0.499008 +/- 0.127486,QCDscale_ST = 0.012702 +/- 0.792652,lumi_13TeV = -0.113666 +/- 0.402843,pdf_gg = -0.143292 +/- 0.222802,pdf_qg = 0.0124676 +/- 0.803407,pdf_qqbar = 0.0115612 +/- 0.757019,pu = -0.282661 +/- 0.668446,r = -76.4303 +/- 2.68342)
WARNING: underflow to -51.4679 in pdf_bintH_3m_obsOnly for bin 7, weight 168
[#0] ERROR:Eval -- RooAbsReal::logEvalError(tH_3m) evaluation error, 
 origin       : RooAbsReal::tH_3m[ params=(CMS_eff_lep,CMS_jer,CMS_jes,CMS_tHq_tt1b,CMS_tHq_tt2b,CMS_tHq_ttbb,CMS_tHq_ttcc,CSVCErr1,CSVCErr2,CSVHF,CSVHFStats1,CSVHFStats2,CSVLF,CSVLFStats1,CSVLFStats2,Q2scale_VV,Q2scale_Wj,Q2scale_tHW,Q2scale_tHq,Q2scale_tt1b,Q2scale_tt2b,Q2scale_ttH,Q2scale_ttW,Q2scale_ttbb,Q2scale_ttcc,Q2scale_ttlf,QCDscale_ST,lumi_13TeV,pdf_gg,pdf_qg,pdf_qqbar,pu,r) ]
 message      : Number of events is negative or error
 server values: params=(CMS_eff_lep = -0.0845648 +/- inf,CMS_jer = 0.109445 +/- inf,CMS_jes = 0.789544 +/- inf,CMS_tHq_tt1b = 0.342352 +/- inf,CMS_tHq_tt2b = 0.291731 +/- inf,CMS_tHq_ttbb = 0.321406 +/- inf,CMS_tHq_ttcc = -0.131999 +/- inf,CSVCErr1 = 1.38944 +/- inf,CSVCErr2 = -0.127587 +/- inf,CSVHF = -0.761045 +/- inf,CSVHFStats1 = 0.343014 +/- inf,CSVHFStats2 = -0.0400529 +/- inf,CSVLF = -0.216371 +/- inf,CSVLFStats1 = -0.406061 +/- inf,CSVLFStats2 = -0.117509 +/- inf,Q2scale_VV = -0.191168 +/- inf,Q2scale_Wj = -0.050935 +/- inf,Q2scale_tHW = 0.00335866 +/- inf,Q2scale_tHq = -0.0260942 +/- inf,Q2scale_tt1b = -0.199669 +/- inf,Q2scale_tt2b = -0.192198 +/- inf,Q2scale_ttH = 0.00910354 +/- inf,Q2scale_ttW = 0.0118052 +/- inf,Q2scale_ttbb = -0.166391 +/- inf,Q2scale_ttcc = -0.138396 +/- inf,Q2scale_ttlf = 0.499008 +/- inf,QCDscale_ST = 0.012702 +/- inf,lumi_13TeV = -0.113666 +/- inf,pdf_gg = -0.143292 +/- inf,pdf_qg = 0.0124676 +/- inf,pdf_qqbar = 0.0115612 +/- inf,pu = -0.282661 +/- inf,r = -76.4303 +/- 2.68342)
WARNING: underflow to -2.91607 in pdf_bintH_4m_obsOnly for bin 5, weight 31
[#0] ERROR:Eval -- RooAbsReal::logEvalError(tH_4m) evaluation error, 
 origin       : RooAbsReal::tH_4m[ params=(CMS_eff_lep,CMS_jer,CMS_jes,CMS_tHq_tt1b,CMS_tHq_tt2b,CMS_tHq_ttbb,CMS_tHq_ttcc,CSVCErr1,CSVCErr2,CSVHF,CSVHFStats1,CSVHFStats2,CSVLF,CSVLFStats1,CSVLFStats2,Q2scale_VV,Q2scale_Wj,Q2scale_tHW,Q2scale_tHq,Q2scale_tt1b,Q2scale_tt2b,Q2scale_ttH,Q2scale_ttW,Q2scale_ttbb,Q2scale_ttcc,Q2scale_ttlf,QCDscale_ST,lumi_13TeV,pdf_gg,pdf_qg,pdf_qqbar,pu,r) ]
 message      : Number of events is negative or error
 server values: params=(CMS_eff_lep = -0.0845648 +/- inf,CMS_jer = 0.109445 +/- inf,CMS_jes = 0.789544 +/- inf,CMS_tHq_tt1b = 0.342352 +/- inf,CMS_tHq_tt2b = 0.291731 +/- inf,CMS_tHq_ttbb = 0.321406 +/- inf,CMS_tHq_ttcc = -0.131999 +/- inf,CSVCErr1 = 1.38944 +/- inf,CSVCErr2 = -0.127587 +/- inf,CSVHF = -0.761045 +/- inf,CSVHFStats1 = 0.343014 +/- inf,CSVHFStats2 = -0.0400529 +/- inf,CSVLF = -0.216371 +/- inf,CSVLFStats1 = -0.406061 +/- inf,CSVLFStats2 = -0.117509 +/- inf,Q2scale_VV = -0.191168 +/- inf,Q2scale_Wj = -0.050935 +/- inf,Q2scale_tHW = 0.00335866 +/- inf,Q2scale_tHq = -0.0260942 +/- inf,Q2scale_tt1b = -0.199669 +/- inf,Q2scale_tt2b = -0.192198 +/- inf,Q2scale_ttH = 0.00910354 +/- inf,Q2scale_ttW = 0.0118052 +/- inf,Q2scale_ttbb = -0.166391 +/- inf,Q2scale_ttcc = -0.138396 +/- inf,Q2scale_ttlf = 0.499008 +/- inf,QCDscale_ST = 0.012702 +/- inf,lumi_13TeV = -0.113666 +/- inf,pdf_gg = -0.143292 +/- inf,pdf_qg = 0.0124676 +/- inf,pdf_qqbar = 0.0115612 +/- inf,pu = -0.282661 +/- inf,r = -76.4303 +/- 2.68342)
-76.430268    -18000022602.86416  +0.49447    -73.569732
WARNING: underflow to -5.6571 in pdf_bintH_3m_obsOnly for bin 9, weight 12
[#0] ERROR:Eval -- RooAbsReal::logEvalError(tH_3m) evaluation error, 
 origin       : RooAbsReal::tH_3m[ params=(CMS_eff_lep,CMS_jer,CMS_jes,CMS_tHq_tt1b,CMS_tHq_tt2b,CMS_tHq_ttbb,CMS_tHq_ttcc,CSVCErr1,CSVCErr2,CSVHF,CSVHFStats1,CSVHFStats2,CSVLF,CSVLFStats1,CSVLFStats2,Q2scale_VV,Q2scale_Wj,Q2scale_tHW,Q2scale_tHq,Q2scale_tt1b,Q2scale_tt2b,Q2scale_ttH,Q2scale_ttW,Q2scale_ttbb,Q2scale_ttcc,Q2scale_ttlf,QCDscale_ST,lumi_13TeV,pdf_gg,pdf_qg,pdf_qqbar,pu,r) ]
 message      : Number of events is negative or error
 server values: params=(CMS_eff_lep = -0.0845648 +/- 0.486431,CMS_jer = 0.109445 +/- 0.277557,CMS_jes = 0.789544 +/- 0.285092,CMS_tHq_tt1b = 0.342352 +/- 0.214871,CMS_tHq_tt2b = 0.291731 +/- 0.237553,CMS_tHq_ttbb = 0.321406 +/- 0.165906,CMS_tHq_ttcc = -0.131999 +/- 0.128134,CSVCErr1 = 1.38944 +/- 0.0727266,CSVCErr2 = -0.127587 +/- 0.496047,CSVHF = -0.761045 +/- 0.149857,CSVHFStats1 = 0.343014 +/- 0.179015,CSVHFStats2 = -0.0400529 +/- 0.262724,CSVLF = -0.216371 +/- 0.122109,CSVLFStats1 = -0.406061 +/- 0.144648,CSVLFStats2 = -0.117509 +/- 0.881741,Q2scale_VV = -0.191168 +/- 1.10461,Q2scale_Wj = -0.050935 +/- 0.403491,Q2scale_tHW = 0.00335866 +/- 0.799335,Q2scale_tHq = -0.0260942 +/- 0.401435,Q2scale_tt1b = -0.199669 +/- 0.507378,Q2scale_tt2b = -0.192198 +/- 0.534233,Q2scale_ttH = 0.00910354 +/- 0.409818,Q2scale_ttW = 0.0118052 +/- 0.410062,Q2scale_ttbb = -0.166391 +/- 0.188033,Q2scale_ttcc = -0.138396 +/- 0.288551,Q2scale_ttlf = 0.499008 +/- 0.127486,QCDscale_ST = 0.012702 +/- 0.792652,lumi_13TeV = -0.113666 +/- 0.402843,pdf_gg = -0.143292 +/- 0.222802,pdf_qg = 0.0124676 +/- 0.803407,pdf_qqbar = 0.0115612 +/- 0.757019,pu = -0.282661 +/- 0.668446,r = -24.9315 +/- 2.68342)
WARNING: underflow to -0.486098 in pdf_bintH_4m_obsOnly for bin 7, weight 11
[#0] ERROR:Eval -- RooAbsReal::logEvalError(tH_4m) evaluation error, 
 origin       : RooAbsReal::tH_4m[ params=(CMS_eff_lep,CMS_jer,CMS_jes,CMS_tHq_tt1b,CMS_tHq_tt2b,CMS_tHq_ttbb,CMS_tHq_ttcc,CSVCErr1,CSVCErr2,CSVHF,CSVHFStats1,CSVHFStats2,CSVLF,CSVLFStats1,CSVLFStats2,Q2scale_VV,Q2scale_Wj,Q2scale_tHW,Q2scale_tHq,Q2scale_tt1b,Q2scale_tt2b,Q2scale_ttH,Q2scale_ttW,Q2scale_ttbb,Q2scale_ttcc,Q2scale_ttlf,QCDscale_ST,lumi_13TeV,pdf_gg,pdf_qg,pdf_qqbar,pu,r) ]
 message      : Number of events is negative or error
 server values: params=(CMS_eff_lep = -0.0845648 +/- 0.486431,CMS_jer = 0.109445 +/- 0.277557,CMS_jes = 0.789544 +/- 0.285092,CMS_tHq_tt1b = 0.342352 +/- 0.214871,CMS_tHq_tt2b = 0.291731 +/- 0.237553,CMS_tHq_ttbb = 0.321406 +/- 0.165906,CMS_tHq_ttcc = -0.131999 +/- 0.128134,CSVCErr1 = 1.38944 +/- 0.0727266,CSVCErr2 = -0.127587 +/- 0.496047,CSVHF = -0.761045 +/- 0.149857,CSVHFStats1 = 0.343014 +/- 0.179015,CSVHFStats2 = -0.0400529 +/- 0.262724,CSVLF = -0.216371 +/- 0.122109,CSVLFStats1 = -0.406061 +/- 0.144648,CSVLFStats2 = -0.117509 +/- 0.881741,Q2scale_VV = -0.191168 +/- 1.10461,Q2scale_Wj = -0.050935 +/- 0.403491,Q2scale_tHW = 0.00335866 +/- 0.799335,Q2scale_tHq = -0.0260942 +/- 0.401435,Q2scale_tt1b = -0.199669 +/- 0.507378,Q2scale_tt2b = -0.192198 +/- 0.534233,Q2scale_ttH = 0.00910354 +/- 0.409818,Q2scale_ttW = 0.0118052 +/- 0.410062,Q2scale_ttbb = -0.166391 +/- 0.188033,Q2scale_ttcc = -0.138396 +/- 0.288551,Q2scale_ttlf = 0.499008 +/- 0.127486,QCDscale_ST = 0.012702 +/- 0.792652,lumi_13TeV = -0.113666 +/- 0.402843,pdf_gg = -0.143292 +/- 0.222802,pdf_qg = 0.0124676 +/- 0.803407,pdf_qqbar = 0.0115612 +/- 0.757019,pu = -0.282661 +/- 0.668446,r = -24.9315 +/- 2.68342)
WARNING: underflow to -5.6571 in pdf_bintH_3m_obsOnly for bin 9, weight 12
[#0] ERROR:Eval -- RooAbsReal::logEvalError(tH_3m) evaluation error, 
 origin       : RooAbsReal::tH_3m[ params=(CMS_eff_lep,CMS_jer,CMS_jes,CMS_tHq_tt1b,CMS_tHq_tt2b,CMS_tHq_ttbb,CMS_tHq_ttcc,CSVCErr1,CSVCErr2,CSVHF,CSVHFStats1,CSVHFStats2,CSVLF,CSVLFStats1,CSVLFStats2,Q2scale_VV,Q2scale_Wj,Q2scale_tHW,Q2scale_tHq,Q2scale_tt1b,Q2scale_tt2b,Q2scale_ttH,Q2scale_ttW,Q2scale_ttbb,Q2scale_ttcc,Q2scale_ttlf,QCDscale_ST,lumi_13TeV,pdf_gg,pdf_qg,pdf_qqbar,pu,r) ]
 message      : Number of events is negative or error
 server values: params=(CMS_eff_lep = -0.0845648 +/- inf,CMS_jer = 0.109445 +/- inf,CMS_jes = 0.789544 +/- inf,CMS_tHq_tt1b = 0.342352 +/- inf,CMS_tHq_tt2b = 0.291731 +/- inf,CMS_tHq_ttbb = 0.321406 +/- inf,CMS_tHq_ttcc = -0.131999 +/- inf,CSVCErr1 = 1.38944 +/- inf,CSVCErr2 = -0.127587 +/- inf,CSVHF = -0.761045 +/- inf,CSVHFStats1 = 0.343014 +/- inf,CSVHFStats2 = -0.0400529 +/- inf,CSVLF = -0.216371 +/- inf,CSVLFStats1 = -0.406061 +/- inf,CSVLFStats2 = -0.117509 +/- inf,Q2scale_VV = -0.191168 +/- inf,Q2scale_Wj = -0.050935 +/- inf,Q2scale_tHW = 0.00335866 +/- inf,Q2scale_tHq = -0.0260942 +/- inf,Q2scale_tt1b = -0.199669 +/- inf,Q2scale_tt2b = -0.192198 +/- inf,Q2scale_ttH = 0.00910354 +/- inf,Q2scale_ttW = 0.0118052 +/- inf,Q2scale_ttbb = -0.166391 +/- inf,Q2scale_ttcc = -0.138396 +/- inf,Q2scale_ttlf = 0.499008 +/- inf,QCDscale_ST = 0.012702 +/- inf,lumi_13TeV = -0.113666 +/- inf,pdf_gg = -0.143292 +/- inf,pdf_qg = 0.0124676 +/- inf,pdf_qqbar = 0.0115612 +/- inf,pu = -0.282661 +/- inf,r = -24.9315 +/- 2.68342)
WARNING: underflow to -0.486098 in pdf_bintH_4m_obsOnly for bin 7, weight 11
[#0] ERROR:Eval -- RooAbsReal::logEvalError(tH_4m) evaluation error, 
 origin       : RooAbsReal::tH_4m[ params=(CMS_eff_lep,CMS_jer,CMS_jes,CMS_tHq_tt1b,CMS_tHq_tt2b,CMS_tHq_ttbb,CMS_tHq_ttcc,CSVCErr1,CSVCErr2,CSVHF,CSVHFStats1,CSVHFStats2,CSVLF,CSVLFStats1,CSVLFStats2,Q2scale_VV,Q2scale_Wj,Q2scale_tHW,Q2scale_tHq,Q2scale_tt1b,Q2scale_tt2b,Q2scale_ttH,Q2scale_ttW,Q2scale_ttbb,Q2scale_ttcc,Q2scale_ttlf,QCDscale_ST,lumi_13TeV,pdf_gg,pdf_qg,pdf_qqbar,pu,r) ]
 message      : Number of events is negative or error
 server values: params=(CMS_eff_lep = -0.0845648 +/- inf,CMS_jer = 0.109445 +/- inf,CMS_jes = 0.789544 +/- inf,CMS_tHq_tt1b = 0.342352 +/- inf,CMS_tHq_tt2b = 0.291731 +/- inf,CMS_tHq_ttbb = 0.321406 +/- inf,CMS_tHq_ttcc = -0.131999 +/- inf,CSVCErr1 = 1.38944 +/- inf,CSVCErr2 = -0.127587 +/- inf,CSVHF = -0.761045 +/- inf,CSVHFStats1 = 0.343014 +/- inf,CSVHFStats2 = -0.0400529 +/- inf,CSVLF = -0.216371 +/- inf,CSVLFStats1 = -0.406061 +/- inf,CSVLFStats2 = -0.117509 +/- inf,Q2scale_VV = -0.191168 +/- inf,Q2scale_Wj = -0.050935 +/- inf,Q2scale_tHW = 0.00335866 +/- inf,Q2scale_tHq = -0.0260942 +/- inf,Q2scale_tt1b = -0.199669 +/- inf,Q2scale_tt2b = -0.192198 +/- inf,Q2scale_ttH = 0.00910354 +/- inf,Q2scale_ttW = 0.0118052 +/- inf,Q2scale_ttbb = -0.166391 +/- inf,Q2scale_ttcc = -0.138396 +/- inf,Q2scale_ttlf = 0.499008 +/- inf,QCDscale_ST = 0.012702 +/- inf,lumi_13TeV = -0.113666 +/- inf,pdf_gg = -0.143292 +/- inf,pdf_qg = 0.0124676 +/- inf,pdf_qqbar = 0.0115612 +/- inf,pu = -0.282661 +/- inf,r = -24.9315 +/- 2.68342)
-24.931456    -18000022602.86416  -18000022602.86416    -22.070919
WARNING: underflow to -0.574211 in pdf_bintH_4m_obsOnly for bin 9, weight 1
[#0] ERROR:Eval -- RooAbsReal::logEvalError(tH_4m) evaluation error, 
 origin       : RooAbsReal::tH_4m[ params=(CMS_eff_lep,CMS_jer,CMS_jes,CMS_tHq_tt1b,CMS_tHq_tt2b,CMS_tHq_ttbb,CMS_tHq_ttcc,CSVCErr1,CSVCErr2,CSVHF,CSVHFStats1,CSVHFStats2,CSVLF,CSVLFStats1,CSVLFStats2,Q2scale_VV,Q2scale_Wj,Q2scale_tHW,Q2scale_tHq,Q2scale_tt1b,Q2scale_tt2b,Q2scale_ttH,Q2scale_ttW,Q2scale_ttbb,Q2scale_ttcc,Q2scale_ttlf,QCDscale_ST,lumi_13TeV,pdf_gg,pdf_qg,pdf_qqbar,pu,r) ]
 message      : Number of events is negative or error
 server values: params=(CMS_eff_lep = -0.0845648 +/- 0.486431,CMS_jer = 0.109445 +/- 0.277557,CMS_jes = 0.789544 +/- 0.285092,CMS_tHq_tt1b = 0.342352 +/- 0.214871,CMS_tHq_tt2b = 0.291731 +/- 0.237553,CMS_tHq_ttbb = 0.321406 +/- 0.165906,CMS_tHq_ttcc = -0.131999 +/- 0.128134,CSVCErr1 = 1.38944 +/- 0.0727266,CSVCErr2 = -0.127587 +/- 0.496047,CSVHF = -0.761045 +/- 0.149857,CSVHFStats1 = 0.343014 +/- 0.179015,CSVHFStats2 = -0.0400529 +/- 0.262724,CSVLF = -0.216371 +/- 0.122109,CSVLFStats1 = -0.406061 +/- 0.144648,CSVLFStats2 = -0.117509 +/- 0.881741,Q2scale_VV = -0.191168 +/- 1.10461,Q2scale_Wj = -0.050935 +/- 0.403491,Q2scale_tHW = 0.00335866 +/- 0.799335,Q2scale_tHq = -0.0260942 +/- 0.401435,Q2scale_tt1b = -0.199669 +/- 0.507378,Q2scale_tt2b = -0.192198 +/- 0.534233,Q2scale_ttH = 0.00910354 +/- 0.409818,Q2scale_ttW = 0.0118052 +/- 0.410062,Q2scale_ttbb = -0.166391 +/- 0.188033,Q2scale_ttcc = -0.138396 +/- 0.288551,Q2scale_ttlf = 0.499008 +/- 0.127486,QCDscale_ST = 0.012702 +/- 0.792652,lumi_13TeV = -0.113666 +/- 0.402843,pdf_gg = -0.143292 +/- 0.222802,pdf_qg = 0.0124676 +/- 0.803407,pdf_qqbar = 0.0115612 +/- 0.757019,pu = -0.282661 +/- 0.668446,r = -9.48181 +/- 2.68342)
WARNING: underflow to -0.574211 in pdf_bintH_4m_obsOnly for bin 9, weight 1
[#0] ERROR:Eval -- RooAbsReal::logEvalError(tH_4m) evaluation error, 
 origin       : RooAbsReal::tH_4m[ params=(CMS_eff_lep,CMS_jer,CMS_jes,CMS_tHq_tt1b,CMS_tHq_tt2b,CMS_tHq_ttbb,CMS_tHq_ttcc,CSVCErr1,CSVCErr2,CSVHF,CSVHFStats1,CSVHFStats2,CSVLF,CSVLFStats1,CSVLFStats2,Q2scale_VV,Q2scale_Wj,Q2scale_tHW,Q2scale_tHq,Q2scale_tt1b,Q2scale_tt2b,Q2scale_ttH,Q2scale_ttW,Q2scale_ttbb,Q2scale_ttcc,Q2scale_ttlf,QCDscale_ST,lumi_13TeV,pdf_gg,pdf_qg,pdf_qqbar,pu,r) ]
 message      : Number of events is negative or error
 server values: params=(CMS_eff_lep = -0.0845648 +/- inf,CMS_jer = 0.109445 +/- inf,CMS_jes = 0.789544 +/- inf,CMS_tHq_tt1b = 0.342352 +/- inf,CMS_tHq_tt2b = 0.291731 +/- inf,CMS_tHq_ttbb = 0.321406 +/- inf,CMS_tHq_ttcc = -0.131999 +/- inf,CSVCErr1 = 1.38944 +/- inf,CSVCErr2 = -0.127587 +/- inf,CSVHF = -0.761045 +/- inf,CSVHFStats1 = 0.343014 +/- inf,CSVHFStats2 = -0.0400529 +/- inf,CSVLF = -0.216371 +/- inf,CSVLFStats1 = -0.406061 +/- inf,CSVLFStats2 = -0.117509 +/- inf,Q2scale_VV = -0.191168 +/- inf,Q2scale_Wj = -0.050935 +/- inf,Q2scale_tHW = 0.00335866 +/- inf,Q2scale_tHq = -0.0260942 +/- inf,Q2scale_tt1b = -0.199669 +/- inf,Q2scale_tt2b = -0.192198 +/- inf,Q2scale_ttH = 0.00910354 +/- inf,Q2scale_ttW = 0.0118052 +/- inf,Q2scale_ttbb = -0.166391 +/- inf,Q2scale_ttcc = -0.138396 +/- inf,Q2scale_ttlf = 0.499008 +/- inf,QCDscale_ST = 0.012702 +/- inf,lumi_13TeV = -0.113666 +/- inf,pdf_gg = -0.143292 +/- inf,pdf_qg = 0.0124676 +/- inf,pdf_qqbar = 0.0115612 +/- inf,pu = -0.282661 +/- inf,r = -9.48181 +/- 2.68342)
-9.481813    -9000000454.90739  -18000022602.86416    -6.621276
-4.846920    +0.16734  -9000000454.90739    -1.986383
-6.833302    -0.81152  +0.16734    -1.986383
-5.442834    -0.07251  -0.81152    -0.595915
-5.025694    +0.10321  -0.07251    -0.178774
-5.204468    +0.02704  +0.10321    -0.178774
-5.383243    -0.05687  +0.02704    -0.178774
-5.258101    +0.00372  -0.05687    -0.053632
-5.311733    -0.02117  +0.00372    -0.053632
-5.274191    -0.00358  -0.02117    -0.016090
-5.262928    +0.00155  -0.00358    -0.004827
-5.267755    -0.00064  +0.00155    -0.004827
-5.264376    +0.00089  -0.00064    -0.001448
-5.265824    +0.00024  +0.00089    -0.001448

 --- MaxLikelihoodFit ---
Best fit r: -2.86054  -2.40496/+2.54093  (68% CL)
nll S+B -> -64.0062  nll B -> -64.1775
Done in 0.23 min (cpu), 0.24 min (real)
