>>> including systematics
>>> method used to compute upper limit is MaxLikelihoodFit
>>> random number generator seed is 123456
[?1034hComputing limit starting from observation
Created Branches
Searching for crossing at nll = -22797.6 in the interval -0.464003, 150
      r      lvl-here  lvl-there   stepping
74.767999    -112.35829  +0.49447    75.232001
22.105598    -53.35164  -112.35829    22.569600
6.306877    -8.18655  -53.35164    6.770880
1.567261    -0.87429  -8.18655    2.031264
0.145376    +0.31453  -0.87429    0.609379
0.754756    -0.15679  +0.31453    0.609379
0.328190    +0.19018  -0.15679    0.182814
0.511004    +0.04476  +0.19018    0.182814
0.693818    -0.12279  +0.04476    0.182814
0.565848    -0.00577  -0.12279    0.054844
0.527457    +0.03018  -0.00577    0.016453
0.543910    +0.01510  +0.03018    0.016453
0.560364    -0.00047  +0.01510    0.016453
Searching for crossing at nll = -22797.6 in the interval -0.464003, -150
      r      lvl-here  lvl-there   stepping
WARNING: underflow to -60.7463 in pdf_bintH_3m_obsOnly for bin 5, weight 603
[#0] ERROR:Eval -- RooAbsReal::logEvalError(tH_3m) evaluation error, 
 origin       : RooAbsReal::tH_3m[ params=(CMS_eff_lep,CMS_jer,CMS_jes,CMS_tHq_tt1b,CMS_tHq_tt2b,CMS_tHq_ttbb,CMS_tHq_ttcc,CSVCErr1,CSVCErr2,CSVHF,CSVHFStats1,CSVHFStats2,CSVLF,CSVLFStats1,CSVLFStats2,Q2scale_VV,Q2scale_Wj,Q2scale_tHW,Q2scale_tHq,Q2scale_tt1b,Q2scale_tt2b,Q2scale_ttH,Q2scale_ttW,Q2scale_ttbb,Q2scale_ttcc,Q2scale_ttlf,QCDscale_ST,lumi_13TeV,pdf_gg,pdf_qg,pdf_qqbar,pu,r) ]
 message      : Number of events is negative or error
 server values: params=(CMS_eff_lep = -0.0839664 +/- 0.488845,CMS_jer = 0.149996 +/- 0.308845,CMS_jes = 0.576687 +/- 0.166023,CMS_tHq_tt1b = 0.567453 +/- 0.225306,CMS_tHq_tt2b = 0.349588 +/- 0.429326,CMS_tHq_ttbb = 0.406052 +/- 0.138069,CMS_tHq_ttcc = 0.0424619 +/- 0.127865,CSVCErr1 = 1.28493 +/- 0.0725068,CSVCErr2 = 0.0156296 +/- 0.497133,CSVHF = -0.589656 +/- 0.173821,CSVHFStats1 = 0.357865 +/- 0.225144,CSVHFStats2 = -0.0779854 +/- 0.258874,CSVLF = -0.204562 +/- 0.123218,CSVLFStats1 = -0.025652 +/- 0.311748,CSVLFStats2 = -0.0914428 +/- 0.516174,Q2scale_VV = 0.000223691 +/- 0.90677,Q2scale_Wj = 0.0781986 +/- 0.401709,Q2scale_tHW = 0.00080754 +/- 0.401265,Q2scale_tHq = -0.00851813 +/- 0.796044,Q2scale_tt1b = -0.261977 +/- 0.501384,Q2scale_tt2b = -0.226653 +/- 0.526892,Q2scale_ttH = -0.00679676 +/- 0.398273,Q2scale_ttW = 0.00522446 +/- 0.406731,Q2scale_ttbb = -0.145137 +/- 0.208928,Q2scale_ttcc = -0.164295 +/- 0.288098,Q2scale_ttlf = 0.601478 +/- 0.119757,QCDscale_ST = 0.01776 +/- 0.798673,lumi_13TeV = -0.110178 +/- 0.480347,pdf_gg = -0.124585 +/- 0.478383,pdf_qg = 0.0170677 +/- 0.797791,pdf_qqbar = -0.0107292 +/- 0.761106,pu = -0.106376 +/- 0.736667,r = -75.232 +/- 1.10008)
WARNING: underflow to -9.64039 in pdf_bintH_4m_obsOnly for bin 2, weight 45
[#0] ERROR:Eval -- RooAbsReal::logEvalError(tH_4m) evaluation error, 
 origin       : RooAbsReal::tH_4m[ params=(CMS_eff_lep,CMS_jer,CMS_jes,CMS_tHq_tt1b,CMS_tHq_tt2b,CMS_tHq_ttbb,CMS_tHq_ttcc,CSVCErr1,CSVCErr2,CSVHF,CSVHFStats1,CSVHFStats2,CSVLF,CSVLFStats1,CSVLFStats2,Q2scale_VV,Q2scale_Wj,Q2scale_tHW,Q2scale_tHq,Q2scale_tt1b,Q2scale_tt2b,Q2scale_ttH,Q2scale_ttW,Q2scale_ttbb,Q2scale_ttcc,Q2scale_ttlf,QCDscale_ST,lumi_13TeV,pdf_gg,pdf_qg,pdf_qqbar,pu,r) ]
 message      : Number of events is negative or error
 server values: params=(CMS_eff_lep = -0.0839664 +/- 0.488845,CMS_jer = 0.149996 +/- 0.308845,CMS_jes = 0.576687 +/- 0.166023,CMS_tHq_tt1b = 0.567453 +/- 0.225306,CMS_tHq_tt2b = 0.349588 +/- 0.429326,CMS_tHq_ttbb = 0.406052 +/- 0.138069,CMS_tHq_ttcc = 0.0424619 +/- 0.127865,CSVCErr1 = 1.28493 +/- 0.0725068,CSVCErr2 = 0.0156296 +/- 0.497133,CSVHF = -0.589656 +/- 0.173821,CSVHFStats1 = 0.357865 +/- 0.225144,CSVHFStats2 = -0.0779854 +/- 0.258874,CSVLF = -0.204562 +/- 0.123218,CSVLFStats1 = -0.025652 +/- 0.311748,CSVLFStats2 = -0.0914428 +/- 0.516174,Q2scale_VV = 0.000223691 +/- 0.90677,Q2scale_Wj = 0.0781986 +/- 0.401709,Q2scale_tHW = 0.00080754 +/- 0.401265,Q2scale_tHq = -0.00851813 +/- 0.796044,Q2scale_tt1b = -0.261977 +/- 0.501384,Q2scale_tt2b = -0.226653 +/- 0.526892,Q2scale_ttH = -0.00679676 +/- 0.398273,Q2scale_ttW = 0.00522446 +/- 0.406731,Q2scale_ttbb = -0.145137 +/- 0.208928,Q2scale_ttcc = -0.164295 +/- 0.288098,Q2scale_ttlf = 0.601478 +/- 0.119757,QCDscale_ST = 0.01776 +/- 0.798673,lumi_13TeV = -0.110178 +/- 0.480347,pdf_gg = -0.124585 +/- 0.478383,pdf_qg = 0.0170677 +/- 0.797791,pdf_qqbar = -0.0107292 +/- 0.761106,pu = -0.106376 +/- 0.736667,r = -75.232 +/- 1.10008)
WARNING: underflow to -60.7463 in pdf_bintH_3m_obsOnly for bin 5, weight 603
[#0] ERROR:Eval -- RooAbsReal::logEvalError(tH_3m) evaluation error, 
 origin       : RooAbsReal::tH_3m[ params=(CMS_eff_lep,CMS_jer,CMS_jes,CMS_tHq_tt1b,CMS_tHq_tt2b,CMS_tHq_ttbb,CMS_tHq_ttcc,CSVCErr1,CSVCErr2,CSVHF,CSVHFStats1,CSVHFStats2,CSVLF,CSVLFStats1,CSVLFStats2,Q2scale_VV,Q2scale_Wj,Q2scale_tHW,Q2scale_tHq,Q2scale_tt1b,Q2scale_tt2b,Q2scale_ttH,Q2scale_ttW,Q2scale_ttbb,Q2scale_ttcc,Q2scale_ttlf,QCDscale_ST,lumi_13TeV,pdf_gg,pdf_qg,pdf_qqbar,pu,r) ]
 message      : Number of events is negative or error
 server values: params=(CMS_eff_lep = -0.0839664 +/- inf,CMS_jer = 0.149996 +/- inf,CMS_jes = 0.576687 +/- inf,CMS_tHq_tt1b = 0.567453 +/- inf,CMS_tHq_tt2b = 0.349588 +/- inf,CMS_tHq_ttbb = 0.406052 +/- inf,CMS_tHq_ttcc = 0.0424619 +/- inf,CSVCErr1 = 1.28493 +/- inf,CSVCErr2 = 0.0156296 +/- inf,CSVHF = -0.589656 +/- inf,CSVHFStats1 = 0.357865 +/- inf,CSVHFStats2 = -0.0779854 +/- inf,CSVLF = -0.204562 +/- inf,CSVLFStats1 = -0.025652 +/- inf,CSVLFStats2 = -0.0914428 +/- inf,Q2scale_VV = 0.000223691 +/- inf,Q2scale_Wj = 0.0781986 +/- inf,Q2scale_tHW = 0.00080754 +/- inf,Q2scale_tHq = -0.00851813 +/- inf,Q2scale_tt1b = -0.261977 +/- inf,Q2scale_tt2b = -0.226653 +/- inf,Q2scale_ttH = -0.00679676 +/- inf,Q2scale_ttW = 0.00522446 +/- inf,Q2scale_ttbb = -0.145137 +/- inf,Q2scale_ttcc = -0.164295 +/- inf,Q2scale_ttlf = 0.601478 +/- inf,QCDscale_ST = 0.01776 +/- inf,lumi_13TeV = -0.110178 +/- inf,pdf_gg = -0.124585 +/- inf,pdf_qg = 0.0170677 +/- inf,pdf_qqbar = -0.0107292 +/- inf,pu = -0.106376 +/- inf,r = -75.232 +/- 1.10008)
WARNING: underflow to -9.64039 in pdf_bintH_4m_obsOnly for bin 2, weight 45
[#0] ERROR:Eval -- RooAbsReal::logEvalError(tH_4m) evaluation error, 
 origin       : RooAbsReal::tH_4m[ params=(CMS_eff_lep,CMS_jer,CMS_jes,CMS_tHq_tt1b,CMS_tHq_tt2b,CMS_tHq_ttbb,CMS_tHq_ttcc,CSVCErr1,CSVCErr2,CSVHF,CSVHFStats1,CSVHFStats2,CSVLF,CSVLFStats1,CSVLFStats2,Q2scale_VV,Q2scale_Wj,Q2scale_tHW,Q2scale_tHq,Q2scale_tt1b,Q2scale_tt2b,Q2scale_ttH,Q2scale_ttW,Q2scale_ttbb,Q2scale_ttcc,Q2scale_ttlf,QCDscale_ST,lumi_13TeV,pdf_gg,pdf_qg,pdf_qqbar,pu,r) ]
 message      : Number of events is negative or error
 server values: params=(CMS_eff_lep = -0.0839664 +/- inf,CMS_jer = 0.149996 +/- inf,CMS_jes = 0.576687 +/- inf,CMS_tHq_tt1b = 0.567453 +/- inf,CMS_tHq_tt2b = 0.349588 +/- inf,CMS_tHq_ttbb = 0.406052 +/- inf,CMS_tHq_ttcc = 0.0424619 +/- inf,CSVCErr1 = 1.28493 +/- inf,CSVCErr2 = 0.0156296 +/- inf,CSVHF = -0.589656 +/- inf,CSVHFStats1 = 0.357865 +/- inf,CSVHFStats2 = -0.0779854 +/- inf,CSVLF = -0.204562 +/- inf,CSVLFStats1 = -0.025652 +/- inf,CSVLFStats2 = -0.0914428 +/- inf,Q2scale_VV = 0.000223691 +/- inf,Q2scale_Wj = 0.0781986 +/- inf,Q2scale_tHW = 0.00080754 +/- inf,Q2scale_tHq = -0.00851813 +/- inf,Q2scale_tt1b = -0.261977 +/- inf,Q2scale_tt2b = -0.226653 +/- inf,Q2scale_ttH = -0.00679676 +/- inf,Q2scale_ttW = 0.00522446 +/- inf,Q2scale_ttbb = -0.145137 +/- inf,Q2scale_ttcc = -0.164295 +/- inf,Q2scale_ttlf = 0.601478 +/- inf,QCDscale_ST = 0.01776 +/- inf,lumi_13TeV = -0.110178 +/- inf,pdf_gg = -0.124585 +/- inf,pdf_qg = 0.0170677 +/- inf,pdf_qqbar = -0.0107292 +/- inf,pu = -0.106376 +/- inf,r = -75.232 +/- 1.10008)
-75.232001    -18000022799.48975  +0.49447    -74.767999
WARNING: underflow to -3.04013 in pdf_bintH_3m_obsOnly for bin 7, weight 155
[#0] ERROR:Eval -- RooAbsReal::logEvalError(tH_3m) evaluation error, 
 origin       : RooAbsReal::tH_3m[ params=(CMS_eff_lep,CMS_jer,CMS_jes,CMS_tHq_tt1b,CMS_tHq_tt2b,CMS_tHq_ttbb,CMS_tHq_ttcc,CSVCErr1,CSVCErr2,CSVHF,CSVHFStats1,CSVHFStats2,CSVLF,CSVLFStats1,CSVLFStats2,Q2scale_VV,Q2scale_Wj,Q2scale_tHW,Q2scale_tHq,Q2scale_tt1b,Q2scale_tt2b,Q2scale_ttH,Q2scale_ttW,Q2scale_ttbb,Q2scale_ttcc,Q2scale_ttlf,QCDscale_ST,lumi_13TeV,pdf_gg,pdf_qg,pdf_qqbar,pu,r) ]
 message      : Number of events is negative or error
 server values: params=(CMS_eff_lep = -0.0839664 +/- 0.488845,CMS_jer = 0.149996 +/- 0.308845,CMS_jes = 0.576687 +/- 0.166023,CMS_tHq_tt1b = 0.567453 +/- 0.225306,CMS_tHq_tt2b = 0.349588 +/- 0.429326,CMS_tHq_ttbb = 0.406052 +/- 0.138069,CMS_tHq_ttcc = 0.0424619 +/- 0.127865,CSVCErr1 = 1.28493 +/- 0.0725068,CSVCErr2 = 0.0156296 +/- 0.497133,CSVHF = -0.589656 +/- 0.173821,CSVHFStats1 = 0.357865 +/- 0.225144,CSVHFStats2 = -0.0779854 +/- 0.258874,CSVLF = -0.204562 +/- 0.123218,CSVLFStats1 = -0.025652 +/- 0.311748,CSVLFStats2 = -0.0914428 +/- 0.516174,Q2scale_VV = 0.000223691 +/- 0.90677,Q2scale_Wj = 0.0781986 +/- 0.401709,Q2scale_tHW = 0.00080754 +/- 0.401265,Q2scale_tHq = -0.00851813 +/- 0.796044,Q2scale_tt1b = -0.261977 +/- 0.501384,Q2scale_tt2b = -0.226653 +/- 0.526892,Q2scale_ttH = -0.00679676 +/- 0.398273,Q2scale_ttW = 0.00522446 +/- 0.406731,Q2scale_ttbb = -0.145137 +/- 0.208928,Q2scale_ttcc = -0.164295 +/- 0.288098,Q2scale_ttlf = 0.601478 +/- 0.119757,QCDscale_ST = 0.01776 +/- 0.798673,lumi_13TeV = -0.110178 +/- 0.480347,pdf_gg = -0.124585 +/- 0.478383,pdf_qg = 0.0170677 +/- 0.797791,pdf_qqbar = -0.0107292 +/- 0.761106,pu = -0.106376 +/- 0.736667,r = -22.8944 +/- 1.10008)
WARNING: underflow to -7.71078 in pdf_bintH_4m_obsOnly for bin 5, weight 25
[#0] ERROR:Eval -- RooAbsReal::logEvalError(tH_4m) evaluation error, 
 origin       : RooAbsReal::tH_4m[ params=(CMS_eff_lep,CMS_jer,CMS_jes,CMS_tHq_tt1b,CMS_tHq_tt2b,CMS_tHq_ttbb,CMS_tHq_ttcc,CSVCErr1,CSVCErr2,CSVHF,CSVHFStats1,CSVHFStats2,CSVLF,CSVLFStats1,CSVLFStats2,Q2scale_VV,Q2scale_Wj,Q2scale_tHW,Q2scale_tHq,Q2scale_tt1b,Q2scale_tt2b,Q2scale_ttH,Q2scale_ttW,Q2scale_ttbb,Q2scale_ttcc,Q2scale_ttlf,QCDscale_ST,lumi_13TeV,pdf_gg,pdf_qg,pdf_qqbar,pu,r) ]
 message      : Number of events is negative or error
 server values: params=(CMS_eff_lep = -0.0839664 +/- 0.488845,CMS_jer = 0.149996 +/- 0.308845,CMS_jes = 0.576687 +/- 0.166023,CMS_tHq_tt1b = 0.567453 +/- 0.225306,CMS_tHq_tt2b = 0.349588 +/- 0.429326,CMS_tHq_ttbb = 0.406052 +/- 0.138069,CMS_tHq_ttcc = 0.0424619 +/- 0.127865,CSVCErr1 = 1.28493 +/- 0.0725068,CSVCErr2 = 0.0156296 +/- 0.497133,CSVHF = -0.589656 +/- 0.173821,CSVHFStats1 = 0.357865 +/- 0.225144,CSVHFStats2 = -0.0779854 +/- 0.258874,CSVLF = -0.204562 +/- 0.123218,CSVLFStats1 = -0.025652 +/- 0.311748,CSVLFStats2 = -0.0914428 +/- 0.516174,Q2scale_VV = 0.000223691 +/- 0.90677,Q2scale_Wj = 0.0781986 +/- 0.401709,Q2scale_tHW = 0.00080754 +/- 0.401265,Q2scale_tHq = -0.00851813 +/- 0.796044,Q2scale_tt1b = -0.261977 +/- 0.501384,Q2scale_tt2b = -0.226653 +/- 0.526892,Q2scale_ttH = -0.00679676 +/- 0.398273,Q2scale_ttW = 0.00522446 +/- 0.406731,Q2scale_ttbb = -0.145137 +/- 0.208928,Q2scale_ttcc = -0.164295 +/- 0.288098,Q2scale_ttlf = 0.601478 +/- 0.119757,QCDscale_ST = 0.01776 +/- 0.798673,lumi_13TeV = -0.110178 +/- 0.480347,pdf_gg = -0.124585 +/- 0.478383,pdf_qg = 0.0170677 +/- 0.797791,pdf_qqbar = -0.0107292 +/- 0.761106,pu = -0.106376 +/- 0.736667,r = -22.8944 +/- 1.10008)
WARNING: underflow to -3.04013 in pdf_bintH_3m_obsOnly for bin 7, weight 155
[#0] ERROR:Eval -- RooAbsReal::logEvalError(tH_3m) evaluation error, 
 origin       : RooAbsReal::tH_3m[ params=(CMS_eff_lep,CMS_jer,CMS_jes,CMS_tHq_tt1b,CMS_tHq_tt2b,CMS_tHq_ttbb,CMS_tHq_ttcc,CSVCErr1,CSVCErr2,CSVHF,CSVHFStats1,CSVHFStats2,CSVLF,CSVLFStats1,CSVLFStats2,Q2scale_VV,Q2scale_Wj,Q2scale_tHW,Q2scale_tHq,Q2scale_tt1b,Q2scale_tt2b,Q2scale_ttH,Q2scale_ttW,Q2scale_ttbb,Q2scale_ttcc,Q2scale_ttlf,QCDscale_ST,lumi_13TeV,pdf_gg,pdf_qg,pdf_qqbar,pu,r) ]
 message      : Number of events is negative or error
 server values: params=(CMS_eff_lep = -0.0839664 +/- inf,CMS_jer = 0.149996 +/- inf,CMS_jes = 0.576687 +/- inf,CMS_tHq_tt1b = 0.567453 +/- inf,CMS_tHq_tt2b = 0.349588 +/- inf,CMS_tHq_ttbb = 0.406052 +/- inf,CMS_tHq_ttcc = 0.0424619 +/- inf,CSVCErr1 = 1.28493 +/- inf,CSVCErr2 = 0.0156296 +/- inf,CSVHF = -0.589656 +/- inf,CSVHFStats1 = 0.357865 +/- inf,CSVHFStats2 = -0.0779854 +/- inf,CSVLF = -0.204562 +/- inf,CSVLFStats1 = -0.025652 +/- inf,CSVLFStats2 = -0.0914428 +/- inf,Q2scale_VV = 0.000223691 +/- inf,Q2scale_Wj = 0.0781986 +/- inf,Q2scale_tHW = 0.00080754 +/- inf,Q2scale_tHq = -0.00851813 +/- inf,Q2scale_tt1b = -0.261977 +/- inf,Q2scale_tt2b = -0.226653 +/- inf,Q2scale_ttH = -0.00679676 +/- inf,Q2scale_ttW = 0.00522446 +/- inf,Q2scale_ttbb = -0.145137 +/- inf,Q2scale_ttcc = -0.164295 +/- inf,Q2scale_ttlf = 0.601478 +/- inf,QCDscale_ST = 0.01776 +/- inf,lumi_13TeV = -0.110178 +/- inf,pdf_gg = -0.124585 +/- inf,pdf_qg = 0.0170677 +/- inf,pdf_qqbar = -0.0107292 +/- inf,pu = -0.106376 +/- inf,r = -22.8944 +/- 1.10008)
WARNING: underflow to -7.71078 in pdf_bintH_4m_obsOnly for bin 5, weight 25
[#0] ERROR:Eval -- RooAbsReal::logEvalError(tH_4m) evaluation error, 
 origin       : RooAbsReal::tH_4m[ params=(CMS_eff_lep,CMS_jer,CMS_jes,CMS_tHq_tt1b,CMS_tHq_tt2b,CMS_tHq_ttbb,CMS_tHq_ttcc,CSVCErr1,CSVCErr2,CSVHF,CSVHFStats1,CSVHFStats2,CSVLF,CSVLFStats1,CSVLFStats2,Q2scale_VV,Q2scale_Wj,Q2scale_tHW,Q2scale_tHq,Q2scale_tt1b,Q2scale_tt2b,Q2scale_ttH,Q2scale_ttW,Q2scale_ttbb,Q2scale_ttcc,Q2scale_ttlf,QCDscale_ST,lumi_13TeV,pdf_gg,pdf_qg,pdf_qqbar,pu,r) ]
 message      : Number of events is negative or error
 server values: params=(CMS_eff_lep = -0.0839664 +/- inf,CMS_jer = 0.149996 +/- inf,CMS_jes = 0.576687 +/- inf,CMS_tHq_tt1b = 0.567453 +/- inf,CMS_tHq_tt2b = 0.349588 +/- inf,CMS_tHq_ttbb = 0.406052 +/- inf,CMS_tHq_ttcc = 0.0424619 +/- inf,CSVCErr1 = 1.28493 +/- inf,CSVCErr2 = 0.0156296 +/- inf,CSVHF = -0.589656 +/- inf,CSVHFStats1 = 0.357865 +/- inf,CSVHFStats2 = -0.0779854 +/- inf,CSVLF = -0.204562 +/- inf,CSVLFStats1 = -0.025652 +/- inf,CSVLFStats2 = -0.0914428 +/- inf,Q2scale_VV = 0.000223691 +/- inf,Q2scale_Wj = 0.0781986 +/- inf,Q2scale_tHW = 0.00080754 +/- inf,Q2scale_tHq = -0.00851813 +/- inf,Q2scale_tt1b = -0.261977 +/- inf,Q2scale_tt2b = -0.226653 +/- inf,Q2scale_ttH = -0.00679676 +/- inf,Q2scale_ttW = 0.00522446 +/- inf,Q2scale_ttbb = -0.145137 +/- inf,Q2scale_ttcc = -0.164295 +/- inf,Q2scale_ttlf = 0.601478 +/- inf,QCDscale_ST = 0.01776 +/- inf,lumi_13TeV = -0.110178 +/- inf,pdf_gg = -0.124585 +/- inf,pdf_qg = 0.0170677 +/- inf,pdf_qqbar = -0.0107292 +/- inf,pu = -0.106376 +/- inf,r = -22.8944 +/- 1.10008)
-22.894402    -18000022799.48975  -18000022799.48975    -22.430400
WARNING: underflow to -3.54064 in pdf_bintH_3m_obsOnly for bin 9, weight 8
[#0] ERROR:Eval -- RooAbsReal::logEvalError(tH_3m) evaluation error, 
 origin       : RooAbsReal::tH_3m[ params=(CMS_eff_lep,CMS_jer,CMS_jes,CMS_tHq_tt1b,CMS_tHq_tt2b,CMS_tHq_ttbb,CMS_tHq_ttcc,CSVCErr1,CSVCErr2,CSVHF,CSVHFStats1,CSVHFStats2,CSVLF,CSVLFStats1,CSVLFStats2,Q2scale_VV,Q2scale_Wj,Q2scale_tHW,Q2scale_tHq,Q2scale_tt1b,Q2scale_tt2b,Q2scale_ttH,Q2scale_ttW,Q2scale_ttbb,Q2scale_ttcc,Q2scale_ttlf,QCDscale_ST,lumi_13TeV,pdf_gg,pdf_qg,pdf_qqbar,pu,r) ]
 message      : Number of events is negative or error
 server values: params=(CMS_eff_lep = -0.0839664 +/- 0.488845,CMS_jer = 0.149996 +/- 0.308845,CMS_jes = 0.576687 +/- 0.166023,CMS_tHq_tt1b = 0.567453 +/- 0.225306,CMS_tHq_tt2b = 0.349588 +/- 0.429326,CMS_tHq_ttbb = 0.406052 +/- 0.138069,CMS_tHq_ttcc = 0.0424619 +/- 0.127865,CSVCErr1 = 1.28493 +/- 0.0725068,CSVCErr2 = 0.0156296 +/- 0.497133,CSVHF = -0.589656 +/- 0.173821,CSVHFStats1 = 0.357865 +/- 0.225144,CSVHFStats2 = -0.0779854 +/- 0.258874,CSVLF = -0.204562 +/- 0.123218,CSVLFStats1 = -0.025652 +/- 0.311748,CSVLFStats2 = -0.0914428 +/- 0.516174,Q2scale_VV = 0.000223691 +/- 0.90677,Q2scale_Wj = 0.0781986 +/- 0.401709,Q2scale_tHW = 0.00080754 +/- 0.401265,Q2scale_tHq = -0.00851813 +/- 0.796044,Q2scale_tt1b = -0.261977 +/- 0.501384,Q2scale_tt2b = -0.226653 +/- 0.526892,Q2scale_ttH = -0.00679676 +/- 0.398273,Q2scale_ttW = 0.00522446 +/- 0.406731,Q2scale_ttbb = -0.145137 +/- 0.208928,Q2scale_ttcc = -0.164295 +/- 0.288098,Q2scale_ttlf = 0.601478 +/- 0.119757,QCDscale_ST = 0.01776 +/- 0.798673,lumi_13TeV = -0.110178 +/- 0.480347,pdf_gg = -0.124585 +/- 0.478383,pdf_qg = 0.0170677 +/- 0.797791,pdf_qqbar = -0.0107292 +/- 0.761106,pu = -0.106376 +/- 0.736667,r = -7.19312 +/- 1.10008)
WARNING: underflow to -1.63631 in pdf_bintH_4m_obsOnly for bin 7, weight 3
[#0] ERROR:Eval -- RooAbsReal::logEvalError(tH_4m) evaluation error, 
 origin       : RooAbsReal::tH_4m[ params=(CMS_eff_lep,CMS_jer,CMS_jes,CMS_tHq_tt1b,CMS_tHq_tt2b,CMS_tHq_ttbb,CMS_tHq_ttcc,CSVCErr1,CSVCErr2,CSVHF,CSVHFStats1,CSVHFStats2,CSVLF,CSVLFStats1,CSVLFStats2,Q2scale_VV,Q2scale_Wj,Q2scale_tHW,Q2scale_tHq,Q2scale_tt1b,Q2scale_tt2b,Q2scale_ttH,Q2scale_ttW,Q2scale_ttbb,Q2scale_ttcc,Q2scale_ttlf,QCDscale_ST,lumi_13TeV,pdf_gg,pdf_qg,pdf_qqbar,pu,r) ]
 message      : Number of events is negative or error
 server values: params=(CMS_eff_lep = -0.0839664 +/- 0.488845,CMS_jer = 0.149996 +/- 0.308845,CMS_jes = 0.576687 +/- 0.166023,CMS_tHq_tt1b = 0.567453 +/- 0.225306,CMS_tHq_tt2b = 0.349588 +/- 0.429326,CMS_tHq_ttbb = 0.406052 +/- 0.138069,CMS_tHq_ttcc = 0.0424619 +/- 0.127865,CSVCErr1 = 1.28493 +/- 0.0725068,CSVCErr2 = 0.0156296 +/- 0.497133,CSVHF = -0.589656 +/- 0.173821,CSVHFStats1 = 0.357865 +/- 0.225144,CSVHFStats2 = -0.0779854 +/- 0.258874,CSVLF = -0.204562 +/- 0.123218,CSVLFStats1 = -0.025652 +/- 0.311748,CSVLFStats2 = -0.0914428 +/- 0.516174,Q2scale_VV = 0.000223691 +/- 0.90677,Q2scale_Wj = 0.0781986 +/- 0.401709,Q2scale_tHW = 0.00080754 +/- 0.401265,Q2scale_tHq = -0.00851813 +/- 0.796044,Q2scale_tt1b = -0.261977 +/- 0.501384,Q2scale_tt2b = -0.226653 +/- 0.526892,Q2scale_ttH = -0.00679676 +/- 0.398273,Q2scale_ttW = 0.00522446 +/- 0.406731,Q2scale_ttbb = -0.145137 +/- 0.208928,Q2scale_ttcc = -0.164295 +/- 0.288098,Q2scale_ttlf = 0.601478 +/- 0.119757,QCDscale_ST = 0.01776 +/- 0.798673,lumi_13TeV = -0.110178 +/- 0.480347,pdf_gg = -0.124585 +/- 0.478383,pdf_qg = 0.0170677 +/- 0.797791,pdf_qqbar = -0.0107292 +/- 0.761106,pu = -0.106376 +/- 0.736667,r = -7.19312 +/- 1.10008)
WARNING: underflow to -3.54064 in pdf_bintH_3m_obsOnly for bin 9, weight 8
[#0] ERROR:Eval -- RooAbsReal::logEvalError(tH_3m) evaluation error, 
 origin       : RooAbsReal::tH_3m[ params=(CMS_eff_lep,CMS_jer,CMS_jes,CMS_tHq_tt1b,CMS_tHq_tt2b,CMS_tHq_ttbb,CMS_tHq_ttcc,CSVCErr1,CSVCErr2,CSVHF,CSVHFStats1,CSVHFStats2,CSVLF,CSVLFStats1,CSVLFStats2,Q2scale_VV,Q2scale_Wj,Q2scale_tHW,Q2scale_tHq,Q2scale_tt1b,Q2scale_tt2b,Q2scale_ttH,Q2scale_ttW,Q2scale_ttbb,Q2scale_ttcc,Q2scale_ttlf,QCDscale_ST,lumi_13TeV,pdf_gg,pdf_qg,pdf_qqbar,pu,r) ]
 message      : Number of events is negative or error
 server values: params=(CMS_eff_lep = -0.0839664 +/- inf,CMS_jer = 0.149996 +/- inf,CMS_jes = 0.576687 +/- inf,CMS_tHq_tt1b = 0.567453 +/- inf,CMS_tHq_tt2b = 0.349588 +/- inf,CMS_tHq_ttbb = 0.406052 +/- inf,CMS_tHq_ttcc = 0.0424619 +/- inf,CSVCErr1 = 1.28493 +/- inf,CSVCErr2 = 0.0156296 +/- inf,CSVHF = -0.589656 +/- inf,CSVHFStats1 = 0.357865 +/- inf,CSVHFStats2 = -0.0779854 +/- inf,CSVLF = -0.204562 +/- inf,CSVLFStats1 = -0.025652 +/- inf,CSVLFStats2 = -0.0914428 +/- inf,Q2scale_VV = 0.000223691 +/- inf,Q2scale_Wj = 0.0781986 +/- inf,Q2scale_tHW = 0.00080754 +/- inf,Q2scale_tHq = -0.00851813 +/- inf,Q2scale_tt1b = -0.261977 +/- inf,Q2scale_tt2b = -0.226653 +/- inf,Q2scale_ttH = -0.00679676 +/- inf,Q2scale_ttW = 0.00522446 +/- inf,Q2scale_ttbb = -0.145137 +/- inf,Q2scale_ttcc = -0.164295 +/- inf,Q2scale_ttlf = 0.601478 +/- inf,QCDscale_ST = 0.01776 +/- inf,lumi_13TeV = -0.110178 +/- inf,pdf_gg = -0.124585 +/- inf,pdf_qg = 0.0170677 +/- inf,pdf_qqbar = -0.0107292 +/- inf,pu = -0.106376 +/- inf,r = -7.19312 +/- 1.10008)
WARNING: underflow to -1.63631 in pdf_bintH_4m_obsOnly for bin 7, weight 3
[#0] ERROR:Eval -- RooAbsReal::logEvalError(tH_4m) evaluation error, 
 origin       : RooAbsReal::tH_4m[ params=(CMS_eff_lep,CMS_jer,CMS_jes,CMS_tHq_tt1b,CMS_tHq_tt2b,CMS_tHq_ttbb,CMS_tHq_ttcc,CSVCErr1,CSVCErr2,CSVHF,CSVHFStats1,CSVHFStats2,CSVLF,CSVLFStats1,CSVLFStats2,Q2scale_VV,Q2scale_Wj,Q2scale_tHW,Q2scale_tHq,Q2scale_tt1b,Q2scale_tt2b,Q2scale_ttH,Q2scale_ttW,Q2scale_ttbb,Q2scale_ttcc,Q2scale_ttlf,QCDscale_ST,lumi_13TeV,pdf_gg,pdf_qg,pdf_qqbar,pu,r) ]
 message      : Number of events is negative or error
 server values: params=(CMS_eff_lep = -0.0839664 +/- inf,CMS_jer = 0.149996 +/- inf,CMS_jes = 0.576687 +/- inf,CMS_tHq_tt1b = 0.567453 +/- inf,CMS_tHq_tt2b = 0.349588 +/- inf,CMS_tHq_ttbb = 0.406052 +/- inf,CMS_tHq_ttcc = 0.0424619 +/- inf,CSVCErr1 = 1.28493 +/- inf,CSVCErr2 = 0.0156296 +/- inf,CSVHF = -0.589656 +/- inf,CSVHFStats1 = 0.357865 +/- inf,CSVHFStats2 = -0.0779854 +/- inf,CSVLF = -0.204562 +/- inf,CSVLFStats1 = -0.025652 +/- inf,CSVLFStats2 = -0.0914428 +/- inf,Q2scale_VV = 0.000223691 +/- inf,Q2scale_Wj = 0.0781986 +/- inf,Q2scale_tHW = 0.00080754 +/- inf,Q2scale_tHq = -0.00851813 +/- inf,Q2scale_tt1b = -0.261977 +/- inf,Q2scale_tt2b = -0.226653 +/- inf,Q2scale_ttH = -0.00679676 +/- inf,Q2scale_ttW = 0.00522446 +/- inf,Q2scale_ttbb = -0.145137 +/- inf,Q2scale_ttcc = -0.164295 +/- inf,Q2scale_ttlf = 0.601478 +/- inf,QCDscale_ST = 0.01776 +/- inf,lumi_13TeV = -0.110178 +/- inf,pdf_gg = -0.124585 +/- inf,pdf_qg = 0.0170677 +/- inf,pdf_qqbar = -0.0107292 +/- inf,pu = -0.106376 +/- inf,r = -7.19312 +/- 1.10008)
-7.193123    -18000022799.48975  -18000022799.48975    -6.729120
WARNING: underflow to -0.126245 in pdf_bintH_4m_obsOnly for bin 8, weight 1
[#0] ERROR:Eval -- RooAbsReal::logEvalError(tH_4m) evaluation error, 
 origin       : RooAbsReal::tH_4m[ params=(CMS_eff_lep,CMS_jer,CMS_jes,CMS_tHq_tt1b,CMS_tHq_tt2b,CMS_tHq_ttbb,CMS_tHq_ttcc,CSVCErr1,CSVCErr2,CSVHF,CSVHFStats1,CSVHFStats2,CSVLF,CSVLFStats1,CSVLFStats2,Q2scale_VV,Q2scale_Wj,Q2scale_tHW,Q2scale_tHq,Q2scale_tt1b,Q2scale_tt2b,Q2scale_ttH,Q2scale_ttW,Q2scale_ttbb,Q2scale_ttcc,Q2scale_ttlf,QCDscale_ST,lumi_13TeV,pdf_gg,pdf_qg,pdf_qqbar,pu,r) ]
 message      : Number of events is negative or error
 server values: params=(CMS_eff_lep = -0.0839664 +/- 0.488845,CMS_jer = 0.149996 +/- 0.308845,CMS_jes = 0.576687 +/- 0.166023,CMS_tHq_tt1b = 0.567453 +/- 0.225306,CMS_tHq_tt2b = 0.349588 +/- 0.429326,CMS_tHq_ttbb = 0.406052 +/- 0.138069,CMS_tHq_ttcc = 0.0424619 +/- 0.127865,CSVCErr1 = 1.28493 +/- 0.0725068,CSVCErr2 = 0.0156296 +/- 0.497133,CSVHF = -0.589656 +/- 0.173821,CSVHFStats1 = 0.357865 +/- 0.225144,CSVHFStats2 = -0.0779854 +/- 0.258874,CSVLF = -0.204562 +/- 0.123218,CSVLFStats1 = -0.025652 +/- 0.311748,CSVLFStats2 = -0.0914428 +/- 0.516174,Q2scale_VV = 0.000223691 +/- 0.90677,Q2scale_Wj = 0.0781986 +/- 0.401709,Q2scale_tHW = 0.00080754 +/- 0.401265,Q2scale_tHq = -0.00851813 +/- 0.796044,Q2scale_tt1b = -0.261977 +/- 0.501384,Q2scale_tt2b = -0.226653 +/- 0.526892,Q2scale_ttH = -0.00679676 +/- 0.398273,Q2scale_ttW = 0.00522446 +/- 0.406731,Q2scale_ttbb = -0.145137 +/- 0.208928,Q2scale_ttcc = -0.164295 +/- 0.288098,Q2scale_ttlf = 0.601478 +/- 0.119757,QCDscale_ST = 0.01776 +/- 0.798673,lumi_13TeV = -0.110178 +/- 0.480347,pdf_gg = -0.124585 +/- 0.478383,pdf_qg = 0.0170677 +/- 0.797791,pdf_qqbar = -0.0107292 +/- 0.761106,pu = -0.106376 +/- 0.736667,r = -2.48274 +/- 1.10008)
WARNING: underflow to -0.126245 in pdf_bintH_4m_obsOnly for bin 8, weight 1
[#0] ERROR:Eval -- RooAbsReal::logEvalError(tH_4m) evaluation error, 
 origin       : RooAbsReal::tH_4m[ params=(CMS_eff_lep,CMS_jer,CMS_jes,CMS_tHq_tt1b,CMS_tHq_tt2b,CMS_tHq_ttbb,CMS_tHq_ttcc,CSVCErr1,CSVCErr2,CSVHF,CSVHFStats1,CSVHFStats2,CSVLF,CSVLFStats1,CSVLFStats2,Q2scale_VV,Q2scale_Wj,Q2scale_tHW,Q2scale_tHq,Q2scale_tt1b,Q2scale_tt2b,Q2scale_ttH,Q2scale_ttW,Q2scale_ttbb,Q2scale_ttcc,Q2scale_ttlf,QCDscale_ST,lumi_13TeV,pdf_gg,pdf_qg,pdf_qqbar,pu,r) ]
 message      : Number of events is negative or error
 server values: params=(CMS_eff_lep = -0.0839664 +/- inf,CMS_jer = 0.149996 +/- inf,CMS_jes = 0.576687 +/- inf,CMS_tHq_tt1b = 0.567453 +/- inf,CMS_tHq_tt2b = 0.349588 +/- inf,CMS_tHq_ttbb = 0.406052 +/- inf,CMS_tHq_ttcc = 0.0424619 +/- inf,CSVCErr1 = 1.28493 +/- inf,CSVCErr2 = 0.0156296 +/- inf,CSVHF = -0.589656 +/- inf,CSVHFStats1 = 0.357865 +/- inf,CSVHFStats2 = -0.0779854 +/- inf,CSVLF = -0.204562 +/- inf,CSVLFStats1 = -0.025652 +/- inf,CSVLFStats2 = -0.0914428 +/- inf,Q2scale_VV = 0.000223691 +/- inf,Q2scale_Wj = 0.0781986 +/- inf,Q2scale_tHW = 0.00080754 +/- inf,Q2scale_tHq = -0.00851813 +/- inf,Q2scale_tt1b = -0.261977 +/- inf,Q2scale_tt2b = -0.226653 +/- inf,Q2scale_ttH = -0.00679676 +/- inf,Q2scale_ttW = 0.00522446 +/- inf,Q2scale_ttbb = -0.145137 +/- inf,Q2scale_ttcc = -0.164295 +/- inf,Q2scale_ttlf = 0.601478 +/- inf,QCDscale_ST = 0.01776 +/- inf,lumi_13TeV = -0.110178 +/- inf,pdf_gg = -0.124585 +/- inf,pdf_qg = 0.0170677 +/- inf,pdf_qqbar = -0.0107292 +/- inf,pu = -0.106376 +/- inf,r = -2.48274 +/- 1.10008)
-2.482739    -9000000463.27895  -18000022799.48975    -2.018736
-1.069624    +0.31146  -9000000463.27895    -0.605621
-1.675244    -0.25165  +0.31146    -0.605621
-1.251310    +0.17970  -0.25165    -0.181686
-1.432996    +0.00755  +0.17970    -0.181686
-1.614682    -0.20171  +0.00755    -0.181686
-1.487502    -0.05121  -0.20171    -0.054506
-1.449348    -0.01013  -0.05121    -0.016352
-1.437902    +0.00202  -0.01013    -0.004906
-1.442807    -0.00304  +0.00202    -0.004906
-1.439373    +0.00186  -0.00304    -0.001472
-1.440845    +0.00029  +0.00186    -0.001472

 --- MaxLikelihoodFit ---
Best fit r: -0.464003  -0.976504/+1.02437  (68% CL)
nll S+B -> -61.7584  nll B -> -62.3756
Done in 0.31 min (cpu), 0.31 min (real)
