>>> including systematics
>>> method used to compute upper limit is MaxLikelihoodFit
>>> random number generator seed is 123456
[?1034hComputing limit starting from observation
Created Branches
Searching for crossing at nll = -22497.9 in the interval 0.505397, 150
      r      lvl-here  lvl-there   stepping
75.252699    -757.77998  +0.49447    74.747301
22.929588    -192.54904  -757.77998    22.424190
7.232655    -12.59131  -192.54904    6.727257
2.523575    -2.19853  -12.59131    2.018177
1.110851    +0.14606  -2.19853    0.605453
1.716304    -0.62845  +0.14606    0.605453
1.292487    -0.07353  -0.62845    0.181636
1.165341    +0.07799  -0.07353    0.054491
1.219832    +0.01975  +0.07799    0.054491
1.274323    -0.05503  +0.01975    0.054491
1.236179    -0.00140  -0.05503    0.016347
Searching for crossing at nll = -22497.9 in the interval 0.505397, -150
      r      lvl-here  lvl-there   stepping
WARNING: underflow to -121.621 in pdf_bintH_3m_obsOnly for bin 4, weight 764
[#0] ERROR:Eval -- RooAbsReal::logEvalError(tH_3m) evaluation error, 
 origin       : RooAbsReal::tH_3m[ params=(CMS_eff_lep,CMS_jer,CMS_jes,CMS_tHq_tt1b,CMS_tHq_tt2b,CMS_tHq_ttbb,CMS_tHq_ttcc,CSVCErr1,CSVCErr2,CSVHF,CSVHFStats1,CSVHFStats2,CSVLF,CSVLFStats1,CSVLFStats2,Q2scale_VV,Q2scale_Wj,Q2scale_tHW,Q2scale_tHq,Q2scale_tt1b,Q2scale_tt2b,Q2scale_ttH,Q2scale_ttW,Q2scale_ttbb,Q2scale_ttcc,Q2scale_ttlf,QCDscale_ST,lumi_13TeV,pdf_gg,pdf_qg,pdf_qqbar,pu,r) ]
 message      : Number of events is negative or error
 server values: params=(CMS_eff_lep = -0.0816398 +/- 0.487387,CMS_jer = 0.25973 +/- 0.320959,CMS_jes = -0.758253 +/- 0.133273,CMS_tHq_tt1b = 0.245944 +/- 0.217201,CMS_tHq_tt2b = 0.18234 +/- 0.225311,CMS_tHq_ttbb = 0.313603 +/- 0.145986,CMS_tHq_ttcc = 0.126522 +/- 0.114041,CSVCErr1 = 0.792163 +/- 0.0819651,CSVCErr2 = -0.0650032 +/- 0.494145,CSVHF = -0.477336 +/- 0.123503,CSVHFStats1 = 0.341748 +/- 0.217515,CSVHFStats2 = -0.129274 +/- 0.257978,CSVLF = -0.245686 +/- 0.123946,CSVLFStats1 = -0.15005 +/- 0.171747,CSVLFStats2 = -0.0870402 +/- 0.828971,Q2scale_VV = -1.72597e-06 +/- 0.286606,Q2scale_Wj = 0.158014 +/- 0.765048,Q2scale_tHW = -0.00337216 +/- 0.797224,Q2scale_tHq = 0.00719696 +/- 0.772952,Q2scale_tt1b = -0.121772 +/- 0.505536,Q2scale_tt2b = -0.100769 +/- 0.513613,Q2scale_ttH = -0.00867705 +/- 0.805125,Q2scale_ttW = -0.00133844 +/- 0.81049,Q2scale_ttbb = -0.161035 +/- 0.206675,Q2scale_ttcc = -0.255829 +/- 0.276236,Q2scale_ttlf = 0.510144 +/- 0.194202,QCDscale_ST = 0.00485286 +/- 0.801667,lumi_13TeV = -0.109837 +/- 0.474717,pdf_gg = -0.109554 +/- 0.468647,pdf_qg = 0.00496794 +/- 0.809697,pdf_qqbar = -0.0226395 +/- 0.797874,pu = -0.000354821 +/- 0.852048,r = -74.7473 +/- 0.735963)
WARNING: underflow to -2.30065 in pdf_bintH_4m_obsOnly for bin 1, weight 13
[#0] ERROR:Eval -- RooAbsReal::logEvalError(tH_4m) evaluation error, 
 origin       : RooAbsReal::tH_4m[ params=(CMS_eff_lep,CMS_jer,CMS_jes,CMS_tHq_tt1b,CMS_tHq_tt2b,CMS_tHq_ttbb,CMS_tHq_ttcc,CSVCErr1,CSVCErr2,CSVHF,CSVHFStats1,CSVHFStats2,CSVLF,CSVLFStats1,CSVLFStats2,Q2scale_VV,Q2scale_Wj,Q2scale_tHW,Q2scale_tHq,Q2scale_tt1b,Q2scale_tt2b,Q2scale_ttH,Q2scale_ttW,Q2scale_ttbb,Q2scale_ttcc,Q2scale_ttlf,QCDscale_ST,lumi_13TeV,pdf_gg,pdf_qg,pdf_qqbar,pu,r) ]
 message      : Number of events is negative or error
 server values: params=(CMS_eff_lep = -0.0816398 +/- 0.487387,CMS_jer = 0.25973 +/- 0.320959,CMS_jes = -0.758253 +/- 0.133273,CMS_tHq_tt1b = 0.245944 +/- 0.217201,CMS_tHq_tt2b = 0.18234 +/- 0.225311,CMS_tHq_ttbb = 0.313603 +/- 0.145986,CMS_tHq_ttcc = 0.126522 +/- 0.114041,CSVCErr1 = 0.792163 +/- 0.0819651,CSVCErr2 = -0.0650032 +/- 0.494145,CSVHF = -0.477336 +/- 0.123503,CSVHFStats1 = 0.341748 +/- 0.217515,CSVHFStats2 = -0.129274 +/- 0.257978,CSVLF = -0.245686 +/- 0.123946,CSVLFStats1 = -0.15005 +/- 0.171747,CSVLFStats2 = -0.0870402 +/- 0.828971,Q2scale_VV = -1.72597e-06 +/- 0.286606,Q2scale_Wj = 0.158014 +/- 0.765048,Q2scale_tHW = -0.00337216 +/- 0.797224,Q2scale_tHq = 0.00719696 +/- 0.772952,Q2scale_tt1b = -0.121772 +/- 0.505536,Q2scale_tt2b = -0.100769 +/- 0.513613,Q2scale_ttH = -0.00867705 +/- 0.805125,Q2scale_ttW = -0.00133844 +/- 0.81049,Q2scale_ttbb = -0.161035 +/- 0.206675,Q2scale_ttcc = -0.255829 +/- 0.276236,Q2scale_ttlf = 0.510144 +/- 0.194202,QCDscale_ST = 0.00485286 +/- 0.801667,lumi_13TeV = -0.109837 +/- 0.474717,pdf_gg = -0.109554 +/- 0.468647,pdf_qg = 0.00496794 +/- 0.809697,pdf_qqbar = -0.0226395 +/- 0.797874,pu = -0.000354821 +/- 0.852048,r = -74.7473 +/- 0.735963)
WARNING: underflow to -121.621 in pdf_bintH_3m_obsOnly for bin 4, weight 764
[#0] ERROR:Eval -- RooAbsReal::logEvalError(tH_3m) evaluation error, 
 origin       : RooAbsReal::tH_3m[ params=(CMS_eff_lep,CMS_jer,CMS_jes,CMS_tHq_tt1b,CMS_tHq_tt2b,CMS_tHq_ttbb,CMS_tHq_ttcc,CSVCErr1,CSVCErr2,CSVHF,CSVHFStats1,CSVHFStats2,CSVLF,CSVLFStats1,CSVLFStats2,Q2scale_VV,Q2scale_Wj,Q2scale_tHW,Q2scale_tHq,Q2scale_tt1b,Q2scale_tt2b,Q2scale_ttH,Q2scale_ttW,Q2scale_ttbb,Q2scale_ttcc,Q2scale_ttlf,QCDscale_ST,lumi_13TeV,pdf_gg,pdf_qg,pdf_qqbar,pu,r) ]
 message      : Number of events is negative or error
 server values: params=(CMS_eff_lep = -0.0816398 +/- inf,CMS_jer = 0.25973 +/- inf,CMS_jes = -0.758253 +/- inf,CMS_tHq_tt1b = 0.245944 +/- inf,CMS_tHq_tt2b = 0.18234 +/- inf,CMS_tHq_ttbb = 0.313603 +/- inf,CMS_tHq_ttcc = 0.126522 +/- inf,CSVCErr1 = 0.792163 +/- inf,CSVCErr2 = -0.0650032 +/- inf,CSVHF = -0.477336 +/- inf,CSVHFStats1 = 0.341748 +/- inf,CSVHFStats2 = -0.129274 +/- inf,CSVLF = -0.245686 +/- inf,CSVLFStats1 = -0.15005 +/- inf,CSVLFStats2 = -0.0870402 +/- inf,Q2scale_VV = -1.72597e-06 +/- inf,Q2scale_Wj = 0.158014 +/- inf,Q2scale_tHW = -0.00337216 +/- inf,Q2scale_tHq = 0.00719696 +/- inf,Q2scale_tt1b = -0.121772 +/- inf,Q2scale_tt2b = -0.100769 +/- inf,Q2scale_ttH = -0.00867705 +/- inf,Q2scale_ttW = -0.00133844 +/- inf,Q2scale_ttbb = -0.161035 +/- inf,Q2scale_ttcc = -0.255829 +/- inf,Q2scale_ttlf = 0.510144 +/- inf,QCDscale_ST = 0.00485286 +/- inf,lumi_13TeV = -0.109837 +/- inf,pdf_gg = -0.109554 +/- inf,pdf_qg = 0.00496794 +/- inf,pdf_qqbar = -0.0226395 +/- inf,pu = -0.000354821 +/- inf,r = -74.7473 +/- 0.735963)
WARNING: underflow to -2.30065 in pdf_bintH_4m_obsOnly for bin 1, weight 13
[#0] ERROR:Eval -- RooAbsReal::logEvalError(tH_4m) evaluation error, 
 origin       : RooAbsReal::tH_4m[ params=(CMS_eff_lep,CMS_jer,CMS_jes,CMS_tHq_tt1b,CMS_tHq_tt2b,CMS_tHq_ttbb,CMS_tHq_ttcc,CSVCErr1,CSVCErr2,CSVHF,CSVHFStats1,CSVHFStats2,CSVLF,CSVLFStats1,CSVLFStats2,Q2scale_VV,Q2scale_Wj,Q2scale_tHW,Q2scale_tHq,Q2scale_tt1b,Q2scale_tt2b,Q2scale_ttH,Q2scale_ttW,Q2scale_ttbb,Q2scale_ttcc,Q2scale_ttlf,QCDscale_ST,lumi_13TeV,pdf_gg,pdf_qg,pdf_qqbar,pu,r) ]
 message      : Number of events is negative or error
 server values: params=(CMS_eff_lep = -0.0816398 +/- inf,CMS_jer = 0.25973 +/- inf,CMS_jes = -0.758253 +/- inf,CMS_tHq_tt1b = 0.245944 +/- inf,CMS_tHq_tt2b = 0.18234 +/- inf,CMS_tHq_ttbb = 0.313603 +/- inf,CMS_tHq_ttcc = 0.126522 +/- inf,CSVCErr1 = 0.792163 +/- inf,CSVCErr2 = -0.0650032 +/- inf,CSVHF = -0.477336 +/- inf,CSVHFStats1 = 0.341748 +/- inf,CSVHFStats2 = -0.129274 +/- inf,CSVLF = -0.245686 +/- inf,CSVLFStats1 = -0.15005 +/- inf,CSVLFStats2 = -0.0870402 +/- inf,Q2scale_VV = -1.72597e-06 +/- inf,Q2scale_Wj = 0.158014 +/- inf,Q2scale_tHW = -0.00337216 +/- inf,Q2scale_tHq = 0.00719696 +/- inf,Q2scale_tt1b = -0.121772 +/- inf,Q2scale_tt2b = -0.100769 +/- inf,Q2scale_ttH = -0.00867705 +/- inf,Q2scale_ttW = -0.00133844 +/- inf,Q2scale_ttbb = -0.161035 +/- inf,Q2scale_ttcc = -0.255829 +/- inf,Q2scale_ttlf = 0.510144 +/- inf,QCDscale_ST = 0.00485286 +/- inf,lumi_13TeV = -0.109837 +/- inf,pdf_gg = -0.109554 +/- inf,pdf_qg = 0.00496794 +/- inf,pdf_qqbar = -0.0226395 +/- inf,pu = -0.000354821 +/- inf,r = -74.7473 +/- 0.735963)
-74.747301    -18000022499.04080  +0.49447    -75.252699
WARNING: underflow to -73.5832 in pdf_bintH_3m_obsOnly for bin 7, weight 177
[#0] ERROR:Eval -- RooAbsReal::logEvalError(tH_3m) evaluation error, 
 origin       : RooAbsReal::tH_3m[ params=(CMS_eff_lep,CMS_jer,CMS_jes,CMS_tHq_tt1b,CMS_tHq_tt2b,CMS_tHq_ttbb,CMS_tHq_ttcc,CSVCErr1,CSVCErr2,CSVHF,CSVHFStats1,CSVHFStats2,CSVLF,CSVLFStats1,CSVLFStats2,Q2scale_VV,Q2scale_Wj,Q2scale_tHW,Q2scale_tHq,Q2scale_tt1b,Q2scale_tt2b,Q2scale_ttH,Q2scale_ttW,Q2scale_ttbb,Q2scale_ttcc,Q2scale_ttlf,QCDscale_ST,lumi_13TeV,pdf_gg,pdf_qg,pdf_qqbar,pu,r) ]
 message      : Number of events is negative or error
 server values: params=(CMS_eff_lep = -0.0816398 +/- 0.487387,CMS_jer = 0.25973 +/- 0.320959,CMS_jes = -0.758253 +/- 0.133273,CMS_tHq_tt1b = 0.245944 +/- 0.217201,CMS_tHq_tt2b = 0.18234 +/- 0.225311,CMS_tHq_ttbb = 0.313603 +/- 0.145986,CMS_tHq_ttcc = 0.126522 +/- 0.114041,CSVCErr1 = 0.792163 +/- 0.0819651,CSVCErr2 = -0.0650032 +/- 0.494145,CSVHF = -0.477336 +/- 0.123503,CSVHFStats1 = 0.341748 +/- 0.217515,CSVHFStats2 = -0.129274 +/- 0.257978,CSVLF = -0.245686 +/- 0.123946,CSVLFStats1 = -0.15005 +/- 0.171747,CSVLFStats2 = -0.0870402 +/- 0.828971,Q2scale_VV = -1.72597e-06 +/- 0.286606,Q2scale_Wj = 0.158014 +/- 0.765048,Q2scale_tHW = -0.00337216 +/- 0.797224,Q2scale_tHq = 0.00719696 +/- 0.772952,Q2scale_tt1b = -0.121772 +/- 0.505536,Q2scale_tt2b = -0.100769 +/- 0.513613,Q2scale_ttH = -0.00867705 +/- 0.805125,Q2scale_ttW = -0.00133844 +/- 0.81049,Q2scale_ttbb = -0.161035 +/- 0.206675,Q2scale_ttcc = -0.255829 +/- 0.276236,Q2scale_ttlf = 0.510144 +/- 0.194202,QCDscale_ST = 0.00485286 +/- 0.801667,lumi_13TeV = -0.109837 +/- 0.474717,pdf_gg = -0.109554 +/- 0.468647,pdf_qg = 0.00496794 +/- 0.809697,pdf_qqbar = -0.0226395 +/- 0.797874,pu = -0.000354821 +/- 0.852048,r = -22.0704 +/- 0.735963)
WARNING: underflow to -7.69597 in pdf_bintH_4m_obsOnly for bin 5, weight 25
[#0] ERROR:Eval -- RooAbsReal::logEvalError(tH_4m) evaluation error, 
 origin       : RooAbsReal::tH_4m[ params=(CMS_eff_lep,CMS_jer,CMS_jes,CMS_tHq_tt1b,CMS_tHq_tt2b,CMS_tHq_ttbb,CMS_tHq_ttcc,CSVCErr1,CSVCErr2,CSVHF,CSVHFStats1,CSVHFStats2,CSVLF,CSVLFStats1,CSVLFStats2,Q2scale_VV,Q2scale_Wj,Q2scale_tHW,Q2scale_tHq,Q2scale_tt1b,Q2scale_tt2b,Q2scale_ttH,Q2scale_ttW,Q2scale_ttbb,Q2scale_ttcc,Q2scale_ttlf,QCDscale_ST,lumi_13TeV,pdf_gg,pdf_qg,pdf_qqbar,pu,r) ]
 message      : Number of events is negative or error
 server values: params=(CMS_eff_lep = -0.0816398 +/- 0.487387,CMS_jer = 0.25973 +/- 0.320959,CMS_jes = -0.758253 +/- 0.133273,CMS_tHq_tt1b = 0.245944 +/- 0.217201,CMS_tHq_tt2b = 0.18234 +/- 0.225311,CMS_tHq_ttbb = 0.313603 +/- 0.145986,CMS_tHq_ttcc = 0.126522 +/- 0.114041,CSVCErr1 = 0.792163 +/- 0.0819651,CSVCErr2 = -0.0650032 +/- 0.494145,CSVHF = -0.477336 +/- 0.123503,CSVHFStats1 = 0.341748 +/- 0.217515,CSVHFStats2 = -0.129274 +/- 0.257978,CSVLF = -0.245686 +/- 0.123946,CSVLFStats1 = -0.15005 +/- 0.171747,CSVLFStats2 = -0.0870402 +/- 0.828971,Q2scale_VV = -1.72597e-06 +/- 0.286606,Q2scale_Wj = 0.158014 +/- 0.765048,Q2scale_tHW = -0.00337216 +/- 0.797224,Q2scale_tHq = 0.00719696 +/- 0.772952,Q2scale_tt1b = -0.121772 +/- 0.505536,Q2scale_tt2b = -0.100769 +/- 0.513613,Q2scale_ttH = -0.00867705 +/- 0.805125,Q2scale_ttW = -0.00133844 +/- 0.81049,Q2scale_ttbb = -0.161035 +/- 0.206675,Q2scale_ttcc = -0.255829 +/- 0.276236,Q2scale_ttlf = 0.510144 +/- 0.194202,QCDscale_ST = 0.00485286 +/- 0.801667,lumi_13TeV = -0.109837 +/- 0.474717,pdf_gg = -0.109554 +/- 0.468647,pdf_qg = 0.00496794 +/- 0.809697,pdf_qqbar = -0.0226395 +/- 0.797874,pu = -0.000354821 +/- 0.852048,r = -22.0704 +/- 0.735963)
WARNING: underflow to -73.5832 in pdf_bintH_3m_obsOnly for bin 7, weight 177
[#0] ERROR:Eval -- RooAbsReal::logEvalError(tH_3m) evaluation error, 
 origin       : RooAbsReal::tH_3m[ params=(CMS_eff_lep,CMS_jer,CMS_jes,CMS_tHq_tt1b,CMS_tHq_tt2b,CMS_tHq_ttbb,CMS_tHq_ttcc,CSVCErr1,CSVCErr2,CSVHF,CSVHFStats1,CSVHFStats2,CSVLF,CSVLFStats1,CSVLFStats2,Q2scale_VV,Q2scale_Wj,Q2scale_tHW,Q2scale_tHq,Q2scale_tt1b,Q2scale_tt2b,Q2scale_ttH,Q2scale_ttW,Q2scale_ttbb,Q2scale_ttcc,Q2scale_ttlf,QCDscale_ST,lumi_13TeV,pdf_gg,pdf_qg,pdf_qqbar,pu,r) ]
 message      : Number of events is negative or error
 server values: params=(CMS_eff_lep = -0.0816398 +/- inf,CMS_jer = 0.25973 +/- inf,CMS_jes = -0.758253 +/- inf,CMS_tHq_tt1b = 0.245944 +/- inf,CMS_tHq_tt2b = 0.18234 +/- inf,CMS_tHq_ttbb = 0.313603 +/- inf,CMS_tHq_ttcc = 0.126522 +/- inf,CSVCErr1 = 0.792163 +/- inf,CSVCErr2 = -0.0650032 +/- inf,CSVHF = -0.477336 +/- inf,CSVHFStats1 = 0.341748 +/- inf,CSVHFStats2 = -0.129274 +/- inf,CSVLF = -0.245686 +/- inf,CSVLFStats1 = -0.15005 +/- inf,CSVLFStats2 = -0.0870402 +/- inf,Q2scale_VV = -1.72597e-06 +/- inf,Q2scale_Wj = 0.158014 +/- inf,Q2scale_tHW = -0.00337216 +/- inf,Q2scale_tHq = 0.00719696 +/- inf,Q2scale_tt1b = -0.121772 +/- inf,Q2scale_tt2b = -0.100769 +/- inf,Q2scale_ttH = -0.00867705 +/- inf,Q2scale_ttW = -0.00133844 +/- inf,Q2scale_ttbb = -0.161035 +/- inf,Q2scale_ttcc = -0.255829 +/- inf,Q2scale_ttlf = 0.510144 +/- inf,QCDscale_ST = 0.00485286 +/- inf,lumi_13TeV = -0.109837 +/- inf,pdf_gg = -0.109554 +/- inf,pdf_qg = 0.00496794 +/- inf,pdf_qqbar = -0.0226395 +/- inf,pu = -0.000354821 +/- inf,r = -22.0704 +/- 0.735963)
WARNING: underflow to -7.69597 in pdf_bintH_4m_obsOnly for bin 5, weight 25
[#0] ERROR:Eval -- RooAbsReal::logEvalError(tH_4m) evaluation error, 
 origin       : RooAbsReal::tH_4m[ params=(CMS_eff_lep,CMS_jer,CMS_jes,CMS_tHq_tt1b,CMS_tHq_tt2b,CMS_tHq_ttbb,CMS_tHq_ttcc,CSVCErr1,CSVCErr2,CSVHF,CSVHFStats1,CSVHFStats2,CSVLF,CSVLFStats1,CSVLFStats2,Q2scale_VV,Q2scale_Wj,Q2scale_tHW,Q2scale_tHq,Q2scale_tt1b,Q2scale_tt2b,Q2scale_ttH,Q2scale_ttW,Q2scale_ttbb,Q2scale_ttcc,Q2scale_ttlf,QCDscale_ST,lumi_13TeV,pdf_gg,pdf_qg,pdf_qqbar,pu,r) ]
 message      : Number of events is negative or error
 server values: params=(CMS_eff_lep = -0.0816398 +/- inf,CMS_jer = 0.25973 +/- inf,CMS_jes = -0.758253 +/- inf,CMS_tHq_tt1b = 0.245944 +/- inf,CMS_tHq_tt2b = 0.18234 +/- inf,CMS_tHq_ttbb = 0.313603 +/- inf,CMS_tHq_ttcc = 0.126522 +/- inf,CSVCErr1 = 0.792163 +/- inf,CSVCErr2 = -0.0650032 +/- inf,CSVHF = -0.477336 +/- inf,CSVHFStats1 = 0.341748 +/- inf,CSVHFStats2 = -0.129274 +/- inf,CSVLF = -0.245686 +/- inf,CSVLFStats1 = -0.15005 +/- inf,CSVLFStats2 = -0.0870402 +/- inf,Q2scale_VV = -1.72597e-06 +/- inf,Q2scale_Wj = 0.158014 +/- inf,Q2scale_tHW = -0.00337216 +/- inf,Q2scale_tHq = 0.00719696 +/- inf,Q2scale_tt1b = -0.121772 +/- inf,Q2scale_tt2b = -0.100769 +/- inf,Q2scale_ttH = -0.00867705 +/- inf,Q2scale_ttW = -0.00133844 +/- inf,Q2scale_ttbb = -0.161035 +/- inf,Q2scale_ttcc = -0.255829 +/- inf,Q2scale_ttlf = 0.510144 +/- inf,QCDscale_ST = 0.00485286 +/- inf,lumi_13TeV = -0.109837 +/- inf,pdf_gg = -0.109554 +/- inf,pdf_qg = 0.00496794 +/- inf,pdf_qqbar = -0.0226395 +/- inf,pu = -0.000354821 +/- inf,r = -22.0704 +/- 0.735963)
-22.070412    -18000022499.04080  -18000022499.04080    -22.575810
WARNING: underflow to -8.78617 in pdf_bintH_3m_obsOnly for bin 9, weight 18
[#0] ERROR:Eval -- RooAbsReal::logEvalError(tH_3m) evaluation error, 
 origin       : RooAbsReal::tH_3m[ params=(CMS_eff_lep,CMS_jer,CMS_jes,CMS_tHq_tt1b,CMS_tHq_tt2b,CMS_tHq_ttbb,CMS_tHq_ttcc,CSVCErr1,CSVCErr2,CSVHF,CSVHFStats1,CSVHFStats2,CSVLF,CSVLFStats1,CSVLFStats2,Q2scale_VV,Q2scale_Wj,Q2scale_tHW,Q2scale_tHq,Q2scale_tt1b,Q2scale_tt2b,Q2scale_ttH,Q2scale_ttW,Q2scale_ttbb,Q2scale_ttcc,Q2scale_ttlf,QCDscale_ST,lumi_13TeV,pdf_gg,pdf_qg,pdf_qqbar,pu,r) ]
 message      : Number of events is negative or error
 server values: params=(CMS_eff_lep = -0.0816398 +/- 0.487387,CMS_jer = 0.25973 +/- 0.320959,CMS_jes = -0.758253 +/- 0.133273,CMS_tHq_tt1b = 0.245944 +/- 0.217201,CMS_tHq_tt2b = 0.18234 +/- 0.225311,CMS_tHq_ttbb = 0.313603 +/- 0.145986,CMS_tHq_ttcc = 0.126522 +/- 0.114041,CSVCErr1 = 0.792163 +/- 0.0819651,CSVCErr2 = -0.0650032 +/- 0.494145,CSVHF = -0.477336 +/- 0.123503,CSVHFStats1 = 0.341748 +/- 0.217515,CSVHFStats2 = -0.129274 +/- 0.257978,CSVLF = -0.245686 +/- 0.123946,CSVLFStats1 = -0.15005 +/- 0.171747,CSVLFStats2 = -0.0870402 +/- 0.828971,Q2scale_VV = -1.72597e-06 +/- 0.286606,Q2scale_Wj = 0.158014 +/- 0.765048,Q2scale_tHW = -0.00337216 +/- 0.797224,Q2scale_tHq = 0.00719696 +/- 0.772952,Q2scale_tt1b = -0.121772 +/- 0.505536,Q2scale_tt2b = -0.100769 +/- 0.513613,Q2scale_ttH = -0.00867705 +/- 0.805125,Q2scale_ttW = -0.00133844 +/- 0.81049,Q2scale_ttbb = -0.161035 +/- 0.206675,Q2scale_ttcc = -0.255829 +/- 0.276236,Q2scale_ttlf = 0.510144 +/- 0.194202,QCDscale_ST = 0.00485286 +/- 0.801667,lumi_13TeV = -0.109837 +/- 0.474717,pdf_gg = -0.109554 +/- 0.468647,pdf_qg = 0.00496794 +/- 0.809697,pdf_qqbar = -0.0226395 +/- 0.797874,pu = -0.000354821 +/- 0.852048,r = -6.26735 +/- 0.735963)
WARNING: underflow to -0.354045 in pdf_bintH_4m_obsOnly for bin 7, weight 17
[#0] ERROR:Eval -- RooAbsReal::logEvalError(tH_4m) evaluation error, 
 origin       : RooAbsReal::tH_4m[ params=(CMS_eff_lep,CMS_jer,CMS_jes,CMS_tHq_tt1b,CMS_tHq_tt2b,CMS_tHq_ttbb,CMS_tHq_ttcc,CSVCErr1,CSVCErr2,CSVHF,CSVHFStats1,CSVHFStats2,CSVLF,CSVLFStats1,CSVLFStats2,Q2scale_VV,Q2scale_Wj,Q2scale_tHW,Q2scale_tHq,Q2scale_tt1b,Q2scale_tt2b,Q2scale_ttH,Q2scale_ttW,Q2scale_ttbb,Q2scale_ttcc,Q2scale_ttlf,QCDscale_ST,lumi_13TeV,pdf_gg,pdf_qg,pdf_qqbar,pu,r) ]
 message      : Number of events is negative or error
 server values: params=(CMS_eff_lep = -0.0816398 +/- 0.487387,CMS_jer = 0.25973 +/- 0.320959,CMS_jes = -0.758253 +/- 0.133273,CMS_tHq_tt1b = 0.245944 +/- 0.217201,CMS_tHq_tt2b = 0.18234 +/- 0.225311,CMS_tHq_ttbb = 0.313603 +/- 0.145986,CMS_tHq_ttcc = 0.126522 +/- 0.114041,CSVCErr1 = 0.792163 +/- 0.0819651,CSVCErr2 = -0.0650032 +/- 0.494145,CSVHF = -0.477336 +/- 0.123503,CSVHFStats1 = 0.341748 +/- 0.217515,CSVHFStats2 = -0.129274 +/- 0.257978,CSVLF = -0.245686 +/- 0.123946,CSVLFStats1 = -0.15005 +/- 0.171747,CSVLFStats2 = -0.0870402 +/- 0.828971,Q2scale_VV = -1.72597e-06 +/- 0.286606,Q2scale_Wj = 0.158014 +/- 0.765048,Q2scale_tHW = -0.00337216 +/- 0.797224,Q2scale_tHq = 0.00719696 +/- 0.772952,Q2scale_tt1b = -0.121772 +/- 0.505536,Q2scale_tt2b = -0.100769 +/- 0.513613,Q2scale_ttH = -0.00867705 +/- 0.805125,Q2scale_ttW = -0.00133844 +/- 0.81049,Q2scale_ttbb = -0.161035 +/- 0.206675,Q2scale_ttcc = -0.255829 +/- 0.276236,Q2scale_ttlf = 0.510144 +/- 0.194202,QCDscale_ST = 0.00485286 +/- 0.801667,lumi_13TeV = -0.109837 +/- 0.474717,pdf_gg = -0.109554 +/- 0.468647,pdf_qg = 0.00496794 +/- 0.809697,pdf_qqbar = -0.0226395 +/- 0.797874,pu = -0.000354821 +/- 0.852048,r = -6.26735 +/- 0.735963)
WARNING: underflow to -8.78617 in pdf_bintH_3m_obsOnly for bin 9, weight 18
[#0] ERROR:Eval -- RooAbsReal::logEvalError(tH_3m) evaluation error, 
 origin       : RooAbsReal::tH_3m[ params=(CMS_eff_lep,CMS_jer,CMS_jes,CMS_tHq_tt1b,CMS_tHq_tt2b,CMS_tHq_ttbb,CMS_tHq_ttcc,CSVCErr1,CSVCErr2,CSVHF,CSVHFStats1,CSVHFStats2,CSVLF,CSVLFStats1,CSVLFStats2,Q2scale_VV,Q2scale_Wj,Q2scale_tHW,Q2scale_tHq,Q2scale_tt1b,Q2scale_tt2b,Q2scale_ttH,Q2scale_ttW,Q2scale_ttbb,Q2scale_ttcc,Q2scale_ttlf,QCDscale_ST,lumi_13TeV,pdf_gg,pdf_qg,pdf_qqbar,pu,r) ]
 message      : Number of events is negative or error
 server values: params=(CMS_eff_lep = -0.0816398 +/- inf,CMS_jer = 0.25973 +/- inf,CMS_jes = -0.758253 +/- inf,CMS_tHq_tt1b = 0.245944 +/- inf,CMS_tHq_tt2b = 0.18234 +/- inf,CMS_tHq_ttbb = 0.313603 +/- inf,CMS_tHq_ttcc = 0.126522 +/- inf,CSVCErr1 = 0.792163 +/- inf,CSVCErr2 = -0.0650032 +/- inf,CSVHF = -0.477336 +/- inf,CSVHFStats1 = 0.341748 +/- inf,CSVHFStats2 = -0.129274 +/- inf,CSVLF = -0.245686 +/- inf,CSVLFStats1 = -0.15005 +/- inf,CSVLFStats2 = -0.0870402 +/- inf,Q2scale_VV = -1.72597e-06 +/- inf,Q2scale_Wj = 0.158014 +/- inf,Q2scale_tHW = -0.00337216 +/- inf,Q2scale_tHq = 0.00719696 +/- inf,Q2scale_tt1b = -0.121772 +/- inf,Q2scale_tt2b = -0.100769 +/- inf,Q2scale_ttH = -0.00867705 +/- inf,Q2scale_ttW = -0.00133844 +/- inf,Q2scale_ttbb = -0.161035 +/- inf,Q2scale_ttcc = -0.255829 +/- inf,Q2scale_ttlf = 0.510144 +/- inf,QCDscale_ST = 0.00485286 +/- inf,lumi_13TeV = -0.109837 +/- inf,pdf_gg = -0.109554 +/- inf,pdf_qg = 0.00496794 +/- inf,pdf_qqbar = -0.0226395 +/- inf,pu = -0.000354821 +/- inf,r = -6.26735 +/- 0.735963)
WARNING: underflow to -0.354045 in pdf_bintH_4m_obsOnly for bin 7, weight 17
[#0] ERROR:Eval -- RooAbsReal::logEvalError(tH_4m) evaluation error, 
 origin       : RooAbsReal::tH_4m[ params=(CMS_eff_lep,CMS_jer,CMS_jes,CMS_tHq_tt1b,CMS_tHq_tt2b,CMS_tHq_ttbb,CMS_tHq_ttcc,CSVCErr1,CSVCErr2,CSVHF,CSVHFStats1,CSVHFStats2,CSVLF,CSVLFStats1,CSVLFStats2,Q2scale_VV,Q2scale_Wj,Q2scale_tHW,Q2scale_tHq,Q2scale_tt1b,Q2scale_tt2b,Q2scale_ttH,Q2scale_ttW,Q2scale_ttbb,Q2scale_ttcc,Q2scale_ttlf,QCDscale_ST,lumi_13TeV,pdf_gg,pdf_qg,pdf_qqbar,pu,r) ]
 message      : Number of events is negative or error
 server values: params=(CMS_eff_lep = -0.0816398 +/- inf,CMS_jer = 0.25973 +/- inf,CMS_jes = -0.758253 +/- inf,CMS_tHq_tt1b = 0.245944 +/- inf,CMS_tHq_tt2b = 0.18234 +/- inf,CMS_tHq_ttbb = 0.313603 +/- inf,CMS_tHq_ttcc = 0.126522 +/- inf,CSVCErr1 = 0.792163 +/- inf,CSVCErr2 = -0.0650032 +/- inf,CSVHF = -0.477336 +/- inf,CSVHFStats1 = 0.341748 +/- inf,CSVHFStats2 = -0.129274 +/- inf,CSVLF = -0.245686 +/- inf,CSVLFStats1 = -0.15005 +/- inf,CSVLFStats2 = -0.0870402 +/- inf,Q2scale_VV = -1.72597e-06 +/- inf,Q2scale_Wj = 0.158014 +/- inf,Q2scale_tHW = -0.00337216 +/- inf,Q2scale_tHq = 0.00719696 +/- inf,Q2scale_tt1b = -0.121772 +/- inf,Q2scale_tt2b = -0.100769 +/- inf,Q2scale_ttH = -0.00867705 +/- inf,Q2scale_ttW = -0.00133844 +/- inf,Q2scale_ttbb = -0.161035 +/- inf,Q2scale_ttcc = -0.255829 +/- inf,Q2scale_ttlf = 0.510144 +/- inf,QCDscale_ST = 0.00485286 +/- inf,lumi_13TeV = -0.109837 +/- inf,pdf_gg = -0.109554 +/- inf,pdf_qg = 0.00496794 +/- inf,pdf_qqbar = -0.0226395 +/- inf,pu = -0.000354821 +/- inf,r = -6.26735 +/- 0.735963)
-6.267345    -18000022499.04080  -18000022499.04080    -6.772743
-1.526425    -4.43601  -18000022499.04080    -2.031823
-0.104149    +0.08801  -4.43601    -0.609547
-0.713696    -1.27047  +0.08801    -0.609547
-0.287013    -0.20817  -1.27047    -0.182864
-0.159009    +0.01032  -0.20817    -0.054859
-0.213868    -0.08007  +0.01032    -0.054859
-0.175466    -0.01650  -0.08007    -0.016458
-0.163946    +0.00246  -0.01650    -0.004937
-0.168883    -0.00556  +0.00246    -0.004937
-0.165427    +0.00007  -0.00556    -0.001481

 --- MaxLikelihoodFit ---
Best fit r: 0.505397  -0.670755/+0.730782  (68% CL)
nll S+B -> -61.4449  nll B -> -62.3797
Done in 0.30 min (cpu), 0.31 min (real)
